ARM GAS  /tmp/ccxe6jAk.s 			page 1


   1              		.syntax unified
   2              		.cpu cortex-m3
   3              		.fpu softvfp
   4              		.eabi_attribute 20, 1
   5              		.eabi_attribute 21, 1
   6              		.eabi_attribute 23, 3
   7              		.eabi_attribute 24, 1
   8              		.eabi_attribute 25, 1
   9              		.eabi_attribute 26, 1
  10              		.eabi_attribute 30, 2
  11              		.eabi_attribute 34, 1
  12              		.eabi_attribute 18, 4
  13              		.thumb
  14              		.file	"hal_lld.c"
  15              		.text
  16              	.Ltext0:
  17              		.section	.gnu.lto_.jmpfuncs.178d26309dcd3e82,"",%progbits
  18 0000 789C6362 		.ascii	"x\234cb`b\300\006\330\2414H\226\221\201\001\000\001"
  18      6062C006 
  18      D8A13448 
  18      96918101 
  18      0001
  19 0012 39000F   		.ascii	"9\000\017"
  20              		.text
  21              		.section	.gnu.lto_.inline.178d26309dcd3e82,"",%progbits
  22 0000 789C6362 		.ascii	"x\234cb`b\300\006\014\2404PVX\232\221\201In\303+F\006"
  22      6062C006 
  22      0CA03450 
  22      56589A91 
  22      81496EC3 
  23 0017 B605F260 		.ascii	"\266\005\362`\325\214\\ \202A\347+#P&h\305\015Y\270"
  23      D58C5C20 
  23      8241E72B 
  23      23502668 
  23      C50D59B8 
  24 002b 0C0300A7 		.ascii	"\014\003\000\247)\006\317"
  24      2906CF
  25              		.text
  26              		.section	.gnu.lto_.pureconst.178d26309dcd3e82,"",%progbits
  27 0000 789C6362 		.ascii	"x\234cb`b`e\200\000&\006)F)\000\001\006\000A"
  27      60626065 
  27      80002606 
  27      29462900 
  27      01060041 
  28              		.text
  29              		.section	.gnu.lto_hal_lld_init.178d26309dcd3e82,"",%progbits
  30 0000 789CAD93 		.ascii	"x\234\255\223\261K#Q\020\306g\336f5\232\210Q\253t\""
  30      B14B2351 
  30      10C667DE 
  30      66359A88 
  30      51AB7422 
  31 0014 581D246A 		.ascii	"X\035$j\232\263P\256\022,\254\214\240\225\304\034h "
  31      9AB350AE 
  31      122CAC8C 
  31      A095C41C 
  31      6820
  32 0026 90434504 		.ascii	"\220CE\004\213\2745\026\341\270b\221k\324\302\204\240"
ARM GAS  /tmp/ccxe6jAk.s 			page 2


  32      8BBC3516 
  32      E1B86291 
  32      6BD4C284 
  32      A0
  33 0037 828D9646 		.ascii	"\202\215\226F\033\021lD=l=\220\025\024\375\023\344\012"
  33      1B116C44 
  33      3D6C3D90 
  33      1514FD13 
  33      E40A
  34 0049 D7997DBB 		.ascii	"\327\231}\273\021\26509\035\222\231\227\315\233o~\337"
  34      11B53039 
  34      1D929997 
  34      CD9B6F7E 
  34      DF
  35 005a DB5D0102 		.ascii	"\333]\001\002^G\230\276\353>\200~\252\250\001\012\363"
  35      5E4798BE 
  35      EB3E807E 
  35      AAA8010A 
  35      F3
  36 006b 1CC0F00B 		.ascii	"\034\300\360\013D^\000BV`v\014y\253\350\200\242\224"
  36      445E0042 
  36      5660760C 
  36      79ABE880 
  36      A294
  37 007d CBD66D69 		.ascii	"\313\326mi%\374\263\260h\312G\333\306\024\222h\014!"
  37      25FCB3B0 
  37      68CA47DB 
  37      C6149268 
  37      0C21
  38 008f 89304A3F 		.ascii	"\2110J?\260\335)\302\367r\212\352<\334=\371\325h\032"
  38      B0DD29C2 
  38      F7728AEA 
  38      3CDC3DF9 
  38      D5681A
  39 00a2 7969DB59 		.ascii	"yi\333Y\247\257\367\275\276\035qh\331\366\351\305\315"
  39      A7AFF7BD 
  39      BE1D7168 
  39      D9F6E9C5 
  39      CD
  40 00b3 75195BDB 		.ascii	"u\031[\333\004$\260\210\035\240S-Q\365\003\2514p\012"
  40      0424B088 
  40      1DA0532D 
  40      51F503A9 
  40      34700A
  41 00c6 700A720A 		.ascii	"p\012r\012qj\341D\241\303\222\224f;\360\024\2128ev5"
  41      716AE144 
  41      A1C39294 
  41      663BF014 
  41      8A386576 
  42 00db 8282AB76 		.ascii	"\202\202\253v\006G\227\017\245p\0027P\207I\024_`[.\031"
  42      0647970F 
  42      A5700237 
  42      50874914 
  42      5F605B2E 
  43 00f0 A1146A6B 		.ascii	"\241\024jk\260J4>F\322e!/}\016\235\3560M\240GG\375_"
  43      B04A343E 
  43      46D26521 
ARM GAS  /tmp/ccxe6jAk.s 			page 3


  43      2F7D0E9D 
  43      EE304DA0 
  44 0108 55736D9D 		.ascii	"Usm\235|\005l\212\346\267\"X\203\206\346B\\\3467\321"
  44      7C056C8A 
  44      E6B72258 
  44      8386E642 
  44      5CE637D1 
  45 011c 33A1578B 		.ascii	"3\241W\213\202\377m\002?\301\004\2765q\377l\302_-\212"
  45      82FF6D02 
  45      3FC104BE 
  45      3571FF6C 
  45      C25F2D8A 
  46 0130 A898C895 		.ascii	"\250\230\310\2255\257\273\201\004\034:I\201J}\2606\213"
  46      35AFBB81 
  46      041C3A49 
  46      814A7DB0 
  46      368B
  47 0142 4A97A4DC 		.ascii	"J\227\244\334\363\335\252\240\005>\204\026$\001\017"
  47      F3DDAAA0 
  47      053E8416 
  47      24010F
  48 0151 EDDB87C8 		.ascii	"\355\333\207\310\202\212l\357\252\251\362\220\253\205"
  48      828A6CEF 
  48      AAA9F290 
  48      AB85
  49 015f B47FF701 		.ascii	"\264\177\367\001(\321\244:\347I\014\275\2207LI\253:"
  49      28D1A43A 
  49      E7490CBD 
  49      90374C49 
  49      AB3A
  50 0171 96AD9796 		.ascii	"\226\255\227\226\341N\250w'h\334}\240\0062|\356\356"
  50      E14EA877 
  50      2768DC7D 
  50      A006327C 
  50      EEEE
  51 0183 2FB9DF77 		.ascii	"/\271\337w\370[HJ\361\213\012\375\376k\372j\345I\016"
  51      F85B484A 
  51      F18B0AFD 
  51      FE6BFA6A 
  51      E5490E
  52 0196 E00FE4AC 		.ascii	"\340\017\344\254\355\343:\305\013\260\000\377d\236\333"
  52      EDE33AC5 
  52      0BB000FF 
  52      649EDB
  53 01a5 FD49D76A 		.ascii	"\375I\327j\212o\302\005\030V\271\323\333\244\"N\346"
  53      8A6FC205 
  53      1856B9D3 
  53      DBA4224E 
  53      E6
  54 01b6 E82DE65D 		.ascii	"\350-\346]]\221HT}23\321\251D:\372#3=;\023\035\216\017"
  54      5D914854 
  54      7D3233D1 
  54      A9443AFA 
  54      23333D3B 
  55 01ce C57A541E 		.ascii	"\305zT\036\350\236\237\347\177\306\323\351\357\221$"
  55      E89E9FE7 
  55      7FC6D3E9 
ARM GAS  /tmp/ccxe6jAk.s 			page 4


  55      EF9124
  56 01dd E8739974 		.ascii	"\350s\231t\244\313\311\335O\232\234\030\002"
  56      A4CBC9DD 
  56      4F9A9C18 
  56      02
  57              		.text
  58              		.section	.gnu.lto_stm32_clock_init.178d26309dcd3e82,"",%progbits
  59 0000 789CA554 		.ascii	"x\234\245T\301k\323P\034\376\375^\232&m\2234i\331\330"
  59      C16BD350 
  59      1CFEFD5E 
  59      9A266D93 
  59      3469D9D8 
  60 0014 60651504 		.ascii	"`e\025\004\017B\353\266\277\240\027\301\203';\320\223"
  60      0F42EBB6 
  60      BFA017C1 
  60      83273BD0 
  60      93
  61 0025 CC097530 		.ascii	"\314\011u0\2308\017\273-\245=x\360\260\343P\020\275"
  61      98380FBB 
  61      2DA53D78 
  61      F0B0E350 
  61      10BD
  62 0037 8A28ECE0 		.ascii	"\212(\354\340\342\206l\014AA&x\253=\355\2649\024d;\271"
  62      E2866C0C 
  62      41412678 
  62      AB3DEDB4 
  62      3914643B 
  63 004c D37CBFF7 		.ascii	"\323|\277\367\222\227\316M\334\226\320~I~\337{_~\357"
  63      9297CE4D 
  63      DC96D07E 
  63      497EDF7B 
  63      5F7EEF
  64 005f FB5EC280 		.ascii	"\373^\302\200\301\337\307'\376\277h\002\214\3623\026"
  64      C1DFC727 
  64      FEBF6802 
  64      8CF23316 
  65 006f 00D9C217 		.ascii	"\000\331\302\027\200\246\311P\223\027\032\363\036\177"
  65      80A6C950 
  65      93171AF3 
  65      1E7F
  66 007d 04F0B3A9 		.ascii	"\004\360\263\251\266\001\276\345\311z-\205\272\344u"
  66      B601BEE5 
  66      C97A2D85 
  66      BAE475
  67 008c E64A3E2D 		.ascii	"\346J>-xW\326ki4$o\260\274\344M\301\347e\275fbF\362"
  67      7857D66B 
  67      6934246F 
  67      B0BCE44D 
  67      C1E765BD 
  68 00a4 19E6483E 		.ascii	"\031\346H>+xG\326kY\314I>\307l\311[\202\267e\275f!\322"
  68      2B7847D6 
  68      6B59CC49 
  68      3EC76CC9 
  68      5B82B765 
  69 00bc 1910E699 		.ascii	"\031\020\346\231\346\245t7m\344\315\214\223\315\331"
  69      E6A57437 
  69      6DE4CD8C 
ARM GAS  /tmp/ccxe6jAk.s 			page 5


  69      93CDD9
  70 00cb 16CEDF42 		.ascii	"\026\316\337B\261\2647l}\353\360\360\365\322\347g\257"
  70      B1B4376C 
  70      7DEBF0F0 
  70      F5D2E767 
  70      AF
  71 00dc F03DBBC0 		.ascii	"\360=\273\300`\012A#\320\011\322\004\006\201I\220#\260"
  71      600A4123 
  71      D009D204 
  71      06814990 
  71      23B0
  72 00ee 086C0287 		.ascii	"\010l\002\207\300%\360\010\012\004E\202>\202~\202\001"
  72      C025F008 
  72      0A044582 
  72      3E827E82 
  72      01
  73 00ff 82418221 		.ascii	"\202A\202!\202\022\3010A\231\200\037:\264}\177\241\014"
  73      8212C130 
  73      4199801F 
  73      3AB47D7F 
  73      A10C
  74 0111 30296EEB 		.ascii	"0)n\353\034\371\032\306\221\361\223\266\011\033\335"
  74      1CF91AC6 
  74      91F193B6 
  74      091BDD
  75 0120 CEF2379C 		.ascii	"\316\3627\234\300\027\250C\003\331ex\351\267\233\356"
  75      C017A843 
  75      03D96578 
  75      E9B79BEE 
  76 0130 14E25378 		.ascii	"\024\342Sx\202S\310nr\320\374\347\217\374\024\210K\261"
  76      8253C86E 
  76      72D0FCE7 
  76      8FFC1488 
  76      4BB1
  77 0142 A63B1805 		.ascii	"\246;\030\005\267\011\255wZ4[k\310\361\200\202\331\270"
  77      B709AD77 
  77      5A345B6B 
  77      C8F18082 
  77      D9B8
  78 0154 2689B369 		.ascii	"&\211\263i6\302{\336\242\006\334]\321\343\357\345\003"
  78      36C27BDE 
  78      A206DC5D 
  78      D1E3EFE5 
  78      03
  79 0165 D5A32EF4 		.ascii	"\325\243.\364\360,-\256\266\226\324\3644W\020M2\261"
  79      F02C2DAE 
  79      B696D4F4 
  79      3457104D 
  79      32B1
  80 0177 EF3EEC34 		.ascii	"\357>\3544\307\024%\352\275G\035=\340\301\3438\246\""
  80      C71425EA 
  80      BD471D3D 
  80      E0C1E338 
  80      A622
  81 0189 BB8295D8 		.ascii	"\273\202\225\330.\343\034v\255*\273L. \236x\220\314"
  81      2EE31C76 
  81      AD2ABB4C 
ARM GAS  /tmp/ccxe6jAk.s 			page 6


  81      2E209E78 
  81      90CC
  82 019b 2F534C0E 		.ascii	"/SL\016:+\273\330+\340\333\377U\220\022TQ\035\216\363"
  82      3A2BBBD8 
  82      2BE0DBFF 
  82      55901254 
  82      511D8EF3 
  83 01af F9CAF595 		.ascii	"\371\312\365\225=\265\324\334)]\307\236\225\266\336"
  83      3DB5D4DC 
  83      295DC79E 
  83      95B6DE
  84 01be AAE91657 		.ascii	"\252\351\026W\020k\265\204\353\355\237\261\353\326\011"
  84      106BB584 
  84      EBED9FB1 
  84      EBD609
  85 01cd AEBBA1EB 		.ascii	"\256\273\241\353\351\310\365\305\265\330u;\321&u\270"
  85      E9C8F5C5 
  85      B5D8753B 
  85      D12675B8 
  86 01dd 8078A2CF 		.ascii	"\200x\242\317G'\261\335\211\0143\224a\301Z\274M\335"
  86      4727B1DD 
  86      890C3394 
  86      61C15ABC 
  86      4DDD
  87 01ef 64DBD4E3 		.ascii	"d\333\324\343\012a\233\346\261\215\352\235`Y>\264\314"
  87      0A619BE6 
  87      B18DEA9D 
  87      60593EB4 
  87      CC
  88 0200 54EFF5F6 		.ascii	"T\357\365\366\256R+\234vq=\361\305\226\025\271@\"\313"
  88      AE522B9C 
  88      76713DF1 
  88      C59615B9 
  88      4022CB
  89 0213 30B4AC28 		.ascii	"0\264\254(&w\277o\253\306\372\022e\331\317\005\302\306"
  89      2677BF6F 
  89      ABC6FA12 
  89      65D9CF05 
  89      C2C6
  90 0225 844BE70F 		.ascii	"\204K\347\017\263?\0123\243\302\\\334\211\303\034H\026"
  90      B33F0A33 
  90      A3C25CDC 
  90      89C31C48 
  90      16
  91 0236 E6205788 		.ascii	"\346 W\210\372t\217\2459xB\232N\230f6L3\350\374H\362"
  91      FA748FA5 
  91      3978429A 
  91      4E986636 
  91      4C33E8FC 
  92 024c 76ABE082 		.ascii	"v\253\340\202\305_{GuF\224N\212\206\352\376z\244\243"
  92      C55F7B47 
  92      7546944E 
  92      8A86EAFE 
  92      7AA4A3
  93 025f 873A2CD6 		.ascii	"\207:,\326q\245J7\330\217\367\326P\242\275U\342\002"
  93      71A54A37 
  93      D88FF7D6 
ARM GAS  /tmp/ccxe6jAk.s 			page 7


  93      50A2BD55 
  93      E202
  94 0271 EA737CFE 		.ascii	"\352s|\376\235U\212\362\313\251\374:\373\361\327k8\331"
  94      9D558AF2 
  94      CBA9FC3A 
  94      FBF1D76B 
  94      38D9
  95 0283 D7ABCC15 		.ascii	"\327\253\314\025\376\361\365*\213\272y$<;\014\317\242"
  95      FEF1F52A 
  95      8BBA7924 
  95      3C3B0CCF 
  95      A2
  96 0294 F0BE4273 		.ascii	"\360\276Bs\253{I\016\217\207 \247h\305W*\225\252\374"
  96      AB7B490E 
  96      8F8720A7 
  96      68C5572A 
  96      95AAFC
  97 02a7 CDCC56EF 		.ascii	"\315\314V\357MLW\357\317<x8[\275Q\277>6*\361\352\310"
  97      4D4C57EF 
  97      CF3C7838 
  97      5BBD51BF 
  97      3E362AF1 
  98 02bd DC1C31B7 		.ascii	"\334\0341\267\247\247\357V&\341\017\324\327\337s"
  98      A7A7EF56 
  98      26E10FD4 
  98      D7DF73
  99              		.text
 100              		.section	.gnu.lto_.symbol_nodes.178d26309dcd3e82,"",%progbits
 101 0000 789C6362 		.ascii	"x\234cb`b\260e\200\002\246\273\214\365\014\014\023\316"
 101      6062B065 
 101      8002A6BB 
 101      8CF50C0C 
 101      13CE
 102 0012 3130D4D7 		.ascii	"10\324\327\317\353`d\272\307X\317\210\340\262\336fd"
 102      CFEB6064 
 102      BAC758CF 
 102      88E0B2DE 
 102      6664
 103 0024 60AD6760 		.ascii	"`\255g`\274\317X\317\004\021mh`df`fx\334\376F\236\001"
 103      BCCF58CF 
 103      04116D68 
 103      60646660 
 103      6678DCFE 
 104 003b 0040AD12 		.ascii	"\000@\255\022("
 104      28
 105              		.text
 106              		.section	.gnu.lto_.refs.178d26309dcd3e82,"",%progbits
 107 0000 789C6362 		.ascii	"x\234cb`b`d\200\002\000\000F\000\006"
 107      60626064 
 107      80020000 
 107      460006
 108              		.text
 109              		.section	.gnu.lto_.decls.178d26309dcd3e82,"",%progbits
 110 0000 789C9D96 		.ascii	"x\234\235\226olSU\024\300\357}\235[\353\012#$\020\365"
 110      6F6C5355 
 110      14C0EF7D 
 110      9D5BEB0A 
ARM GAS  /tmp/ccxe6jAk.s 			page 8


 110      232410F5 
 111 0014 832B448C 		.ascii	"\203+D\214!\241\257\355\242\361\023\322u\335\237\270"
 111      21A1AFED 
 111      A2F113D2 
 111      75DD9FB8 
 112 0024 C1F23A04 		.ascii	"\301\362:\004?5o\355#\253\364\317\262uf|\273n\212\004"
 112      3F356FED 
 112      23ABF4CF 
 112      B275667C 
 112      BB6E8A04 
 113 0038 23293808 		.ascii	"#)8\010\376#\035\303\351\374\023\335\022\034\213!\253"
 113      FE231DC3 
 113      E9FC13DD 
 113      121C8B21 
 113      AB
 114 0049 98294ACC 		.ascii	"\230)J\314\026\007\033l\223\025\011Y4\004\307\022>\240"
 114      16071B6C 
 114      93150959 
 114      3404C712 
 114      3EA0
 115 005b 66F5BCFB 		.ascii	"f\365\274\373^\267\373J[^\271\3519\357\366\275w~\347"
 115      5EB7FB4A 
 115      5B5EB9E9 
 115      39EFF6BD 
 115      777EE7
 116 006e BC7BEE3D 		.ascii	"\274{\356=\367r\210CI\204P\012Z\337\032\204\2129\204"
 116      F7728843 
 116      4984500A 
 116      5ADF1A84 
 116      8A3984
 117 0081 0CF07F3B 		.ascii	"\014\360\177;Zm\362\377^\220~\220\001\020\014\362\005"
 117      5A6DF2FF 
 117      5E907E90 
 117      01100CF2 
 117      05
 118 0092 D236F9F9 		.ascii	"\3226\371\371\343 % kA\314 \203 C \343 \023 \323 WA"
 118      E3202520 
 118      6B41CC20 
 118      83204320 
 118      E3201320 
 119 00aa 4E831481 		.ascii	"N\203\024\201\214\202\234\007\031\003\271\302\370\271"
 119      8C829C07 
 119      1903B9C2 
 119      F8B9
 120 00b8 A6FAC96C 		.ascii	"\246\372\311l\262\377b\325\007\313\236\003YR\355\207"
 120      B2FF62D5 
 120      07CB9E03 
 120      5952ED87 
 121 00c8 4146406E 		.ascii	"AF@n\250q\366g\341\224\243S$\236L\276\3257\370$\211"
 121      A871F667 
 121      E194A353 
 121      249E4CBE 
 121      D537F824 
 122 00dd 772552A9 		.ascii	"w%R\251\227\320Ft\234@\213\037$\004GE\274}\003\332\213"
 122      97D04674 
 122      9C408B1F 
 122      24044745 
ARM GAS  /tmp/ccxe6jAk.s 			page 9


 122      BC7D03DA 
 123 00f2 45BCD684 		.ascii	"E\274\326\204,\264c6\321\200\021\022\361i\274Q\355\355"
 123      2CB46336 
 123      D1801112 
 123      F169BC51 
 123      EDED
 124 0104 3628380E 		.ascii	"6(8\016U`\264\025\015\200}\214\220\256\3158\213K\204"
 124      5560B415 
 124      0D807D8C 
 124      90AECD38 
 124      8B4B84
 125 0117 9E459FC8 		.ascii	"\236E\237\310\036\310g\304@\3712\241\027\227\263\257"
 125      1EC867C4 
 125      40F932A1 
 125      1797B3AF 
 126 0127 88B80F73 		.ascii	"\210\270\017s\017\006\232\030\272d\216\275\221L\245"
 126      0F069A18 
 126      BA648EBD 
 126      914CA5
 127 0136 CA15EF1C 		.ascii	"\312\025\357\034\252\301\360\356\031\2745/\274?\023"
 127      AAC1F0EE 
 127      19BC352F 
 127      BC3F13
 128 0145 FEE983F0 		.ascii	"\376\351\203\360d,y\367\340\324\333\370hw\374\"YL\245"
 128      642C79F7 
 128      E0D4DBF8 
 128      6877FC22 
 128      594CA5
 129 0158 CA50DAC5 		.ascii	"\312P\332\305;8\323\207\002\371\\\013\331\214zI\374"
 129      3B38D387 
 129      02F95C0B 
 129      D98C7A49 
 129      FC
 130 0169 42F2D67B 		.ascii	"B\362\326{\357\312CI\310r*\205M\350\020\014\203<\226"
 130      EFCA4349 
 130      C8722A85 
 130      4DE8100C 
 130      833C96
 131 017c B517612A 		.ascii	"\265\027a*d\033\310-\350\014\014Vr\372\360\345\273\030"
 131      641BC82D 
 131      E80C0C56 
 131      72FAF0E5 
 131      BB18
 132 018e ACE0C197 		.ascii	"\254\340\301\227`\306\241\205\014\257\".1i\375\303\377"
 132      60C6A185 
 132      0CAF222E 
 132      3169FDC3 
 132      FF
 133 019f F40B328F 		.ascii	"\364\0132\217>V;\362\024.\223\323\261\270B\311\225\304"
 133      3E563BF2 
 133      142E93D3 
 133      B1B842C9 
 133      95C4
 134 01b1 AFE12B9E 		.ascii	"\257\341+\236F\204\373\230\030\351\235\275j\004\344"
 134      4684FB98 
 134      18E99DBD 
 134      6A04E4
ARM GAS  /tmp/ccxe6jAk.s 			page 10


 135 01c0 F6B95284 		.ascii	"\366\271R\204\350\007t\347\375\000\021\177\205\267\350"
 135      E80774E7 
 135      FD00117F 
 135      85B7E8
 136 01cf 0A673D3A 		.ascii	"\012g=:*g\306\302\220\210!\215\262\255\216\305\357\277"
 136      2A67C6C2 
 136      9088218D 
 136      B2AD8EC5 
 136      EFBF
 137 01e1 DD798110 		.ascii	"\335y\201\020\243\210\207\360z\370\206qN;\022\017\305"
 137      A38887F0 
 137      7AF88671 
 137      4E3B120F 
 137      C5
 138 01f2 C8319D05 		.ascii	"\3101\235\005S\305\210BI\342\337\0313)R\356\243,\351"
 138      53C58842 
 138      49E2DF19 
 138      332952EE 
 138      A32CE9
 139 0205 54DB2614 		.ascii	"T\333&\024'ov'R3=\220\304\013\200\034\244\311\230\245"
 139      276F7627 
 139      52333D90 
 139      C40B801C 
 139      A4C998A5 
 140 0219 21C8B6D9 		.ascii	"!\310\266\331F@\355\242\225\361[k\312\340\305f\3151"
 140      4640EDA2 
 140      95F15B6B 
 140      CAE0C566 
 140      CD31
 141 022b 310DBB5E 		.ascii	"1\015\273^0\314\242\201\035ca7\365\300\214\271#\353"
 141      30CCA281 
 141      1D636137 
 141      F5C08CB9 
 141      23EB
 142 023d 61610B05 		.ascii	"aa\013\005\303\264\221\235`a\213z`\353rGv\222\205\335"
 142      C3B4919D 
 142      60618B7A 
 142      60EB7247 
 142      769285DD 
 143 0251 2F18A68D 		.ascii	"/\030\246\215\354\003\026F\014:`O\344\216\354#\026v"
 143      EC031646 
 143      0C3A604F 
 143      E48EEC23 
 143      1676
 144 0263 A8609836 		.ascii	"\250`\2306\262S,,\246\007f\311\035\3317,\354x\3010&"
 144      B2532C2C 
 144      A60766C9 
 144      1DD9372C 
 144      EC78C130 
 145 0278 32D29518 		.ascii	"2\322\225\030\376\360\210\272\010\224\212\364\276\036"
 145      FEF088BA 
 145      08948AF4 
 145      BE1E
 146 0286 DE73B983 		.ascii	"\336s\271\203\033\231\325.\252\276\202y\026\224\263"
 146      1B99D52E 
 146      AABE8279 
 146      1694B3
ARM GAS  /tmp/ccxe6jAk.s 			page 11


 147 0295 B12B5EC4 		.ascii	"\261+^\304\337\322\2124\2147\201\036\241\372;\252\317"
 147      DFD28A34 
 147      8C37811E 
 147      A1FA3BAA 
 147      CF
 148 02a6 533D4AF5 		.ascii	"S=J\365\367T\377@\365\030\325?Q\3753\325\227\250\376"
 148      F754FF40 
 148      F518D53F 
 148      51FD33D5 
 148      97A8FE
 149 02b9 15F44A2B 		.ascii	"\025\364J+E\207W\213\271R\234r\025\325q\\\232\266R\253"
 149      4587578B 
 149      B9529C72 
 149      15D5715C 
 149      9AB652AB 
 150 02cd 557C0753 		.ascii	"U|\007S\256v\260kI)z\211\371\031l\021\361\004\255x\003"
 150      AE76B06B 
 150      49297A89 
 150      F9196C11 
 150      F104AD78 
 151 02e2 86AC152F 		.ascii	"\206\254\025/7C\3669\231Y\361\246\225\2127\251\253\342"
 151      3743F639 
 151      9959F1A6 
 151      958A37A9 
 151      ABE2
 152 02f4 CD6A2A9E 		.ascii	"\315j*\236\210\317\301\266\240\330>Z\305\233\233Y\231"
 152      88CFC1B6 
 152      A0D83E5A 
 152      C59B9B59 
 152      99
 153 0305 8922FEA5 		.ascii	"\211\"\376\245`X\336LO2\231\276L3}\205fk*O\266&\362"
 153      6058DE4C 
 153      4F3299BE 
 153      4C337D85 
 153      666B2A4F 
 154 031c 646B7A35 		.ascii	"dkz5[\031V\362\001 \227\325U\260bFU>C$\026\223c\263"
 154      5B1956F2 
 154      012097D5 
 154      55B06246 
 154      553E4324 
 155 0334 47D493D4 		.ascii	"G\324\223\324(\301+G\210\263\006=\307\224k\231\307\224"
 155      28C12B47 
 155      88B3063D 
 155      C7946B99 
 155      C794
 156 0346 19ED0923 		.ascii	"\031\355\011#\313\306\027\347\322a=\203\230\375\363"
 156      CBC617E7 
 156      D2613D83 
 156      98FDF3
 157 0355 C7E7E9FE 		.ascii	"\307\347\351\3769Gg\323D\366\331\224\033#\273\236\317"
 157      394767D3 
 157      44F6D994 
 157      1B23BB9E 
 157      CF
 158 0366 9C4DF726 		.ascii	"\234M\367&\351l\232\3275\233\356Oj\227\372u\032\302"
 158      E96C9AD7 
 158      359BEE4F 
ARM GAS  /tmp/ccxe6jAk.s 			page 12


 158      6A97FA75 
 158      1AC2
 159 0378 FC23CFA6 		.ascii	"\374#\317\246\177&\231\272\366G\3010\213\006\366\037"
 159      7F2699BA 
 159      F647C130 
 159      8B06F61F 
 160 0388 0B5BD003 		.ascii	"\013[\320\003\313\263\177.\263\260\277\013\206i#\213"
 160      CBB37F2E 
 160      B3B0BF0B 
 160      8669238B 
 161 0398 4D318B46 		.ascii	"M1\213FY\201\017\201\345\331?\217M1\221-\351\211,\317"
 161      59810F81 
 161      E5D93F8F 
 161      4D31912D 
 161      E9892CCF 
 162 03ac FED9C3C2 		.ascii	"\376\331\303\302\356\351\201\345\331?O\260\260\345\202"
 162      EEE981E5 
 162      D93F4FB0 
 162      B0E582
 163 03bb 61DAC84E 		.ascii	"a\332\310N\262\260\256\"\0350K\226\310\2625v\021\210"
 163      B2B0AE22 
 163      1D304B96 
 163      C8B23576 
 163      1188
 164 03cd 38490BCD 		.ascii	"8I\013\315\015ZhnR}\213\352\005\252\377\244\372/\252"
 164      0D5A686E 
 164      527D8BEA 
 164      05AAFFA4 
 164      FA2FAA
 165 03e0 6F537D87 		.ascii	"oS}\207\352\305<%i.OIZZ-I\310f\265\362\312/\322\316"
 165      EAC53C25 
 165      692E4F49 
 165      5A5A2D49 
 165      C866B5F2 
 166 03f8 B78841BE 		.ascii	"\267\210A\2765\322\026m\347=M\015\025\016EW\333;;\345"
 166      35D2166D 
 166      E73D4D0D 
 166      150E4557 
 166      DB3B3BE5 
 167 040c 27DE60D0 		.ascii	"'\336`\320o\365!\263\332\365\006\302\201hq\315\316\335"
 167      6FF521B3 
 167      DAF506C2 
 167      816871CD 
 167      CEDD
 168 041e 16175AD7 		.ascii	"\026\027Z\327\036\015U8\274\276`\304\267\237\336w\344"
 168      1E0D5538 
 168      BCBE60C4 
 168      B79FDE77 
 168      E4
 169 042f A3D6D757 		.ascii	"\243\326\327W\361U\015\316\327\355\274b\346\017\211"
 169      F1550DCE 
 169      D7EDBC62 
 169      E60F89
 170 043e D6165402 		.ascii	"\326\026T\002\227:0\365\360-\221\220\304\277\326\021"
 170      973A30F5 
 170      F02D9190 
 170      C4BFD611 
ARM GAS  /tmp/ccxe6jAk.s 			page 13


 171 044e 0C8861BE 		.ascii	"\014\210a\276\301]\343\344\333\245\220\324\036m\223"
 171      C15DE3E4 
 171      DBA590D4 
 171      1E6D93
 172 045d BC814EDE 		.ascii	"\274\201N\336\035j\226\232\003~\300\212m\241m\016\233"
 172      1D6A969A 
 172      037EC08A 
 172      6DA16D0E 
 172      9B
 173 046e BDC26AB7 		.ascii	"\275\302j\267\323~8\022\226\266Ibs\200\017\204}\301"
 173      D37E3812 
 173      96B64962 
 173      73800F84 
 173      7DC1
 174 0480 0EBF0478 		.ascii	"\016\277\004x\177 \034\005\266\261\003\256\340)Z\346"
 174      7F201C05 
 174      B6B103AE 
 174      E0295AE6 
 175 0490 39D01E95 		.ascii	"9\320\036\225B\256H\233\344\222\203\335`\365\213Q\321"
 175      42AE489B 
 175      E49283DD 
 175      60F58B51 
 175      D1
 176 04a1 9A71F745 		.ascii	"\232q\367E6z_$\024\212\204y\2513\312\273\032<u\036\370"
 176      367A5F24 
 176      148A8479 
 176      A933CABB 
 176      1A3C751E 
 177 04b6 08665CE8 		.ascii	"\010f\\\350\027\354\263\333l\235\315\340\247Tp\271\274"
 177      17ECB3DB 
 177      6C9DCDE0 
 177      A75470B9 
 177      BC
 178 04c7 4D075AA5 		.ascii	"M\007Z\245*i\037\347\022\212\\\3255\202\301U'\030\235"
 178      2A691FE7 
 178      128A5CD5 
 178      3582C155 
 178      27189D
 179 04da 8D950EC1 		.ascii	"\215\225\016\301\323D;v\271S\354\254\255t\357\024J\344"
 179      D3443B76 
 179      B953ECAC 
 179      AD74EF14 
 179      4AE4
 180 04ec 07EAD50E 		.ascii	"\007\352\325\016\327\242\312*\027Xx\004\223\340\366"
 180      D7A2CA2A 
 180      17587804 
 180      93E0F6
 181 04fb B88557DC 		.ascii	"\270\205W\334U\266\307d\210\243\264q\217\220&?\225\316"
 181      55B6C764 
 181      88A3B471 
 181      8F90263F 
 181      95CE
 182 050d 40B3E8DB 		.ascii	"@\263\350\333\337\321\352\365GBb L\307}Mu\275\323S\233"
 182      DFD1EAF5 
 182      47426220 
 182      4CC77D4D 
 182      75BDD353 
ARM GAS  /tmp/ccxe6jAk.s 			page 14


 183 0522 7ED1E084 		.ascii	"~\321\340\204\030^v\277*\224\354jl\222\257\234G\340"
 183      185E76BF 
 183      2A94EC6A 
 183      6C92AF9C 
 183      47E0
 184 0534 9C8231CD 		.ascii	"\234\2021\3156\354\252\024\212\366\010\215\302\377\316"
 184      36ECAA14 
 184      8AF6088D 
 184      C2FFCE
 185 0543 7D28AE   		.ascii	"}(\256"
 186              		.text
 187              		.section	.gnu.lto_.symtab.178d26309dcd3e82,"",%progbits
 188 0000 68616C5F 		.ascii	"hal_lld_init\000\000\000\000\000\000\000\000\000\000"
 188      6C6C645F 
 188      696E6974 
 188      00000000 
 188      00000000 
 189 0016 0000A100 		.ascii	"\000\000\241\000\000\000stm32_clock_init\000\000\000"
 189      00007374 
 189      6D33325F 
 189      636C6F63 
 189      6B5F696E 
 190 002f 00000000 		.ascii	"\000\000\000\000\000\000\000\000\000\246\000\000\000"
 190      00000000 
 190      00A60000 
 190      00
 191 003c 53797374 		.ascii	"SystemCoreClock\000\000\000\000\000\000\000\000\000"
 191      656D436F 
 191      7265436C 
 191      6F636B00 
 191      00000000 
 192 0054 000000AB 		.ascii	"\000\000\000\253\000\000\000dmaInit\000\000\002\000"
 192      00000064 
 192      6D61496E 
 192      69740000 
 192      0200
 193 0066 00000000 		.ascii	"\000\000\000\000\000\000\000\000\251\000\000\000"
 193      00000000 
 193      A9000000 
 194              		.text
 195              		.section	.gnu.lto_.opts,"",%progbits
 196 0000 272D6D63 		.ascii	"'-mcpu=cortex-m3' '-mno-thumb-interwork' '-mthumb' "
 196      70753D63 
 196      6F727465 
 196      782D6D33 
 196      2720272D 
 197 0033 272D6767 		.ascii	"'-ggdb' '-O2' '-fomit-frame-pointer' '-falign-funct"
 197      64622720 
 197      272D4F32 
 197      2720272D 
 197      666F6D69 
 198 0066 696F6E73 		.ascii	"ions=16' '-ffunction-sections' '-fdata-sections' '-"
 198      3D313627 
 198      20272D66 
 198      66756E63 
 198      74696F6E 
 199 0099 666E6F2D 		.ascii	"fno-common' '-flto'\000"
ARM GAS  /tmp/ccxe6jAk.s 			page 15


 199      636F6D6D 
 199      6F6E2720 
 199      272D666C 
 199      746F2700 
 200              		.text
 201              		.cfi_sections	.debug_frame
 202              		.section	.text.hal_lld_init,"ax",%progbits
 203              		.align	2
 204              		.p2align 4,,15
 205              		.global	hal_lld_init
 206              		.thumb
 207              		.thumb_func
 208              		.type	hal_lld_init, %function
 209              	hal_lld_init:
 210              	.LFB220:
 211              		.file 1 "../../../os/hal/ports/STM32/STM32F1xx/hal_lld.c"
 212              		.loc 1 132 0
 213              		.cfi_startproc
 214              		@ args = 0, pretend = 0, frame = 0
 215              		@ frame_needed = 0, uses_anonymous_args = 0
 216              		@ link register save eliminated.
 217              		.loc 1 135 0
 218 0000 4FF48053 		mov	r3, #4096
 219 0004 C4F20203 		movt	r3, 16386
 220 0008 4FF0FF31 		mov	r1, #-1
 221 000c 0022     		movs	r2, #0
 222 000e 1869     		ldr	r0, [r3, #16]
 223 0010 1961     		str	r1, [r3, #16]
 224 0012 1A61     		str	r2, [r3, #16]
 225              		.loc 1 136 0
 226 0014 D868     		ldr	r0, [r3, #12]
 227 0016 D960     		str	r1, [r3, #12]
 228 0018 DA60     		str	r2, [r3, #12]
 229              		.loc 1 139 0
 230 001a D969     		ldr	r1, [r3, #28]
 231              	.LBB4:
 232              	.LBB5:
 233              		.loc 1 57 0
 234 001c 4FF4E042 		mov	r2, #28672
 235              	.LBE5:
 236              	.LBE4:
 237              		.loc 1 139 0
 238 0020 41F08051 		orr	r1, r1, #268435456
 239 0024 D961     		str	r1, [r3, #28]
 240              		.loc 1 140 0
 241 0026 D969     		ldr	r1, [r3, #28]
 242              	.LBB8:
 243              	.LBB6:
 244              		.loc 1 57 0
 245 0028 C4F20002 		movt	r2, 16384
 246              	.LBE6:
 247              	.LBE8:
 248              		.loc 1 140 0
 249 002c 41F00061 		orr	r1, r1, #134217728
 250 0030 D961     		str	r1, [r3, #28]
 251              	.LBB9:
 252              	.LBB7:
ARM GAS  /tmp/ccxe6jAk.s 			page 16


 253              		.loc 1 57 0
 254 0032 1368     		ldr	r3, [r2]
 255 0034 43F48073 		orr	r3, r3, #256
 256 0038 1360     		str	r3, [r2]
 257              	.LBE7:
 258              	.LBE9:
 259              		.loc 1 146 0
 260 003a FFF7FEBF 		b	dmaInit
 261              	.LVL0:
 262              		.cfi_endproc
 263              	.LFE220:
 264              		.size	hal_lld_init, .-hal_lld_init
 265 003e 00BF     		.section	.text.stm32_clock_init,"ax",%progbits
 266              		.align	2
 267              		.p2align 4,,15
 268              		.global	stm32_clock_init
 269              		.thumb
 270              		.thumb_func
 271              		.type	stm32_clock_init, %function
 272              	stm32_clock_init:
 273              	.LFB221:
 274              		.loc 1 169 0
 275              		.cfi_startproc
 276              		@ args = 0, pretend = 0, frame = 0
 277              		@ frame_needed = 0, uses_anonymous_args = 0
 278              		@ link register save eliminated.
 279              		.loc 1 174 0
 280 0000 4FF48053 		mov	r3, #4096
 281 0004 C4F20203 		movt	r3, 16386
 282 0008 1A68     		ldr	r2, [r3]
 283              		.loc 1 175 0
 284 000a 1946     		mov	r1, r3
 285              		.loc 1 174 0
 286 000c 42F00102 		orr	r2, r2, #1
 287 0010 1A60     		str	r2, [r3]
 288              	.L4:
 289              		.loc 1 175 0 discriminator 1
 290 0012 0A68     		ldr	r2, [r1]
 291 0014 4FF48053 		mov	r3, #4096
 292 0018 9207     		lsls	r2, r2, #30
 293 001a C4F20203 		movt	r3, 16386
 294 001e F8D5     		bpl	.L4
 295              		.loc 1 177 0
 296 0020 1968     		ldr	r1, [r3]
 297              		.loc 1 178 0
 298 0022 0022     		movs	r2, #0
 299              		.loc 1 177 0
 300 0024 01F0F901 		and	r1, r1, #249
 301 0028 1960     		str	r1, [r3]
 302              		.loc 1 179 0
 303 002a 1946     		mov	r1, r3
 304              		.loc 1 178 0
 305 002c 5A60     		str	r2, [r3, #4]
 306              	.L6:
 307              		.loc 1 179 0 discriminator 1
 308 002e 4A68     		ldr	r2, [r1, #4]
 309 0030 4FF48053 		mov	r3, #4096
ARM GAS  /tmp/ccxe6jAk.s 			page 17


 310 0034 12F00C0F 		tst	r2, #12
 311 0038 C4F20203 		movt	r3, 16386
 312 003c F7D1     		bne	.L6
 313              		.loc 1 188 0
 314 003e 1A68     		ldr	r2, [r3]
 315              		.loc 1 189 0
 316 0040 1946     		mov	r1, r3
 317              		.loc 1 188 0
 318 0042 42F48032 		orr	r2, r2, #65536
 319 0046 1A60     		str	r2, [r3]
 320              	.L8:
 321              		.loc 1 189 0 discriminator 1
 322 0048 0A68     		ldr	r2, [r1]
 323 004a 4FF48053 		mov	r3, #4096
 324 004e 9003     		lsls	r0, r2, #14
 325 0050 C4F20203 		movt	r3, 16386
 326 0054 F8D5     		bpl	.L8
 327              		.loc 1 202 0
 328 0056 5A68     		ldr	r2, [r3, #4]
 329              		.loc 1 204 0
 330 0058 1946     		mov	r1, r3
 331              		.loc 1 202 0
 332 005a 42F48032 		orr	r2, r2, #65536
 333 005e 5A60     		str	r2, [r3, #4]
 334              		.loc 1 203 0
 335 0060 1A68     		ldr	r2, [r3]
 336 0062 42F08072 		orr	r2, r2, #16777216
 337 0066 1A60     		str	r2, [r3]
 338              	.L10:
 339              		.loc 1 204 0 discriminator 1
 340 0068 0A68     		ldr	r2, [r1]
 341 006a 4FF48053 		mov	r3, #4096
 342 006e 9201     		lsls	r2, r2, #6
 343 0070 C4F20203 		movt	r3, 16386
 344 0074 F8D5     		bpl	.L10
 345              		.loc 1 220 0
 346 0076 4FF40052 		mov	r2, #8192
 347 007a C4F20202 		movt	r2, 16386
 348 007e 1021     		movs	r1, #16
 349              		.loc 1 214 0
 350 0080 4FF48030 		mov	r0, #65536
 351 0084 5860     		str	r0, [r3, #4]
 352              		.loc 1 220 0
 353 0086 1160     		str	r1, [r2]
 354              		.loc 1 225 0
 355 0088 5968     		ldr	r1, [r3, #4]
 356              		.loc 1 226 0
 357 008a 1A46     		mov	r2, r3
 358              		.loc 1 225 0
 359 008c 41F00201 		orr	r1, r1, #2
 360 0090 5960     		str	r1, [r3, #4]
 361              	.L12:
 362              		.loc 1 226 0 discriminator 1
 363 0092 5368     		ldr	r3, [r2, #4]
 364 0094 03F00C03 		and	r3, r3, #12
 365 0098 082B     		cmp	r3, #8
 366 009a FAD1     		bne	.L12
ARM GAS  /tmp/ccxe6jAk.s 			page 18


 367              		.loc 1 234 0
 368 009c 7047     		bx	lr
 369              		.cfi_endproc
 370              	.LFE221:
 371              		.size	stm32_clock_init, .-stm32_clock_init
 372              		.global	SystemCoreClock
 373 009e 00BF     		.section	.data.SystemCoreClock,"aw",%progbits
 374              		.align	2
 375              		.type	SystemCoreClock, %object
 376              		.size	SystemCoreClock, 4
 377              	SystemCoreClock:
 378 0000 00366E01 		.word	24000000
 379              		.text
 380              	.Letext0:
 381              		.file 2 "/home/julian/MEGA/semestre_ix/Embebidos/arm-2013.11/arm-none-eabi/include/stdint.h"
 382              		.file 3 "../../../os/common/ports/ARMCMx/compilers/GCC/chtypes.h"
 383              		.file 4 "../../../os/rt/include/chsystypes.h"
 384              		.file 5 "../../../os/rt/include/chschd.h"
 385              		.file 6 "../../../os/common/ext/CMSIS/ST/STM32F1xx/stm32f100xb.h"
 386              		.file 7 "../../../os/common/ports/ARMCMx/chcore.h"
 387              		.file 8 "../../../os/common/ports/ARMCMx/chcore_v7m.h"
 388              		.file 9 "../../../os/rt/include/chsem.h"
 389              		.file 10 "../../../os/rt/include/chmtx.h"
 390              		.file 11 "../../../os/common/ext/CMSIS/include/core_cm3.h"
 391              		.file 12 "../../../os/hal/ports/STM32/LLD/DMAv1/stm32_dma.h"
 392              		.section	.debug_info,"",%progbits
 393              	.Ldebug_info0:
 394 0000 8A070000 		.4byte	0x78a
 395 0004 0400     		.2byte	0x4
 396 0006 00000000 		.4byte	.Ldebug_abbrev0
 397 000a 04       		.byte	0x4
 398 000b 01       		.uleb128 0x1
 399 000c 50020000 		.4byte	.LASF102
 400 0010 01       		.byte	0x1
 401 0011 28050000 		.4byte	.LASF103
 402 0015 F8010000 		.4byte	.LASF104
 403 0019 20000000 		.4byte	.Ldebug_ranges0+0x20
 404 001d 00000000 		.4byte	0
 405 0021 00000000 		.4byte	.Ldebug_line0
 406 0025 02       		.uleb128 0x2
 407 0026 04       		.byte	0x4
 408 0027 05       		.byte	0x5
 409 0028 696E7400 		.ascii	"int\000"
 410 002c 03       		.uleb128 0x3
 411 002d 04       		.byte	0x4
 412 002e 07       		.byte	0x7
 413 002f 6C000000 		.4byte	.LASF0
 414 0033 03       		.uleb128 0x3
 415 0034 01       		.byte	0x1
 416 0035 06       		.byte	0x6
 417 0036 CA040000 		.4byte	.LASF1
 418 003a 04       		.uleb128 0x4
 419 003b 30030000 		.4byte	.LASF4
 420 003f 02       		.byte	0x2
 421 0040 2A       		.byte	0x2a
 422 0041 45000000 		.4byte	0x45
 423 0045 03       		.uleb128 0x3
ARM GAS  /tmp/ccxe6jAk.s 			page 19


 424 0046 01       		.byte	0x1
 425 0047 08       		.byte	0x8
 426 0048 86040000 		.4byte	.LASF2
 427 004c 03       		.uleb128 0x3
 428 004d 02       		.byte	0x2
 429 004e 05       		.byte	0x5
 430 004f C2030000 		.4byte	.LASF3
 431 0053 04       		.uleb128 0x4
 432 0054 AF030000 		.4byte	.LASF5
 433 0058 02       		.byte	0x2
 434 0059 36       		.byte	0x36
 435 005a 5E000000 		.4byte	0x5e
 436 005e 03       		.uleb128 0x3
 437 005f 02       		.byte	0x2
 438 0060 07       		.byte	0x7
 439 0061 DC040000 		.4byte	.LASF6
 440 0065 04       		.uleb128 0x4
 441 0066 69040000 		.4byte	.LASF7
 442 006a 02       		.byte	0x2
 443 006b 4F       		.byte	0x4f
 444 006c 70000000 		.4byte	0x70
 445 0070 03       		.uleb128 0x3
 446 0071 04       		.byte	0x4
 447 0072 05       		.byte	0x5
 448 0073 D8030000 		.4byte	.LASF8
 449 0077 04       		.uleb128 0x4
 450 0078 16010000 		.4byte	.LASF9
 451 007c 02       		.byte	0x2
 452 007d 50       		.byte	0x50
 453 007e 82000000 		.4byte	0x82
 454 0082 03       		.uleb128 0x3
 455 0083 04       		.byte	0x4
 456 0084 07       		.byte	0x7
 457 0085 37040000 		.4byte	.LASF10
 458 0089 03       		.uleb128 0x3
 459 008a 08       		.byte	0x8
 460 008b 05       		.byte	0x5
 461 008c 5A030000 		.4byte	.LASF11
 462 0090 04       		.uleb128 0x4
 463 0091 0D040000 		.4byte	.LASF12
 464 0095 02       		.byte	0x2
 465 0096 78       		.byte	0x78
 466 0097 9B000000 		.4byte	0x9b
 467 009b 03       		.uleb128 0x3
 468 009c 08       		.byte	0x8
 469 009d 07       		.byte	0x7
 470 009e 61010000 		.4byte	.LASF13
 471 00a2 04       		.uleb128 0x4
 472 00a3 9C030000 		.4byte	.LASF14
 473 00a7 03       		.byte	0x3
 474 00a8 3C       		.byte	0x3c
 475 00a9 3A000000 		.4byte	0x3a
 476 00ad 04       		.uleb128 0x4
 477 00ae 20030000 		.4byte	.LASF15
 478 00b2 03       		.byte	0x3
 479 00b3 3D       		.byte	0x3d
 480 00b4 3A000000 		.4byte	0x3a
ARM GAS  /tmp/ccxe6jAk.s 			page 20


 481 00b8 04       		.uleb128 0x4
 482 00b9 2F040000 		.4byte	.LASF16
 483 00bd 03       		.byte	0x3
 484 00be 3E       		.byte	0x3e
 485 00bf 3A000000 		.4byte	0x3a
 486 00c3 04       		.uleb128 0x4
 487 00c4 48010000 		.4byte	.LASF17
 488 00c8 03       		.byte	0x3
 489 00c9 40       		.byte	0x40
 490 00ca 77000000 		.4byte	0x77
 491 00ce 04       		.uleb128 0x4
 492 00cf 68030000 		.4byte	.LASF18
 493 00d3 03       		.byte	0x3
 494 00d4 41       		.byte	0x41
 495 00d5 65000000 		.4byte	0x65
 496 00d9 04       		.uleb128 0x4
 497 00da 27010000 		.4byte	.LASF19
 498 00de 03       		.byte	0x3
 499 00df 43       		.byte	0x43
 500 00e0 77000000 		.4byte	0x77
 501 00e4 04       		.uleb128 0x4
 502 00e5 80010000 		.4byte	.LASF20
 503 00e9 03       		.byte	0x3
 504 00ea 45       		.byte	0x45
 505 00eb 65000000 		.4byte	0x65
 506 00ef 04       		.uleb128 0x4
 507 00f0 50000000 		.4byte	.LASF21
 508 00f4 04       		.byte	0x4
 509 00f5 35       		.byte	0x35
 510 00f6 53000000 		.4byte	0x53
 511 00fa 04       		.uleb128 0x4
 512 00fb C0010000 		.4byte	.LASF22
 513 00ff 04       		.byte	0x4
 514 0100 3F       		.byte	0x3f
 515 0101 05010000 		.4byte	0x105
 516 0105 05       		.uleb128 0x5
 517 0106 41030000 		.4byte	.LASF40
 518 010a 44       		.byte	0x44
 519 010b 05       		.byte	0x5
 520 010c 9A       		.byte	0x9a
 521 010d E3010000 		.4byte	0x1e3
 522 0111 06       		.uleb128 0x6
 523 0112 63040000 		.4byte	.LASF23
 524 0116 05       		.byte	0x5
 525 0117 9B       		.byte	0x9b
 526 0118 18020000 		.4byte	0x218
 527 011c 00       		.byte	0
 528 011d 06       		.uleb128 0x6
 529 011e FC020000 		.4byte	.LASF24
 530 0122 05       		.byte	0x5
 531 0123 9C       		.byte	0x9c
 532 0124 C3000000 		.4byte	0xc3
 533 0128 08       		.byte	0x8
 534 0129 07       		.uleb128 0x7
 535 012a 63747800 		.ascii	"ctx\000"
 536 012e 05       		.byte	0x5
 537 012f 9D       		.byte	0x9d
ARM GAS  /tmp/ccxe6jAk.s 			page 21


 538 0130 71050000 		.4byte	0x571
 539 0134 0C       		.byte	0xc
 540 0135 06       		.uleb128 0x6
 541 0136 80040000 		.4byte	.LASF25
 542 013a 05       		.byte	0x5
 543 013b 9F       		.byte	0x9f
 544 013c EE010000 		.4byte	0x1ee
 545 0140 10       		.byte	0x10
 546 0141 06       		.uleb128 0x6
 547 0142 02050000 		.4byte	.LASF26
 548 0146 05       		.byte	0x5
 549 0147 A0       		.byte	0xa0
 550 0148 EE010000 		.4byte	0x1ee
 551 014c 14       		.byte	0x14
 552 014d 06       		.uleb128 0x6
 553 014e 21040000 		.4byte	.LASF27
 554 0152 05       		.byte	0x5
 555 0153 A7       		.byte	0xa7
 556 0154 D6060000 		.4byte	0x6d6
 557 0158 18       		.byte	0x18
 558 0159 06       		.uleb128 0x6
 559 015a 19030000 		.4byte	.LASF28
 560 015e 05       		.byte	0x5
 561 015f B0       		.byte	0xb0
 562 0160 E8060000 		.4byte	0x6e8
 563 0164 1C       		.byte	0x1c
 564 0165 06       		.uleb128 0x6
 565 0166 B2040000 		.4byte	.LASF29
 566 016a 05       		.byte	0x5
 567 016b B5       		.byte	0xb5
 568 016c AD000000 		.4byte	0xad
 569 0170 20       		.byte	0x20
 570 0171 06       		.uleb128 0x6
 571 0172 4A000000 		.4byte	.LASF30
 572 0176 05       		.byte	0x5
 573 0177 B9       		.byte	0xb9
 574 0178 A2000000 		.4byte	0xa2
 575 017c 21       		.byte	0x21
 576 017d 06       		.uleb128 0x6
 577 017e 92000000 		.4byte	.LASF31
 578 0182 05       		.byte	0x5
 579 0183 BE       		.byte	0xbe
 580 0184 B8000000 		.4byte	0xb8
 581 0188 22       		.byte	0x22
 582 0189 08       		.uleb128 0x8
 583 018a 7500     		.ascii	"u\000"
 584 018c 05       		.byte	0x5
 585 018d 0F01     		.2byte	0x10f
 586 018f 0B060000 		.4byte	0x60b
 587 0193 24       		.byte	0x24
 588 0194 09       		.uleb128 0x9
 589 0195 94040000 		.4byte	.LASF32
 590 0199 05       		.byte	0x5
 591 019a 1401     		.2byte	0x114
 592 019c F4010000 		.4byte	0x1f4
 593 01a0 28       		.byte	0x28
 594 01a1 09       		.uleb128 0x9
ARM GAS  /tmp/ccxe6jAk.s 			page 22


 595 01a2 38030000 		.4byte	.LASF33
 596 01a6 05       		.byte	0x5
 597 01a7 1A01     		.2byte	0x11a
 598 01a9 18020000 		.4byte	0x218
 599 01ad 2C       		.byte	0x2c
 600 01ae 09       		.uleb128 0x9
 601 01af 63000000 		.4byte	.LASF34
 602 01b3 05       		.byte	0x5
 603 01b4 2001     		.2byte	0x120
 604 01b6 D9000000 		.4byte	0xd9
 605 01ba 34       		.byte	0x34
 606 01bb 09       		.uleb128 0x9
 607 01bc A1010000 		.4byte	.LASF35
 608 01c0 05       		.byte	0x5
 609 01c1 2701     		.2byte	0x127
 610 01c3 D0060000 		.4byte	0x6d0
 611 01c7 38       		.byte	0x38
 612 01c8 09       		.uleb128 0x9
 613 01c9 5A000000 		.4byte	.LASF36
 614 01cd 05       		.byte	0x5
 615 01ce 2B01     		.2byte	0x12b
 616 01d0 C3000000 		.4byte	0xc3
 617 01d4 3C       		.byte	0x3c
 618 01d5 09       		.uleb128 0x9
 619 01d6 22050000 		.4byte	.LASF37
 620 01da 05       		.byte	0x5
 621 01db 3201     		.2byte	0x132
 622 01dd CB020000 		.4byte	0x2cb
 623 01e1 40       		.byte	0x40
 624 01e2 00       		.byte	0
 625 01e3 04       		.uleb128 0x4
 626 01e4 06030000 		.4byte	.LASF38
 627 01e8 04       		.byte	0x4
 628 01e9 44       		.byte	0x44
 629 01ea EE010000 		.4byte	0x1ee
 630 01ee 0A       		.uleb128 0xa
 631 01ef 04       		.byte	0x4
 632 01f0 FA000000 		.4byte	0xfa
 633 01f4 04       		.uleb128 0x4
 634 01f5 7E000000 		.4byte	.LASF39
 635 01f9 04       		.byte	0x4
 636 01fa 49       		.byte	0x49
 637 01fb FF010000 		.4byte	0x1ff
 638 01ff 05       		.uleb128 0x5
 639 0200 00000000 		.4byte	.LASF41
 640 0204 04       		.byte	0x4
 641 0205 05       		.byte	0x5
 642 0206 88       		.byte	0x88
 643 0207 18020000 		.4byte	0x218
 644 020b 06       		.uleb128 0x6
 645 020c 79000000 		.4byte	.LASF42
 646 0210 05       		.byte	0x5
 647 0211 89       		.byte	0x89
 648 0212 EE010000 		.4byte	0x1ee
 649 0216 00       		.byte	0
 650 0217 00       		.byte	0
 651 0218 04       		.uleb128 0x4
ARM GAS  /tmp/ccxe6jAk.s 			page 23


 652 0219 91010000 		.4byte	.LASF43
 653 021d 04       		.byte	0x4
 654 021e 50       		.byte	0x50
 655 021f 23020000 		.4byte	0x223
 656 0223 05       		.uleb128 0x5
 657 0224 D1000000 		.4byte	.LASF44
 658 0228 08       		.byte	0x8
 659 0229 05       		.byte	0x5
 660 022a 8F       		.byte	0x8f
 661 022b 48020000 		.4byte	0x248
 662 022f 06       		.uleb128 0x6
 663 0230 79000000 		.4byte	.LASF42
 664 0234 05       		.byte	0x5
 665 0235 90       		.byte	0x90
 666 0236 EE010000 		.4byte	0x1ee
 667 023a 00       		.byte	0
 668 023b 06       		.uleb128 0x6
 669 023c CC000000 		.4byte	.LASF45
 670 0240 05       		.byte	0x5
 671 0241 91       		.byte	0x91
 672 0242 EE010000 		.4byte	0x1ee
 673 0246 04       		.byte	0x4
 674 0247 00       		.byte	0
 675 0248 04       		.uleb128 0x4
 676 0249 56040000 		.4byte	.LASF46
 677 024d 04       		.byte	0x4
 678 024e 57       		.byte	0x57
 679 024f 53020000 		.4byte	0x253
 680 0253 0B       		.uleb128 0xb
 681 0254 B2000000 		.4byte	.LASF47
 682 0258 1C       		.byte	0x1c
 683 0259 05       		.byte	0x5
 684 025a 6A01     		.2byte	0x16a
 685 025c AF020000 		.4byte	0x2af
 686 0260 09       		.uleb128 0x9
 687 0261 63040000 		.4byte	.LASF23
 688 0265 05       		.byte	0x5
 689 0266 6B01     		.2byte	0x16b
 690 0268 18020000 		.4byte	0x218
 691 026c 00       		.byte	0
 692 026d 09       		.uleb128 0x9
 693 026e FC020000 		.4byte	.LASF24
 694 0272 05       		.byte	0x5
 695 0273 6C01     		.2byte	0x16c
 696 0275 C3000000 		.4byte	0xc3
 697 0279 08       		.byte	0x8
 698 027a 08       		.uleb128 0x8
 699 027b 63747800 		.ascii	"ctx\000"
 700 027f 05       		.byte	0x5
 701 0280 6E01     		.2byte	0x16e
 702 0282 71050000 		.4byte	0x571
 703 0286 0C       		.byte	0xc
 704 0287 09       		.uleb128 0x9
 705 0288 80040000 		.4byte	.LASF25
 706 028c 05       		.byte	0x5
 707 028d 7101     		.2byte	0x171
 708 028f EE010000 		.4byte	0x1ee
ARM GAS  /tmp/ccxe6jAk.s 			page 24


 709 0293 10       		.byte	0x10
 710 0294 09       		.uleb128 0x9
 711 0295 02050000 		.4byte	.LASF26
 712 0299 05       		.byte	0x5
 713 029a 7201     		.2byte	0x172
 714 029c EE010000 		.4byte	0x1ee
 715 02a0 14       		.byte	0x14
 716 02a1 09       		.uleb128 0x9
 717 02a2 FA040000 		.4byte	.LASF48
 718 02a6 05       		.byte	0x5
 719 02a7 7501     		.2byte	0x175
 720 02a9 EE010000 		.4byte	0x1ee
 721 02ad 18       		.byte	0x18
 722 02ae 00       		.byte	0
 723 02af 04       		.uleb128 0x4
 724 02b0 E2000000 		.4byte	.LASF49
 725 02b4 04       		.byte	0x4
 726 02b5 5C       		.byte	0x5c
 727 02b6 BA020000 		.4byte	0x2ba
 728 02ba 0A       		.uleb128 0xa
 729 02bb 04       		.byte	0x4
 730 02bc C0020000 		.4byte	0x2c0
 731 02c0 0C       		.uleb128 0xc
 732 02c1 CB020000 		.4byte	0x2cb
 733 02c5 0D       		.uleb128 0xd
 734 02c6 CB020000 		.4byte	0x2cb
 735 02ca 00       		.byte	0
 736 02cb 0E       		.uleb128 0xe
 737 02cc 04       		.byte	0x4
 738 02cd 04       		.uleb128 0x4
 739 02ce 6E030000 		.4byte	.LASF50
 740 02d2 04       		.byte	0x4
 741 02d3 61       		.byte	0x61
 742 02d4 D8020000 		.4byte	0x2d8
 743 02d8 0B       		.uleb128 0xb
 744 02d9 50010000 		.4byte	.LASF51
 745 02dd 14       		.byte	0x14
 746 02de 05       		.byte	0x5
 747 02df 4501     		.2byte	0x145
 748 02e1 27030000 		.4byte	0x327
 749 02e5 09       		.uleb128 0x9
 750 02e6 79000000 		.4byte	.LASF42
 751 02ea 05       		.byte	0x5
 752 02eb 4601     		.2byte	0x146
 753 02ed EE060000 		.4byte	0x6ee
 754 02f1 00       		.byte	0
 755 02f2 09       		.uleb128 0x9
 756 02f3 CC000000 		.4byte	.LASF45
 757 02f7 05       		.byte	0x5
 758 02f8 4701     		.2byte	0x147
 759 02fa EE060000 		.4byte	0x6ee
 760 02fe 04       		.byte	0x4
 761 02ff 09       		.uleb128 0x9
 762 0300 D6040000 		.4byte	.LASF52
 763 0304 05       		.byte	0x5
 764 0305 4801     		.2byte	0x148
 765 0307 EF000000 		.4byte	0xef
ARM GAS  /tmp/ccxe6jAk.s 			page 25


 766 030b 08       		.byte	0x8
 767 030c 09       		.uleb128 0x9
 768 030d C0000000 		.4byte	.LASF53
 769 0311 05       		.byte	0x5
 770 0312 4901     		.2byte	0x149
 771 0314 AF020000 		.4byte	0x2af
 772 0318 0C       		.byte	0xc
 773 0319 08       		.uleb128 0x8
 774 031a 70617200 		.ascii	"par\000"
 775 031e 05       		.byte	0x5
 776 031f 4B01     		.2byte	0x14b
 777 0321 CB020000 		.4byte	0x2cb
 778 0325 10       		.byte	0x10
 779 0326 00       		.byte	0
 780 0327 04       		.uleb128 0x4
 781 0328 9C040000 		.4byte	.LASF54
 782 032c 04       		.byte	0x4
 783 032d 66       		.byte	0x66
 784 032e 32030000 		.4byte	0x332
 785 0332 0B       		.uleb128 0xb
 786 0333 A9010000 		.4byte	.LASF55
 787 0337 0C       		.byte	0xc
 788 0338 05       		.byte	0x5
 789 0339 5501     		.2byte	0x155
 790 033b 74030000 		.4byte	0x374
 791 033f 09       		.uleb128 0x9
 792 0340 79000000 		.4byte	.LASF42
 793 0344 05       		.byte	0x5
 794 0345 5601     		.2byte	0x156
 795 0347 EE060000 		.4byte	0x6ee
 796 034b 00       		.byte	0
 797 034c 09       		.uleb128 0x9
 798 034d CC000000 		.4byte	.LASF45
 799 0351 05       		.byte	0x5
 800 0352 5801     		.2byte	0x158
 801 0354 EE060000 		.4byte	0x6ee
 802 0358 04       		.byte	0x4
 803 0359 09       		.uleb128 0x9
 804 035a D6040000 		.4byte	.LASF52
 805 035e 05       		.byte	0x5
 806 035f 5A01     		.2byte	0x15a
 807 0361 EF000000 		.4byte	0xef
 808 0365 08       		.byte	0x8
 809 0366 09       		.uleb128 0x9
 810 0367 04040000 		.4byte	.LASF56
 811 036b 05       		.byte	0x5
 812 036c 6201     		.2byte	0x162
 813 036e EF000000 		.4byte	0xef
 814 0372 0A       		.byte	0xa
 815 0373 00       		.byte	0
 816 0374 04       		.uleb128 0x4
 817 0375 4B030000 		.4byte	.LASF57
 818 0379 04       		.byte	0x4
 819 037a 6B       		.byte	0x6b
 820 037b 7F030000 		.4byte	0x37f
 821 037f 0B       		.uleb128 0xb
 822 0380 EB000000 		.4byte	.LASF58
ARM GAS  /tmp/ccxe6jAk.s 			page 26


 823 0384 04       		.byte	0x4
 824 0385 05       		.byte	0x5
 825 0386 7C01     		.2byte	0x17c
 826 0388 9A030000 		.4byte	0x39a
 827 038c 09       		.uleb128 0x9
 828 038d 8C030000 		.4byte	.LASF59
 829 0391 05       		.byte	0x5
 830 0392 8401     		.2byte	0x184
 831 0394 F4060000 		.4byte	0x6f4
 832 0398 00       		.byte	0
 833 0399 00       		.byte	0
 834 039a 04       		.uleb128 0x4
 835 039b B8040000 		.4byte	.LASF60
 836 039f 04       		.byte	0x4
 837 03a0 70       		.byte	0x70
 838 03a1 A5030000 		.4byte	0x3a5
 839 03a5 0B       		.uleb128 0xb
 840 03a6 FA030000 		.4byte	.LASF61
 841 03aa 70       		.byte	0x70
 842 03ab 05       		.byte	0x5
 843 03ac 9C01     		.2byte	0x19c
 844 03ae E7030000 		.4byte	0x3e7
 845 03b2 09       		.uleb128 0x9
 846 03b3 1B040000 		.4byte	.LASF62
 847 03b7 05       		.byte	0x5
 848 03b8 A001     		.2byte	0x1a0
 849 03ba 48020000 		.4byte	0x248
 850 03be 00       		.byte	0
 851 03bf 09       		.uleb128 0x9
 852 03c0 9E000000 		.4byte	.LASF63
 853 03c4 05       		.byte	0x5
 854 03c5 A401     		.2byte	0x1a4
 855 03c7 27030000 		.4byte	0x327
 856 03cb 1C       		.byte	0x1c
 857 03cc 08       		.uleb128 0x8
 858 03cd 64626700 		.ascii	"dbg\000"
 859 03d1 05       		.byte	0x5
 860 03d2 A801     		.2byte	0x1a8
 861 03d4 74030000 		.4byte	0x374
 862 03d8 28       		.byte	0x28
 863 03d9 09       		.uleb128 0x9
 864 03da A4030000 		.4byte	.LASF64
 865 03de 05       		.byte	0x5
 866 03df AC01     		.2byte	0x1ac
 867 03e1 FA000000 		.4byte	0xfa
 868 03e5 2C       		.byte	0x2c
 869 03e6 00       		.byte	0
 870 03e7 03       		.uleb128 0x3
 871 03e8 04       		.byte	0x4
 872 03e9 07       		.byte	0x7
 873 03ea 26040000 		.4byte	.LASF65
 874 03ee 0F       		.uleb128 0xf
 875 03ef 77000000 		.4byte	0x77
 876 03f3 10       		.uleb128 0x10
 877 03f4 24       		.byte	0x24
 878 03f5 06       		.byte	0x6
 879 03f6 3A01     		.2byte	0x13a
ARM GAS  /tmp/ccxe6jAk.s 			page 27


 880 03f8 6F040000 		.4byte	0x46f
 881 03fc 08       		.uleb128 0x8
 882 03fd 41435200 		.ascii	"ACR\000"
 883 0401 06       		.byte	0x6
 884 0402 3C01     		.2byte	0x13c
 885 0404 EE030000 		.4byte	0x3ee
 886 0408 00       		.byte	0
 887 0409 09       		.uleb128 0x9
 888 040a 86010000 		.4byte	.LASF66
 889 040e 06       		.byte	0x6
 890 040f 3D01     		.2byte	0x13d
 891 0411 EE030000 		.4byte	0x3ee
 892 0415 04       		.byte	0x4
 893 0416 09       		.uleb128 0x9
 894 0417 78010000 		.4byte	.LASF67
 895 041b 06       		.byte	0x6
 896 041c 3E01     		.2byte	0x13e
 897 041e EE030000 		.4byte	0x3ee
 898 0422 08       		.byte	0x8
 899 0423 08       		.uleb128 0x8
 900 0424 535200   		.ascii	"SR\000"
 901 0427 06       		.byte	0x6
 902 0428 3F01     		.2byte	0x13f
 903 042a EE030000 		.4byte	0x3ee
 904 042e 0C       		.byte	0xc
 905 042f 08       		.uleb128 0x8
 906 0430 435200   		.ascii	"CR\000"
 907 0433 06       		.byte	0x6
 908 0434 4001     		.2byte	0x140
 909 0436 EE030000 		.4byte	0x3ee
 910 043a 10       		.byte	0x10
 911 043b 08       		.uleb128 0x8
 912 043c 415200   		.ascii	"AR\000"
 913 043f 06       		.byte	0x6
 914 0440 4101     		.2byte	0x141
 915 0442 EE030000 		.4byte	0x3ee
 916 0446 14       		.byte	0x14
 917 0447 09       		.uleb128 0x9
 918 0448 10000000 		.4byte	.LASF68
 919 044c 06       		.byte	0x6
 920 044d 4201     		.2byte	0x142
 921 044f EE030000 		.4byte	0x3ee
 922 0453 18       		.byte	0x18
 923 0454 08       		.uleb128 0x8
 924 0455 4F425200 		.ascii	"OBR\000"
 925 0459 06       		.byte	0x6
 926 045a 4301     		.2byte	0x143
 927 045c EE030000 		.4byte	0x3ee
 928 0460 1C       		.byte	0x1c
 929 0461 09       		.uleb128 0x9
 930 0462 C9010000 		.4byte	.LASF69
 931 0466 06       		.byte	0x6
 932 0467 4401     		.2byte	0x144
 933 0469 EE030000 		.4byte	0x3ee
 934 046d 20       		.byte	0x20
 935 046e 00       		.byte	0
 936 046f 11       		.uleb128 0x11
ARM GAS  /tmp/ccxe6jAk.s 			page 28


 937 0470 D5010000 		.4byte	.LASF70
 938 0474 06       		.byte	0x6
 939 0475 4501     		.2byte	0x145
 940 0477 F3030000 		.4byte	0x3f3
 941 047b 10       		.uleb128 0x10
 942 047c 08       		.byte	0x8
 943 047d 06       		.byte	0x6
 944 047e 9301     		.2byte	0x193
 945 0480 9E040000 		.4byte	0x49e
 946 0484 08       		.uleb128 0x8
 947 0485 435200   		.ascii	"CR\000"
 948 0488 06       		.byte	0x6
 949 0489 9501     		.2byte	0x195
 950 048b EE030000 		.4byte	0x3ee
 951 048f 00       		.byte	0
 952 0490 08       		.uleb128 0x8
 953 0491 43535200 		.ascii	"CSR\000"
 954 0495 06       		.byte	0x6
 955 0496 9601     		.2byte	0x196
 956 0498 EE030000 		.4byte	0x3ee
 957 049c 04       		.byte	0x4
 958 049d 00       		.byte	0
 959 049e 11       		.uleb128 0x11
 960 049f CC030000 		.4byte	.LASF71
 961 04a3 06       		.byte	0x6
 962 04a4 9701     		.2byte	0x197
 963 04a6 7B040000 		.4byte	0x47b
 964 04aa 10       		.uleb128 0x10
 965 04ab 30       		.byte	0x30
 966 04ac 06       		.byte	0x6
 967 04ad 9D01     		.2byte	0x19d
 968 04af 4F050000 		.4byte	0x54f
 969 04b3 08       		.uleb128 0x8
 970 04b4 435200   		.ascii	"CR\000"
 971 04b7 06       		.byte	0x6
 972 04b8 9F01     		.2byte	0x19f
 973 04ba EE030000 		.4byte	0x3ee
 974 04be 00       		.byte	0
 975 04bf 09       		.uleb128 0x9
 976 04c0 16040000 		.4byte	.LASF72
 977 04c4 06       		.byte	0x6
 978 04c5 A001     		.2byte	0x1a0
 979 04c7 EE030000 		.4byte	0x3ee
 980 04cb 04       		.byte	0x4
 981 04cc 08       		.uleb128 0x8
 982 04cd 43495200 		.ascii	"CIR\000"
 983 04d1 06       		.byte	0x6
 984 04d2 A101     		.2byte	0x1a1
 985 04d4 EE030000 		.4byte	0x3ee
 986 04d8 08       		.byte	0x8
 987 04d9 09       		.uleb128 0x9
 988 04da 41000000 		.4byte	.LASF73
 989 04de 06       		.byte	0x6
 990 04df A201     		.2byte	0x1a2
 991 04e1 EE030000 		.4byte	0x3ee
 992 04e5 0C       		.byte	0xc
 993 04e6 09       		.uleb128 0x9
ARM GAS  /tmp/ccxe6jAk.s 			page 29


 994 04e7 F3020000 		.4byte	.LASF74
 995 04eb 06       		.byte	0x6
 996 04ec A301     		.2byte	0x1a3
 997 04ee EE030000 		.4byte	0x3ee
 998 04f2 10       		.byte	0x10
 999 04f3 09       		.uleb128 0x9
 1000 04f4 29030000 		.4byte	.LASF75
 1001 04f8 06       		.byte	0x6
 1002 04f9 A401     		.2byte	0x1a4
 1003 04fb EE030000 		.4byte	0x3ee
 1004 04ff 14       		.byte	0x14
 1005 0500 09       		.uleb128 0x9
 1006 0501 84030000 		.4byte	.LASF76
 1007 0505 06       		.byte	0x6
 1008 0506 A501     		.2byte	0x1a5
 1009 0508 EE030000 		.4byte	0x3ee
 1010 050c 18       		.byte	0x18
 1011 050d 09       		.uleb128 0x9
 1012 050e 19000000 		.4byte	.LASF77
 1013 0512 06       		.byte	0x6
 1014 0513 A601     		.2byte	0x1a6
 1015 0515 EE030000 		.4byte	0x3ee
 1016 0519 1C       		.byte	0x1c
 1017 051a 09       		.uleb128 0x9
 1018 051b 8D000000 		.4byte	.LASF78
 1019 051f 06       		.byte	0x6
 1020 0520 A701     		.2byte	0x1a7
 1021 0522 EE030000 		.4byte	0x3ee
 1022 0526 20       		.byte	0x20
 1023 0527 08       		.uleb128 0x8
 1024 0528 43535200 		.ascii	"CSR\000"
 1025 052c 06       		.byte	0x6
 1026 052d A801     		.2byte	0x1a8
 1027 052f EE030000 		.4byte	0x3ee
 1028 0533 24       		.byte	0x24
 1029 0534 09       		.uleb128 0x9
 1030 0535 B8030000 		.4byte	.LASF79
 1031 0539 06       		.byte	0x6
 1032 053a AB01     		.2byte	0x1ab
 1033 053c 77000000 		.4byte	0x77
 1034 0540 28       		.byte	0x28
 1035 0541 09       		.uleb128 0x9
 1036 0542 7E030000 		.4byte	.LASF80
 1037 0546 06       		.byte	0x6
 1038 0547 AC01     		.2byte	0x1ac
 1039 0549 EE030000 		.4byte	0x3ee
 1040 054d 2C       		.byte	0x2c
 1041 054e 00       		.byte	0
 1042 054f 11       		.uleb128 0x11
 1043 0550 E3010000 		.4byte	.LASF81
 1044 0554 06       		.byte	0x6
 1045 0555 AD01     		.2byte	0x1ad
 1046 0557 AA040000 		.4byte	0x4aa
 1047 055b 04       		.uleb128 0x4
 1048 055c 38000000 		.4byte	.LASF82
 1049 0560 07       		.byte	0x7
 1050 0561 65       		.byte	0x65
ARM GAS  /tmp/ccxe6jAk.s 			page 30


 1051 0562 CB020000 		.4byte	0x2cb
 1052 0566 04       		.uleb128 0x4
 1053 0567 EF040000 		.4byte	.LASF83
 1054 056b 07       		.byte	0x7
 1055 056c 6D       		.byte	0x6d
 1056 056d 90000000 		.4byte	0x90
 1057 0571 05       		.uleb128 0x5
 1058 0572 A5000000 		.4byte	.LASF84
 1059 0576 04       		.byte	0x4
 1060 0577 07       		.byte	0x7
 1061 0578 89       		.byte	0x89
 1062 0579 89050000 		.4byte	0x589
 1063 057d 07       		.uleb128 0x7
 1064 057e 737000   		.ascii	"sp\000"
 1065 0581 07       		.byte	0x7
 1066 0582 8A       		.byte	0x8a
 1067 0583 05060000 		.4byte	0x605
 1068 0587 00       		.byte	0
 1069 0588 00       		.byte	0
 1070 0589 0B       		.uleb128 0xb
 1071 058a E1030000 		.4byte	.LASF85
 1072 058e 24       		.byte	0x24
 1073 058f 08       		.byte	0x8
 1074 0590 5901     		.2byte	0x159
 1075 0592 05060000 		.4byte	0x605
 1076 0596 08       		.uleb128 0x8
 1077 0597 723400   		.ascii	"r4\000"
 1078 059a 08       		.byte	0x8
 1079 059b 6C01     		.2byte	0x16c
 1080 059d 5B050000 		.4byte	0x55b
 1081 05a1 00       		.byte	0
 1082 05a2 08       		.uleb128 0x8
 1083 05a3 723500   		.ascii	"r5\000"
 1084 05a6 08       		.byte	0x8
 1085 05a7 6D01     		.2byte	0x16d
 1086 05a9 5B050000 		.4byte	0x55b
 1087 05ad 04       		.byte	0x4
 1088 05ae 08       		.uleb128 0x8
 1089 05af 723600   		.ascii	"r6\000"
 1090 05b2 08       		.byte	0x8
 1091 05b3 6E01     		.2byte	0x16e
 1092 05b5 5B050000 		.4byte	0x55b
 1093 05b9 08       		.byte	0x8
 1094 05ba 08       		.uleb128 0x8
 1095 05bb 723700   		.ascii	"r7\000"
 1096 05be 08       		.byte	0x8
 1097 05bf 6F01     		.2byte	0x16f
 1098 05c1 5B050000 		.4byte	0x55b
 1099 05c5 0C       		.byte	0xc
 1100 05c6 08       		.uleb128 0x8
 1101 05c7 723800   		.ascii	"r8\000"
 1102 05ca 08       		.byte	0x8
 1103 05cb 7001     		.2byte	0x170
 1104 05cd 5B050000 		.4byte	0x55b
 1105 05d1 10       		.byte	0x10
 1106 05d2 08       		.uleb128 0x8
 1107 05d3 723900   		.ascii	"r9\000"
ARM GAS  /tmp/ccxe6jAk.s 			page 31


 1108 05d6 08       		.byte	0x8
 1109 05d7 7101     		.2byte	0x171
 1110 05d9 5B050000 		.4byte	0x55b
 1111 05dd 14       		.byte	0x14
 1112 05de 08       		.uleb128 0x8
 1113 05df 72313000 		.ascii	"r10\000"
 1114 05e3 08       		.byte	0x8
 1115 05e4 7201     		.2byte	0x172
 1116 05e6 5B050000 		.4byte	0x55b
 1117 05ea 18       		.byte	0x18
 1118 05eb 08       		.uleb128 0x8
 1119 05ec 72313100 		.ascii	"r11\000"
 1120 05f0 08       		.byte	0x8
 1121 05f1 7301     		.2byte	0x173
 1122 05f3 5B050000 		.4byte	0x55b
 1123 05f7 1C       		.byte	0x1c
 1124 05f8 08       		.uleb128 0x8
 1125 05f9 6C7200   		.ascii	"lr\000"
 1126 05fc 08       		.byte	0x8
 1127 05fd 7401     		.2byte	0x174
 1128 05ff 5B050000 		.4byte	0x55b
 1129 0603 20       		.byte	0x20
 1130 0604 00       		.byte	0
 1131 0605 0A       		.uleb128 0xa
 1132 0606 04       		.byte	0x4
 1133 0607 89050000 		.4byte	0x589
 1134 060b 12       		.uleb128 0x12
 1135 060c 04       		.byte	0x4
 1136 060d 05       		.byte	0x5
 1137 060e D2       		.byte	0xd2
 1138 060f 6E060000 		.4byte	0x66e
 1139 0613 13       		.uleb128 0x13
 1140 0614 CE010000 		.4byte	.LASF86
 1141 0618 05       		.byte	0x5
 1142 0619 D9       		.byte	0xd9
 1143 061a CE000000 		.4byte	0xce
 1144 061e 13       		.uleb128 0x13
 1145 061f 19050000 		.4byte	.LASF87
 1146 0623 05       		.byte	0x5
 1147 0624 E0       		.byte	0xe0
 1148 0625 CE000000 		.4byte	0xce
 1149 0629 13       		.uleb128 0x13
 1150 062a 97000000 		.4byte	.LASF88
 1151 062e 05       		.byte	0x5
 1152 062f E7       		.byte	0xe7
 1153 0630 CB020000 		.4byte	0x2cb
 1154 0634 13       		.uleb128 0x13
 1155 0635 C4040000 		.4byte	.LASF89
 1156 0639 05       		.byte	0x5
 1157 063a EE       		.byte	0xee
 1158 063b 6E060000 		.4byte	0x66e
 1159 063f 13       		.uleb128 0x13
 1160 0640 1F010000 		.4byte	.LASF90
 1161 0644 05       		.byte	0x5
 1162 0645 F3       		.byte	0xf3
 1163 0646 CE000000 		.4byte	0xce
 1164 064a 13       		.uleb128 0x13
ARM GAS  /tmp/ccxe6jAk.s 			page 32


 1165 064b 71040000 		.4byte	.LASF91
 1166 064f 05       		.byte	0x5
 1167 0650 FC       		.byte	0xfc
 1168 0651 99060000 		.4byte	0x699
 1169 0655 14       		.uleb128 0x14
 1170 0656 31000000 		.4byte	.LASF92
 1171 065a 05       		.byte	0x5
 1172 065b 0501     		.2byte	0x105
 1173 065d D0060000 		.4byte	0x6d0
 1174 0661 14       		.uleb128 0x14
 1175 0662 C5000000 		.4byte	.LASF93
 1176 0666 05       		.byte	0x5
 1177 0667 0D01     		.2byte	0x10d
 1178 0669 D9000000 		.4byte	0xd9
 1179 066d 00       		.byte	0
 1180 066e 0A       		.uleb128 0xa
 1181 066f 04       		.byte	0x4
 1182 0670 E3010000 		.4byte	0x1e3
 1183 0674 05       		.uleb128 0x5
 1184 0675 3B010000 		.4byte	.LASF94
 1185 0679 0C       		.byte	0xc
 1186 067a 09       		.byte	0x9
 1187 067b 34       		.byte	0x34
 1188 067c 99060000 		.4byte	0x699
 1189 0680 06       		.uleb128 0x6
 1190 0681 63040000 		.4byte	.LASF23
 1191 0685 09       		.byte	0x9
 1192 0686 35       		.byte	0x35
 1193 0687 18020000 		.4byte	0x218
 1194 068b 00       		.byte	0
 1195 068c 07       		.uleb128 0x7
 1196 068d 636E7400 		.ascii	"cnt\000"
 1197 0691 09       		.byte	0x9
 1198 0692 37       		.byte	0x37
 1199 0693 E4000000 		.4byte	0xe4
 1200 0697 08       		.byte	0x8
 1201 0698 00       		.byte	0
 1202 0699 0A       		.uleb128 0xa
 1203 069a 04       		.byte	0x4
 1204 069b 74060000 		.4byte	0x674
 1205 069f 05       		.uleb128 0x5
 1206 06a0 EF010000 		.4byte	.LASF95
 1207 06a4 10       		.byte	0x10
 1208 06a5 0A       		.byte	0xa
 1209 06a6 39       		.byte	0x39
 1210 06a7 D0060000 		.4byte	0x6d0
 1211 06ab 06       		.uleb128 0x6
 1212 06ac 63040000 		.4byte	.LASF23
 1213 06b0 0A       		.byte	0xa
 1214 06b1 3A       		.byte	0x3a
 1215 06b2 18020000 		.4byte	0x218
 1216 06b6 00       		.byte	0
 1217 06b7 06       		.uleb128 0x6
 1218 06b8 8B010000 		.4byte	.LASF96
 1219 06bc 0A       		.byte	0xa
 1220 06bd 3C       		.byte	0x3c
 1221 06be EE010000 		.4byte	0x1ee
ARM GAS  /tmp/ccxe6jAk.s 			page 33


 1222 06c2 08       		.byte	0x8
 1223 06c3 06       		.uleb128 0x6
 1224 06c4 79000000 		.4byte	.LASF42
 1225 06c8 0A       		.byte	0xa
 1226 06c9 3E       		.byte	0x3e
 1227 06ca 04070000 		.4byte	0x704
 1228 06ce 0C       		.byte	0xc
 1229 06cf 00       		.byte	0
 1230 06d0 0A       		.uleb128 0xa
 1231 06d1 04       		.byte	0x4
 1232 06d2 9F060000 		.4byte	0x69f
 1233 06d6 0A       		.uleb128 0xa
 1234 06d7 04       		.byte	0x4
 1235 06d8 DC060000 		.4byte	0x6dc
 1236 06dc 15       		.uleb128 0x15
 1237 06dd E1060000 		.4byte	0x6e1
 1238 06e1 03       		.uleb128 0x3
 1239 06e2 01       		.byte	0x1
 1240 06e3 08       		.byte	0x8
 1241 06e4 01030000 		.4byte	.LASF97
 1242 06e8 0A       		.uleb128 0xa
 1243 06e9 04       		.byte	0x4
 1244 06ea 66050000 		.4byte	0x566
 1245 06ee 0A       		.uleb128 0xa
 1246 06ef 04       		.byte	0x4
 1247 06f0 CD020000 		.4byte	0x2cd
 1248 06f4 0F       		.uleb128 0xf
 1249 06f5 D6060000 		.4byte	0x6d6
 1250 06f9 04       		.uleb128 0x4
 1251 06fa 78040000 		.4byte	.LASF98
 1252 06fe 0A       		.byte	0xa
 1253 06ff 34       		.byte	0x34
 1254 0700 9F060000 		.4byte	0x69f
 1255 0704 0A       		.uleb128 0xa
 1256 0705 04       		.byte	0x4
 1257 0706 F9060000 		.4byte	0x6f9
 1258 070a 03       		.uleb128 0x3
 1259 070b 01       		.byte	0x1
 1260 070c 02       		.byte	0x2
 1261 070d 96030000 		.4byte	.LASF99
 1262 0711 16       		.uleb128 0x16
 1263 0712 FB000000 		.4byte	.LASF105
 1264 0716 01       		.byte	0x1
 1265 0717 36       		.byte	0x36
 1266 0718 01       		.byte	0x1
 1267 0719 17       		.uleb128 0x17
 1268 071a 49040000 		.4byte	.LASF106
 1269 071e 01       		.byte	0x1
 1270 071f 84       		.byte	0x84
 1271 0720 00000000 		.4byte	.LFB220
 1272 0724 3E000000 		.4byte	.LFE220-.LFB220
 1273 0728 01       		.uleb128 0x1
 1274 0729 9C       		.byte	0x9c
 1275 072a 47070000 		.4byte	0x747
 1276 072e 18       		.uleb128 0x18
 1277 072f 11070000 		.4byte	0x711
 1278 0733 1C000000 		.4byte	.LBB4
ARM GAS  /tmp/ccxe6jAk.s 			page 34


 1279 0737 00000000 		.4byte	.Ldebug_ranges0+0
 1280 073b 01       		.byte	0x1
 1281 073c 8F       		.byte	0x8f
 1282 073d 19       		.uleb128 0x19
 1283 073e 3E000000 		.4byte	.LVL0
 1284 0742 85070000 		.4byte	0x785
 1285 0746 00       		.byte	0
 1286 0747 1A       		.uleb128 0x1a
 1287 0748 08050000 		.4byte	.LASF107
 1288 074c 01       		.byte	0x1
 1289 074d A9       		.byte	0xa9
 1290 074e 00000000 		.4byte	.LFB221
 1291 0752 9E000000 		.4byte	.LFE221-.LFB221
 1292 0756 01       		.uleb128 0x1
 1293 0757 9C       		.byte	0x9c
 1294 0758 1B       		.uleb128 0x1b
 1295 0759 ED030000 		.4byte	.LASF100
 1296 075d 0B       		.byte	0xb
 1297 075e 9606     		.2byte	0x696
 1298 0760 64070000 		.4byte	0x764
 1299 0764 0F       		.uleb128 0xf
 1300 0765 65000000 		.4byte	0x65
 1301 0769 1C       		.uleb128 0x1c
 1302 076a 21000000 		.4byte	.LASF101
 1303 076e 01       		.byte	0x1
 1304 076f 27       		.byte	0x27
 1305 0770 77000000 		.4byte	0x77
 1306 0774 05       		.uleb128 0x5
 1307 0775 03       		.byte	0x3
 1308 0776 00000000 		.4byte	SystemCoreClock
 1309 077a 1D       		.uleb128 0x1d
 1310 077b 636800   		.ascii	"ch\000"
 1311 077e 05       		.byte	0x5
 1312 077f D201     		.2byte	0x1d2
 1313 0781 9A030000 		.4byte	0x39a
 1314 0785 1E       		.uleb128 0x1e
 1315 0786 33010000 		.4byte	.LASF108
 1316 078a 0C       		.byte	0xc
 1317 078b D401     		.2byte	0x1d4
 1318 078d 00       		.byte	0
 1319              		.section	.debug_abbrev,"",%progbits
 1320              	.Ldebug_abbrev0:
 1321 0000 01       		.uleb128 0x1
 1322 0001 11       		.uleb128 0x11
 1323 0002 01       		.byte	0x1
 1324 0003 25       		.uleb128 0x25
 1325 0004 0E       		.uleb128 0xe
 1326 0005 13       		.uleb128 0x13
 1327 0006 0B       		.uleb128 0xb
 1328 0007 03       		.uleb128 0x3
 1329 0008 0E       		.uleb128 0xe
 1330 0009 1B       		.uleb128 0x1b
 1331 000a 0E       		.uleb128 0xe
 1332 000b 55       		.uleb128 0x55
 1333 000c 17       		.uleb128 0x17
 1334 000d 11       		.uleb128 0x11
 1335 000e 01       		.uleb128 0x1
ARM GAS  /tmp/ccxe6jAk.s 			page 35


 1336 000f 10       		.uleb128 0x10
 1337 0010 17       		.uleb128 0x17
 1338 0011 00       		.byte	0
 1339 0012 00       		.byte	0
 1340 0013 02       		.uleb128 0x2
 1341 0014 24       		.uleb128 0x24
 1342 0015 00       		.byte	0
 1343 0016 0B       		.uleb128 0xb
 1344 0017 0B       		.uleb128 0xb
 1345 0018 3E       		.uleb128 0x3e
 1346 0019 0B       		.uleb128 0xb
 1347 001a 03       		.uleb128 0x3
 1348 001b 08       		.uleb128 0x8
 1349 001c 00       		.byte	0
 1350 001d 00       		.byte	0
 1351 001e 03       		.uleb128 0x3
 1352 001f 24       		.uleb128 0x24
 1353 0020 00       		.byte	0
 1354 0021 0B       		.uleb128 0xb
 1355 0022 0B       		.uleb128 0xb
 1356 0023 3E       		.uleb128 0x3e
 1357 0024 0B       		.uleb128 0xb
 1358 0025 03       		.uleb128 0x3
 1359 0026 0E       		.uleb128 0xe
 1360 0027 00       		.byte	0
 1361 0028 00       		.byte	0
 1362 0029 04       		.uleb128 0x4
 1363 002a 16       		.uleb128 0x16
 1364 002b 00       		.byte	0
 1365 002c 03       		.uleb128 0x3
 1366 002d 0E       		.uleb128 0xe
 1367 002e 3A       		.uleb128 0x3a
 1368 002f 0B       		.uleb128 0xb
 1369 0030 3B       		.uleb128 0x3b
 1370 0031 0B       		.uleb128 0xb
 1371 0032 49       		.uleb128 0x49
 1372 0033 13       		.uleb128 0x13
 1373 0034 00       		.byte	0
 1374 0035 00       		.byte	0
 1375 0036 05       		.uleb128 0x5
 1376 0037 13       		.uleb128 0x13
 1377 0038 01       		.byte	0x1
 1378 0039 03       		.uleb128 0x3
 1379 003a 0E       		.uleb128 0xe
 1380 003b 0B       		.uleb128 0xb
 1381 003c 0B       		.uleb128 0xb
 1382 003d 3A       		.uleb128 0x3a
 1383 003e 0B       		.uleb128 0xb
 1384 003f 3B       		.uleb128 0x3b
 1385 0040 0B       		.uleb128 0xb
 1386 0041 01       		.uleb128 0x1
 1387 0042 13       		.uleb128 0x13
 1388 0043 00       		.byte	0
 1389 0044 00       		.byte	0
 1390 0045 06       		.uleb128 0x6
 1391 0046 0D       		.uleb128 0xd
 1392 0047 00       		.byte	0
ARM GAS  /tmp/ccxe6jAk.s 			page 36


 1393 0048 03       		.uleb128 0x3
 1394 0049 0E       		.uleb128 0xe
 1395 004a 3A       		.uleb128 0x3a
 1396 004b 0B       		.uleb128 0xb
 1397 004c 3B       		.uleb128 0x3b
 1398 004d 0B       		.uleb128 0xb
 1399 004e 49       		.uleb128 0x49
 1400 004f 13       		.uleb128 0x13
 1401 0050 38       		.uleb128 0x38
 1402 0051 0B       		.uleb128 0xb
 1403 0052 00       		.byte	0
 1404 0053 00       		.byte	0
 1405 0054 07       		.uleb128 0x7
 1406 0055 0D       		.uleb128 0xd
 1407 0056 00       		.byte	0
 1408 0057 03       		.uleb128 0x3
 1409 0058 08       		.uleb128 0x8
 1410 0059 3A       		.uleb128 0x3a
 1411 005a 0B       		.uleb128 0xb
 1412 005b 3B       		.uleb128 0x3b
 1413 005c 0B       		.uleb128 0xb
 1414 005d 49       		.uleb128 0x49
 1415 005e 13       		.uleb128 0x13
 1416 005f 38       		.uleb128 0x38
 1417 0060 0B       		.uleb128 0xb
 1418 0061 00       		.byte	0
 1419 0062 00       		.byte	0
 1420 0063 08       		.uleb128 0x8
 1421 0064 0D       		.uleb128 0xd
 1422 0065 00       		.byte	0
 1423 0066 03       		.uleb128 0x3
 1424 0067 08       		.uleb128 0x8
 1425 0068 3A       		.uleb128 0x3a
 1426 0069 0B       		.uleb128 0xb
 1427 006a 3B       		.uleb128 0x3b
 1428 006b 05       		.uleb128 0x5
 1429 006c 49       		.uleb128 0x49
 1430 006d 13       		.uleb128 0x13
 1431 006e 38       		.uleb128 0x38
 1432 006f 0B       		.uleb128 0xb
 1433 0070 00       		.byte	0
 1434 0071 00       		.byte	0
 1435 0072 09       		.uleb128 0x9
 1436 0073 0D       		.uleb128 0xd
 1437 0074 00       		.byte	0
 1438 0075 03       		.uleb128 0x3
 1439 0076 0E       		.uleb128 0xe
 1440 0077 3A       		.uleb128 0x3a
 1441 0078 0B       		.uleb128 0xb
 1442 0079 3B       		.uleb128 0x3b
 1443 007a 05       		.uleb128 0x5
 1444 007b 49       		.uleb128 0x49
 1445 007c 13       		.uleb128 0x13
 1446 007d 38       		.uleb128 0x38
 1447 007e 0B       		.uleb128 0xb
 1448 007f 00       		.byte	0
 1449 0080 00       		.byte	0
ARM GAS  /tmp/ccxe6jAk.s 			page 37


 1450 0081 0A       		.uleb128 0xa
 1451 0082 0F       		.uleb128 0xf
 1452 0083 00       		.byte	0
 1453 0084 0B       		.uleb128 0xb
 1454 0085 0B       		.uleb128 0xb
 1455 0086 49       		.uleb128 0x49
 1456 0087 13       		.uleb128 0x13
 1457 0088 00       		.byte	0
 1458 0089 00       		.byte	0
 1459 008a 0B       		.uleb128 0xb
 1460 008b 13       		.uleb128 0x13
 1461 008c 01       		.byte	0x1
 1462 008d 03       		.uleb128 0x3
 1463 008e 0E       		.uleb128 0xe
 1464 008f 0B       		.uleb128 0xb
 1465 0090 0B       		.uleb128 0xb
 1466 0091 3A       		.uleb128 0x3a
 1467 0092 0B       		.uleb128 0xb
 1468 0093 3B       		.uleb128 0x3b
 1469 0094 05       		.uleb128 0x5
 1470 0095 01       		.uleb128 0x1
 1471 0096 13       		.uleb128 0x13
 1472 0097 00       		.byte	0
 1473 0098 00       		.byte	0
 1474 0099 0C       		.uleb128 0xc
 1475 009a 15       		.uleb128 0x15
 1476 009b 01       		.byte	0x1
 1477 009c 27       		.uleb128 0x27
 1478 009d 19       		.uleb128 0x19
 1479 009e 01       		.uleb128 0x1
 1480 009f 13       		.uleb128 0x13
 1481 00a0 00       		.byte	0
 1482 00a1 00       		.byte	0
 1483 00a2 0D       		.uleb128 0xd
 1484 00a3 05       		.uleb128 0x5
 1485 00a4 00       		.byte	0
 1486 00a5 49       		.uleb128 0x49
 1487 00a6 13       		.uleb128 0x13
 1488 00a7 00       		.byte	0
 1489 00a8 00       		.byte	0
 1490 00a9 0E       		.uleb128 0xe
 1491 00aa 0F       		.uleb128 0xf
 1492 00ab 00       		.byte	0
 1493 00ac 0B       		.uleb128 0xb
 1494 00ad 0B       		.uleb128 0xb
 1495 00ae 00       		.byte	0
 1496 00af 00       		.byte	0
 1497 00b0 0F       		.uleb128 0xf
 1498 00b1 35       		.uleb128 0x35
 1499 00b2 00       		.byte	0
 1500 00b3 49       		.uleb128 0x49
 1501 00b4 13       		.uleb128 0x13
 1502 00b5 00       		.byte	0
 1503 00b6 00       		.byte	0
 1504 00b7 10       		.uleb128 0x10
 1505 00b8 13       		.uleb128 0x13
 1506 00b9 01       		.byte	0x1
ARM GAS  /tmp/ccxe6jAk.s 			page 38


 1507 00ba 0B       		.uleb128 0xb
 1508 00bb 0B       		.uleb128 0xb
 1509 00bc 3A       		.uleb128 0x3a
 1510 00bd 0B       		.uleb128 0xb
 1511 00be 3B       		.uleb128 0x3b
 1512 00bf 05       		.uleb128 0x5
 1513 00c0 01       		.uleb128 0x1
 1514 00c1 13       		.uleb128 0x13
 1515 00c2 00       		.byte	0
 1516 00c3 00       		.byte	0
 1517 00c4 11       		.uleb128 0x11
 1518 00c5 16       		.uleb128 0x16
 1519 00c6 00       		.byte	0
 1520 00c7 03       		.uleb128 0x3
 1521 00c8 0E       		.uleb128 0xe
 1522 00c9 3A       		.uleb128 0x3a
 1523 00ca 0B       		.uleb128 0xb
 1524 00cb 3B       		.uleb128 0x3b
 1525 00cc 05       		.uleb128 0x5
 1526 00cd 49       		.uleb128 0x49
 1527 00ce 13       		.uleb128 0x13
 1528 00cf 00       		.byte	0
 1529 00d0 00       		.byte	0
 1530 00d1 12       		.uleb128 0x12
 1531 00d2 17       		.uleb128 0x17
 1532 00d3 01       		.byte	0x1
 1533 00d4 0B       		.uleb128 0xb
 1534 00d5 0B       		.uleb128 0xb
 1535 00d6 3A       		.uleb128 0x3a
 1536 00d7 0B       		.uleb128 0xb
 1537 00d8 3B       		.uleb128 0x3b
 1538 00d9 0B       		.uleb128 0xb
 1539 00da 01       		.uleb128 0x1
 1540 00db 13       		.uleb128 0x13
 1541 00dc 00       		.byte	0
 1542 00dd 00       		.byte	0
 1543 00de 13       		.uleb128 0x13
 1544 00df 0D       		.uleb128 0xd
 1545 00e0 00       		.byte	0
 1546 00e1 03       		.uleb128 0x3
 1547 00e2 0E       		.uleb128 0xe
 1548 00e3 3A       		.uleb128 0x3a
 1549 00e4 0B       		.uleb128 0xb
 1550 00e5 3B       		.uleb128 0x3b
 1551 00e6 0B       		.uleb128 0xb
 1552 00e7 49       		.uleb128 0x49
 1553 00e8 13       		.uleb128 0x13
 1554 00e9 00       		.byte	0
 1555 00ea 00       		.byte	0
 1556 00eb 14       		.uleb128 0x14
 1557 00ec 0D       		.uleb128 0xd
 1558 00ed 00       		.byte	0
 1559 00ee 03       		.uleb128 0x3
 1560 00ef 0E       		.uleb128 0xe
 1561 00f0 3A       		.uleb128 0x3a
 1562 00f1 0B       		.uleb128 0xb
 1563 00f2 3B       		.uleb128 0x3b
ARM GAS  /tmp/ccxe6jAk.s 			page 39


 1564 00f3 05       		.uleb128 0x5
 1565 00f4 49       		.uleb128 0x49
 1566 00f5 13       		.uleb128 0x13
 1567 00f6 00       		.byte	0
 1568 00f7 00       		.byte	0
 1569 00f8 15       		.uleb128 0x15
 1570 00f9 26       		.uleb128 0x26
 1571 00fa 00       		.byte	0
 1572 00fb 49       		.uleb128 0x49
 1573 00fc 13       		.uleb128 0x13
 1574 00fd 00       		.byte	0
 1575 00fe 00       		.byte	0
 1576 00ff 16       		.uleb128 0x16
 1577 0100 2E       		.uleb128 0x2e
 1578 0101 00       		.byte	0
 1579 0102 03       		.uleb128 0x3
 1580 0103 0E       		.uleb128 0xe
 1581 0104 3A       		.uleb128 0x3a
 1582 0105 0B       		.uleb128 0xb
 1583 0106 3B       		.uleb128 0x3b
 1584 0107 0B       		.uleb128 0xb
 1585 0108 27       		.uleb128 0x27
 1586 0109 19       		.uleb128 0x19
 1587 010a 20       		.uleb128 0x20
 1588 010b 0B       		.uleb128 0xb
 1589 010c 00       		.byte	0
 1590 010d 00       		.byte	0
 1591 010e 17       		.uleb128 0x17
 1592 010f 2E       		.uleb128 0x2e
 1593 0110 01       		.byte	0x1
 1594 0111 3F       		.uleb128 0x3f
 1595 0112 19       		.uleb128 0x19
 1596 0113 03       		.uleb128 0x3
 1597 0114 0E       		.uleb128 0xe
 1598 0115 3A       		.uleb128 0x3a
 1599 0116 0B       		.uleb128 0xb
 1600 0117 3B       		.uleb128 0x3b
 1601 0118 0B       		.uleb128 0xb
 1602 0119 27       		.uleb128 0x27
 1603 011a 19       		.uleb128 0x19
 1604 011b 11       		.uleb128 0x11
 1605 011c 01       		.uleb128 0x1
 1606 011d 12       		.uleb128 0x12
 1607 011e 06       		.uleb128 0x6
 1608 011f 40       		.uleb128 0x40
 1609 0120 18       		.uleb128 0x18
 1610 0121 9742     		.uleb128 0x2117
 1611 0123 19       		.uleb128 0x19
 1612 0124 01       		.uleb128 0x1
 1613 0125 13       		.uleb128 0x13
 1614 0126 00       		.byte	0
 1615 0127 00       		.byte	0
 1616 0128 18       		.uleb128 0x18
 1617 0129 1D       		.uleb128 0x1d
 1618 012a 00       		.byte	0
 1619 012b 31       		.uleb128 0x31
 1620 012c 13       		.uleb128 0x13
ARM GAS  /tmp/ccxe6jAk.s 			page 40


 1621 012d 52       		.uleb128 0x52
 1622 012e 01       		.uleb128 0x1
 1623 012f 55       		.uleb128 0x55
 1624 0130 17       		.uleb128 0x17
 1625 0131 58       		.uleb128 0x58
 1626 0132 0B       		.uleb128 0xb
 1627 0133 59       		.uleb128 0x59
 1628 0134 0B       		.uleb128 0xb
 1629 0135 00       		.byte	0
 1630 0136 00       		.byte	0
 1631 0137 19       		.uleb128 0x19
 1632 0138 898201   		.uleb128 0x4109
 1633 013b 00       		.byte	0
 1634 013c 11       		.uleb128 0x11
 1635 013d 01       		.uleb128 0x1
 1636 013e 9542     		.uleb128 0x2115
 1637 0140 19       		.uleb128 0x19
 1638 0141 31       		.uleb128 0x31
 1639 0142 13       		.uleb128 0x13
 1640 0143 00       		.byte	0
 1641 0144 00       		.byte	0
 1642 0145 1A       		.uleb128 0x1a
 1643 0146 2E       		.uleb128 0x2e
 1644 0147 00       		.byte	0
 1645 0148 3F       		.uleb128 0x3f
 1646 0149 19       		.uleb128 0x19
 1647 014a 03       		.uleb128 0x3
 1648 014b 0E       		.uleb128 0xe
 1649 014c 3A       		.uleb128 0x3a
 1650 014d 0B       		.uleb128 0xb
 1651 014e 3B       		.uleb128 0x3b
 1652 014f 0B       		.uleb128 0xb
 1653 0150 27       		.uleb128 0x27
 1654 0151 19       		.uleb128 0x19
 1655 0152 11       		.uleb128 0x11
 1656 0153 01       		.uleb128 0x1
 1657 0154 12       		.uleb128 0x12
 1658 0155 06       		.uleb128 0x6
 1659 0156 40       		.uleb128 0x40
 1660 0157 18       		.uleb128 0x18
 1661 0158 9742     		.uleb128 0x2117
 1662 015a 19       		.uleb128 0x19
 1663 015b 00       		.byte	0
 1664 015c 00       		.byte	0
 1665 015d 1B       		.uleb128 0x1b
 1666 015e 34       		.uleb128 0x34
 1667 015f 00       		.byte	0
 1668 0160 03       		.uleb128 0x3
 1669 0161 0E       		.uleb128 0xe
 1670 0162 3A       		.uleb128 0x3a
 1671 0163 0B       		.uleb128 0xb
 1672 0164 3B       		.uleb128 0x3b
 1673 0165 05       		.uleb128 0x5
 1674 0166 49       		.uleb128 0x49
 1675 0167 13       		.uleb128 0x13
 1676 0168 3F       		.uleb128 0x3f
 1677 0169 19       		.uleb128 0x19
ARM GAS  /tmp/ccxe6jAk.s 			page 41


 1678 016a 3C       		.uleb128 0x3c
 1679 016b 19       		.uleb128 0x19
 1680 016c 00       		.byte	0
 1681 016d 00       		.byte	0
 1682 016e 1C       		.uleb128 0x1c
 1683 016f 34       		.uleb128 0x34
 1684 0170 00       		.byte	0
 1685 0171 03       		.uleb128 0x3
 1686 0172 0E       		.uleb128 0xe
 1687 0173 3A       		.uleb128 0x3a
 1688 0174 0B       		.uleb128 0xb
 1689 0175 3B       		.uleb128 0x3b
 1690 0176 0B       		.uleb128 0xb
 1691 0177 49       		.uleb128 0x49
 1692 0178 13       		.uleb128 0x13
 1693 0179 3F       		.uleb128 0x3f
 1694 017a 19       		.uleb128 0x19
 1695 017b 02       		.uleb128 0x2
 1696 017c 18       		.uleb128 0x18
 1697 017d 00       		.byte	0
 1698 017e 00       		.byte	0
 1699 017f 1D       		.uleb128 0x1d
 1700 0180 34       		.uleb128 0x34
 1701 0181 00       		.byte	0
 1702 0182 03       		.uleb128 0x3
 1703 0183 08       		.uleb128 0x8
 1704 0184 3A       		.uleb128 0x3a
 1705 0185 0B       		.uleb128 0xb
 1706 0186 3B       		.uleb128 0x3b
 1707 0187 05       		.uleb128 0x5
 1708 0188 49       		.uleb128 0x49
 1709 0189 13       		.uleb128 0x13
 1710 018a 3F       		.uleb128 0x3f
 1711 018b 19       		.uleb128 0x19
 1712 018c 3C       		.uleb128 0x3c
 1713 018d 19       		.uleb128 0x19
 1714 018e 00       		.byte	0
 1715 018f 00       		.byte	0
 1716 0190 1E       		.uleb128 0x1e
 1717 0191 2E       		.uleb128 0x2e
 1718 0192 00       		.byte	0
 1719 0193 3F       		.uleb128 0x3f
 1720 0194 19       		.uleb128 0x19
 1721 0195 03       		.uleb128 0x3
 1722 0196 0E       		.uleb128 0xe
 1723 0197 3A       		.uleb128 0x3a
 1724 0198 0B       		.uleb128 0xb
 1725 0199 3B       		.uleb128 0x3b
 1726 019a 05       		.uleb128 0x5
 1727 019b 27       		.uleb128 0x27
 1728 019c 19       		.uleb128 0x19
 1729 019d 3C       		.uleb128 0x3c
 1730 019e 19       		.uleb128 0x19
 1731 019f 00       		.byte	0
 1732 01a0 00       		.byte	0
 1733 01a1 00       		.byte	0
 1734              		.section	.debug_aranges,"",%progbits
ARM GAS  /tmp/ccxe6jAk.s 			page 42


 1735 0000 24000000 		.4byte	0x24
 1736 0004 0200     		.2byte	0x2
 1737 0006 00000000 		.4byte	.Ldebug_info0
 1738 000a 04       		.byte	0x4
 1739 000b 00       		.byte	0
 1740 000c 0000     		.2byte	0
 1741 000e 0000     		.2byte	0
 1742 0010 00000000 		.4byte	.LFB220
 1743 0014 3E000000 		.4byte	.LFE220-.LFB220
 1744 0018 00000000 		.4byte	.LFB221
 1745 001c 9E000000 		.4byte	.LFE221-.LFB221
 1746 0020 00000000 		.4byte	0
 1747 0024 00000000 		.4byte	0
 1748              		.section	.debug_ranges,"",%progbits
 1749              	.Ldebug_ranges0:
 1750 0000 1C000000 		.4byte	.LBB4
 1751 0004 20000000 		.4byte	.LBE4
 1752 0008 28000000 		.4byte	.LBB8
 1753 000c 2C000000 		.4byte	.LBE8
 1754 0010 32000000 		.4byte	.LBB9
 1755 0014 3A000000 		.4byte	.LBE9
 1756 0018 00000000 		.4byte	0
 1757 001c 00000000 		.4byte	0
 1758 0020 00000000 		.4byte	.LFB220
 1759 0024 3E000000 		.4byte	.LFE220
 1760 0028 00000000 		.4byte	.LFB221
 1761 002c 9E000000 		.4byte	.LFE221
 1762 0030 00000000 		.4byte	0
 1763 0034 00000000 		.4byte	0
 1764              		.section	.debug_line,"",%progbits
 1765              	.Ldebug_line0:
 1766 0000 78020000 		.section	.debug_str,"MS",%progbits,1
 1766      0200FF01 
 1766      00000201 
 1766      FB0E0D00 
 1766      01010101 
 1767              	.LASF41:
 1768 0000 63685F74 		.ascii	"ch_threads_list\000"
 1768      68726561 
 1768      64735F6C 
 1768      69737400 
 1769              	.LASF68:
 1770 0010 52455345 		.ascii	"RESERVED\000"
 1770      52564544 
 1770      00
 1771              	.LASF77:
 1772 0019 41504231 		.ascii	"APB1ENR\000"
 1772      454E5200 
 1773              	.LASF101:
 1774 0021 53797374 		.ascii	"SystemCoreClock\000"
 1774      656D436F 
 1774      7265436C 
 1774      6F636B00 
 1775              	.LASF92:
 1776 0031 77746D74 		.ascii	"wtmtxp\000"
 1776      787000
 1777              	.LASF82:
ARM GAS  /tmp/ccxe6jAk.s 			page 43


 1778 0038 72656761 		.ascii	"regarm_t\000"
 1778      726D5F74 
 1778      00
 1779              	.LASF73:
 1780 0041 41504232 		.ascii	"APB2RSTR\000"
 1780      52535452 
 1780      00
 1781              	.LASF30:
 1782 004a 666C6167 		.ascii	"flags\000"
 1782      7300
 1783              	.LASF21:
 1784 0050 73797374 		.ascii	"systime_t\000"
 1784      696D655F 
 1784      7400
 1785              	.LASF36:
 1786 005a 7265616C 		.ascii	"realprio\000"
 1786      7072696F 
 1786      00
 1787              	.LASF34:
 1788 0063 6570656E 		.ascii	"epending\000"
 1788      64696E67 
 1788      00
 1789              	.LASF0:
 1790 006c 756E7369 		.ascii	"unsigned int\000"
 1790      676E6564 
 1790      20696E74 
 1790      00
 1791              	.LASF42:
 1792 0079 6E657874 		.ascii	"next\000"
 1792      00
 1793              	.LASF39:
 1794 007e 74687265 		.ascii	"threads_list_t\000"
 1794      6164735F 
 1794      6C697374 
 1794      5F7400
 1795              	.LASF78:
 1796 008d 42444352 		.ascii	"BDCR\000"
 1796      00
 1797              	.LASF31:
 1798 0092 72656673 		.ascii	"refs\000"
 1798      00
 1799              	.LASF88:
 1800 0097 77746F62 		.ascii	"wtobjp\000"
 1800      6A7000
 1801              	.LASF63:
 1802 009e 76746C69 		.ascii	"vtlist\000"
 1802      737400
 1803              	.LASF84:
 1804 00a5 706F7274 		.ascii	"port_context\000"
 1804      5F636F6E 
 1804      74657874 
 1804      00
 1805              	.LASF47:
 1806 00b2 63685F72 		.ascii	"ch_ready_list\000"
 1806      65616479 
 1806      5F6C6973 
 1806      7400
ARM GAS  /tmp/ccxe6jAk.s 			page 44


 1807              	.LASF53:
 1808 00c0 66756E63 		.ascii	"func\000"
 1808      00
 1809              	.LASF93:
 1810 00c5 65776D61 		.ascii	"ewmask\000"
 1810      736B00
 1811              	.LASF45:
 1812 00cc 70726576 		.ascii	"prev\000"
 1812      00
 1813              	.LASF44:
 1814 00d1 63685F74 		.ascii	"ch_threads_queue\000"
 1814      68726561 
 1814      64735F71 
 1814      75657565 
 1814      00
 1815              	.LASF49:
 1816 00e2 76746675 		.ascii	"vtfunc_t\000"
 1816      6E635F74 
 1816      00
 1817              	.LASF58:
 1818 00eb 63685F73 		.ascii	"ch_system_debug\000"
 1818      79737465 
 1818      6D5F6465 
 1818      62756700 
 1819              	.LASF105:
 1820 00fb 68616C5F 		.ascii	"hal_lld_backup_domain_init\000"
 1820      6C6C645F 
 1820      6261636B 
 1820      75705F64 
 1820      6F6D6169 
 1821              	.LASF9:
 1822 0116 75696E74 		.ascii	"uint32_t\000"
 1822      33325F74 
 1822      00
 1823              	.LASF90:
 1824 011f 73656E74 		.ascii	"sentmsg\000"
 1824      6D736700 
 1825              	.LASF19:
 1826 0127 6576656E 		.ascii	"eventmask_t\000"
 1826      746D6173 
 1826      6B5F7400 
 1827              	.LASF108:
 1828 0133 646D6149 		.ascii	"dmaInit\000"
 1828      6E697400 
 1829              	.LASF94:
 1830 013b 63685F73 		.ascii	"ch_semaphore\000"
 1830      656D6170 
 1830      686F7265 
 1830      00
 1831              	.LASF17:
 1832 0148 74707269 		.ascii	"tprio_t\000"
 1832      6F5F7400 
 1833              	.LASF51:
 1834 0150 63685F76 		.ascii	"ch_virtual_timer\000"
 1834      69727475 
 1834      616C5F74 
 1834      696D6572 
ARM GAS  /tmp/ccxe6jAk.s 			page 45


 1834      00
 1835              	.LASF13:
 1836 0161 6C6F6E67 		.ascii	"long long unsigned int\000"
 1836      206C6F6E 
 1836      6720756E 
 1836      7369676E 
 1836      65642069 
 1837              	.LASF67:
 1838 0178 4F50544B 		.ascii	"OPTKEYR\000"
 1838      45595200 
 1839              	.LASF20:
 1840 0180 636E745F 		.ascii	"cnt_t\000"
 1840      7400
 1841              	.LASF66:
 1842 0186 4B455952 		.ascii	"KEYR\000"
 1842      00
 1843              	.LASF96:
 1844 018b 6F776E65 		.ascii	"owner\000"
 1844      7200
 1845              	.LASF43:
 1846 0191 74687265 		.ascii	"threads_queue_t\000"
 1846      6164735F 
 1846      71756575 
 1846      655F7400 
 1847              	.LASF35:
 1848 01a1 6D74786C 		.ascii	"mtxlist\000"
 1848      69737400 
 1849              	.LASF55:
 1850 01a9 63685F76 		.ascii	"ch_virtual_timers_list\000"
 1850      69727475 
 1850      616C5F74 
 1850      696D6572 
 1850      735F6C69 
 1851              	.LASF22:
 1852 01c0 74687265 		.ascii	"thread_t\000"
 1852      61645F74 
 1852      00
 1853              	.LASF69:
 1854 01c9 57525052 		.ascii	"WRPR\000"
 1854      00
 1855              	.LASF86:
 1856 01ce 7264796D 		.ascii	"rdymsg\000"
 1856      736700
 1857              	.LASF70:
 1858 01d5 464C4153 		.ascii	"FLASH_TypeDef\000"
 1858      485F5479 
 1858      70654465 
 1858      6600
 1859              	.LASF81:
 1860 01e3 5243435F 		.ascii	"RCC_TypeDef\000"
 1860      54797065 
 1860      44656600 
 1861              	.LASF95:
 1862 01ef 63685F6D 		.ascii	"ch_mutex\000"
 1862      75746578 
 1862      00
 1863              	.LASF104:
ARM GAS  /tmp/ccxe6jAk.s 			page 46


 1864 01f8 2F686F6D 		.ascii	"/home/julian/MEGA/semestre_ix/Crasby/ChibiOS_17.6.2"
 1864      652F6A75 
 1864      6C69616E 
 1864      2F4D4547 
 1864      412F7365 
 1865 022b 2F64656D 		.ascii	"/demos/STM32/RT2-STM32F100-DISCOVERY\000"
 1865      6F732F53 
 1865      544D3332 
 1865      2F525432 
 1865      2D53544D 
 1866              	.LASF102:
 1867 0250 474E5520 		.ascii	"GNU C 4.8.1 -mcpu=cortex-m3 -mno-thumb-interwork -m"
 1867      4320342E 
 1867      382E3120 
 1867      2D6D6370 
 1867      753D636F 
 1868 0283 7468756D 		.ascii	"thumb -ggdb -O2 -fomit-frame-pointer -falign-functi"
 1868      62202D67 
 1868      67646220 
 1868      2D4F3220 
 1868      2D666F6D 
 1869 02b6 6F6E733D 		.ascii	"ons=16 -ffunction-sections -fdata-sections -fno-com"
 1869      3136202D 
 1869      6666756E 
 1869      6374696F 
 1869      6E2D7365 
 1870 02e9 6D6F6E20 		.ascii	"mon -flto\000"
 1870      2D666C74 
 1870      6F00
 1871              	.LASF74:
 1872 02f3 41504231 		.ascii	"APB1RSTR\000"
 1872      52535452 
 1872      00
 1873              	.LASF24:
 1874 02fc 7072696F 		.ascii	"prio\000"
 1874      00
 1875              	.LASF97:
 1876 0301 63686172 		.ascii	"char\000"
 1876      00
 1877              	.LASF38:
 1878 0306 74687265 		.ascii	"thread_reference_t\000"
 1878      61645F72 
 1878      65666572 
 1878      656E6365 
 1878      5F7400
 1879              	.LASF28:
 1880 0319 77616261 		.ascii	"wabase\000"
 1880      736500
 1881              	.LASF15:
 1882 0320 74737461 		.ascii	"tstate_t\000"
 1882      74655F74 
 1882      00
 1883              	.LASF75:
 1884 0329 41484245 		.ascii	"AHBENR\000"
 1884      4E5200
 1885              	.LASF4:
 1886 0330 75696E74 		.ascii	"uint8_t\000"
ARM GAS  /tmp/ccxe6jAk.s 			page 47


 1886      385F7400 
 1887              	.LASF33:
 1888 0338 6D736771 		.ascii	"msgqueue\000"
 1888      75657565 
 1888      00
 1889              	.LASF40:
 1890 0341 63685F74 		.ascii	"ch_thread\000"
 1890      68726561 
 1890      6400
 1891              	.LASF57:
 1892 034b 73797374 		.ascii	"system_debug_t\000"
 1892      656D5F64 
 1892      65627567 
 1892      5F7400
 1893              	.LASF11:
 1894 035a 6C6F6E67 		.ascii	"long long int\000"
 1894      206C6F6E 
 1894      6720696E 
 1894      7400
 1895              	.LASF18:
 1896 0368 6D73675F 		.ascii	"msg_t\000"
 1896      7400
 1897              	.LASF50:
 1898 036e 76697274 		.ascii	"virtual_timer_t\000"
 1898      75616C5F 
 1898      74696D65 
 1898      725F7400 
 1899              	.LASF80:
 1900 037e 43464752 		.ascii	"CFGR2\000"
 1900      3200
 1901              	.LASF76:
 1902 0384 41504232 		.ascii	"APB2ENR\000"
 1902      454E5200 
 1903              	.LASF59:
 1904 038c 70616E69 		.ascii	"panic_msg\000"
 1904      635F6D73 
 1904      6700
 1905              	.LASF99:
 1906 0396 5F426F6F 		.ascii	"_Bool\000"
 1906      6C00
 1907              	.LASF14:
 1908 039c 746D6F64 		.ascii	"tmode_t\000"
 1908      655F7400 
 1909              	.LASF64:
 1910 03a4 6D61696E 		.ascii	"mainthread\000"
 1910      74687265 
 1910      616400
 1911              	.LASF5:
 1912 03af 75696E74 		.ascii	"uint16_t\000"
 1912      31365F74 
 1912      00
 1913              	.LASF79:
 1914 03b8 52455345 		.ascii	"RESERVED0\000"
 1914      52564544 
 1914      3000
 1915              	.LASF3:
 1916 03c2 73686F72 		.ascii	"short int\000"
ARM GAS  /tmp/ccxe6jAk.s 			page 48


 1916      7420696E 
 1916      7400
 1917              	.LASF71:
 1918 03cc 5057525F 		.ascii	"PWR_TypeDef\000"
 1918      54797065 
 1918      44656600 
 1919              	.LASF8:
 1920 03d8 6C6F6E67 		.ascii	"long int\000"
 1920      20696E74 
 1920      00
 1921              	.LASF85:
 1922 03e1 706F7274 		.ascii	"port_intctx\000"
 1922      5F696E74 
 1922      63747800 
 1923              	.LASF100:
 1924 03ed 49544D5F 		.ascii	"ITM_RxBuffer\000"
 1924      52784275 
 1924      66666572 
 1924      00
 1925              	.LASF61:
 1926 03fa 63685F73 		.ascii	"ch_system\000"
 1926      79737465 
 1926      6D00
 1927              	.LASF56:
 1928 0404 6C617374 		.ascii	"lasttime\000"
 1928      74696D65 
 1928      00
 1929              	.LASF12:
 1930 040d 75696E74 		.ascii	"uint64_t\000"
 1930      36345F74 
 1930      00
 1931              	.LASF72:
 1932 0416 43464752 		.ascii	"CFGR\000"
 1932      00
 1933              	.LASF62:
 1934 041b 726C6973 		.ascii	"rlist\000"
 1934      7400
 1935              	.LASF27:
 1936 0421 6E616D65 		.ascii	"name\000"
 1936      00
 1937              	.LASF65:
 1938 0426 73697A65 		.ascii	"sizetype\000"
 1938      74797065 
 1938      00
 1939              	.LASF16:
 1940 042f 74726566 		.ascii	"trefs_t\000"
 1940      735F7400 
 1941              	.LASF10:
 1942 0437 6C6F6E67 		.ascii	"long unsigned int\000"
 1942      20756E73 
 1942      69676E65 
 1942      6420696E 
 1942      7400
 1943              	.LASF106:
 1944 0449 68616C5F 		.ascii	"hal_lld_init\000"
 1944      6C6C645F 
 1944      696E6974 
ARM GAS  /tmp/ccxe6jAk.s 			page 49


 1944      00
 1945              	.LASF46:
 1946 0456 72656164 		.ascii	"ready_list_t\000"
 1946      795F6C69 
 1946      73745F74 
 1946      00
 1947              	.LASF23:
 1948 0463 71756575 		.ascii	"queue\000"
 1948      6500
 1949              	.LASF7:
 1950 0469 696E7433 		.ascii	"int32_t\000"
 1950      325F7400 
 1951              	.LASF91:
 1952 0471 77747365 		.ascii	"wtsemp\000"
 1952      6D7000
 1953              	.LASF98:
 1954 0478 6D757465 		.ascii	"mutex_t\000"
 1954      785F7400 
 1955              	.LASF25:
 1956 0480 6E657765 		.ascii	"newer\000"
 1956      7200
 1957              	.LASF2:
 1958 0486 756E7369 		.ascii	"unsigned char\000"
 1958      676E6564 
 1958      20636861 
 1958      7200
 1959              	.LASF32:
 1960 0494 77616974 		.ascii	"waiting\000"
 1960      696E6700 
 1961              	.LASF54:
 1962 049c 76697274 		.ascii	"virtual_timers_list_t\000"
 1962      75616C5F 
 1962      74696D65 
 1962      72735F6C 
 1962      6973745F 
 1963              	.LASF29:
 1964 04b2 73746174 		.ascii	"state\000"
 1964      6500
 1965              	.LASF60:
 1966 04b8 63685F73 		.ascii	"ch_system_t\000"
 1966      79737465 
 1966      6D5F7400 
 1967              	.LASF89:
 1968 04c4 77747472 		.ascii	"wttrp\000"
 1968      7000
 1969              	.LASF1:
 1970 04ca 7369676E 		.ascii	"signed char\000"
 1970      65642063 
 1970      68617200 
 1971              	.LASF52:
 1972 04d6 64656C74 		.ascii	"delta\000"
 1972      6100
 1973              	.LASF6:
 1974 04dc 73686F72 		.ascii	"short unsigned int\000"
 1974      7420756E 
 1974      7369676E 
 1974      65642069 
ARM GAS  /tmp/ccxe6jAk.s 			page 50


 1974      6E7400
 1975              	.LASF83:
 1976 04ef 73746B61 		.ascii	"stkalign_t\000"
 1976      6C69676E 
 1976      5F7400
 1977              	.LASF48:
 1978 04fa 63757272 		.ascii	"current\000"
 1978      656E7400 
 1979              	.LASF26:
 1980 0502 6F6C6465 		.ascii	"older\000"
 1980      7200
 1981              	.LASF107:
 1982 0508 73746D33 		.ascii	"stm32_clock_init\000"
 1982      325F636C 
 1982      6F636B5F 
 1982      696E6974 
 1982      00
 1983              	.LASF87:
 1984 0519 65786974 		.ascii	"exitcode\000"
 1984      636F6465 
 1984      00
 1985              	.LASF37:
 1986 0522 6D706F6F 		.ascii	"mpool\000"
 1986      6C00
 1987              	.LASF103:
 1988 0528 2E2E2F2E 		.ascii	"../../../os/hal/ports/STM32/STM32F1xx/hal_lld.c\000"
 1988      2E2F2E2E 
 1988      2F6F732F 
 1988      68616C2F 
 1988      706F7274 
 1989              		.comm	__gnu_lto_v1,1,1
 1990              		.ident	"GCC: (Sourcery CodeBench Lite 2013.11-24) 4.8.1"
ARM GAS  /tmp/ccxe6jAk.s 			page 51


DEFINED SYMBOLS
                            *ABS*:00000000 hal_lld.c
     /tmp/ccxe6jAk.s:203    .text.hal_lld_init:00000000 $t
     /tmp/ccxe6jAk.s:209    .text.hal_lld_init:00000000 hal_lld_init
     /tmp/ccxe6jAk.s:266    .text.stm32_clock_init:00000000 $t
     /tmp/ccxe6jAk.s:272    .text.stm32_clock_init:00000000 stm32_clock_init
     /tmp/ccxe6jAk.s:377    .data.SystemCoreClock:00000000 SystemCoreClock
     /tmp/ccxe6jAk.s:374    .data.SystemCoreClock:00000000 $d
                            *COM*:00000001 __gnu_lto_v1
                     .debug_frame:00000010 $d

UNDEFINED SYMBOLS
dmaInit
