ARM GAS  /tmp/cc7MPyCg.s 			page 1


   1              		.syntax unified
   2              		.cpu cortex-m3
   3              		.fpu softvfp
   4              		.eabi_attribute 20, 1
   5              		.eabi_attribute 21, 1
   6              		.eabi_attribute 23, 3
   7              		.eabi_attribute 24, 1
   8              		.eabi_attribute 25, 1
   9              		.eabi_attribute 26, 1
  10              		.eabi_attribute 30, 2
  11              		.eabi_attribute 34, 1
  12              		.eabi_attribute 18, 4
  13              		.thumb
  14              		.file	"board.c"
  15              		.text
  16              	.Ltext0:
  17              		.section	.gnu.lto_.jmpfuncs.faa74cfab11ff4e9,"",%progbits
  18 0000 789C6362 		.ascii	"x\234cb`b\300\006\330\2414H\226\221\201\001\000\001"
  18      6062C006 
  18      D8A13448 
  18      96918101 
  18      0001
  19 0012 39000F   		.ascii	"9\000\017"
  20              		.text
  21              		.section	.gnu.lto_.inline.faa74cfab11ff4e9,"",%progbits
  22 0000 789C6362 		.ascii	"x\234cb`b\300\006\264\2414P\226\205\207\021\254\210"
  22      6062C006 
  22      B4A13450 
  22      96858711 
  22      AC88
  23 0012 6D813C58 		.ascii	"m\201<X-#\027\210``fB\025f\000\000,\340\001\347"
  23      2D231788 
  23      60606642 
  23      15660000 
  23      2CE001E7 
  24              		.text
  25              		.section	.gnu.lto_.pureconst.faa74cfab11ff4e9,"",%progbits
  26 0000 789C6362 		.ascii	"x\234cb`b`e\200\000&\006\011F\006\000\000\346\000%"
  26      60626065 
  26      80002606 
  26      09460600 
  26      00E60025 
  27              		.text
  28              		.section	.gnu.lto___early_init.faa74cfab11ff4e9,"",%progbits
  29 0000 789C6362 		.ascii	"x\234cb`b@\007\222@\\\011\304f@\314\310\314\300\310"
  29      60624007 
  29      92405C09 
  29      C46640CC 
  29      C8CCC0C8 
  30 0014 34E11C03 		.ascii	"4\341\034\003C#\007\023##\210\301\300\310P\317\304X"
  30      43230713 
  30      232388C1 
  30      C0C850CF 
  30      C458
  31 0026 1FC90856 		.ascii	"\037\311\010V\273\236\351\300\203\377\377\327mx\372"
  31      BB9EE9C0 
  31      83FFFFD7 
ARM GAS  /tmp/cc7MPyCg.s 			page 2


  31      6D78FA
  32 0035 301AA894 		.ascii	"0\032\250\224\201\201\225\241\245\241a\202\002\003C"
  32      818195A1 
  32      A5A16182 
  32      020343
  33 0044 32583E04 		.ascii	"2X>\004H\2024\20522\201h\346\363\014\315\017n\205%2"
  33      48823485 
  33      32328168 
  33      E6F30CCD 
  33      0F6E8525 
  34 0059 2E646405 		.ascii	".dd\005\312V3\374j\350h\020\310d\004\252\206\030\227"
  34      CA5633FC 
  34      6AE86810 
  34      C86404AA 
  34      861897
  35 006c 09A22F32 		.ascii	"\011\242/24>\270\315\004S\004\001!@\011\240\001 \307"
  35      343EB8CD 
  35      04530401 
  35      214009A0 
  35      0120C7
  36 007f 9AE8E9E9 		.ascii	"\232\350\351\351CP~\261~Fb\216~R~bQJ\261~pH|p\210\257"
  36      43507EB1 
  36      7E46628E 
  36      7E527E62 
  36      514AB17E 
  37 0099 B151984F 		.ascii	"\261Q\230O\274\213g\260\263\177\230kP$DN/\231\001\000"
  37      BC8B67B0 
  37      B37F986B 
  37      5024444E 
  37      2F990100 
  38 00ad 46DF31A8 		.ascii	"F\3371\250"
  39              		.text
  40              		.section	.gnu.lto_boardInit.faa74cfab11ff4e9,"",%progbits
  41 0000 789C6362 		.ascii	"x\234cb`b@\007\222@\034\010\304f@\314\310\314\300\310"
  41      60624007 
  41      92401C08 
  41      C46640CC 
  41      C8CCC0C8 
  42 0014 34E11C03 		.ascii	"4\341\034\003C#\007\023##\210\301\300\310P\317\304X"
  42      43230713 
  42      232388C1 
  42      C0C850CF 
  42      C458
  43 0026 1FC90856 		.ascii	"\037\311\010V\273\236\351\300\203\377\377\327]\330\371"
  43      BB9EE9C0 
  43      83FFFFD7 
  43      5DD8F9
  44 0035 30931164 		.ascii	"0\223\021d\022+CKC\303\004\005\006\206d\260|\010\220"
  44      122B434B 
  44      43C30405 
  44      068664B0 
  44      7C0890
  45 0048 04690A05 		.ascii	"\004i\012\005J\002i\346\213\014\214\211\214\013\031"
  45      4A0269E6 
  45      8B0C8C89 
  45      8C0B19
  46 0057 59E17685 		.ascii	"Y\341v\20502\202$@ZM\364\364\364!(\277X?#1G?)?\261("
ARM GAS  /tmp/cc7MPyCg.s 			page 3


  46      30328224 
  46      405A4DF4 
  46      F4F42128 
  46      BF583F23 
  47 0072 A5583F38 		.ascii	"\245X?8$>8\304\327\330(\314'\336\3053\330\331?\3145"
  47      243E38C4 
  47      D7D828CC 
  47      27DEC533 
  47      D8D93FCC 
  48 0087 281222A7 		.ascii	"(\022\"\247\227\314\000\000\267\010&\222"
  48      97CC0000 
  48      B7082692 
  49              		.text
  50              		.section	.gnu.lto_.symbol_nodes.faa74cfab11ff4e9,"",%progbits
  51 0000 789C6362 		.ascii	"x\234cb`b\260e\200\002\246;\214\365\014\014\023\316"
  51      6062B065 
  51      8002A63B 
  51      8CF50C0C 
  51      13CE
  52 0012 3130D4D7 		.ascii	"10\324\327\317\353`d\272\313X\317\210\340\262\336fd"
  52      CFEB6064 
  52      BACB58CF 
  52      88E0B2DE 
  52      6664
  53 0024 60AD6760 		.ascii	"`\255g`\274\307X\317\004\021mh`df`fh~\360\217\221\001"
  53      BCC758CF 
  53      04116D68 
  53      60646660 
  53      66687EF0 
  54 003b 003FAE12 		.ascii	"\000?\256\022\022"
  54      12
  55              		.text
  56              		.section	.gnu.lto_.refs.faa74cfab11ff4e9,"",%progbits
  57 0000 789C6362 		.ascii	"x\234cb`b`d\200\002\000\000F\000\006"
  57      60626064 
  57      80020000 
  57      460006
  58              		.text
  59              		.section	.gnu.lto_.decls.faa74cfab11ff4e9,"",%progbits
  60 0000 789CAD56 		.ascii	"x\234\255VMl\033E\024~\263\256\202\255X-\212D\005\034"
  60      4D6C1B45 
  60      147EB3AE 
  60      82AD582D 
  60      8A44051C 
  61 0014 A80B2A87 		.ascii	"\250\013*\207J\365\332I\021\027T)$!\004Rj\221\266\202"
  61      4AF5DA49 
  61      11175429 
  61      24210452 
  61      6A91B682 
  62 0028 D332B1B7 		.ascii	"\3232\261\267\315\322\2657\262\327(\334F\011Dn/\330"
  62      CDD2B537 
  62      B2D728DC 
  62      4609446E 
  62      2FD8
  63 003a 55291740 		.ascii	"U)\027@N\332\004\302\217\232\322\006z(\340B#\207\242"
  63      4EDA04C2 
  63      8F9AD206 
ARM GAS  /tmp/cc7MPyCg.s 			page 4


  63      7A28E042 
  63      2387A2
  64 004d 465585C4 		.ascii	"FU\205\304\001D}\341\206\020=\200T\251\302\274\231\331"
  64      01447DE1 
  64      86103D80 
  64      54A9C2BC 
  64      99D9
  65 005f 8DBD8E9D 		.ascii	"\215\275\216\2358\022O\231\3777\337\367\315\233\267"
  65      38124F99 
  65      FF37DFF7 
  65      CD9BB7
  66 006e E328A040 		.ascii	"\343(\240@\016\000\252h'\374\000\347\010\200\017\307"
  66      0E00AA68 
  66      27FC00E7 
  66      08800FC7 
  67 007e 07A0667C 		.ascii	"\007\240f|<\203e\036\313\002\026t\201O\301k|]\301r\033"
  67      3C83651E 
  67      CB021674 
  67      814FC16B 
  67      7C5DC172 
  68 0093 CBAC33A7 		.ascii	"\313\2543\2478\363\013\260\336\346\353\372\244a\354"
  68      38F30BB0 
  68      DEE6EBFA 
  68      A461EC
  69 00a2 DA2EF890 		.ascii	"\332.\370\220\025+\225\267\317\376H\330iv\277Z\365\301"
  69      152B95B7 
  69      CFFE48D8 
  69      6976BF5A 
  69      F5C1
  70 00b4 4E7897A1 		.ascii	"Nx\227\241\025\247\031#6%\007\036\202W\010%\333\003"
  70      15A71923 
  70      3625071E 
  70      82570825 
  70      DB03
  71 00c6 10129D60 		.ascii	"\020\022\235`\000\266\211\255\224\314\222\235N\357\210"
  71      00B689AD 
  71      94CC929D 
  71      4EEF88
  72 00d5 CF95F334 		.ascii	"\317\225\3634\201\275\260\200\373\363\214M>A\232P\002"
  72      81BDB080 
  72      FBF38C4D 
  72      3E419A50 
  72      02
  73 00e6 3C09739C 		.ascii	"<\011s\234\201}\314|\002\237#\314\220]\365.\224\234"
  73      817DCC7C 
  73      029F23CC 
  73      905DF52E 
  73      949C
  74 00f8 234AA3D0 		.ascii	"#J\243\320\305J\351\226\276\302\376\252VwHr\005^$\350"
  74      C54AE996 
  74      BEC2FEAA 
  74      56774872 
  74      055E24E8 
  75 010c 7A9EECDD 		.ascii	"z\236\354\335\020{\276\021\373\243\365\330\225|\345"
  75      107BBE11 
  75      FBA3F5D8 
  75      957CE5
ARM GAS  /tmp/cc7MPyCg.s 			page 5


  76 011b 97E95FA7 		.ascii	"\227\351_\247Ha\252(\031\300\245\230&\215\034\022\344"
  76      4861AA28 
  76      19C0A598 
  76      268D1C12 
  76      E4
  77 012c 132FC8E3 		.ascii	"\023/\310\3430\303\026K\225\271\3253\204\025'\031\373"
  77      30C3164B 
  77      95B9D533 
  77      84152719 
  77      FB
  78 013d B75A255D 		.ascii	"\267Z%]P\020\241\304H\256l\0077\216\025\237\033\310"
  78      5010A1C4 
  78      48AE6C07 
  78      378E159F 
  78      1BC8
  79 014f 6770DF1E 		.ascii	"gp\337\0368\217\301\252\334\271\261\332\315\230\337"
  79      388FC1AA 
  79      DCB9B1DA 
  79      CD98DF
  80 015e D9116AE9 		.ascii	"\331\021j\351N\311\347d\017l\352\306\035/ \277\024."
  80      4EC9E764 
  80      0F6CEAC6 
  80      1D2F20BF 
  80      142E
  81 0170 3858E96E 		.ascii	"8X\351n9\310\266\311yhr$\307vC\221;\377]~\037\017\362"
  81      39C8B6C9 
  81      79687224 
  81      C7764391 
  81      3BFF5D7E 
  82 0187 1D6942F5 		.ascii	"\035iB\365\232\313\024\\\323_\372\266LB\224|\201\356"
  82      9ACB145C 
  82      D35FFAB6 
  82      4C42947C 
  82      81EE
  83 0199 0ADC6C88 		.ascii	"\012\334l\210\330f\020\\\314R\243\330\213R\354R\033"
  83      D866105C 
  83      CC52A3D8 
  83      8B52EC52 
  83      1B
  84 01aa 62274B4B 		.ascii	"b'KK\3453\217p\261\001\310\341\220\347\356\363ud\236"
  84      E5338F70 
  84      B101C8E1 
  84      90E7EEF3 
  84      75649E
  85 01bd C475E25D 		.ascii	"\304u\342]x\347\247\273\004\257\011\027\256\3406\005"
  85      78E7A7BB 
  85      04AF0917 
  85      AEE03605 
  86 01cd 2E2B5ED1 		.ascii	".+^\321\224<\020\360^8\216]\007\216'\226\235\016\377"
  86      943C10F0 
  86      5E388E5D 
  86      078E2796 
  86      9D0EFF
  87 01e0 B477F0F4 		.ascii	"\264w\360\364\377Z\240p\321\315\270\235\2564\307\301"
  87      FF5AA070 
  87      D1CDB89D 
  87      AE34C7C1 
ARM GAS  /tmp/cc7MPyCg.s 			page 6


  88 01f0 7390CA9D 		.ascii	"s\220\312\235S\177\026\310\351)\266\022qu]\3332b\310"
  88      537F16C8 
  88      E929B612 
  88      71755DDB 
  88      3262C8
  89 0203 139AABE5 		.ascii	"\023\232\253\345`\236\272`\313\355\200\371\233\310k"
  89      609EBA60 
  89      CBED80F9 
  89      9BC86B
  90 0212 66F59746 		.ascii	"f\365\227F\311\227\230\226\224|Evc}U\324\337`\275f\012"
  90      C9979896 
  90      947C4576 
  90      637D55D4 
  90      DF60BD66 
  91 0227 FC20B82F 		.ascii	"\374 \270/\324\270=9\260YhX\351\236\223\220n\226\335"
  91      D4B83D39 
  91      B0596858 
  91      E99E9390 
  91      6E96DD
  92 023a 6A07CF73 		.ascii	"j\007\317s\226\220\007\357\376 \217\213\304\372\271"
  92      969007EF 
  92      FE208F8B 
  92      C4FAB9
  93 0249 1DAC875B 		.ascii	"\035\254\207[k\313\277P\303\372\255\035\254Pk]g\353"
  93      6BCBBF50 
  93      C3FAAD1D 
  93      AC506B5D 
  93      67EB
  94 025b B07E6F07 		.ascii	"\260~o\007+\262\321}\271\327\263(\256\347\242\270\230"
  94      2BB2D17D 
  94      B9D7B328 
  94      AEE7A2B8 
  94      98
  95 026c 6BA2FE5E 		.ascii	"k\242\376^\324\313\242.{\257\352\217u\337\202|3\352"
  95      D4CBA22E 
  95      7BAFEA8F 
  95      75DF827C 
  95      33EA
  96 027e 506B8F0B 		.ascii	"Pk\217\013\264\217\373\317\032n\313G\353\006\276\252"
  96      B48FFBCF 
  96      1A6ECB47 
  96      EB06BEAA 
  97 028e 8FC149DF 		.ascii	"\217\301I\337\007L^\335~\270\304r\245\030%\237\011B"
  97      074C5EDD 
  97      7EB8C472 
  97      A518259F 
  97      0942
  98 02a0 4E24A722 		.ascii	"N$\247\"2F2\345<\237\241\314?g\352\255\367n\316u:\311"
  98      324632E5 
  98      3C9FA1CC 
  98      3F67EAAD 
  98      F76ECE75 
  99 02b6 E84C5D39 		.ascii	"\350L]99{\335\017\216\336-\201\345\012|\247\007,WXE"
  99      397BDD0F 
  99      8EDE2D81 
  99      E50A7CA7 
  99      072C5758 
ARM GAS  /tmp/cc7MPyCg.s 			page 7


 100 02cb 7CE7D81B 		.ascii	"|\347\330\033\200\335k\007\354R\336Q\266\274Ue\327\363"
 100      80DD6B07 
 100      EC52DE51 
 100      B6BC5565 
 100      D7F3
 101 02dd 4D943960 		.ascii	"M\2249`\345\377\345\230\002\014\240\023N\325^X\371\023"
 101      E5FFE598 
 101      020CA013 
 101      4ED55E58 
 101      F913
 102 02ef D9EADF83 		.ascii	"\331\352\337\203\333\244\323\223E\373\303aU\376Y\031"
 102      DBA4D393 
 102      45FBC361 
 102      55FE5919 
 103 02ff 758C9AEA 		.ascii	"u\214\232\352\250E\323\211\214:rX\0339|\260\247\373"
 103      A845D389 
 103      8C3A7258 
 103      1B397CB0 
 103      A7FB
 104 0311 E8B0D63F 		.ascii	"\350\260\326?4\322w\350\350\300\313\257\312\265p\034"
 104      34D277E8 
 104      E8C0CBAF 
 104      CAB5701C 
 105 0321 829AA6D3 		.ascii	"\202\232\246\323\264\371\246f\244\014\273c\360\245#"
 105      B4F9A666 
 105      A40CBB63 
 105      F0A523
 106 0330 A13E0888 		.ascii	"\241>\010\210\305!\234\2104B\216[i\233#\"\234\254\237"
 106      C5219C88 
 106      34428E5B 
 106      699B2322 
 106      9CAC9F
 107 0343 8B4E4CF0 		.ascii	"\213NL\360\025\3154\023\3411x0c'{\272\265\270i\305O"
 107      15CD3413 
 107      E1317830 
 107      63277BBA 
 107      B5B869C5 
 108 0358 08C8A736 		.ascii	"\010\310\2476B\030\036\356W\007cC\207\336\210\012\210"
 108      42181EEE 
 108      57076343 
 108      87DE880A 
 108      88
 109 0369 F135982E 		.ascii	"\3615\230.\011s|\334\260\264\214ng\3075{D\035\263\222"
 109      09737CDC 
 109      B0B48C6E 
 109      67C7357B 
 109      441DB392 
 110 037d BAFA7AD6 		.ascii	"\272\372z\3264hJ=80\330\253f\364\244\236\261\323\272"
 110      34684A3D 
 110      3830D8AB 
 110      66F4A49E 
 110      B1D3BA
 111 0390 664CA803 		.ascii	"fL\250\003\311Q}\324H \011M'\367uG\242=\341hT\364SV"
 111      C9517DD4 
 111      4820094D 
 111      27F77547 
 111      A23DE168 
ARM GAS  /tmp/cc7MPyCg.s 			page 8


 112 03a8 4ADFA7D3 		.ascii	"J\337\247\323QC5Rq3\233\320\325\214\2350R6\322\370\263"
 112      51433552 
 112      71339BD0 
 112      D58C9D30 
 112      5236D2F8 
 113 03bd D8228FED 		.ascii	"\330\"\217\355\263\022i_<mb\031\353\210\365\366S\233"
 113      B312695F 
 113      3C6D6219 
 113      EB88F5F6 
 113      539B
 114 03cf 76C49E95 		.ascii	"v\304\236\225M\237l\372e3\300\233@\254w\270\317J\035"
 114      4D9F6CFA 
 114      6533C09B 
 114      40AC77B8 
 114      CF4A1D
 115 03e2 338E7771 		.ascii	"3\216wq\315\011\375\030\315\232\266\026\027S\217\206"
 115      CD09FD18 
 115      CD9AB616 
 115      17538F86 
 116 03f2 D356029D 		.ascii	"\323V\002\235\302\353\227\376\003\255oB\217"
 116      C2EB97FE 
 116      03AD6F42 
 116      8F
 117              		.text
 118              		.section	.gnu.lto_.symtab.faa74cfab11ff4e9,"",%progbits
 119 0000 5F5F6561 		.ascii	"__early_init\000\000\000\000\000\000\000\000\000\000"
 119      726C795F 
 119      696E6974 
 119      00000000 
 119      00000000 
 120 0016 0000A100 		.ascii	"\000\000\241\000\000\000boardInit\000\000\000\000\000"
 120      0000626F 
 120      61726449 
 120      6E697400 
 120      00000000 
 121 002a 00000000 		.ascii	"\000\000\000\000\000\000\000\246\000\000\000pal_def"
 121      000000A6 
 121      00000070 
 121      616C5F64 
 121      6566
 122 003c 61756C74 		.ascii	"ault_config\000\000\000\000\000\000\000\000\000\000"
 122      5F636F6E 
 122      66696700 
 122      00000000 
 122      00000000 
 123 0051 0000AB00 		.ascii	"\000\000\253\000\000\000stm32_clock_init\000\000\002"
 123      00007374 
 123      6D33325F 
 123      636C6F63 
 123      6B5F696E 
 124 006a 00000000 		.ascii	"\000\000\000\000\000\000\000\000\000\251\000\000\000"
 124      00000000 
 124      00A90000 
 124      00
 125              		.text
 126              		.section	.gnu.lto_.opts,"",%progbits
 127 0000 272D6D63 		.ascii	"'-mcpu=cortex-m3' '-mno-thumb-interwork' '-mthumb' "
ARM GAS  /tmp/cc7MPyCg.s 			page 9


 127      70753D63 
 127      6F727465 
 127      782D6D33 
 127      2720272D 
 128 0033 272D6767 		.ascii	"'-ggdb' '-O2' '-fomit-frame-pointer' '-falign-funct"
 128      64622720 
 128      272D4F32 
 128      2720272D 
 128      666F6D69 
 129 0066 696F6E73 		.ascii	"ions=16' '-ffunction-sections' '-fdata-sections' '-"
 129      3D313627 
 129      20272D66 
 129      66756E63 
 129      74696F6E 
 130 0099 666E6F2D 		.ascii	"fno-common' '-flto'\000"
 130      636F6D6D 
 130      6F6E2720 
 130      272D666C 
 130      746F2700 
 131              		.text
 132              		.cfi_sections	.debug_frame
 133              		.section	.text.__early_init,"ax",%progbits
 134              		.align	2
 135              		.p2align 4,,15
 136              		.global	__early_init
 137              		.thumb
 138              		.thumb_func
 139              		.type	__early_init, %function
 140              	__early_init:
 141              	.LFB219:
 142              		.file 1 "../../../os/hal/boards/ST_STM32VL_DISCOVERY/board.c"
 143              		.loc 1 40 0
 144              		.cfi_startproc
 145              		@ args = 0, pretend = 0, frame = 0
 146              		@ frame_needed = 0, uses_anonymous_args = 0
 147              		@ link register save eliminated.
 148              		.loc 1 42 0
 149 0000 FFF7FEBF 		b	stm32_clock_init
 150              	.LVL0:
 151              		.cfi_endproc
 152              	.LFE219:
 153              		.size	__early_init, .-__early_init
 154 0004 AFF30080 		.section	.text.boardInit,"ax",%progbits
 154      AFF30080 
 154      AFF30080 
 155              		.align	2
 156              		.p2align 4,,15
 157              		.global	boardInit
 158              		.thumb
 159              		.thumb_func
 160              		.type	boardInit, %function
 161              	boardInit:
 162              	.LFB220:
 163              		.loc 1 48 0
 164              		.cfi_startproc
 165              		@ args = 0, pretend = 0, frame = 0
 166              		@ frame_needed = 0, uses_anonymous_args = 0
ARM GAS  /tmp/cc7MPyCg.s 			page 10


 167              		@ link register save eliminated.
 168 0000 7047     		bx	lr
 169              		.cfi_endproc
 170              	.LFE220:
 171              		.size	boardInit, .-boardInit
 172              		.global	pal_default_config
 173 0002 00BFAFF3 		.section	.rodata.pal_default_config,"a",%progbits
 173      0080AFF3 
 173      0080AFF3 
 173      0080
 174              		.align	2
 175              		.type	pal_default_config, %object
 176              		.size	pal_default_config, 60
 177              	pal_default_config:
 178 0000 FFFFFFFF 		.word	-1
 179 0004 844BB3B4 		.word	-1263318140
 180 0008 B8848888 		.word	-2004319048
 181 000c FFFFFFFF 		.word	-1
 182 0010 88888888 		.word	-2004318072
 183 0014 8888B3B4 		.word	-1263302520
 184 0018 FFFCFFFF 		.word	-769
 185 001c 88888888 		.word	-2004318072
 186 0020 33888888 		.word	-2004318157
 187 0024 FFFFFFFF 		.word	-1
 188 0028 44888888 		.word	-2004318140
 189 002c 88888888 		.word	-2004318072
 190 0030 FFFFFFFF 		.word	-1
 191 0034 88888888 		.word	-2004318072
 192 0038 88888888 		.word	-2004318072
 193              		.text
 194              	.Letext0:
 195              		.file 2 "/home/julian/MEGA/semestre_ix/Embebidos/arm-2013.11/arm-none-eabi/include/stdint.h"
 196              		.file 3 "../../../os/common/ports/ARMCMx/compilers/GCC/chtypes.h"
 197              		.file 4 "../../../os/rt/include/chsystypes.h"
 198              		.file 5 "../../../os/rt/include/chschd.h"
 199              		.file 6 "../../../os/common/ports/ARMCMx/chcore.h"
 200              		.file 7 "../../../os/common/ports/ARMCMx/chcore_v7m.h"
 201              		.file 8 "../../../os/rt/include/chsem.h"
 202              		.file 9 "../../../os/rt/include/chmtx.h"
 203              		.file 10 "../../../os/hal/ports/STM32/LLD/GPIOv1/hal_pal_lld.h"
 204              		.file 11 "../../../os/common/ext/CMSIS/include/core_cm3.h"
 205              		.file 12 "../../../os/hal/ports/STM32/STM32F1xx/hal_lld.h"
 206              		.section	.debug_info,"",%progbits
 207              	.Ldebug_info0:
 208 0000 92060000 		.4byte	0x692
 209 0004 0400     		.2byte	0x4
 210 0006 00000000 		.4byte	.Ldebug_abbrev0
 211 000a 04       		.byte	0x4
 212 000b 01       		.uleb128 0x1
 213 000c 1B020000 		.4byte	.LASF93
 214 0010 01       		.byte	0x1
 215 0011 92000000 		.4byte	.LASF94
 216 0015 42030000 		.4byte	.LASF95
 217 0019 00000000 		.4byte	.Ldebug_ranges0+0
 218 001d 00000000 		.4byte	0
 219 0021 00000000 		.4byte	.Ldebug_line0
 220 0025 02       		.uleb128 0x2
ARM GAS  /tmp/cc7MPyCg.s 			page 11


 221 0026 04       		.byte	0x4
 222 0027 05       		.byte	0x5
 223 0028 696E7400 		.ascii	"int\000"
 224 002c 03       		.uleb128 0x3
 225 002d 04       		.byte	0x4
 226 002e 07       		.byte	0x7
 227 002f E0020000 		.4byte	.LASF0
 228 0033 03       		.uleb128 0x3
 229 0034 01       		.byte	0x1
 230 0035 06       		.byte	0x6
 231 0036 C5020000 		.4byte	.LASF1
 232 003a 04       		.uleb128 0x4
 233 003b 03010000 		.4byte	.LASF4
 234 003f 02       		.byte	0x2
 235 0040 2A       		.byte	0x2a
 236 0041 45000000 		.4byte	0x45
 237 0045 03       		.uleb128 0x3
 238 0046 01       		.byte	0x1
 239 0047 08       		.byte	0x8
 240 0048 07020000 		.4byte	.LASF2
 241 004c 03       		.uleb128 0x3
 242 004d 02       		.byte	0x2
 243 004e 05       		.byte	0x5
 244 004f 57000000 		.4byte	.LASF3
 245 0053 04       		.uleb128 0x4
 246 0054 ED020000 		.4byte	.LASF5
 247 0058 02       		.byte	0x2
 248 0059 36       		.byte	0x36
 249 005a 5E000000 		.4byte	0x5e
 250 005e 03       		.uleb128 0x3
 251 005f 02       		.byte	0x2
 252 0060 07       		.byte	0x7
 253 0061 2F030000 		.4byte	.LASF6
 254 0065 04       		.uleb128 0x4
 255 0066 C8030000 		.4byte	.LASF7
 256 006a 02       		.byte	0x2
 257 006b 4F       		.byte	0x4f
 258 006c 70000000 		.4byte	0x70
 259 0070 03       		.uleb128 0x3
 260 0071 04       		.byte	0x4
 261 0072 05       		.byte	0x5
 262 0073 77010000 		.4byte	.LASF8
 263 0077 04       		.uleb128 0x4
 264 0078 D7020000 		.4byte	.LASF9
 265 007c 02       		.byte	0x2
 266 007d 50       		.byte	0x50
 267 007e 82000000 		.4byte	0x82
 268 0082 03       		.uleb128 0x3
 269 0083 04       		.byte	0x4
 270 0084 07       		.byte	0x7
 271 0085 01040000 		.4byte	.LASF10
 272 0089 03       		.uleb128 0x3
 273 008a 08       		.byte	0x8
 274 008b 05       		.byte	0x5
 275 008c 41010000 		.4byte	.LASF11
 276 0090 04       		.uleb128 0x4
 277 0091 43000000 		.4byte	.LASF12
ARM GAS  /tmp/cc7MPyCg.s 			page 12


 278 0095 02       		.byte	0x2
 279 0096 78       		.byte	0x78
 280 0097 9B000000 		.4byte	0x9b
 281 009b 03       		.uleb128 0x3
 282 009c 08       		.byte	0x8
 283 009d 07       		.byte	0x7
 284 009e 4F010000 		.4byte	.LASF13
 285 00a2 04       		.uleb128 0x4
 286 00a3 C6000000 		.4byte	.LASF14
 287 00a7 03       		.byte	0x3
 288 00a8 3C       		.byte	0x3c
 289 00a9 3A000000 		.4byte	0x3a
 290 00ad 04       		.uleb128 0x4
 291 00ae F8030000 		.4byte	.LASF15
 292 00b2 03       		.byte	0x3
 293 00b3 3D       		.byte	0x3d
 294 00b4 3A000000 		.4byte	0x3a
 295 00b8 04       		.uleb128 0x4
 296 00b9 09000000 		.4byte	.LASF16
 297 00bd 03       		.byte	0x3
 298 00be 3E       		.byte	0x3e
 299 00bf 3A000000 		.4byte	0x3a
 300 00c3 04       		.uleb128 0x4
 301 00c4 66010000 		.4byte	.LASF17
 302 00c8 03       		.byte	0x3
 303 00c9 40       		.byte	0x40
 304 00ca 77000000 		.4byte	0x77
 305 00ce 04       		.uleb128 0x4
 306 00cf DC040000 		.4byte	.LASF18
 307 00d3 03       		.byte	0x3
 308 00d4 41       		.byte	0x41
 309 00d5 65000000 		.4byte	0x65
 310 00d9 04       		.uleb128 0x4
 311 00da 86000000 		.4byte	.LASF19
 312 00de 03       		.byte	0x3
 313 00df 43       		.byte	0x43
 314 00e0 77000000 		.4byte	0x77
 315 00e4 04       		.uleb128 0x4
 316 00e5 D0030000 		.4byte	.LASF20
 317 00e9 03       		.byte	0x3
 318 00ea 45       		.byte	0x45
 319 00eb 65000000 		.4byte	0x65
 320 00ef 04       		.uleb128 0x4
 321 00f0 9A030000 		.4byte	.LASF21
 322 00f4 04       		.byte	0x4
 323 00f5 35       		.byte	0x35
 324 00f6 53000000 		.4byte	0x53
 325 00fa 04       		.uleb128 0x4
 326 00fb 00000000 		.4byte	.LASF22
 327 00ff 04       		.byte	0x4
 328 0100 3F       		.byte	0x3f
 329 0101 05010000 		.4byte	0x105
 330 0105 05       		.uleb128 0x5
 331 0106 25010000 		.4byte	.LASF40
 332 010a 44       		.byte	0x44
 333 010b 05       		.byte	0x5
 334 010c 9A       		.byte	0x9a
ARM GAS  /tmp/cc7MPyCg.s 			page 13


 335 010d E3010000 		.4byte	0x1e3
 336 0111 06       		.uleb128 0x6
 337 0112 E4010000 		.4byte	.LASF23
 338 0116 05       		.byte	0x5
 339 0117 9B       		.byte	0x9b
 340 0118 18020000 		.4byte	0x218
 341 011c 00       		.byte	0
 342 011d 06       		.uleb128 0x6
 343 011e E2040000 		.4byte	.LASF24
 344 0122 05       		.byte	0x5
 345 0123 9C       		.byte	0x9c
 346 0124 C3000000 		.4byte	0xc3
 347 0128 08       		.byte	0x8
 348 0129 07       		.uleb128 0x7
 349 012a 63747800 		.ascii	"ctx\000"
 350 012e 05       		.byte	0x5
 351 012f 9D       		.byte	0x9d
 352 0130 04040000 		.4byte	0x404
 353 0134 0C       		.byte	0xc
 354 0135 06       		.uleb128 0x6
 355 0136 DE010000 		.4byte	.LASF25
 356 013a 05       		.byte	0x5
 357 013b 9F       		.byte	0x9f
 358 013c EE010000 		.4byte	0x1ee
 359 0140 10       		.byte	0x10
 360 0141 06       		.uleb128 0x6
 361 0142 2F010000 		.4byte	.LASF26
 362 0146 05       		.byte	0x5
 363 0147 A0       		.byte	0xa0
 364 0148 EE010000 		.4byte	0x1ee
 365 014c 14       		.byte	0x14
 366 014d 06       		.uleb128 0x6
 367 014e EA010000 		.4byte	.LASF27
 368 0152 05       		.byte	0x5
 369 0153 A7       		.byte	0xa7
 370 0154 69050000 		.4byte	0x569
 371 0158 18       		.byte	0x18
 372 0159 06       		.uleb128 0x6
 373 015a 35010000 		.4byte	.LASF28
 374 015e 05       		.byte	0x5
 375 015f B0       		.byte	0xb0
 376 0160 7B050000 		.4byte	0x57b
 377 0164 1C       		.byte	0x1c
 378 0165 06       		.uleb128 0x6
 379 0166 3D000000 		.4byte	.LASF29
 380 016a 05       		.byte	0x5
 381 016b B5       		.byte	0xb5
 382 016c AD000000 		.4byte	0xad
 383 0170 20       		.byte	0x20
 384 0171 06       		.uleb128 0x6
 385 0172 D1020000 		.4byte	.LASF30
 386 0176 05       		.byte	0x5
 387 0177 B9       		.byte	0xb9
 388 0178 A2000000 		.4byte	0xa2
 389 017c 21       		.byte	0x21
 390 017d 06       		.uleb128 0x6
 391 017e EC030000 		.4byte	.LASF31
ARM GAS  /tmp/cc7MPyCg.s 			page 14


 392 0182 05       		.byte	0x5
 393 0183 BE       		.byte	0xbe
 394 0184 B8000000 		.4byte	0xb8
 395 0188 22       		.byte	0x22
 396 0189 08       		.uleb128 0x8
 397 018a 7500     		.ascii	"u\000"
 398 018c 05       		.byte	0x5
 399 018d 0F01     		.2byte	0x10f
 400 018f 9E040000 		.4byte	0x49e
 401 0193 24       		.byte	0x24
 402 0194 09       		.uleb128 0x9
 403 0195 96040000 		.4byte	.LASF32
 404 0199 05       		.byte	0x5
 405 019a 1401     		.2byte	0x114
 406 019c F4010000 		.4byte	0x1f4
 407 01a0 28       		.byte	0x28
 408 01a1 09       		.uleb128 0x9
 409 01a2 F1000000 		.4byte	.LASF33
 410 01a6 05       		.byte	0x5
 411 01a7 1A01     		.2byte	0x11a
 412 01a9 18020000 		.4byte	0x218
 413 01ad 2C       		.byte	0x2c
 414 01ae 09       		.uleb128 0x9
 415 01af 21000000 		.4byte	.LASF34
 416 01b3 05       		.byte	0x5
 417 01b4 2001     		.2byte	0x120
 418 01b6 D9000000 		.4byte	0xd9
 419 01ba 34       		.byte	0x34
 420 01bb 09       		.uleb128 0x9
 421 01bc 56040000 		.4byte	.LASF35
 422 01c0 05       		.byte	0x5
 423 01c1 2701     		.2byte	0x127
 424 01c3 63050000 		.4byte	0x563
 425 01c7 38       		.byte	0x38
 426 01c8 09       		.uleb128 0x9
 427 01c9 D6030000 		.4byte	.LASF36
 428 01cd 05       		.byte	0x5
 429 01ce 2B01     		.2byte	0x12b
 430 01d0 C3000000 		.4byte	0xc3
 431 01d4 3C       		.byte	0x3c
 432 01d5 09       		.uleb128 0x9
 433 01d6 72040000 		.4byte	.LASF37
 434 01da 05       		.byte	0x5
 435 01db 3201     		.2byte	0x132
 436 01dd CB020000 		.4byte	0x2cb
 437 01e1 40       		.byte	0x40
 438 01e2 00       		.byte	0
 439 01e3 04       		.uleb128 0x4
 440 01e4 3C040000 		.4byte	.LASF38
 441 01e8 04       		.byte	0x4
 442 01e9 44       		.byte	0x44
 443 01ea EE010000 		.4byte	0x1ee
 444 01ee 0A       		.uleb128 0xa
 445 01ef 04       		.byte	0x4
 446 01f0 FA000000 		.4byte	0xfa
 447 01f4 04       		.uleb128 0x4
 448 01f5 F3040000 		.4byte	.LASF39
ARM GAS  /tmp/cc7MPyCg.s 			page 15


 449 01f9 04       		.byte	0x4
 450 01fa 49       		.byte	0x49
 451 01fb FF010000 		.4byte	0x1ff
 452 01ff 05       		.uleb128 0x5
 453 0200 CE000000 		.4byte	.LASF41
 454 0204 04       		.byte	0x4
 455 0205 05       		.byte	0x5
 456 0206 88       		.byte	0x88
 457 0207 18020000 		.4byte	0x218
 458 020b 06       		.uleb128 0x6
 459 020c E7040000 		.4byte	.LASF42
 460 0210 05       		.byte	0x5
 461 0211 89       		.byte	0x89
 462 0212 EE010000 		.4byte	0x1ee
 463 0216 00       		.byte	0
 464 0217 00       		.byte	0
 465 0218 04       		.uleb128 0x4
 466 0219 1F030000 		.4byte	.LASF43
 467 021d 04       		.byte	0x4
 468 021e 50       		.byte	0x50
 469 021f 23020000 		.4byte	0x223
 470 0223 05       		.uleb128 0x5
 471 0224 0B010000 		.4byte	.LASF44
 472 0228 08       		.byte	0x8
 473 0229 05       		.byte	0x5
 474 022a 8F       		.byte	0x8f
 475 022b 48020000 		.4byte	0x248
 476 022f 06       		.uleb128 0x6
 477 0230 E7040000 		.4byte	.LASF42
 478 0234 05       		.byte	0x5
 479 0235 90       		.byte	0x90
 480 0236 EE010000 		.4byte	0x1ee
 481 023a 00       		.byte	0
 482 023b 06       		.uleb128 0x6
 483 023c B9040000 		.4byte	.LASF45
 484 0240 05       		.byte	0x5
 485 0241 91       		.byte	0x91
 486 0242 EE010000 		.4byte	0x1ee
 487 0246 04       		.byte	0x4
 488 0247 00       		.byte	0
 489 0248 04       		.uleb128 0x4
 490 0249 81040000 		.4byte	.LASF46
 491 024d 04       		.byte	0x4
 492 024e 57       		.byte	0x57
 493 024f 53020000 		.4byte	0x253
 494 0253 0B       		.uleb128 0xb
 495 0254 9E040000 		.4byte	.LASF47
 496 0258 1C       		.byte	0x1c
 497 0259 05       		.byte	0x5
 498 025a 6A01     		.2byte	0x16a
 499 025c AF020000 		.4byte	0x2af
 500 0260 09       		.uleb128 0x9
 501 0261 E4010000 		.4byte	.LASF23
 502 0265 05       		.byte	0x5
 503 0266 6B01     		.2byte	0x16b
 504 0268 18020000 		.4byte	0x218
 505 026c 00       		.byte	0
ARM GAS  /tmp/cc7MPyCg.s 			page 16


 506 026d 09       		.uleb128 0x9
 507 026e E2040000 		.4byte	.LASF24
 508 0272 05       		.byte	0x5
 509 0273 6C01     		.2byte	0x16c
 510 0275 C3000000 		.4byte	0xc3
 511 0279 08       		.byte	0x8
 512 027a 08       		.uleb128 0x8
 513 027b 63747800 		.ascii	"ctx\000"
 514 027f 05       		.byte	0x5
 515 0280 6E01     		.2byte	0x16e
 516 0282 04040000 		.4byte	0x404
 517 0286 0C       		.byte	0xc
 518 0287 09       		.uleb128 0x9
 519 0288 DE010000 		.4byte	.LASF25
 520 028c 05       		.byte	0x5
 521 028d 7101     		.2byte	0x171
 522 028f EE010000 		.4byte	0x1ee
 523 0293 10       		.byte	0x10
 524 0294 09       		.uleb128 0x9
 525 0295 2F010000 		.4byte	.LASF26
 526 0299 05       		.byte	0x5
 527 029a 7201     		.2byte	0x172
 528 029c EE010000 		.4byte	0x1ee
 529 02a0 14       		.byte	0x14
 530 02a1 09       		.uleb128 0x9
 531 02a2 8E040000 		.4byte	.LASF48
 532 02a6 05       		.byte	0x5
 533 02a7 7501     		.2byte	0x175
 534 02a9 EE010000 		.4byte	0x1ee
 535 02ad 18       		.byte	0x18
 536 02ae 00       		.byte	0
 537 02af 04       		.uleb128 0x4
 538 02b0 78040000 		.4byte	.LASF49
 539 02b4 04       		.byte	0x4
 540 02b5 5C       		.byte	0x5c
 541 02b6 BA020000 		.4byte	0x2ba
 542 02ba 0A       		.uleb128 0xa
 543 02bb 04       		.byte	0x4
 544 02bc C0020000 		.4byte	0x2c0
 545 02c0 0C       		.uleb128 0xc
 546 02c1 CB020000 		.4byte	0x2cb
 547 02c5 0D       		.uleb128 0xd
 548 02c6 CB020000 		.4byte	0x2cb
 549 02ca 00       		.byte	0
 550 02cb 0E       		.uleb128 0xe
 551 02cc 04       		.byte	0x4
 552 02cd 04       		.uleb128 0x4
 553 02ce 9E010000 		.4byte	.LASF50
 554 02d2 04       		.byte	0x4
 555 02d3 61       		.byte	0x61
 556 02d4 D8020000 		.4byte	0x2d8
 557 02d8 0B       		.uleb128 0xb
 558 02d9 B7030000 		.4byte	.LASF51
 559 02dd 14       		.byte	0x14
 560 02de 05       		.byte	0x5
 561 02df 4501     		.2byte	0x145
 562 02e1 27030000 		.4byte	0x327
ARM GAS  /tmp/cc7MPyCg.s 			page 17


 563 02e5 09       		.uleb128 0x9
 564 02e6 E7040000 		.4byte	.LASF42
 565 02ea 05       		.byte	0x5
 566 02eb 4601     		.2byte	0x146
 567 02ed 81050000 		.4byte	0x581
 568 02f1 00       		.byte	0
 569 02f2 09       		.uleb128 0x9
 570 02f3 B9040000 		.4byte	.LASF45
 571 02f7 05       		.byte	0x5
 572 02f8 4701     		.2byte	0x147
 573 02fa 81050000 		.4byte	0x581
 574 02fe 04       		.byte	0x4
 575 02ff 09       		.uleb128 0x9
 576 0300 79000000 		.4byte	.LASF52
 577 0304 05       		.byte	0x5
 578 0305 4801     		.2byte	0x148
 579 0307 EF000000 		.4byte	0xef
 580 030b 08       		.byte	0x8
 581 030c 09       		.uleb128 0x9
 582 030d 3C010000 		.4byte	.LASF53
 583 0311 05       		.byte	0x5
 584 0312 4901     		.2byte	0x149
 585 0314 AF020000 		.4byte	0x2af
 586 0318 0C       		.byte	0xc
 587 0319 08       		.uleb128 0x8
 588 031a 70617200 		.ascii	"par\000"
 589 031e 05       		.byte	0x5
 590 031f 4B01     		.2byte	0x14b
 591 0321 CB020000 		.4byte	0x2cb
 592 0325 10       		.byte	0x10
 593 0326 00       		.byte	0
 594 0327 04       		.uleb128 0x4
 595 0328 09030000 		.4byte	.LASF54
 596 032c 04       		.byte	0x4
 597 032d 66       		.byte	0x66
 598 032e 32030000 		.4byte	0x332
 599 0332 0B       		.uleb128 0xb
 600 0333 BE040000 		.4byte	.LASF55
 601 0337 0C       		.byte	0xc
 602 0338 05       		.byte	0x5
 603 0339 5501     		.2byte	0x155
 604 033b 74030000 		.4byte	0x374
 605 033f 09       		.uleb128 0x9
 606 0340 E7040000 		.4byte	.LASF42
 607 0344 05       		.byte	0x5
 608 0345 5601     		.2byte	0x156
 609 0347 81050000 		.4byte	0x581
 610 034b 00       		.byte	0
 611 034c 09       		.uleb128 0x9
 612 034d B9040000 		.4byte	.LASF45
 613 0351 05       		.byte	0x5
 614 0352 5801     		.2byte	0x158
 615 0354 81050000 		.4byte	0x581
 616 0358 04       		.byte	0x4
 617 0359 09       		.uleb128 0x9
 618 035a 79000000 		.4byte	.LASF52
 619 035e 05       		.byte	0x5
ARM GAS  /tmp/cc7MPyCg.s 			page 18


 620 035f 5A01     		.2byte	0x15a
 621 0361 EF000000 		.4byte	0xef
 622 0365 08       		.byte	0x8
 623 0366 09       		.uleb128 0x9
 624 0367 6E010000 		.4byte	.LASF56
 625 036b 05       		.byte	0x5
 626 036c 6201     		.2byte	0x162
 627 036e EF000000 		.4byte	0xef
 628 0372 0A       		.byte	0xa
 629 0373 00       		.byte	0
 630 0374 04       		.uleb128 0x4
 631 0375 6A000000 		.4byte	.LASF57
 632 0379 04       		.byte	0x4
 633 037a 6B       		.byte	0x6b
 634 037b 7F030000 		.4byte	0x37f
 635 037f 0B       		.uleb128 0xb
 636 0380 11000000 		.4byte	.LASF58
 637 0384 04       		.byte	0x4
 638 0385 05       		.byte	0x5
 639 0386 7C01     		.2byte	0x17c
 640 0388 9A030000 		.4byte	0x39a
 641 038c 09       		.uleb128 0x9
 642 038d 13040000 		.4byte	.LASF59
 643 0391 05       		.byte	0x5
 644 0392 8401     		.2byte	0x184
 645 0394 87050000 		.4byte	0x587
 646 0398 00       		.byte	0
 647 0399 00       		.byte	0
 648 039a 04       		.uleb128 0x4
 649 039b E5000000 		.4byte	.LASF60
 650 039f 04       		.byte	0x4
 651 03a0 70       		.byte	0x70
 652 03a1 A5030000 		.4byte	0x3a5
 653 03a5 0B       		.uleb128 0xb
 654 03a6 87010000 		.4byte	.LASF61
 655 03aa 70       		.byte	0x70
 656 03ab 05       		.byte	0x5
 657 03ac 9C01     		.2byte	0x19c
 658 03ae E7030000 		.4byte	0x3e7
 659 03b2 09       		.uleb128 0x9
 660 03b3 A4030000 		.4byte	.LASF62
 661 03b7 05       		.byte	0x5
 662 03b8 A001     		.2byte	0x1a0
 663 03ba 48020000 		.4byte	0x248
 664 03be 00       		.byte	0
 665 03bf 09       		.uleb128 0x9
 666 03c0 DE000000 		.4byte	.LASF63
 667 03c4 05       		.byte	0x5
 668 03c5 A401     		.2byte	0x1a4
 669 03c7 27030000 		.4byte	0x327
 670 03cb 1C       		.byte	0x1c
 671 03cc 08       		.uleb128 0x8
 672 03cd 64626700 		.ascii	"dbg\000"
 673 03d1 05       		.byte	0x5
 674 03d2 A801     		.2byte	0x1a8
 675 03d4 74030000 		.4byte	0x374
 676 03d8 28       		.byte	0x28
ARM GAS  /tmp/cc7MPyCg.s 			page 19


 677 03d9 09       		.uleb128 0x9
 678 03da 4C000000 		.4byte	.LASF64
 679 03de 05       		.byte	0x5
 680 03df AC01     		.2byte	0x1ac
 681 03e1 FA000000 		.4byte	0xfa
 682 03e5 2C       		.byte	0x2c
 683 03e6 00       		.byte	0
 684 03e7 03       		.uleb128 0x3
 685 03e8 04       		.byte	0x4
 686 03e9 07       		.byte	0x7
 687 03ea 61000000 		.4byte	.LASF65
 688 03ee 04       		.uleb128 0x4
 689 03ef FA000000 		.4byte	.LASF66
 690 03f3 06       		.byte	0x6
 691 03f4 65       		.byte	0x65
 692 03f5 CB020000 		.4byte	0x2cb
 693 03f9 04       		.uleb128 0x4
 694 03fa 5E040000 		.4byte	.LASF67
 695 03fe 06       		.byte	0x6
 696 03ff 6D       		.byte	0x6d
 697 0400 90000000 		.4byte	0x90
 698 0404 05       		.uleb128 0x5
 699 0405 91010000 		.4byte	.LASF68
 700 0409 04       		.byte	0x4
 701 040a 06       		.byte	0x6
 702 040b 89       		.byte	0x89
 703 040c 1C040000 		.4byte	0x41c
 704 0410 07       		.uleb128 0x7
 705 0411 737000   		.ascii	"sp\000"
 706 0414 06       		.byte	0x6
 707 0415 8A       		.byte	0x8a
 708 0416 98040000 		.4byte	0x498
 709 041a 00       		.byte	0
 710 041b 00       		.byte	0
 711 041c 0B       		.uleb128 0xb
 712 041d 30040000 		.4byte	.LASF69
 713 0421 24       		.byte	0x24
 714 0422 07       		.byte	0x7
 715 0423 5901     		.2byte	0x159
 716 0425 98040000 		.4byte	0x498
 717 0429 08       		.uleb128 0x8
 718 042a 723400   		.ascii	"r4\000"
 719 042d 07       		.byte	0x7
 720 042e 6C01     		.2byte	0x16c
 721 0430 EE030000 		.4byte	0x3ee
 722 0434 00       		.byte	0
 723 0435 08       		.uleb128 0x8
 724 0436 723500   		.ascii	"r5\000"
 725 0439 07       		.byte	0x7
 726 043a 6D01     		.2byte	0x16d
 727 043c EE030000 		.4byte	0x3ee
 728 0440 04       		.byte	0x4
 729 0441 08       		.uleb128 0x8
 730 0442 723600   		.ascii	"r6\000"
 731 0445 07       		.byte	0x7
 732 0446 6E01     		.2byte	0x16e
 733 0448 EE030000 		.4byte	0x3ee
ARM GAS  /tmp/cc7MPyCg.s 			page 20


 734 044c 08       		.byte	0x8
 735 044d 08       		.uleb128 0x8
 736 044e 723700   		.ascii	"r7\000"
 737 0451 07       		.byte	0x7
 738 0452 6F01     		.2byte	0x16f
 739 0454 EE030000 		.4byte	0x3ee
 740 0458 0C       		.byte	0xc
 741 0459 08       		.uleb128 0x8
 742 045a 723800   		.ascii	"r8\000"
 743 045d 07       		.byte	0x7
 744 045e 7001     		.2byte	0x170
 745 0460 EE030000 		.4byte	0x3ee
 746 0464 10       		.byte	0x10
 747 0465 08       		.uleb128 0x8
 748 0466 723900   		.ascii	"r9\000"
 749 0469 07       		.byte	0x7
 750 046a 7101     		.2byte	0x171
 751 046c EE030000 		.4byte	0x3ee
 752 0470 14       		.byte	0x14
 753 0471 08       		.uleb128 0x8
 754 0472 72313000 		.ascii	"r10\000"
 755 0476 07       		.byte	0x7
 756 0477 7201     		.2byte	0x172
 757 0479 EE030000 		.4byte	0x3ee
 758 047d 18       		.byte	0x18
 759 047e 08       		.uleb128 0x8
 760 047f 72313100 		.ascii	"r11\000"
 761 0483 07       		.byte	0x7
 762 0484 7301     		.2byte	0x173
 763 0486 EE030000 		.4byte	0x3ee
 764 048a 1C       		.byte	0x1c
 765 048b 08       		.uleb128 0x8
 766 048c 6C7200   		.ascii	"lr\000"
 767 048f 07       		.byte	0x7
 768 0490 7401     		.2byte	0x174
 769 0492 EE030000 		.4byte	0x3ee
 770 0496 20       		.byte	0x20
 771 0497 00       		.byte	0
 772 0498 0A       		.uleb128 0xa
 773 0499 04       		.byte	0x4
 774 049a 1C040000 		.4byte	0x41c
 775 049e 0F       		.uleb128 0xf
 776 049f 04       		.byte	0x4
 777 04a0 05       		.byte	0x5
 778 04a1 D2       		.byte	0xd2
 779 04a2 01050000 		.4byte	0x501
 780 04a6 10       		.uleb128 0x10
 781 04a7 D5040000 		.4byte	.LASF70
 782 04ab 05       		.byte	0x5
 783 04ac D9       		.byte	0xd9
 784 04ad CE000000 		.4byte	0xce
 785 04b1 10       		.uleb128 0x10
 786 04b2 69040000 		.4byte	.LASF71
 787 04b6 05       		.byte	0x5
 788 04b7 E0       		.byte	0xe0
 789 04b8 CE000000 		.4byte	0xce
 790 04bc 10       		.uleb128 0x10
ARM GAS  /tmp/cc7MPyCg.s 			page 21


 791 04bd 4F040000 		.4byte	.LASF72
 792 04c1 05       		.byte	0x5
 793 04c2 E7       		.byte	0xe7
 794 04c3 CB020000 		.4byte	0x2cb
 795 04c7 10       		.uleb128 0x10
 796 04c8 1D040000 		.4byte	.LASF73
 797 04cc 05       		.byte	0x5
 798 04cd EE       		.byte	0xee
 799 04ce 01050000 		.4byte	0x501
 800 04d2 10       		.uleb128 0x10
 801 04d3 D6010000 		.4byte	.LASF74
 802 04d7 05       		.byte	0x5
 803 04d8 F3       		.byte	0xf3
 804 04d9 CE000000 		.4byte	0xce
 805 04dd 10       		.uleb128 0x10
 806 04de 7F000000 		.4byte	.LASF75
 807 04e2 05       		.byte	0x5
 808 04e3 FC       		.byte	0xfc
 809 04e4 2C050000 		.4byte	0x52c
 810 04e8 11       		.uleb128 0x11
 811 04e9 EC040000 		.4byte	.LASF76
 812 04ed 05       		.byte	0x5
 813 04ee 0501     		.2byte	0x105
 814 04f0 63050000 		.4byte	0x563
 815 04f4 11       		.uleb128 0x11
 816 04f5 BE020000 		.4byte	.LASF77
 817 04f9 05       		.byte	0x5
 818 04fa 0D01     		.2byte	0x10d
 819 04fc D9000000 		.4byte	0xd9
 820 0500 00       		.byte	0
 821 0501 0A       		.uleb128 0xa
 822 0502 04       		.byte	0x4
 823 0503 E3010000 		.4byte	0x1e3
 824 0507 05       		.uleb128 0x5
 825 0508 23040000 		.4byte	.LASF78
 826 050c 0C       		.byte	0xc
 827 050d 08       		.byte	0x8
 828 050e 34       		.byte	0x34
 829 050f 2C050000 		.4byte	0x52c
 830 0513 06       		.uleb128 0x6
 831 0514 E4010000 		.4byte	.LASF23
 832 0518 08       		.byte	0x8
 833 0519 35       		.byte	0x35
 834 051a 18020000 		.4byte	0x218
 835 051e 00       		.byte	0
 836 051f 07       		.uleb128 0x7
 837 0520 636E7400 		.ascii	"cnt\000"
 838 0524 08       		.byte	0x8
 839 0525 37       		.byte	0x37
 840 0526 E4000000 		.4byte	0xe4
 841 052a 08       		.byte	0x8
 842 052b 00       		.byte	0
 843 052c 0A       		.uleb128 0xa
 844 052d 04       		.byte	0x4
 845 052e 07050000 		.4byte	0x507
 846 0532 05       		.uleb128 0x5
 847 0533 1C010000 		.4byte	.LASF79
ARM GAS  /tmp/cc7MPyCg.s 			page 22


 848 0537 10       		.byte	0x10
 849 0538 09       		.byte	0x9
 850 0539 39       		.byte	0x39
 851 053a 63050000 		.4byte	0x563
 852 053e 06       		.uleb128 0x6
 853 053f E4010000 		.4byte	.LASF23
 854 0543 09       		.byte	0x9
 855 0544 3A       		.byte	0x3a
 856 0545 18020000 		.4byte	0x218
 857 0549 00       		.byte	0
 858 054a 06       		.uleb128 0x6
 859 054b 15020000 		.4byte	.LASF80
 860 054f 09       		.byte	0x9
 861 0550 3C       		.byte	0x3c
 862 0551 EE010000 		.4byte	0x1ee
 863 0555 08       		.byte	0x8
 864 0556 06       		.uleb128 0x6
 865 0557 E7040000 		.4byte	.LASF42
 866 055b 09       		.byte	0x9
 867 055c 3E       		.byte	0x3e
 868 055d 97050000 		.4byte	0x597
 869 0561 0C       		.byte	0xc
 870 0562 00       		.byte	0
 871 0563 0A       		.uleb128 0xa
 872 0564 04       		.byte	0x4
 873 0565 32050000 		.4byte	0x532
 874 0569 0A       		.uleb128 0xa
 875 056a 04       		.byte	0x4
 876 056b 6F050000 		.4byte	0x56f
 877 056f 12       		.uleb128 0x12
 878 0570 74050000 		.4byte	0x574
 879 0574 03       		.uleb128 0x3
 880 0575 01       		.byte	0x1
 881 0576 08       		.byte	0x8
 882 0577 AA030000 		.4byte	.LASF81
 883 057b 0A       		.uleb128 0xa
 884 057c 04       		.byte	0x4
 885 057d F9030000 		.4byte	0x3f9
 886 0581 0A       		.uleb128 0xa
 887 0582 04       		.byte	0x4
 888 0583 CD020000 		.4byte	0x2cd
 889 0587 13       		.uleb128 0x13
 890 0588 69050000 		.4byte	0x569
 891 058c 04       		.uleb128 0x4
 892 058d AF030000 		.4byte	.LASF82
 893 0591 09       		.byte	0x9
 894 0592 34       		.byte	0x34
 895 0593 32050000 		.4byte	0x532
 896 0597 0A       		.uleb128 0xa
 897 0598 04       		.byte	0x4
 898 0599 8C050000 		.4byte	0x58c
 899 059d 03       		.uleb128 0x3
 900 059e 01       		.byte	0x1
 901 059f 02       		.byte	0x2
 902 05a0 E6030000 		.4byte	.LASF83
 903 05a4 14       		.uleb128 0x14
 904 05a5 0C       		.byte	0xc
ARM GAS  /tmp/cc7MPyCg.s 			page 23


 905 05a6 0A       		.byte	0xa
 906 05a7 68       		.byte	0x68
 907 05a8 D1050000 		.4byte	0x5d1
 908 05ac 07       		.uleb128 0x7
 909 05ad 6F647200 		.ascii	"odr\000"
 910 05b1 0A       		.byte	0xa
 911 05b2 6A       		.byte	0x6a
 912 05b3 77000000 		.4byte	0x77
 913 05b7 00       		.byte	0
 914 05b8 07       		.uleb128 0x7
 915 05b9 63726C00 		.ascii	"crl\000"
 916 05bd 0A       		.byte	0xa
 917 05be 6C       		.byte	0x6c
 918 05bf 77000000 		.4byte	0x77
 919 05c3 04       		.byte	0x4
 920 05c4 07       		.uleb128 0x7
 921 05c5 63726800 		.ascii	"crh\000"
 922 05c9 0A       		.byte	0xa
 923 05ca 6E       		.byte	0x6e
 924 05cb 77000000 		.4byte	0x77
 925 05cf 08       		.byte	0x8
 926 05d0 00       		.byte	0
 927 05d1 04       		.uleb128 0x4
 928 05d2 F6020000 		.4byte	.LASF84
 929 05d6 0A       		.byte	0xa
 930 05d7 6F       		.byte	0x6f
 931 05d8 A4050000 		.4byte	0x5a4
 932 05dc 14       		.uleb128 0x14
 933 05dd 3C       		.byte	0x3c
 934 05de 0A       		.byte	0xa
 935 05df 78       		.byte	0x78
 936 05e0 21060000 		.4byte	0x621
 937 05e4 06       		.uleb128 0x6
 938 05e5 EF010000 		.4byte	.LASF85
 939 05e9 0A       		.byte	0xa
 940 05ea 7A       		.byte	0x7a
 941 05eb D1050000 		.4byte	0x5d1
 942 05ef 00       		.byte	0
 943 05f0 06       		.uleb128 0x6
 944 05f1 DF030000 		.4byte	.LASF86
 945 05f5 0A       		.byte	0xa
 946 05f6 7C       		.byte	0x7c
 947 05f7 D1050000 		.4byte	0x5d1
 948 05fb 0C       		.byte	0xc
 949 05fc 06       		.uleb128 0x6
 950 05fd F6010000 		.4byte	.LASF87
 951 0601 0A       		.byte	0xa
 952 0602 7E       		.byte	0x7e
 953 0603 D1050000 		.4byte	0x5d1
 954 0607 18       		.byte	0x18
 955 0608 06       		.uleb128 0x6
 956 0609 80010000 		.4byte	.LASF88
 957 060d 0A       		.byte	0xa
 958 060e 80       		.byte	0x80
 959 060f D1050000 		.4byte	0x5d1
 960 0613 24       		.byte	0x24
 961 0614 06       		.uleb128 0x6
ARM GAS  /tmp/cc7MPyCg.s 			page 24


 962 0615 F1030000 		.4byte	.LASF89
 963 0619 0A       		.byte	0xa
 964 061a 83       		.byte	0x83
 965 061b D1050000 		.4byte	0x5d1
 966 061f 30       		.byte	0x30
 967 0620 00       		.byte	0
 968 0621 04       		.uleb128 0x4
 969 0622 FD010000 		.4byte	.LASF90
 970 0626 0A       		.byte	0xa
 971 0627 8D       		.byte	0x8d
 972 0628 DC050000 		.4byte	0x5dc
 973 062c 15       		.uleb128 0x15
 974 062d B8010000 		.4byte	.LASF96
 975 0631 01       		.byte	0x1
 976 0632 28       		.byte	0x28
 977 0633 00000000 		.4byte	.LFB219
 978 0637 04000000 		.4byte	.LFE219-.LFB219
 979 063b 01       		.uleb128 0x1
 980 063c 9C       		.byte	0x9c
 981 063d 4B060000 		.4byte	0x64b
 982 0641 16       		.uleb128 0x16
 983 0642 04000000 		.4byte	.LVL0
 984 0646 8E060000 		.4byte	0x68e
 985 064a 00       		.byte	0
 986 064b 17       		.uleb128 0x17
 987 064c AE010000 		.4byte	.LASF97
 988 0650 01       		.byte	0x1
 989 0651 30       		.byte	0x30
 990 0652 00000000 		.4byte	.LFB220
 991 0656 02000000 		.4byte	.LFE220-.LFB220
 992 065a 01       		.uleb128 0x1
 993 065b 9C       		.byte	0x9c
 994 065c 18       		.uleb128 0x18
 995 065d AC040000 		.4byte	.LASF91
 996 0661 0B       		.byte	0xb
 997 0662 9606     		.2byte	0x696
 998 0664 68060000 		.4byte	0x668
 999 0668 13       		.uleb128 0x13
 1000 0669 65000000 		.4byte	0x65
 1001 066d 19       		.uleb128 0x19
 1002 066e 636800   		.ascii	"ch\000"
 1003 0671 05       		.byte	0x5
 1004 0672 D201     		.2byte	0x1d2
 1005 0674 9A030000 		.4byte	0x39a
 1006 0678 1A       		.uleb128 0x1a
 1007 0679 2A000000 		.4byte	.LASF92
 1008 067d 01       		.byte	0x1
 1009 067e 19       		.byte	0x19
 1010 067f 89060000 		.4byte	0x689
 1011 0683 05       		.uleb128 0x5
 1012 0684 03       		.byte	0x3
 1013 0685 00000000 		.4byte	pal_default_config
 1014 0689 12       		.uleb128 0x12
 1015 068a 21060000 		.4byte	0x621
 1016 068e 1B       		.uleb128 0x1b
 1017 068f C5010000 		.4byte	.LASF98
 1018 0693 0C       		.byte	0xc
ARM GAS  /tmp/cc7MPyCg.s 			page 25


 1019 0694 D8       		.byte	0xd8
 1020 0695 00       		.byte	0
 1021              		.section	.debug_abbrev,"",%progbits
 1022              	.Ldebug_abbrev0:
 1023 0000 01       		.uleb128 0x1
 1024 0001 11       		.uleb128 0x11
 1025 0002 01       		.byte	0x1
 1026 0003 25       		.uleb128 0x25
 1027 0004 0E       		.uleb128 0xe
 1028 0005 13       		.uleb128 0x13
 1029 0006 0B       		.uleb128 0xb
 1030 0007 03       		.uleb128 0x3
 1031 0008 0E       		.uleb128 0xe
 1032 0009 1B       		.uleb128 0x1b
 1033 000a 0E       		.uleb128 0xe
 1034 000b 55       		.uleb128 0x55
 1035 000c 17       		.uleb128 0x17
 1036 000d 11       		.uleb128 0x11
 1037 000e 01       		.uleb128 0x1
 1038 000f 10       		.uleb128 0x10
 1039 0010 17       		.uleb128 0x17
 1040 0011 00       		.byte	0
 1041 0012 00       		.byte	0
 1042 0013 02       		.uleb128 0x2
 1043 0014 24       		.uleb128 0x24
 1044 0015 00       		.byte	0
 1045 0016 0B       		.uleb128 0xb
 1046 0017 0B       		.uleb128 0xb
 1047 0018 3E       		.uleb128 0x3e
 1048 0019 0B       		.uleb128 0xb
 1049 001a 03       		.uleb128 0x3
 1050 001b 08       		.uleb128 0x8
 1051 001c 00       		.byte	0
 1052 001d 00       		.byte	0
 1053 001e 03       		.uleb128 0x3
 1054 001f 24       		.uleb128 0x24
 1055 0020 00       		.byte	0
 1056 0021 0B       		.uleb128 0xb
 1057 0022 0B       		.uleb128 0xb
 1058 0023 3E       		.uleb128 0x3e
 1059 0024 0B       		.uleb128 0xb
 1060 0025 03       		.uleb128 0x3
 1061 0026 0E       		.uleb128 0xe
 1062 0027 00       		.byte	0
 1063 0028 00       		.byte	0
 1064 0029 04       		.uleb128 0x4
 1065 002a 16       		.uleb128 0x16
 1066 002b 00       		.byte	0
 1067 002c 03       		.uleb128 0x3
 1068 002d 0E       		.uleb128 0xe
 1069 002e 3A       		.uleb128 0x3a
 1070 002f 0B       		.uleb128 0xb
 1071 0030 3B       		.uleb128 0x3b
 1072 0031 0B       		.uleb128 0xb
 1073 0032 49       		.uleb128 0x49
 1074 0033 13       		.uleb128 0x13
 1075 0034 00       		.byte	0
ARM GAS  /tmp/cc7MPyCg.s 			page 26


 1076 0035 00       		.byte	0
 1077 0036 05       		.uleb128 0x5
 1078 0037 13       		.uleb128 0x13
 1079 0038 01       		.byte	0x1
 1080 0039 03       		.uleb128 0x3
 1081 003a 0E       		.uleb128 0xe
 1082 003b 0B       		.uleb128 0xb
 1083 003c 0B       		.uleb128 0xb
 1084 003d 3A       		.uleb128 0x3a
 1085 003e 0B       		.uleb128 0xb
 1086 003f 3B       		.uleb128 0x3b
 1087 0040 0B       		.uleb128 0xb
 1088 0041 01       		.uleb128 0x1
 1089 0042 13       		.uleb128 0x13
 1090 0043 00       		.byte	0
 1091 0044 00       		.byte	0
 1092 0045 06       		.uleb128 0x6
 1093 0046 0D       		.uleb128 0xd
 1094 0047 00       		.byte	0
 1095 0048 03       		.uleb128 0x3
 1096 0049 0E       		.uleb128 0xe
 1097 004a 3A       		.uleb128 0x3a
 1098 004b 0B       		.uleb128 0xb
 1099 004c 3B       		.uleb128 0x3b
 1100 004d 0B       		.uleb128 0xb
 1101 004e 49       		.uleb128 0x49
 1102 004f 13       		.uleb128 0x13
 1103 0050 38       		.uleb128 0x38
 1104 0051 0B       		.uleb128 0xb
 1105 0052 00       		.byte	0
 1106 0053 00       		.byte	0
 1107 0054 07       		.uleb128 0x7
 1108 0055 0D       		.uleb128 0xd
 1109 0056 00       		.byte	0
 1110 0057 03       		.uleb128 0x3
 1111 0058 08       		.uleb128 0x8
 1112 0059 3A       		.uleb128 0x3a
 1113 005a 0B       		.uleb128 0xb
 1114 005b 3B       		.uleb128 0x3b
 1115 005c 0B       		.uleb128 0xb
 1116 005d 49       		.uleb128 0x49
 1117 005e 13       		.uleb128 0x13
 1118 005f 38       		.uleb128 0x38
 1119 0060 0B       		.uleb128 0xb
 1120 0061 00       		.byte	0
 1121 0062 00       		.byte	0
 1122 0063 08       		.uleb128 0x8
 1123 0064 0D       		.uleb128 0xd
 1124 0065 00       		.byte	0
 1125 0066 03       		.uleb128 0x3
 1126 0067 08       		.uleb128 0x8
 1127 0068 3A       		.uleb128 0x3a
 1128 0069 0B       		.uleb128 0xb
 1129 006a 3B       		.uleb128 0x3b
 1130 006b 05       		.uleb128 0x5
 1131 006c 49       		.uleb128 0x49
 1132 006d 13       		.uleb128 0x13
ARM GAS  /tmp/cc7MPyCg.s 			page 27


 1133 006e 38       		.uleb128 0x38
 1134 006f 0B       		.uleb128 0xb
 1135 0070 00       		.byte	0
 1136 0071 00       		.byte	0
 1137 0072 09       		.uleb128 0x9
 1138 0073 0D       		.uleb128 0xd
 1139 0074 00       		.byte	0
 1140 0075 03       		.uleb128 0x3
 1141 0076 0E       		.uleb128 0xe
 1142 0077 3A       		.uleb128 0x3a
 1143 0078 0B       		.uleb128 0xb
 1144 0079 3B       		.uleb128 0x3b
 1145 007a 05       		.uleb128 0x5
 1146 007b 49       		.uleb128 0x49
 1147 007c 13       		.uleb128 0x13
 1148 007d 38       		.uleb128 0x38
 1149 007e 0B       		.uleb128 0xb
 1150 007f 00       		.byte	0
 1151 0080 00       		.byte	0
 1152 0081 0A       		.uleb128 0xa
 1153 0082 0F       		.uleb128 0xf
 1154 0083 00       		.byte	0
 1155 0084 0B       		.uleb128 0xb
 1156 0085 0B       		.uleb128 0xb
 1157 0086 49       		.uleb128 0x49
 1158 0087 13       		.uleb128 0x13
 1159 0088 00       		.byte	0
 1160 0089 00       		.byte	0
 1161 008a 0B       		.uleb128 0xb
 1162 008b 13       		.uleb128 0x13
 1163 008c 01       		.byte	0x1
 1164 008d 03       		.uleb128 0x3
 1165 008e 0E       		.uleb128 0xe
 1166 008f 0B       		.uleb128 0xb
 1167 0090 0B       		.uleb128 0xb
 1168 0091 3A       		.uleb128 0x3a
 1169 0092 0B       		.uleb128 0xb
 1170 0093 3B       		.uleb128 0x3b
 1171 0094 05       		.uleb128 0x5
 1172 0095 01       		.uleb128 0x1
 1173 0096 13       		.uleb128 0x13
 1174 0097 00       		.byte	0
 1175 0098 00       		.byte	0
 1176 0099 0C       		.uleb128 0xc
 1177 009a 15       		.uleb128 0x15
 1178 009b 01       		.byte	0x1
 1179 009c 27       		.uleb128 0x27
 1180 009d 19       		.uleb128 0x19
 1181 009e 01       		.uleb128 0x1
 1182 009f 13       		.uleb128 0x13
 1183 00a0 00       		.byte	0
 1184 00a1 00       		.byte	0
 1185 00a2 0D       		.uleb128 0xd
 1186 00a3 05       		.uleb128 0x5
 1187 00a4 00       		.byte	0
 1188 00a5 49       		.uleb128 0x49
 1189 00a6 13       		.uleb128 0x13
ARM GAS  /tmp/cc7MPyCg.s 			page 28


 1190 00a7 00       		.byte	0
 1191 00a8 00       		.byte	0
 1192 00a9 0E       		.uleb128 0xe
 1193 00aa 0F       		.uleb128 0xf
 1194 00ab 00       		.byte	0
 1195 00ac 0B       		.uleb128 0xb
 1196 00ad 0B       		.uleb128 0xb
 1197 00ae 00       		.byte	0
 1198 00af 00       		.byte	0
 1199 00b0 0F       		.uleb128 0xf
 1200 00b1 17       		.uleb128 0x17
 1201 00b2 01       		.byte	0x1
 1202 00b3 0B       		.uleb128 0xb
 1203 00b4 0B       		.uleb128 0xb
 1204 00b5 3A       		.uleb128 0x3a
 1205 00b6 0B       		.uleb128 0xb
 1206 00b7 3B       		.uleb128 0x3b
 1207 00b8 0B       		.uleb128 0xb
 1208 00b9 01       		.uleb128 0x1
 1209 00ba 13       		.uleb128 0x13
 1210 00bb 00       		.byte	0
 1211 00bc 00       		.byte	0
 1212 00bd 10       		.uleb128 0x10
 1213 00be 0D       		.uleb128 0xd
 1214 00bf 00       		.byte	0
 1215 00c0 03       		.uleb128 0x3
 1216 00c1 0E       		.uleb128 0xe
 1217 00c2 3A       		.uleb128 0x3a
 1218 00c3 0B       		.uleb128 0xb
 1219 00c4 3B       		.uleb128 0x3b
 1220 00c5 0B       		.uleb128 0xb
 1221 00c6 49       		.uleb128 0x49
 1222 00c7 13       		.uleb128 0x13
 1223 00c8 00       		.byte	0
 1224 00c9 00       		.byte	0
 1225 00ca 11       		.uleb128 0x11
 1226 00cb 0D       		.uleb128 0xd
 1227 00cc 00       		.byte	0
 1228 00cd 03       		.uleb128 0x3
 1229 00ce 0E       		.uleb128 0xe
 1230 00cf 3A       		.uleb128 0x3a
 1231 00d0 0B       		.uleb128 0xb
 1232 00d1 3B       		.uleb128 0x3b
 1233 00d2 05       		.uleb128 0x5
 1234 00d3 49       		.uleb128 0x49
 1235 00d4 13       		.uleb128 0x13
 1236 00d5 00       		.byte	0
 1237 00d6 00       		.byte	0
 1238 00d7 12       		.uleb128 0x12
 1239 00d8 26       		.uleb128 0x26
 1240 00d9 00       		.byte	0
 1241 00da 49       		.uleb128 0x49
 1242 00db 13       		.uleb128 0x13
 1243 00dc 00       		.byte	0
 1244 00dd 00       		.byte	0
 1245 00de 13       		.uleb128 0x13
 1246 00df 35       		.uleb128 0x35
ARM GAS  /tmp/cc7MPyCg.s 			page 29


 1247 00e0 00       		.byte	0
 1248 00e1 49       		.uleb128 0x49
 1249 00e2 13       		.uleb128 0x13
 1250 00e3 00       		.byte	0
 1251 00e4 00       		.byte	0
 1252 00e5 14       		.uleb128 0x14
 1253 00e6 13       		.uleb128 0x13
 1254 00e7 01       		.byte	0x1
 1255 00e8 0B       		.uleb128 0xb
 1256 00e9 0B       		.uleb128 0xb
 1257 00ea 3A       		.uleb128 0x3a
 1258 00eb 0B       		.uleb128 0xb
 1259 00ec 3B       		.uleb128 0x3b
 1260 00ed 0B       		.uleb128 0xb
 1261 00ee 01       		.uleb128 0x1
 1262 00ef 13       		.uleb128 0x13
 1263 00f0 00       		.byte	0
 1264 00f1 00       		.byte	0
 1265 00f2 15       		.uleb128 0x15
 1266 00f3 2E       		.uleb128 0x2e
 1267 00f4 01       		.byte	0x1
 1268 00f5 3F       		.uleb128 0x3f
 1269 00f6 19       		.uleb128 0x19
 1270 00f7 03       		.uleb128 0x3
 1271 00f8 0E       		.uleb128 0xe
 1272 00f9 3A       		.uleb128 0x3a
 1273 00fa 0B       		.uleb128 0xb
 1274 00fb 3B       		.uleb128 0x3b
 1275 00fc 0B       		.uleb128 0xb
 1276 00fd 27       		.uleb128 0x27
 1277 00fe 19       		.uleb128 0x19
 1278 00ff 11       		.uleb128 0x11
 1279 0100 01       		.uleb128 0x1
 1280 0101 12       		.uleb128 0x12
 1281 0102 06       		.uleb128 0x6
 1282 0103 40       		.uleb128 0x40
 1283 0104 18       		.uleb128 0x18
 1284 0105 9742     		.uleb128 0x2117
 1285 0107 19       		.uleb128 0x19
 1286 0108 01       		.uleb128 0x1
 1287 0109 13       		.uleb128 0x13
 1288 010a 00       		.byte	0
 1289 010b 00       		.byte	0
 1290 010c 16       		.uleb128 0x16
 1291 010d 898201   		.uleb128 0x4109
 1292 0110 00       		.byte	0
 1293 0111 11       		.uleb128 0x11
 1294 0112 01       		.uleb128 0x1
 1295 0113 9542     		.uleb128 0x2115
 1296 0115 19       		.uleb128 0x19
 1297 0116 31       		.uleb128 0x31
 1298 0117 13       		.uleb128 0x13
 1299 0118 00       		.byte	0
 1300 0119 00       		.byte	0
 1301 011a 17       		.uleb128 0x17
 1302 011b 2E       		.uleb128 0x2e
 1303 011c 00       		.byte	0
ARM GAS  /tmp/cc7MPyCg.s 			page 30


 1304 011d 3F       		.uleb128 0x3f
 1305 011e 19       		.uleb128 0x19
 1306 011f 03       		.uleb128 0x3
 1307 0120 0E       		.uleb128 0xe
 1308 0121 3A       		.uleb128 0x3a
 1309 0122 0B       		.uleb128 0xb
 1310 0123 3B       		.uleb128 0x3b
 1311 0124 0B       		.uleb128 0xb
 1312 0125 27       		.uleb128 0x27
 1313 0126 19       		.uleb128 0x19
 1314 0127 11       		.uleb128 0x11
 1315 0128 01       		.uleb128 0x1
 1316 0129 12       		.uleb128 0x12
 1317 012a 06       		.uleb128 0x6
 1318 012b 40       		.uleb128 0x40
 1319 012c 18       		.uleb128 0x18
 1320 012d 9742     		.uleb128 0x2117
 1321 012f 19       		.uleb128 0x19
 1322 0130 00       		.byte	0
 1323 0131 00       		.byte	0
 1324 0132 18       		.uleb128 0x18
 1325 0133 34       		.uleb128 0x34
 1326 0134 00       		.byte	0
 1327 0135 03       		.uleb128 0x3
 1328 0136 0E       		.uleb128 0xe
 1329 0137 3A       		.uleb128 0x3a
 1330 0138 0B       		.uleb128 0xb
 1331 0139 3B       		.uleb128 0x3b
 1332 013a 05       		.uleb128 0x5
 1333 013b 49       		.uleb128 0x49
 1334 013c 13       		.uleb128 0x13
 1335 013d 3F       		.uleb128 0x3f
 1336 013e 19       		.uleb128 0x19
 1337 013f 3C       		.uleb128 0x3c
 1338 0140 19       		.uleb128 0x19
 1339 0141 00       		.byte	0
 1340 0142 00       		.byte	0
 1341 0143 19       		.uleb128 0x19
 1342 0144 34       		.uleb128 0x34
 1343 0145 00       		.byte	0
 1344 0146 03       		.uleb128 0x3
 1345 0147 08       		.uleb128 0x8
 1346 0148 3A       		.uleb128 0x3a
 1347 0149 0B       		.uleb128 0xb
 1348 014a 3B       		.uleb128 0x3b
 1349 014b 05       		.uleb128 0x5
 1350 014c 49       		.uleb128 0x49
 1351 014d 13       		.uleb128 0x13
 1352 014e 3F       		.uleb128 0x3f
 1353 014f 19       		.uleb128 0x19
 1354 0150 3C       		.uleb128 0x3c
 1355 0151 19       		.uleb128 0x19
 1356 0152 00       		.byte	0
 1357 0153 00       		.byte	0
 1358 0154 1A       		.uleb128 0x1a
 1359 0155 34       		.uleb128 0x34
 1360 0156 00       		.byte	0
ARM GAS  /tmp/cc7MPyCg.s 			page 31


 1361 0157 03       		.uleb128 0x3
 1362 0158 0E       		.uleb128 0xe
 1363 0159 3A       		.uleb128 0x3a
 1364 015a 0B       		.uleb128 0xb
 1365 015b 3B       		.uleb128 0x3b
 1366 015c 0B       		.uleb128 0xb
 1367 015d 49       		.uleb128 0x49
 1368 015e 13       		.uleb128 0x13
 1369 015f 3F       		.uleb128 0x3f
 1370 0160 19       		.uleb128 0x19
 1371 0161 02       		.uleb128 0x2
 1372 0162 18       		.uleb128 0x18
 1373 0163 00       		.byte	0
 1374 0164 00       		.byte	0
 1375 0165 1B       		.uleb128 0x1b
 1376 0166 2E       		.uleb128 0x2e
 1377 0167 00       		.byte	0
 1378 0168 3F       		.uleb128 0x3f
 1379 0169 19       		.uleb128 0x19
 1380 016a 03       		.uleb128 0x3
 1381 016b 0E       		.uleb128 0xe
 1382 016c 3A       		.uleb128 0x3a
 1383 016d 0B       		.uleb128 0xb
 1384 016e 3B       		.uleb128 0x3b
 1385 016f 0B       		.uleb128 0xb
 1386 0170 27       		.uleb128 0x27
 1387 0171 19       		.uleb128 0x19
 1388 0172 3C       		.uleb128 0x3c
 1389 0173 19       		.uleb128 0x19
 1390 0174 00       		.byte	0
 1391 0175 00       		.byte	0
 1392 0176 00       		.byte	0
 1393              		.section	.debug_aranges,"",%progbits
 1394 0000 24000000 		.4byte	0x24
 1395 0004 0200     		.2byte	0x2
 1396 0006 00000000 		.4byte	.Ldebug_info0
 1397 000a 04       		.byte	0x4
 1398 000b 00       		.byte	0
 1399 000c 0000     		.2byte	0
 1400 000e 0000     		.2byte	0
 1401 0010 00000000 		.4byte	.LFB219
 1402 0014 04000000 		.4byte	.LFE219-.LFB219
 1403 0018 00000000 		.4byte	.LFB220
 1404 001c 02000000 		.4byte	.LFE220-.LFB220
 1405 0020 00000000 		.4byte	0
 1406 0024 00000000 		.4byte	0
 1407              		.section	.debug_ranges,"",%progbits
 1408              	.Ldebug_ranges0:
 1409 0000 00000000 		.4byte	.LFB219
 1410 0004 04000000 		.4byte	.LFE219
 1411 0008 00000000 		.4byte	.LFB220
 1412 000c 02000000 		.4byte	.LFE220
 1413 0010 00000000 		.4byte	0
 1414 0014 00000000 		.4byte	0
 1415              		.section	.debug_line,"",%progbits
 1416              	.Ldebug_line0:
 1417 0000 23020000 		.section	.debug_str,"MS",%progbits,1
ARM GAS  /tmp/cc7MPyCg.s 			page 32


 1417      0200FE01 
 1417      00000201 
 1417      FB0E0D00 
 1417      01010101 
 1418              	.LASF22:
 1419 0000 74687265 		.ascii	"thread_t\000"
 1419      61645F74 
 1419      00
 1420              	.LASF16:
 1421 0009 74726566 		.ascii	"trefs_t\000"
 1421      735F7400 
 1422              	.LASF58:
 1423 0011 63685F73 		.ascii	"ch_system_debug\000"
 1423      79737465 
 1423      6D5F6465 
 1423      62756700 
 1424              	.LASF34:
 1425 0021 6570656E 		.ascii	"epending\000"
 1425      64696E67 
 1425      00
 1426              	.LASF92:
 1427 002a 70616C5F 		.ascii	"pal_default_config\000"
 1427      64656661 
 1427      756C745F 
 1427      636F6E66 
 1427      696700
 1428              	.LASF29:
 1429 003d 73746174 		.ascii	"state\000"
 1429      6500
 1430              	.LASF12:
 1431 0043 75696E74 		.ascii	"uint64_t\000"
 1431      36345F74 
 1431      00
 1432              	.LASF64:
 1433 004c 6D61696E 		.ascii	"mainthread\000"
 1433      74687265 
 1433      616400
 1434              	.LASF3:
 1435 0057 73686F72 		.ascii	"short int\000"
 1435      7420696E 
 1435      7400
 1436              	.LASF65:
 1437 0061 73697A65 		.ascii	"sizetype\000"
 1437      74797065 
 1437      00
 1438              	.LASF57:
 1439 006a 73797374 		.ascii	"system_debug_t\000"
 1439      656D5F64 
 1439      65627567 
 1439      5F7400
 1440              	.LASF52:
 1441 0079 64656C74 		.ascii	"delta\000"
 1441      6100
 1442              	.LASF75:
 1443 007f 77747365 		.ascii	"wtsemp\000"
 1443      6D7000
 1444              	.LASF19:
ARM GAS  /tmp/cc7MPyCg.s 			page 33


 1445 0086 6576656E 		.ascii	"eventmask_t\000"
 1445      746D6173 
 1445      6B5F7400 
 1446              	.LASF94:
 1447 0092 2E2E2F2E 		.ascii	"../../../os/hal/boards/ST_STM32VL_DISCOVERY/board.c"
 1447      2E2F2E2E 
 1447      2F6F732F 
 1447      68616C2F 
 1447      626F6172 
 1448 00c5 00       		.ascii	"\000"
 1449              	.LASF14:
 1450 00c6 746D6F64 		.ascii	"tmode_t\000"
 1450      655F7400 
 1451              	.LASF41:
 1452 00ce 63685F74 		.ascii	"ch_threads_list\000"
 1452      68726561 
 1452      64735F6C 
 1452      69737400 
 1453              	.LASF63:
 1454 00de 76746C69 		.ascii	"vtlist\000"
 1454      737400
 1455              	.LASF60:
 1456 00e5 63685F73 		.ascii	"ch_system_t\000"
 1456      79737465 
 1456      6D5F7400 
 1457              	.LASF33:
 1458 00f1 6D736771 		.ascii	"msgqueue\000"
 1458      75657565 
 1458      00
 1459              	.LASF66:
 1460 00fa 72656761 		.ascii	"regarm_t\000"
 1460      726D5F74 
 1460      00
 1461              	.LASF4:
 1462 0103 75696E74 		.ascii	"uint8_t\000"
 1462      385F7400 
 1463              	.LASF44:
 1464 010b 63685F74 		.ascii	"ch_threads_queue\000"
 1464      68726561 
 1464      64735F71 
 1464      75657565 
 1464      00
 1465              	.LASF79:
 1466 011c 63685F6D 		.ascii	"ch_mutex\000"
 1466      75746578 
 1466      00
 1467              	.LASF40:
 1468 0125 63685F74 		.ascii	"ch_thread\000"
 1468      68726561 
 1468      6400
 1469              	.LASF26:
 1470 012f 6F6C6465 		.ascii	"older\000"
 1470      7200
 1471              	.LASF28:
 1472 0135 77616261 		.ascii	"wabase\000"
 1472      736500
 1473              	.LASF53:
ARM GAS  /tmp/cc7MPyCg.s 			page 34


 1474 013c 66756E63 		.ascii	"func\000"
 1474      00
 1475              	.LASF11:
 1476 0141 6C6F6E67 		.ascii	"long long int\000"
 1476      206C6F6E 
 1476      6720696E 
 1476      7400
 1477              	.LASF13:
 1478 014f 6C6F6E67 		.ascii	"long long unsigned int\000"
 1478      206C6F6E 
 1478      6720756E 
 1478      7369676E 
 1478      65642069 
 1479              	.LASF17:
 1480 0166 74707269 		.ascii	"tprio_t\000"
 1480      6F5F7400 
 1481              	.LASF56:
 1482 016e 6C617374 		.ascii	"lasttime\000"
 1482      74696D65 
 1482      00
 1483              	.LASF8:
 1484 0177 6C6F6E67 		.ascii	"long int\000"
 1484      20696E74 
 1484      00
 1485              	.LASF88:
 1486 0180 50444461 		.ascii	"PDData\000"
 1486      746100
 1487              	.LASF61:
 1488 0187 63685F73 		.ascii	"ch_system\000"
 1488      79737465 
 1488      6D00
 1489              	.LASF68:
 1490 0191 706F7274 		.ascii	"port_context\000"
 1490      5F636F6E 
 1490      74657874 
 1490      00
 1491              	.LASF50:
 1492 019e 76697274 		.ascii	"virtual_timer_t\000"
 1492      75616C5F 
 1492      74696D65 
 1492      725F7400 
 1493              	.LASF97:
 1494 01ae 626F6172 		.ascii	"boardInit\000"
 1494      64496E69 
 1494      7400
 1495              	.LASF96:
 1496 01b8 5F5F6561 		.ascii	"__early_init\000"
 1496      726C795F 
 1496      696E6974 
 1496      00
 1497              	.LASF98:
 1498 01c5 73746D33 		.ascii	"stm32_clock_init\000"
 1498      325F636C 
 1498      6F636B5F 
 1498      696E6974 
 1498      00
 1499              	.LASF74:
ARM GAS  /tmp/cc7MPyCg.s 			page 35


 1500 01d6 73656E74 		.ascii	"sentmsg\000"
 1500      6D736700 
 1501              	.LASF25:
 1502 01de 6E657765 		.ascii	"newer\000"
 1502      7200
 1503              	.LASF23:
 1504 01e4 71756575 		.ascii	"queue\000"
 1504      6500
 1505              	.LASF27:
 1506 01ea 6E616D65 		.ascii	"name\000"
 1506      00
 1507              	.LASF85:
 1508 01ef 50414461 		.ascii	"PAData\000"
 1508      746100
 1509              	.LASF87:
 1510 01f6 50434461 		.ascii	"PCData\000"
 1510      746100
 1511              	.LASF90:
 1512 01fd 50414C43 		.ascii	"PALConfig\000"
 1512      6F6E6669 
 1512      6700
 1513              	.LASF2:
 1514 0207 756E7369 		.ascii	"unsigned char\000"
 1514      676E6564 
 1514      20636861 
 1514      7200
 1515              	.LASF80:
 1516 0215 6F776E65 		.ascii	"owner\000"
 1516      7200
 1517              	.LASF93:
 1518 021b 474E5520 		.ascii	"GNU C 4.8.1 -mcpu=cortex-m3 -mno-thumb-interwork -m"
 1518      4320342E 
 1518      382E3120 
 1518      2D6D6370 
 1518      753D636F 
 1519 024e 7468756D 		.ascii	"thumb -ggdb -O2 -fomit-frame-pointer -falign-functi"
 1519      62202D67 
 1519      67646220 
 1519      2D4F3220 
 1519      2D666F6D 
 1520 0281 6F6E733D 		.ascii	"ons=16 -ffunction-sections -fdata-sections -fno-com"
 1520      3136202D 
 1520      6666756E 
 1520      6374696F 
 1520      6E2D7365 
 1521 02b4 6D6F6E20 		.ascii	"mon -flto\000"
 1521      2D666C74 
 1521      6F00
 1522              	.LASF77:
 1523 02be 65776D61 		.ascii	"ewmask\000"
 1523      736B00
 1524              	.LASF1:
 1525 02c5 7369676E 		.ascii	"signed char\000"
 1525      65642063 
 1525      68617200 
 1526              	.LASF30:
 1527 02d1 666C6167 		.ascii	"flags\000"
ARM GAS  /tmp/cc7MPyCg.s 			page 36


 1527      7300
 1528              	.LASF9:
 1529 02d7 75696E74 		.ascii	"uint32_t\000"
 1529      33325F74 
 1529      00
 1530              	.LASF0:
 1531 02e0 756E7369 		.ascii	"unsigned int\000"
 1531      676E6564 
 1531      20696E74 
 1531      00
 1532              	.LASF5:
 1533 02ed 75696E74 		.ascii	"uint16_t\000"
 1533      31365F74 
 1533      00
 1534              	.LASF84:
 1535 02f6 73746D33 		.ascii	"stm32_gpio_setup_t\000"
 1535      325F6770 
 1535      696F5F73 
 1535      65747570 
 1535      5F7400
 1536              	.LASF54:
 1537 0309 76697274 		.ascii	"virtual_timers_list_t\000"
 1537      75616C5F 
 1537      74696D65 
 1537      72735F6C 
 1537      6973745F 
 1538              	.LASF43:
 1539 031f 74687265 		.ascii	"threads_queue_t\000"
 1539      6164735F 
 1539      71756575 
 1539      655F7400 
 1540              	.LASF6:
 1541 032f 73686F72 		.ascii	"short unsigned int\000"
 1541      7420756E 
 1541      7369676E 
 1541      65642069 
 1541      6E7400
 1542              	.LASF95:
 1543 0342 2F686F6D 		.ascii	"/home/julian/MEGA/semestre_ix/Crasby/ChibiOS_17.6.2"
 1543      652F6A75 
 1543      6C69616E 
 1543      2F4D4547 
 1543      412F7365 
 1544 0375 2F64656D 		.ascii	"/demos/STM32/STM32_MPU6050lib-master\000"
 1544      6F732F53 
 1544      544D3332 
 1544      2F53544D 
 1544      33325F4D 
 1545              	.LASF21:
 1546 039a 73797374 		.ascii	"systime_t\000"
 1546      696D655F 
 1546      7400
 1547              	.LASF62:
 1548 03a4 726C6973 		.ascii	"rlist\000"
 1548      7400
 1549              	.LASF81:
 1550 03aa 63686172 		.ascii	"char\000"
ARM GAS  /tmp/cc7MPyCg.s 			page 37


 1550      00
 1551              	.LASF82:
 1552 03af 6D757465 		.ascii	"mutex_t\000"
 1552      785F7400 
 1553              	.LASF51:
 1554 03b7 63685F76 		.ascii	"ch_virtual_timer\000"
 1554      69727475 
 1554      616C5F74 
 1554      696D6572 
 1554      00
 1555              	.LASF7:
 1556 03c8 696E7433 		.ascii	"int32_t\000"
 1556      325F7400 
 1557              	.LASF20:
 1558 03d0 636E745F 		.ascii	"cnt_t\000"
 1558      7400
 1559              	.LASF36:
 1560 03d6 7265616C 		.ascii	"realprio\000"
 1560      7072696F 
 1560      00
 1561              	.LASF86:
 1562 03df 50424461 		.ascii	"PBData\000"
 1562      746100
 1563              	.LASF83:
 1564 03e6 5F426F6F 		.ascii	"_Bool\000"
 1564      6C00
 1565              	.LASF31:
 1566 03ec 72656673 		.ascii	"refs\000"
 1566      00
 1567              	.LASF89:
 1568 03f1 50454461 		.ascii	"PEData\000"
 1568      746100
 1569              	.LASF15:
 1570 03f8 74737461 		.ascii	"tstate_t\000"
 1570      74655F74 
 1570      00
 1571              	.LASF10:
 1572 0401 6C6F6E67 		.ascii	"long unsigned int\000"
 1572      20756E73 
 1572      69676E65 
 1572      6420696E 
 1572      7400
 1573              	.LASF59:
 1574 0413 70616E69 		.ascii	"panic_msg\000"
 1574      635F6D73 
 1574      6700
 1575              	.LASF73:
 1576 041d 77747472 		.ascii	"wttrp\000"
 1576      7000
 1577              	.LASF78:
 1578 0423 63685F73 		.ascii	"ch_semaphore\000"
 1578      656D6170 
 1578      686F7265 
 1578      00
 1579              	.LASF69:
 1580 0430 706F7274 		.ascii	"port_intctx\000"
 1580      5F696E74 
ARM GAS  /tmp/cc7MPyCg.s 			page 38


 1580      63747800 
 1581              	.LASF38:
 1582 043c 74687265 		.ascii	"thread_reference_t\000"
 1582      61645F72 
 1582      65666572 
 1582      656E6365 
 1582      5F7400
 1583              	.LASF72:
 1584 044f 77746F62 		.ascii	"wtobjp\000"
 1584      6A7000
 1585              	.LASF35:
 1586 0456 6D74786C 		.ascii	"mtxlist\000"
 1586      69737400 
 1587              	.LASF67:
 1588 045e 73746B61 		.ascii	"stkalign_t\000"
 1588      6C69676E 
 1588      5F7400
 1589              	.LASF71:
 1590 0469 65786974 		.ascii	"exitcode\000"
 1590      636F6465 
 1590      00
 1591              	.LASF37:
 1592 0472 6D706F6F 		.ascii	"mpool\000"
 1592      6C00
 1593              	.LASF49:
 1594 0478 76746675 		.ascii	"vtfunc_t\000"
 1594      6E635F74 
 1594      00
 1595              	.LASF46:
 1596 0481 72656164 		.ascii	"ready_list_t\000"
 1596      795F6C69 
 1596      73745F74 
 1596      00
 1597              	.LASF48:
 1598 048e 63757272 		.ascii	"current\000"
 1598      656E7400 
 1599              	.LASF32:
 1600 0496 77616974 		.ascii	"waiting\000"
 1600      696E6700 
 1601              	.LASF47:
 1602 049e 63685F72 		.ascii	"ch_ready_list\000"
 1602      65616479 
 1602      5F6C6973 
 1602      7400
 1603              	.LASF91:
 1604 04ac 49544D5F 		.ascii	"ITM_RxBuffer\000"
 1604      52784275 
 1604      66666572 
 1604      00
 1605              	.LASF45:
 1606 04b9 70726576 		.ascii	"prev\000"
 1606      00
 1607              	.LASF55:
 1608 04be 63685F76 		.ascii	"ch_virtual_timers_list\000"
 1608      69727475 
 1608      616C5F74 
 1608      696D6572 
ARM GAS  /tmp/cc7MPyCg.s 			page 39


 1608      735F6C69 
 1609              	.LASF70:
 1610 04d5 7264796D 		.ascii	"rdymsg\000"
 1610      736700
 1611              	.LASF18:
 1612 04dc 6D73675F 		.ascii	"msg_t\000"
 1612      7400
 1613              	.LASF24:
 1614 04e2 7072696F 		.ascii	"prio\000"
 1614      00
 1615              	.LASF42:
 1616 04e7 6E657874 		.ascii	"next\000"
 1616      00
 1617              	.LASF76:
 1618 04ec 77746D74 		.ascii	"wtmtxp\000"
 1618      787000
 1619              	.LASF39:
 1620 04f3 74687265 		.ascii	"threads_list_t\000"
 1620      6164735F 
 1620      6C697374 
 1620      5F7400
 1621              		.comm	__gnu_lto_v1,1,1
 1622              		.ident	"GCC: (Sourcery CodeBench Lite 2013.11-24) 4.8.1"
ARM GAS  /tmp/cc7MPyCg.s 			page 40


DEFINED SYMBOLS
                            *ABS*:00000000 board.c
     /tmp/cc7MPyCg.s:134    .text.__early_init:00000000 $t
     /tmp/cc7MPyCg.s:140    .text.__early_init:00000000 __early_init
     /tmp/cc7MPyCg.s:155    .text.boardInit:00000000 $t
     /tmp/cc7MPyCg.s:161    .text.boardInit:00000000 boardInit
     /tmp/cc7MPyCg.s:177    .rodata.pal_default_config:00000000 pal_default_config
     /tmp/cc7MPyCg.s:174    .rodata.pal_default_config:00000000 $d
                            *COM*:00000001 __gnu_lto_v1
                     .debug_frame:00000010 $d

UNDEFINED SYMBOLS
stm32_clock_init
