ARM GAS  /tmp/ccgAiSke.s 			page 1


   1              		.syntax unified
   2              		.cpu cortex-m3
   3              		.fpu softvfp
   4              		.eabi_attribute 20, 1
   5              		.eabi_attribute 21, 1
   6              		.eabi_attribute 23, 3
   7              		.eabi_attribute 24, 1
   8              		.eabi_attribute 25, 1
   9              		.eabi_attribute 26, 1
  10              		.eabi_attribute 30, 2
  11              		.eabi_attribute 34, 1
  12              		.eabi_attribute 18, 4
  13              		.thumb
  14              		.file	"hal_pal.c"
  15              		.text
  16              	.Ltext0:
  17              		.section	.gnu.lto_.jmpfuncs.c8b7a3edcd1b92f3,"",%progbits
  18 0000 789C6362 		.ascii	"x\234cb`b\300\006D\24043\003##3\02333\204\315\300X\006"
  18      6062C006 
  18      44A03433 
  18      03232333 
  18      13333384 
  19 0018 A4010623 		.ascii	"\244\001\006#\000\243"
  19      00A3
  20              		.text
  21              		.section	.gnu.lto_.inline.c8b7a3edcd1b92f3,"",%progbits
  22 0000 789C6362 		.ascii	"x\234cb`b\300\006\276Cif\006\006N\016Ff\006F0\023D:"
  22      6062C006 
  22      BE436966 
  22      06064E0E 
  22      46660646 
  23 0018 8049050E 		.ascii	"\200I\005\016\266\017z\014l\013\344\231\030\030_\260"
  23      B60F7A0C 
  23      6C0BE499 
  23      18185FB0 
  24 0028 B3404810 		.ascii	"\263@H\020\301\001fr\200\010\0010S\000d\014#\003\037"
  24      C1016672 
  24      80080130 
  24      5300640C 
  24      23031F
  25 003b 2F230BC4 		.ascii	"/#\013\304\024FF\210\010\320\020\210\201\334L\027\370"
  25      14464688 
  25      08D01088 
  25      81DC4C17 
  25      F8
  26 004c 318C028A 		.ascii	"1\214\002\212\241\030\302\262@^\002\304R`b`\336!\256"
  26      A118C2B2 
  26      405E02C4 
  26      52606260 
  26      DE21AE
  27 005f C000B4DE 		.ascii	"\300\000\264\336\002d\016\023\003\2670\212\373\240\206"
  27      02640E13 
  27      03B7308A 
  27      FBA086
  28 006e 7202E588 		.ascii	"r\002\345\210s\036\320&\011\220I,\274@}\023\374@\220"
  28      731ED026 
  28      0990492C 
ARM GAS  /tmp/ccgAiSke.s 			page 2


  28      BC407D13 
  28      FC4090
  29 0081 01003C62 		.ascii	"\001\000<b\037\210"
  29      1F88
  30              		.text
  31              		.section	.gnu.lto_.pureconst.c8b7a3edcd1b92f3,"",%progbits
  32 0000 789C6362 		.ascii	"x\234cb`b`g\200\000f\006)F)&I\000\001\312\000_"
  32      60626067 
  32      80006606 
  32      29462926 
  32      490001CA 
  33              		.text
  34              		.section	.gnu.lto_palReadBus.c8b7a3edcd1b92f3,"",%progbits
  35 0000 789C6D90 		.ascii	"x\234m\220\275N\303@\020\204g\366|\261\235\202\236\006"
  35      BD4EC340 
  35      108467F6 
  35      7CB19D82 
  35      9E06
  36 0012 A52692FD 		.ascii	"\245&\222\3752A\002\032d\\\004K\211@\344\001b\342TT"
  36      3241021A 
  36      645C044B 
  36      8940E401 
  36      62E25454 
  37 0026 1115828A 		.ascii	"\021\025\202\212\206\202\"\264H4\210\202.\010Z*$Z\304"
  37      868222B4 
  37      48348882 
  37      2E085A2A 
  37      245AC4
  38 0039 2B843D1B 		.ascii	"+\204=\033\033\201r\272\233\275\237\375fW'\020\374\037"
  38      1B8172BA 
  38      9BBD9FFD 
  38      66572710 
  38      FC1F
  39 004b EBBA4E09 		.ascii	"\353\272N\011t4\322\2002{\006N\002!\335\006\304X8\336"
  39      7434D280 
  39      327B064E 
  39      0221DD06 
  39      C45838DE 
  40 005f 61997B2B 		.ascii	"a\231{+\017\357\313\345\374\354\351\372\223\347\322"
  40      0FEFCBE5 
  40      FCECE9FA 
  40      93E7D2
  41 006e 160E0983 		.ascii	"\026\016\011\203\214\360ThU\244\245b|w\014\234\204*"
  41      8CF05468 
  41      55A4A562 
  41      7C770C9C 
  41      842A
  42 0080 9E9216D3 		.ascii	"\236\222\026\323<\237u\206T\243\2644\353\251\272\012"
  42      3C9F7586 
  42      54A3B434 
  42      EBA9BA0A 
  43 0090 5B1417CD 		.ascii	"[\024\027\315\002\223\267\273\217\027&\274R\247>M\027"
  43      0293B7BB 
  43      8F1726BC 
  43      52A73E4D 
  43      17
  44 00a1 9B19ED25 		.ascii	"\233\031\355%.\230\261\325\247lk\364\3136\366Y7\277"
ARM GAS  /tmp/ccgAiSke.s 			page 3


  44      2E98B1D5 
  44      A76C6BF4 
  44      CB36F659 
  44      37BF
  45 00b3 C0E36E0D 		.ascii	"\300\343n\015x]\334\344SM\012*&T\017\307\330\037\206"
  45      785DDCE4 
  45      534D0A2A 
  45      26540FC7 
  45      D81F86
  46 00c6 0D336918 		.ascii	"\0153i\030[\026i\257.\"\277\300\227\251\011M\262\356"
  46      5B1669AF 
  46      2E22BFC0 
  46      97A9094D 
  46      B2EE
  47 00d8 AA983757 		.ascii	"\252\2307W\276\326\326\207\277\316A\351\354\255v6\215"
  47      BED6D687 
  47      BFCE41E9 
  47      ECAD7636 
  47      8D
  48 00e9 73715FAC 		.ascii	"sq_\254\325HXZ\005\300+\232_\010\253\304\236v\257\237"
  48      D548585A 
  48      05C02B9A 
  48      5F08ABC4 
  48      9E76AF9F 
  49 00fd E43ADA88 		.ascii	"\344:\332\210\242\270\232\207\243\370 \031\304\243\343"
  49      A2B89A87 
  49      A3F82019 
  49      C4A3E3
  50 010c D4C5BDA3 		.ascii	"\324\305\275\243d\020\245\370\006}\023S\301"
  50      6410A5F8 
  50      067D1353 
  50      C1
  51              		.text
  52              		.section	.gnu.lto_palWriteBus.c8b7a3edcd1b92f3,"",%progbits
  53 0000 789C6D51 		.ascii	"x\234mQ\277O\302`\020\275\373\276\322\037@A7]\014\211"
  53      BF4FC260 
  53      10BDFBBE 
  53      D21F4041 
  53      375D0C89 
  54 0014 1B24F077 		.ascii	"\033$\360w\270c\242.\006\031\220\004\242\221?\000P\006"
  54      B863A22E 
  54      06199004 
  54      A2913F00 
  54      5006
  55 0026 4766995C 		.ascii	"Gf\231\\M\324\305\305h\242qp\323\304\3158\361\027\350"
  55      4DD4C5C5 
  55      68A27170 
  55      D3C4CD38 
  55      F117E8
  56 0039 E26882EF 		.ascii	"\342h\202\357\256\266\304\206\246}w}\337\335\273w\255"
  56      AEB6C486 
  56      A67D777D 
  56      DFDDBB77 
  56      AD
  57 004a 2143E96B 		.ascii	"!C\351k\025O\031t\011\221-\261\031\277\022\015}\303"
  57      154F1974 
  57      09912DB1 
ARM GAS  /tmp/ccgAiSke.s 			page 4


  57      19BF120D 
  57      7DC3
  58 005c 2C0931F5 		.ascii	",\0111\365\015\367\267Yk\257\315\343t6\273\372~\276"
  58      0DF7B759 
  58      6BAFCDE3 
  58      7436BBFA 
  58      7EBE
  59 006e F9E18959 		.ascii	"\371\341\211Y6\334e\262\324fr\220q\006\031\273\002\236"
  59      36DC65B2 
  59      D4667290 
  59      710619BB 
  59      029E
  60 0080 800F3081 		.ascii	"\200\0170\201@\026`s\302\345\005By-HV\024\200n\206F"
  60      40166073 
  60      C2E50542 
  60      792D4856 
  60      14806E86 
  61 0095 83C1B8D4 		.ascii	"\203\301\270\324e\370h\352\250:P\346o\202B\264/t\374"
  61      65F868EA 
  61      A83A50E6 
  61      6F8242B4 
  61      2F74FC
  62 00a8 F1FEB5D2 		.ascii	"\361\376\265\322\340s\214i\261\255P\271\315\316\204"
  62      E0738C69 
  62      B1AD50B9 
  62      CDCE84
  63 00b7 CEB8CD99 		.ascii	"\316\270\315\231\026\233-DW=\356q\274\031z\356m\334"
  63      169B2D44 
  63      573DEE71 
  63      BC197AEE 
  63      6DDC
  64 00c9 812247A9 		.ascii	"\201\"G\251\235\230qU\303[\254\301\211\306\311]\242"
  64      9D987155 
  64      C35BACC1 
  64      89C6C95D 
  64      A2
  65 00da E1A98CFB 		.ascii	"\341\251\214\373_\306W\031\177\261\214\231\313\234&"
  65      5FC65719 
  65      7FB18C99 
  65      CB9C26
  66 00e9 32019AA4 		.ascii	"2\001\232\244\310_\212L~&'Y\034j\361eB\345tl6\345$\217"
  66      C85F8A4C 
  66      7E262759 
  66      1C6AF165 
  66      42E5746C 
  67 0101 6D6227F3 		.ascii	"mb'\363\366\020\302\251\366\202\326\206\312\336&lQu"
  67      F610C2A9 
  67      F682D686 
  67      CADE266C 
  67      5175
  68 0113 0BC23E6D 		.ascii	"\013\302>mDd\205.\006#\230\012\242E\340\304\212G\347"
  68      4464852E 
  68      0623980A 
  68      A245E0C4 
  68      8A47E7
  69 0126 6F11AB11 		.ascii	"o\021\253\021\235Do4\234>\254G]\361U\307\007\303o\222"
  69      9D446F34 
ARM GAS  /tmp/ccgAiSke.s 			page 5


  69      9C3EAC47 
  69      5DF155C7 
  69      07C36F92 
  70 013a 75D7AAD5 		.ascii	"u\327\252\325Zt\037\364j\373\215N\255w\324\224\270{"
  70      5A741FF4 
  70      6AFB8D4E 
  70      AD77D494 
  70      B87B
  71 014c D8E8549B 		.ascii	"\330\350T\233\364\013\221\371qw"
  71      F40B91F9 
  71      7177
  72              		.text
  73              		.section	.gnu.lto_palSetBusMode.c8b7a3edcd1b92f3,"",%progbits
  74 0000 789C6D90 		.ascii	"x\234m\220\277J\003A\020\306\277o\366\376\231\312R\033"
  74      BF4A0341 
  74      10C6BF6F 
  74      F6FE99CA 
  74      521B
  75 0012 09A453B8 		.ascii	"\011\244S\270{\231\010j#\347\201\347A\202bJ\213\\\324"
  75      7B99086A 
  75      23E781E7 
  75      4182624A 
  75      8B5CD4
  76 0025 C232B582 		.ascii	"\3022\265\202\340\003hZK;+\025-S\345\001$\017\240E2"
  76      E003685A 
  76      4B3B2B15 
  76      2D53E501 
  76      240FA045 
  77 003a BBE729C8 		.ascii	"\273\347)\310-\2733\273\337\316ofv\005\202\377c]\327"
  77      2DBB33BB 
  77      DFCE6F66 
  77      760582FF 
  77      635DD7
  78 004d 2181B67A 		.ascii	"!\201\266z\032P\306\257\300(\022\322n@\014\205\303]"
  78      1A50C6AF 
  78      C02812D2 
  78      6E400C85 
  78      C35D
  79 005f BAD8893C 		.ascii	"\272\330\211<\315\026\213\207\217\347\311'o\245%\354"
  79      CD168B87 
  79      8FE7C927 
  79      6FA525EC 
  80 006f 130605E1 		.ascii	"\023\006\005\341\251\241\257F\0025&\264\307Ho-\346\343"
  80      A9A1AF46 
  80      023526B4 
  80      C7486F2D 
  80      E6E3
  81 0081 B22CC7ED 		.ascii	"\262,\307\355>\265v\346\362t\325\332\344\333*\2517/"
  81      3EB576E6 
  81      F274D5DA 
  81      E4DB2AA9 
  81      372F
  82 0093 389F3E7E 		.ascii	"8\237>~\257\245\274\323\0349\315\0266\013z7\270fA?\247"
  82      AFA5BCD3 
  82      1C39CD16 
  82      360B7A37 
  82      B866413F 
ARM GAS  /tmp/ccgAiSke.s 			page 6


  83 00a8 ECA80F5C 		.ascii	"\354\250\017\\\003\007\254\333Vf\257\006<\007\204\315"
  83      0307ACDB 
  83      5666AF06 
  83      3C0784CD 
  84 00b8 001B00DF 		.ascii	"\000\033\000\337\001Q3 \177\300\334\324D\240\220\225"
  84      01513320 
  84      7FC0DCD4 
  84      44A09095 
  85 00c8 2EEE7FA5 		.ascii	".\356\177\245P\013\347\226zCPi\300\031\276\312\253r"
  85      500BE796 
  85      7A435069 
  85      C019BECA 
  85      AB72
  86 00da B5E04AF6 		.ascii	"\265\340J\366SX\237\343B\243\202-\340\035\243\331\274"
  86      53589FE3 
  86      42A3822D 
  86      E01DA3D9 
  86      BC
  87 00eb 534757A3 		.ascii	"SGW\243\253\221\372\013\266\354F\034'\325<\036$Gi/\031"
  87      AB91FA0B 
  87      B6EC461C 
  87      27D53C1E 
  87      2447692F 
  88 0100 9C66D6EF 		.ascii	"\234f\326\357\237\244\2758\303\022\012MNp"
  88      9FA4BD38 
  88      C3120A4D 
  88      4E70
  89              		.text
  90              		.section	.gnu.lto_.symbol_nodes.c8b7a3edcd1b92f3,"",%progbits
  91 0000 789C6362 		.ascii	"x\234cb`bpe\200\002\246\333\214\365\014\014\023\316"
  91      60627065 
  91      8002A6DB 
  91      8CF50C0C 
  91      13CE
  92 0012 3130D4D7 		.ascii	"10\324\327\317\353`d\272\303X\317\210\304\275\313X\317"
  92      CFEB6064 
  92      BAC358CF 
  92      88C4BDCB 
  92      58CF
  93 0024 84E0323E 		.ascii	"\204\3402>`\254g\206p\033\032\030\231\231\230\031\026"
  93      60AC6786 
  93      701B1A18 
  93      99999819 
  93      16
  94 0035 3FFCC7C8 		.ascii	"?\374\307\310\000\000\002\020\025\275"
  94      00000210 
  94      15BD
  95              		.text
  96              		.section	.gnu.lto_.refs.c8b7a3edcd1b92f3,"",%progbits
  97 0000 789C6362 		.ascii	"x\234cb`b`d\200\002\000\000F\000\006"
  97      60626064 
  97      80020000 
  97      460006
  98              		.text
  99              		.section	.gnu.lto_.decls.c8b7a3edcd1b92f3,"",%progbits
 100 0000 789C9D57 		.ascii	"x\234\235Wol\024E\024\237\331\275\312]9\012\222@jb\244"
 100      6F6C1445 
ARM GAS  /tmp/ccgAiSke.s 			page 7


 100      149FD9BD 
 100      CA5D390A 
 100      92406A62 
 101 0015 10F10309 		.ascii	"\020\361\003\011\335^\233\"\237H\244E\332\330\012\271"
 101      DD5E9B22 
 101      9F48A445 
 101      DAD80AB9 
 102 0025 42E0DBBA 		.ascii	"B\340\333\272\355m\355i\357\256\271\3333\365\223c[\221"
 102      ED6DED69 
 102      EFAEB9DB 
 102      33F59363 
 102      5B91
 103 0037 68905AFE 		.ascii	"h\220Z\376\004\2421\305\212X!B!R\0116\034\020\345O\205"
 103      04A231C5 
 103      8A582142 
 103      21520936 
 103      1C10E54F 
 104 004c 10C0AB51 		.ascii	"\020\300\253Q\222^\000\301\004bJ\220\000\202\234ofw"
 104      925E00C1 
 104      04624A90 
 104      00829C6F 
 104      6677
 105 005e EF76B7BB 		.ascii	"\357v\267\273\327;&}\323\231\2357\277\367{o\336\374"
 105      D73B267D 
 105      D3999D37 
 105      BFF77B6F 
 105      DEFC
 106 0070 390E7148 		.ascii	"9\016qH\301\010\245\241l\232\211\220\207C\310\205\020"
 106      C108A5A1 
 106      6C9A8990 
 106      8743C885 
 106      10
 107 0081 5A86B285 		.ascii	"Z\206\262\205\366w\201$A\306An\241\311\205\216O\007"
 107      F6778124 
 107      41C6416E 
 107      A1C9858E 
 107      4F07
 108 0093 3903320D 		.ascii	"9\0032\015\244H\2337\000r\020d\037\310^\220# \207@\316"
 108      A4489B37 
 108      00721064 
 108      1FC85E90 
 108      23208740 
 109 00a8 6BE34320 		.ascii	"k\343C # \347@FA\260\206\0054\320%\220;\026;I\007;F"
 109      2320E740 
 109      4641B086 
 109      0534D025 
 109      903B163B 
 110 00c0 1B031ABE 		.ascii	"\033\003\032\276nK\2673\252\3319\256\331\241X<\310\037"
 110      6E4BB733 
 110      AAD939AE 
 110      D9A1583C 
 110      C81F
 111 00d2 2057401E 		.ascii	" W@\036Yl\215\027`\213\002\336\326\360\214\2668C\314"
 111      596C8D17 
 111      608B02DE 
 111      D6F08CB6 
 111      3843CC
ARM GAS  /tmp/ccgAiSke.s 			page 8


 112 00e5 E8D84D90 		.ascii	"\350\330M\220\277\250:6\333\232\207\276 \375\251\324"
 112      BFA83A36 
 112      DB9A87BE 
 112      20FDA9D4 
 113 00f5 EEAB1378 		.ascii	"\356\253\023x'I\364\220t\372=4\027m#P\3727\020\202\025"
 113      2749F490 
 113      74FA3D34 
 113      176D2350 
 113      FA371082 
 114 010a 0FDA4848 		.ascii	"\017\332HH\027\355\324\235.Ah=\226p\211\007\225\261"
 114      17EDD49D 
 114      2E41683D 
 114      96708907 
 114      95B1
 115 011c 86D7C378 		.ascii	"\206\327\303x-D_\021\322\233\3322\270m\021!n\011\017"
 115      2D445F11 
 115      D29BDA32 
 115      B86D1121 
 115      6E090F
 116 012f 600FD85F 		.ascii	"`\017\330_\207\321\"4\0108\2750\277\312b\226\225\374"
 116      87D12234 
 116      0838BD30 
 116      BFCA6296 
 116      95FC
 117 0141 A1873FBC 		.ascii	"\241\207?\274|\007w\001\035\011\357a\340\307\300\017"
 117      7C077701 
 117      1D09EF61 
 117      E0C7C00F 
 118 0151 097F8D17 		.ascii	"\011\177\215\027iP\022\236\3461B\263\276\256@\361\330"
 118      6950129E 
 118      E63142B3 
 118      BEAE40F1 
 118      D8
 119 0162 B0D6A039 		.ascii	"\260\326\24097\023\025\252nG\217\316\374\022\317e-\236"
 119      371315AA 
 119      6E478FCE 
 119      FC12CF65 
 119      2D9E
 120 0174 C51C16EE 		.ascii	"\305\034\026\356\243\254S\263\321\2474\222e\006\367"
 120      A3AC53B3 
 120      D1A73492 
 120      6506F7
 121 0183 DED0E77B 		.ascii	"\336\320\347{\263\356\015\235\277R\311\"\267\017\317"
 121      B3EE0D9D 
 121      BF52C922 
 121      B70FCF
 122 0192 06945B16 		.ascii	"\006\224[\026\347\246B\241,\366\303Lu\016\303$\211\357"
 122      E7A642A1 
 122      2CF6C34C 
 122      750EC324 
 122      89EF
 123 01a4 CF7A894B 		.ascii	"\317z\211K\375\216Lh\2462\037\365\003\333\304\310\331"
 123      FD8E4C68 
 123      A6321FF5 
 123      03DBC4C8 
 123      D9
 124 01b5 CF9F23FD 		.ascii	"\317\237#\375'\360T\344SX\267\373|\226\375\245\3157"
ARM GAS  /tmp/ccgAiSke.s 			page 9


 124      27F054E4 
 124      5358B7FB 
 124      7C96FDA5 
 124      CD37
 125 01c7 AA19FB43 		.ascii	"\252\031\373C\214\375\267\334\224\354\3150\224\336a"
 125      8CFDB7DC 
 125      94ECCD30 
 125      94DE61
 126 01d6 2BFDFB49 		.ascii	"+\375\373IF\377\360\324\364{\272\023\217\222[\031}\226"
 126      46FFF0D4 
 126      F47BBA13 
 126      8F925B19 
 126      7D96
 127 01e8 50DD3913 		.ascii	"P\3359\023J\302\337\340\205y\2557\207\206\231'\224\202"
 127      4AC2DFE0 
 127      8579AD37 
 127      87869927 
 127      9482
 128 01fa 1D92D654 		.ascii	"\035\222\326T\213\246`\246\3658\351\355\225$|\204e\354"
 128      8BA660A6 
 128      F538E9ED 
 128      95247C84 
 128      65EC
 129 020c D182C1CA 		.ascii	"\321\202\301\312L`O\214`\307\362\001s;3\353\0353\200"
 129      4C604F8C 
 129      60C7F201 
 129      733B33EB 
 129      1D3380
 130 021f 9D2C18CC 		.ascii	"\235,\030\314\314\254\317\010v*\037\260Y\316\314\266"
 130      CCACCF08 
 130      762A1FB0 
 130      59CECCB6 
 131 022f 1AC17E29 		.ascii	"\032\301~)\030\314\314l\273\021\354B>`\2456\314\354"
 131      18CCCC6C 
 131      BB11EC42 
 131      3E60A536 
 131      CCEC
 132 0241 8A316325 		.ascii	"\2121c%<\314R\352\007<\037\352\243\254\036a\3651V\037"
 132      3CCC52EA 
 132      073C1FEA 
 132      A3AC1E61 
 132      F531561F 
 133 0255 67F54956 		.ascii	"g\365IV\377\004u\246\344:K\207\266/e{\352 \354I\016"
 133      FF0475A6 
 133      E43A4B87 
 133      B62F657B 
 133      EA20EC49 
 134 026a FD6AD953 		.ascii	"\375j\331S\246}\252n<\247\343\351\014\000\330\357\237"
 134      A67DAA6E 
 134      3CA7E3E9 
 134      0C00D8EF 
 134      9F
 135 027b 49631C4A 		.ascii	"Ic\034J1;\373\237.\343IWj\350\223d\037\336\322MNW\350"
 135      313BFB9F 
 135      2EE34957 
 135      6AE89364 
 135      1FDED24D 
ARM GAS  /tmp/ccgAiSke.s 			page 10


 136 0292 B7C0CD82 		.ascii	"\267\300\315\202\021\313\214\210\211\211\263\260\204"
 136      11CB8C88 
 136      8989B3B0 
 136      84
 137 029f 855C14D7 		.ascii	"\205\\\024\327\273p7\273(\3163\373\2679\353EQd\271("
 137      BB7037BB 
 137      28CE33FB 
 137      B739EB45 
 137      5164B928 
 138 02b3 8ACC2741 		.ascii	"\212\314'A\221'\333\310\234\004\017\363\361\302n\277"
 138      9127DBC8 
 138      9C040FF3 
 138      F1C26EBF 
 139 02c3 D9E7CE7E 		.ascii	"\331\347\316~C\356\034`\2713\304\262c\224\325\347\246"
 139      43EE1C60 
 139      B933C4B2 
 139      6394D5E7 
 139      A6
 140 02d4 CA110AB1 		.ascii	"\312\021\012\261\027O\317\342\255\3453\372\034\"\274"
 140      174FCFE2 
 140      ADE533FA 
 140      1C22BC
 141 02e3 D9E317D1 		.ascii	"\331\343\027\321\000!}p\303'\\p\303\273\324\251\034"
 141      00217D70 
 141      C3275C70 
 141      C3BBD4A9 
 141      1C
 142 02f4 FA98A9ED 		.ascii	"\372\230\251\355\302\363\034\216I\315\300Kh7\015\375"
 142      C2F31C8E 
 142      49CDC04B 
 142      68370DFD 
 143 0304 C8F5D575 		.ascii	"\310\365\325u\352\222\242\034\2634:\0271g\364W}b$\356"
 143      EA92A21C 
 143      B3343A17 
 143      3167F457 
 143      7D6224EE 
 144 0318 6D18C5A4 		.ascii	"m\030\305\244\217<N\247y\363\013C\302\313\3468\3729"
 144      8F3C4EA7 
 144      79F30B43 
 144      C2CBE638 
 144      FA39
 145 032a 66BE5D55 		.ascii	"f\276]U^\231\216J\310\032\201\315\266\021 w\003u\352"
 145      5E998E4A 
 145      C81A81CD 
 145      B6112077 
 145      0375EA
 146 033d 74095F06 		.ascii	"t\011_\006\206\022N\346v^\2336,\327\351\311\374\031"
 146      86124EE6 
 146      765E9B36 
 146      2CD7E9C9 
 146      FC19
 147 034f 03769EA6 		.ascii	"\003v\236\246\321a1#d\023\371`\026f\316!m\226)\011~"
 147      D1613123 
 147      6413F960 
 147      1666CE21 
 147      6D962909 
 148 0364 B78DD2C5 		.ascii	"\267\215\322\305S\336\336\367S\351\364\274\374C\224"
ARM GAS  /tmp/ccgAiSke.s 			page 11


 148      53DEDEF7 
 148      53E9F4BC 
 148      FC4394
 149 0373 CA11A202 		.ascii	"\312\021\242\002^o#\332\353\355\032s\265\237\267\356"
 149      5E6F23DA 
 149      EBED1A73 
 149      B59FB7EE 
 150 0383 9B3DF869 		.ascii	"\233=\370i^X\226\245\031tH\316\177\177\343\263\311\251"
 150      5E5896A5 
 150      197448CE 
 150      7F7FE3B3 
 150      C9A9
 151 0395 AFCF785E 		.ascii	"\257\317x^\353s\210\256\217Jz\230\241;O\273\226c}\306"
 151      EB7388AE 
 151      8F4A7A98 
 151      A13B4FBB 
 151      96637DC6 
 152 03a9 ADEB7363 		.ascii	"\255\353sc\362\372\244 L\367\276+\335IN\330<\224s\256"
 152      F2FAA420 
 152      4CF7BE2B 
 152      DD494ED8 
 152      3C9473AE 
 153 03bd D16DEB1A 		.ascii	"\321m\353\032\035\264I\343L\377\232mZ\377h\211\235N"
 153      1DB449E3 
 153      4CFF9A6D 
 153      5AFF6889 
 153      9D4E
 154 03cf 74C24C74 		.ascii	"t\302Lt\001\332E.\\H\375yu\007\336\230\202\307\367\223"
 154      01DA452E 
 154      5C48FD79 
 154      7507DE98 
 154      82C7F793 
 155 03e3 741A3F8B 		.ascii	"t\032?\213z\331\033lG\211\226\020\251\335\211\322\035"
 155      7AD91B6C 
 155      47899610 
 155      A9DD89D2 
 155      1D
 156 03f4 D98470EB 		.ascii	"\331\204p\353|\261\236\020\364\325\316e\224Ii\251\275"
 156      7CB19E10 
 156      F4D5CE65 
 156      944969A9 
 156      BD
 157 0405 AE84FF61 		.ascii	"\256\204\377a\347\327=-9\350\220\332\326[iL\271_\344"
 157      E7D73D2D 
 157      39E890DA 
 157      D65B694C 
 157      B95FE4
 158 0418 ED7E0030 		.ascii	"\355~\0000\200\334S5\243\353u\243\352\251\227\365G\325"
 158      80DC5335 
 158      A3EB75A3 
 158      EAA997F5 
 158      47D5
 159 042a B4D792F0 		.ascii	"\264\327\222\360}\360\234\026\346\010\311\334\227^\217"
 159      7DF09C16 
 159      E608C9DC 
 159      975E8F
 160 0439 E3423D30 		.ascii	"\343B=0\260\361z\262\215b\023g]\013<\033\263\236\243"
ARM GAS  /tmp/ccgAiSke.s 			page 12


 160      B0F17AB2 
 160      8D621367 
 160      5D0B3C1B 
 160      B39EA3
 161 044c 161270A9 		.ascii	"\026\022p\251j\276K\270\030\353\313\223x\3603q\037 "
 161      6ABE4BB8 
 161      18EBCB93 
 161      78F03371 
 161      1F20
 162 045e 1B691A19 		.ascii	"\033i\032\031\235\271\233u\306\362\304wpy\322\017\201"
 162      9DB99B75 
 162      C6F2C477 
 162      7079D20F 
 162      81
 163 046f FF0A76F9 		.ascii	"\377\012v\371\211\203\313\231\013\306\244\005\315\207"
 163      8983CB99 
 163      0BC6A405 
 163      CD87
 164 047d D6D3D342 		.ascii	"\326\323\323B\202C\177\233\\\266\274V\350^p\342B\270"
 164      82437F9B 
 164      5CB6BC56 
 164      E85E70E2 
 164      42B8
 165 048f 8C552D50 		.ascii	"\214U-P\311SS\005\252C\007)\311\025(\213\226\204\273"
 165      C9535305 
 165      AA430729 
 165      C915288B 
 165      9684BB
 166 04a2 B94203D5 		.ascii	"\271B\003\325\303\331\007j\206)P\272V&P\206\363\310"
 166      C3D9076A 
 166      862950BA 
 166      56265086 
 166      F3C8
 167 04b4 4282438F 		.ascii	"B\202C\217M\201B/\224\227\013\352_$&\264I\355B,\332"
 167      4D81422F 
 167      94970BEA 
 167      5F2426B4 
 167      49ED422C 
 168 04c9 42FF8B1D 		.ascii	"B\377\213\035R{y\013\252\266\016wD\242JLhZ\323XU)44"
 168      527B790B 
 168      AAB60E77 
 168      44A24A4C 
 168      685AD358 
 169 04e1 D40A2B57 		.ascii	"\324\012+W\327\257z\307\247\317\020\333\333\003\345"
 169      D7AF7AC7 
 169      A7CF10DB 
 169      DB03E5
 170 04f0 6DC81B8C 		.ascii	"m\310\033\214P\275\220\024{[T\236Y\371\372\332\262\032"
 170      50BD9014 
 170      7B5B549E 
 170      59F9FADA 
 170      B21A
 171 0502 D424B445 		.ascii	"\324$\264EB\262\360V\274=(\205\205\306\025+_\021brH"
 171      42B2F056 
 171      BC3D2885 
 171      85C6152B 
 171      5F116272 
ARM GAS  /tmp/ccgAiSke.s 			page 13


 172 0517 8E295159 		.ascii	"\216)QY\014v\012+B\315rs0\000V\244hhqe\205\257\252\334"
 172      0C760A2B 
 172      42CD7273 
 172      300056A4 
 172      68687165 
 173 052f E763ED70 		.ascii	"\347c\355p$,/\226\245\346\240\020\014\267\264\307\003"
 173      242C2F96 
 173      A5E6A010 
 173      0CB7B4C7 
 173      03
 174 0540 B2105302 		.ascii	"\262\020S\002\301\260\002v\334q\370_U)*\013\2544uU\335"
 174      C1B00276 
 174      DC71F85F 
 174      55292A0B 
 174      AC347555 
 175 0555 93365454 		.ascii	"\2236TT\277jy<\266\324\250\330\022\011\205\"aA\356T"
 175      BF6A793C 
 175      B6D4A8D8 
 175      12098522 
 175      6141EE54 
 176 0569 849AC6A6 		.ascii	"\204\232\306\246\372&pK\365\354U_g'X\011UU\266\372*"
 176      FA26704B 
 176      F5EC555F 
 176      67275809 
 176      5555B6FA 
 177 057e 2A3A9BA9 		.ascii	"*:\233\251K\324Qq\315\273\035r\255\334\312\327\370\033"
 177      4BD45171 
 177      CDBB1D72 
 177      ADDCCAD7 
 177      F81B
 178 0590 40EAF8FA 		.ascii	"@\352\370\372Z?\277\252\326\357Z\336\344\367\363\313"
 178      5A3FBFAA 
 178      D6EF5ADE 
 178      E4F7F3CB 
 179 05a0 FD7E5743 		.ascii	"\375~WC\315k\376b\325\373`\000|W\033.\032\011/%+\266"
 179      CD6BFE62 
 179      D5FB6000 
 179      7C571B2E 
 179      1A092F25 
 180 05b6 4A316529 		.ascii	"J1e)\014DZ[c\262R\014\334\374\262\024\000f|s<6\035\272"
 180      0C445A5B 
 180      63B2520C 
 180      DCFCB214 
 180      00667C73 
 181 05ce EBA24145 		.ascii	"\353\242AE\206\276\2539\250\304\334\301H(\022\220Ee"
 181      86BEAB39 
 181      A8C4DCC1 
 181      48281290 
 181      4565
 182 05e0 068C34C9 		.ascii	"\006\2144\311\012|o\204\276\213~\234\243\007\\\004\240"
 182      0A7C6F84 
 182      BE8B7E9C 
 182      A3075C04 
 182      A0
 183 05f1 37A39178 		.ascii	"7\243\221x\007\375\352ji\223\242nQl\215\207[Dq\206\336"
 183      07FDEA6A 
 183      6993A26E 
ARM GAS  /tmp/ccgAiSke.s 			page 14


 183      516C8D87 
 183      5B447186 
 184 0606 285F52BD 		.ascii	"(_R\275\304g\352-1\366^\366\375\017\377\341\242\020"
 184      C467EA2D 
 184      31F65EF6 
 184      FD0FFFE1 
 184      A210
 185              		.text
 186              		.section	.gnu.lto_.symtab.c8b7a3edcd1b92f3,"",%progbits
 187 0000 70616C52 		.ascii	"palReadBus\000\000\000\000\000\000\000\000\000\000\000"
 187      65616442 
 187      75730000 
 187      00000000 
 187      00000000 
 188 0015 00A10000 		.ascii	"\000\241\000\000\000palWriteBus\000\000\000\000\000"
 188      0070616C 
 188      57726974 
 188      65427573 
 188      00000000 
 189 002a 00000000 		.ascii	"\000\000\000\000\000\000\000\326\000\000\000palSetB"
 189      000000D6 
 189      00000070 
 189      616C5365 
 189      7442
 190 003c 75734D6F 		.ascii	"usMode\000\000\000\000\000\000\000\000\000\000\000\000"
 190      64650000 
 190      00000000 
 190      00000000 
 190      0000
 191 004e DF000000 		.ascii	"\337\000\000\000_pal_lld_setgroupmode\000\000\002\000"
 191      5F70616C 
 191      5F6C6C64 
 191      5F736574 
 191      67726F75 
 192 006b 00000000 		.ascii	"\000\000\000\000\000\000\000\000\353\000\000\000"
 192      00000000 
 192      EB000000 
 193              		.text
 194              		.section	.gnu.lto_.opts,"",%progbits
 195 0000 272D6D63 		.ascii	"'-mcpu=cortex-m3' '-mno-thumb-interwork' '-mthumb' "
 195      70753D63 
 195      6F727465 
 195      782D6D33 
 195      2720272D 
 196 0033 272D6767 		.ascii	"'-ggdb' '-O2' '-fomit-frame-pointer' '-falign-funct"
 196      64622720 
 196      272D4F32 
 196      2720272D 
 196      666F6D69 
 197 0066 696F6E73 		.ascii	"ions=16' '-ffunction-sections' '-fdata-sections' '-"
 197      3D313627 
 197      20272D66 
 197      66756E63 
 197      74696F6E 
 198 0099 666E6F2D 		.ascii	"fno-common' '-flto'\000"
 198      636F6D6D 
 198      6F6E2720 
ARM GAS  /tmp/ccgAiSke.s 			page 15


 198      272D666C 
 198      746F2700 
 199              		.text
 200              		.cfi_sections	.debug_frame
 201              		.section	.text.palReadBus,"ax",%progbits
 202              		.align	2
 203              		.p2align 4,,15
 204              		.global	palReadBus
 205              		.thumb
 206              		.thumb_func
 207              		.type	palReadBus, %function
 208              	palReadBus:
 209              	.LFB219:
 210              		.file 1 "../../../os/hal/src/hal_pal.c"
 211              		.loc 1 65 0
 212              		.cfi_startproc
 213              		@ args = 0, pretend = 0, frame = 0
 214              		@ frame_needed = 0, uses_anonymous_args = 0
 215              		@ link register save eliminated.
 216              	.LVL0:
 217              		.loc 1 69 0
 218 0000 0368     		ldr	r3, [r0]
 219 0002 8268     		ldr	r2, [r0, #8]
 220 0004 9968     		ldr	r1, [r3, #8]
 221 0006 4368     		ldr	r3, [r0, #4]
 222 0008 21FA02F0 		lsr	r0, r1, r2
 223              	.LVL1:
 224              		.loc 1 70 0
 225 000c 1840     		ands	r0, r0, r3
 226 000e 7047     		bx	lr
 227              		.cfi_endproc
 228              	.LFE219:
 229              		.size	palReadBus, .-palReadBus
 230              		.section	.text.palWriteBus,"ax",%progbits
 231              		.align	2
 232              		.p2align 4,,15
 233              		.global	palWriteBus
 234              		.thumb
 235              		.thumb_func
 236              		.type	palWriteBus, %function
 237              	palWriteBus:
 238              	.LFB220:
 239              		.loc 1 90 0
 240              		.cfi_startproc
 241              		@ args = 0, pretend = 0, frame = 0
 242              		@ frame_needed = 0, uses_anonymous_args = 0
 243              		@ link register save eliminated.
 244              	.LVL2:
 245              		.loc 1 94 0
 246 0000 4268     		ldr	r2, [r0, #4]
 247 0002 8368     		ldr	r3, [r0, #8]
 248              		.loc 1 90 0
 249 0004 30B4     		push	{r4, r5}
 250              		.cfi_def_cfa_offset 8
 251              		.cfi_offset 4, -8
 252              		.cfi_offset 5, -4
 253              		.loc 1 94 0
ARM GAS  /tmp/ccgAiSke.s 			page 16


 254 0006 22EA0105 		bic	r5, r2, r1
 255 000a 03F11004 		add	r4, r3, #16
 256 000e 0A40     		ands	r2, r2, r1
 257 0010 02FA03F3 		lsl	r3, r2, r3
 258 0014 05FA04F2 		lsl	r2, r5, r4
 259              		.loc 1 95 0
 260 0018 30BC     		pop	{r4, r5}
 261              		.loc 1 94 0
 262 001a 0068     		ldr	r0, [r0]
 263              	.LVL3:
 264 001c 1343     		orrs	r3, r3, r2
 265 001e 0361     		str	r3, [r0, #16]
 266              		.loc 1 95 0
 267 0020 7047     		bx	lr
 268              		.cfi_endproc
 269              	.LFE220:
 270              		.size	palWriteBus, .-palWriteBus
 271 0022 00BFAFF3 		.section	.text.palSetBusMode,"ax",%progbits
 271      0080AFF3 
 271      0080AFF3 
 271      0080
 272              		.align	2
 273              		.p2align 4,,15
 274              		.global	palSetBusMode
 275              		.thumb
 276              		.thumb_func
 277              		.type	palSetBusMode, %function
 278              	palSetBusMode:
 279              	.LFB221:
 280              		.loc 1 113 0
 281              		.cfi_startproc
 282              		@ args = 0, pretend = 0, frame = 0
 283              		@ frame_needed = 0, uses_anonymous_args = 0
 284              		@ link register save eliminated.
 285              	.LVL4:
 286 0000 10B4     		push	{r4}
 287              		.cfi_def_cfa_offset 4
 288              		.cfi_offset 4, -4
 289              		.loc 1 117 0
 290 0002 8368     		ldr	r3, [r0, #8]
 291 0004 4468     		ldr	r4, [r0, #4]
 292              		.loc 1 113 0
 293 0006 0A46     		mov	r2, r1
 294              		.loc 1 117 0
 295 0008 0068     		ldr	r0, [r0]
 296              	.LVL5:
 297 000a 04FA03F1 		lsl	r1, r4, r3
 298              	.LVL6:
 299              		.loc 1 118 0
 300 000e 5DF8044B 		ldr	r4, [sp], #4
 301              		.loc 1 117 0
 302 0012 FFF7FEBF 		b	_pal_lld_setgroupmode
 303              	.LVL7:
 304              		.cfi_endproc
 305              	.LFE221:
 306              		.size	palSetBusMode, .-palSetBusMode
 307 0016 00BFAFF3 		.text
ARM GAS  /tmp/ccgAiSke.s 			page 17


 307      0080AFF3 
 307      0080
 308              	.Letext0:
 309              		.file 2 "/home/julian/MEGA/semestre_ix/Embebidos/arm-2013.11/arm-none-eabi/include/stdint.h"
 310              		.file 3 "../../../os/common/ports/ARMCMx/compilers/GCC/chtypes.h"
 311              		.file 4 "../../../os/rt/include/chsystypes.h"
 312              		.file 5 "../../../os/rt/include/chschd.h"
 313              		.file 6 "../../../os/common/ext/CMSIS/ST/STM32F1xx/stm32f100xb.h"
 314              		.file 7 "../../../os/common/ports/ARMCMx/chcore.h"
 315              		.file 8 "../../../os/common/ports/ARMCMx/chcore_v7m.h"
 316              		.file 9 "../../../os/rt/include/chsem.h"
 317              		.file 10 "../../../os/rt/include/chmtx.h"
 318              		.file 11 "../../../os/hal/ports/STM32/LLD/GPIOv1/hal_pal_lld.h"
 319              		.file 12 "../../../os/hal/include/hal_pal.h"
 320              		.file 13 "../../../os/common/ext/CMSIS/include/core_cm3.h"
 321              		.section	.debug_info,"",%progbits
 322              	.Ldebug_info0:
 323 0000 B5070000 		.4byte	0x7b5
 324 0004 0400     		.2byte	0x4
 325 0006 00000000 		.4byte	.Ldebug_abbrev0
 326 000a 04       		.byte	0x4
 327 000b 01       		.uleb128 0x1
 328 000c EF010000 		.4byte	.LASF103
 329 0010 01       		.byte	0x1
 330 0011 81030000 		.4byte	.LASF104
 331 0015 7A010000 		.4byte	.LASF105
 332 0019 00000000 		.4byte	.Ldebug_ranges0+0
 333 001d 00000000 		.4byte	0
 334 0021 00000000 		.4byte	.Ldebug_line0
 335 0025 02       		.uleb128 0x2
 336 0026 04       		.byte	0x4
 337 0027 05       		.byte	0x5
 338 0028 696E7400 		.ascii	"int\000"
 339 002c 03       		.uleb128 0x3
 340 002d 04       		.byte	0x4
 341 002e 07       		.byte	0x7
 342 002f 4D000000 		.4byte	.LASF0
 343 0033 03       		.uleb128 0x3
 344 0034 01       		.byte	0x1
 345 0035 06       		.byte	0x6
 346 0036 E0040000 		.4byte	.LASF1
 347 003a 04       		.uleb128 0x4
 348 003b C6020000 		.4byte	.LASF4
 349 003f 02       		.byte	0x2
 350 0040 2A       		.byte	0x2a
 351 0041 45000000 		.4byte	0x45
 352 0045 03       		.uleb128 0x3
 353 0046 01       		.byte	0x1
 354 0047 08       		.byte	0x8
 355 0048 79040000 		.4byte	.LASF2
 356 004c 03       		.uleb128 0x3
 357 004d 02       		.byte	0x2
 358 004e 05       		.byte	0x5
 359 004f BB030000 		.4byte	.LASF3
 360 0053 04       		.uleb128 0x4
 361 0054 B2030000 		.4byte	.LASF5
 362 0058 02       		.byte	0x2
ARM GAS  /tmp/ccgAiSke.s 			page 18


 363 0059 36       		.byte	0x36
 364 005a 5E000000 		.4byte	0x5e
 365 005e 03       		.uleb128 0x3
 366 005f 02       		.byte	0x2
 367 0060 07       		.byte	0x7
 368 0061 F2040000 		.4byte	.LASF6
 369 0065 04       		.uleb128 0x4
 370 0066 5C040000 		.4byte	.LASF7
 371 006a 02       		.byte	0x2
 372 006b 4F       		.byte	0x4f
 373 006c 70000000 		.4byte	0x70
 374 0070 03       		.uleb128 0x3
 375 0071 04       		.byte	0x4
 376 0072 05       		.byte	0x5
 377 0073 C5030000 		.4byte	.LASF8
 378 0077 04       		.uleb128 0x4
 379 0078 DC000000 		.4byte	.LASF9
 380 007c 02       		.byte	0x2
 381 007d 50       		.byte	0x50
 382 007e 82000000 		.4byte	0x82
 383 0082 03       		.uleb128 0x3
 384 0083 04       		.byte	0x4
 385 0084 07       		.byte	0x7
 386 0085 37040000 		.4byte	.LASF10
 387 0089 03       		.uleb128 0x3
 388 008a 08       		.byte	0x8
 389 008b 05       		.byte	0x5
 390 008c 03030000 		.4byte	.LASF11
 391 0090 04       		.uleb128 0x4
 392 0091 FA030000 		.4byte	.LASF12
 393 0095 02       		.byte	0x2
 394 0096 78       		.byte	0x78
 395 0097 9B000000 		.4byte	0x9b
 396 009b 03       		.uleb128 0x3
 397 009c 08       		.byte	0x8
 398 009d 07       		.byte	0x7
 399 009e 1F010000 		.4byte	.LASF13
 400 00a2 04       		.uleb128 0x4
 401 00a3 A5040000 		.4byte	.LASF14
 402 00a7 02       		.byte	0x2
 403 00a8 A0       		.byte	0xa0
 404 00a9 2C000000 		.4byte	0x2c
 405 00ad 04       		.uleb128 0x4
 406 00ae 9F030000 		.4byte	.LASF15
 407 00b2 03       		.byte	0x3
 408 00b3 3C       		.byte	0x3c
 409 00b4 3A000000 		.4byte	0x3a
 410 00b8 04       		.uleb128 0x4
 411 00b9 BD020000 		.4byte	.LASF16
 412 00bd 03       		.byte	0x3
 413 00be 3D       		.byte	0x3d
 414 00bf 3A000000 		.4byte	0x3a
 415 00c3 04       		.uleb128 0x4
 416 00c4 2F040000 		.4byte	.LASF17
 417 00c8 03       		.byte	0x3
 418 00c9 3E       		.byte	0x3e
 419 00ca 3A000000 		.4byte	0x3a
ARM GAS  /tmp/ccgAiSke.s 			page 19


 420 00ce 04       		.uleb128 0x4
 421 00cf 06010000 		.4byte	.LASF18
 422 00d3 03       		.byte	0x3
 423 00d4 40       		.byte	0x40
 424 00d5 77000000 		.4byte	0x77
 425 00d9 04       		.uleb128 0x4
 426 00da 11030000 		.4byte	.LASF19
 427 00de 03       		.byte	0x3
 428 00df 41       		.byte	0x41
 429 00e0 65000000 		.4byte	0x65
 430 00e4 04       		.uleb128 0x4
 431 00e5 ED000000 		.4byte	.LASF20
 432 00e9 03       		.byte	0x3
 433 00ea 43       		.byte	0x43
 434 00eb 77000000 		.4byte	0x77
 435 00ef 04       		.uleb128 0x4
 436 00f0 36010000 		.4byte	.LASF21
 437 00f4 03       		.byte	0x3
 438 00f5 45       		.byte	0x45
 439 00f6 65000000 		.4byte	0x65
 440 00fa 04       		.uleb128 0x4
 441 00fb 2B000000 		.4byte	.LASF22
 442 00ff 04       		.byte	0x4
 443 0100 35       		.byte	0x35
 444 0101 53000000 		.4byte	0x53
 445 0105 04       		.uleb128 0x4
 446 0106 71010000 		.4byte	.LASF23
 447 010a 04       		.byte	0x4
 448 010b 3F       		.byte	0x3f
 449 010c 10010000 		.4byte	0x110
 450 0110 05       		.uleb128 0x5
 451 0111 D7020000 		.4byte	.LASF41
 452 0115 44       		.byte	0x44
 453 0116 05       		.byte	0x5
 454 0117 9A       		.byte	0x9a
 455 0118 EE010000 		.4byte	0x1ee
 456 011c 06       		.uleb128 0x6
 457 011d 56040000 		.4byte	.LASF24
 458 0121 05       		.byte	0x5
 459 0122 9B       		.byte	0x9b
 460 0123 23020000 		.4byte	0x223
 461 0127 00       		.byte	0
 462 0128 06       		.uleb128 0x6
 463 0129 99020000 		.4byte	.LASF25
 464 012d 05       		.byte	0x5
 465 012e 9C       		.byte	0x9c
 466 012f CE000000 		.4byte	0xce
 467 0133 08       		.byte	0x8
 468 0134 07       		.uleb128 0x7
 469 0135 63747800 		.ascii	"ctx\000"
 470 0139 05       		.byte	0x5
 471 013a 9D       		.byte	0x9d
 472 013b 85040000 		.4byte	0x485
 473 013f 0C       		.byte	0xc
 474 0140 06       		.uleb128 0x6
 475 0141 73040000 		.4byte	.LASF26
 476 0145 05       		.byte	0x5
ARM GAS  /tmp/ccgAiSke.s 			page 20


 477 0146 9F       		.byte	0x9f
 478 0147 F9010000 		.4byte	0x1f9
 479 014b 10       		.byte	0x10
 480 014c 06       		.uleb128 0x6
 481 014d 24050000 		.4byte	.LASF27
 482 0151 05       		.byte	0x5
 483 0152 A0       		.byte	0xa0
 484 0153 F9010000 		.4byte	0x1f9
 485 0157 14       		.byte	0x14
 486 0158 06       		.uleb128 0x6
 487 0159 14040000 		.4byte	.LASF28
 488 015d 05       		.byte	0x5
 489 015e A7       		.byte	0xa7
 490 015f EA050000 		.4byte	0x5ea
 491 0163 18       		.byte	0x18
 492 0164 06       		.uleb128 0x6
 493 0165 B6020000 		.4byte	.LASF29
 494 0169 05       		.byte	0x5
 495 016a B0       		.byte	0xb0
 496 016b FC050000 		.4byte	0x5fc
 497 016f 1C       		.byte	0x1c
 498 0170 06       		.uleb128 0x6
 499 0171 B2040000 		.4byte	.LASF30
 500 0175 05       		.byte	0x5
 501 0176 B5       		.byte	0xb5
 502 0177 B8000000 		.4byte	0xb8
 503 017b 20       		.byte	0x20
 504 017c 06       		.uleb128 0x6
 505 017d 25000000 		.4byte	.LASF31
 506 0181 05       		.byte	0x5
 507 0182 B9       		.byte	0xb9
 508 0183 AD000000 		.4byte	0xad
 509 0187 21       		.byte	0x21
 510 0188 06       		.uleb128 0x6
 511 0189 6E000000 		.4byte	.LASF32
 512 018d 05       		.byte	0x5
 513 018e BE       		.byte	0xbe
 514 018f C3000000 		.4byte	0xc3
 515 0193 22       		.byte	0x22
 516 0194 08       		.uleb128 0x8
 517 0195 7500     		.ascii	"u\000"
 518 0197 05       		.byte	0x5
 519 0198 0F01     		.2byte	0x10f
 520 019a 1F050000 		.4byte	0x51f
 521 019e 24       		.byte	0x24
 522 019f 09       		.uleb128 0x9
 523 01a0 87040000 		.4byte	.LASF33
 524 01a4 05       		.byte	0x5
 525 01a5 1401     		.2byte	0x114
 526 01a7 FF010000 		.4byte	0x1ff
 527 01ab 28       		.byte	0x28
 528 01ac 09       		.uleb128 0x9
 529 01ad CE020000 		.4byte	.LASF34
 530 01b1 05       		.byte	0x5
 531 01b2 1A01     		.2byte	0x11a
 532 01b4 23020000 		.4byte	0x223
 533 01b8 2C       		.byte	0x2c
ARM GAS  /tmp/ccgAiSke.s 			page 21


 534 01b9 09       		.uleb128 0x9
 535 01ba 44000000 		.4byte	.LASF35
 536 01be 05       		.byte	0x5
 537 01bf 2001     		.2byte	0x120
 538 01c1 E4000000 		.4byte	0xe4
 539 01c5 34       		.byte	0x34
 540 01c6 09       		.uleb128 0x9
 541 01c7 52010000 		.4byte	.LASF36
 542 01cb 05       		.byte	0x5
 543 01cc 2701     		.2byte	0x127
 544 01ce E4050000 		.4byte	0x5e4
 545 01d2 38       		.byte	0x38
 546 01d3 09       		.uleb128 0x9
 547 01d4 35000000 		.4byte	.LASF37
 548 01d8 05       		.byte	0x5
 549 01d9 2B01     		.2byte	0x12b
 550 01db CE000000 		.4byte	0xce
 551 01df 3C       		.byte	0x3c
 552 01e0 09       		.uleb128 0x9
 553 01e1 38050000 		.4byte	.LASF38
 554 01e5 05       		.byte	0x5
 555 01e6 3201     		.2byte	0x132
 556 01e8 D6020000 		.4byte	0x2d6
 557 01ec 40       		.byte	0x40
 558 01ed 00       		.byte	0
 559 01ee 04       		.uleb128 0x4
 560 01ef A3020000 		.4byte	.LASF39
 561 01f3 04       		.byte	0x4
 562 01f4 44       		.byte	0x44
 563 01f5 F9010000 		.4byte	0x1f9
 564 01f9 0A       		.uleb128 0xa
 565 01fa 04       		.byte	0x4
 566 01fb 05010000 		.4byte	0x105
 567 01ff 04       		.uleb128 0x4
 568 0200 5F000000 		.4byte	.LASF40
 569 0204 04       		.byte	0x4
 570 0205 49       		.byte	0x49
 571 0206 0A020000 		.4byte	0x20a
 572 020a 05       		.uleb128 0x5
 573 020b 00000000 		.4byte	.LASF42
 574 020f 04       		.byte	0x4
 575 0210 05       		.byte	0x5
 576 0211 88       		.byte	0x88
 577 0212 23020000 		.4byte	0x223
 578 0216 06       		.uleb128 0x6
 579 0217 5A000000 		.4byte	.LASF43
 580 021b 05       		.byte	0x5
 581 021c 89       		.byte	0x89
 582 021d F9010000 		.4byte	0x1f9
 583 0221 00       		.byte	0
 584 0222 00       		.byte	0
 585 0223 04       		.uleb128 0x4
 586 0224 42010000 		.4byte	.LASF44
 587 0228 04       		.byte	0x4
 588 0229 50       		.byte	0x50
 589 022a 2E020000 		.4byte	0x22e
 590 022e 05       		.uleb128 0x5
ARM GAS  /tmp/ccgAiSke.s 			page 22


 591 022f B2000000 		.4byte	.LASF45
 592 0233 08       		.byte	0x8
 593 0234 05       		.byte	0x5
 594 0235 8F       		.byte	0x8f
 595 0236 53020000 		.4byte	0x253
 596 023a 06       		.uleb128 0x6
 597 023b 5A000000 		.4byte	.LASF43
 598 023f 05       		.byte	0x5
 599 0240 90       		.byte	0x90
 600 0241 F9010000 		.4byte	0x1f9
 601 0245 00       		.byte	0
 602 0246 06       		.uleb128 0x6
 603 0247 AD000000 		.4byte	.LASF46
 604 024b 05       		.byte	0x5
 605 024c 91       		.byte	0x91
 606 024d F9010000 		.4byte	0x1f9
 607 0251 04       		.byte	0x4
 608 0252 00       		.byte	0
 609 0253 04       		.uleb128 0x4
 610 0254 49040000 		.4byte	.LASF47
 611 0258 04       		.byte	0x4
 612 0259 57       		.byte	0x57
 613 025a 5E020000 		.4byte	0x25e
 614 025e 0B       		.uleb128 0xb
 615 025f 8E000000 		.4byte	.LASF48
 616 0263 1C       		.byte	0x1c
 617 0264 05       		.byte	0x5
 618 0265 6A01     		.2byte	0x16a
 619 0267 BA020000 		.4byte	0x2ba
 620 026b 09       		.uleb128 0x9
 621 026c 56040000 		.4byte	.LASF24
 622 0270 05       		.byte	0x5
 623 0271 6B01     		.2byte	0x16b
 624 0273 23020000 		.4byte	0x223
 625 0277 00       		.byte	0
 626 0278 09       		.uleb128 0x9
 627 0279 99020000 		.4byte	.LASF25
 628 027d 05       		.byte	0x5
 629 027e 6C01     		.2byte	0x16c
 630 0280 CE000000 		.4byte	0xce
 631 0284 08       		.byte	0x8
 632 0285 08       		.uleb128 0x8
 633 0286 63747800 		.ascii	"ctx\000"
 634 028a 05       		.byte	0x5
 635 028b 6E01     		.2byte	0x16e
 636 028d 85040000 		.4byte	0x485
 637 0291 0C       		.byte	0xc
 638 0292 09       		.uleb128 0x9
 639 0293 73040000 		.4byte	.LASF26
 640 0297 05       		.byte	0x5
 641 0298 7101     		.2byte	0x171
 642 029a F9010000 		.4byte	0x1f9
 643 029e 10       		.byte	0x10
 644 029f 09       		.uleb128 0x9
 645 02a0 24050000 		.4byte	.LASF27
 646 02a4 05       		.byte	0x5
 647 02a5 7201     		.2byte	0x172
ARM GAS  /tmp/ccgAiSke.s 			page 23


 648 02a7 F9010000 		.4byte	0x1f9
 649 02ab 14       		.byte	0x14
 650 02ac 09       		.uleb128 0x9
 651 02ad 10050000 		.4byte	.LASF49
 652 02b1 05       		.byte	0x5
 653 02b2 7501     		.2byte	0x175
 654 02b4 F9010000 		.4byte	0x1f9
 655 02b8 18       		.byte	0x18
 656 02b9 00       		.byte	0
 657 02ba 04       		.uleb128 0x4
 658 02bb C3000000 		.4byte	.LASF50
 659 02bf 04       		.byte	0x4
 660 02c0 5C       		.byte	0x5c
 661 02c1 C5020000 		.4byte	0x2c5
 662 02c5 0A       		.uleb128 0xa
 663 02c6 04       		.byte	0x4
 664 02c7 CB020000 		.4byte	0x2cb
 665 02cb 0C       		.uleb128 0xc
 666 02cc D6020000 		.4byte	0x2d6
 667 02d0 0D       		.uleb128 0xd
 668 02d1 D6020000 		.4byte	0x2d6
 669 02d5 00       		.byte	0
 670 02d6 0E       		.uleb128 0xe
 671 02d7 04       		.byte	0x4
 672 02d8 04       		.uleb128 0x4
 673 02d9 33030000 		.4byte	.LASF51
 674 02dd 04       		.byte	0x4
 675 02de 61       		.byte	0x61
 676 02df E3020000 		.4byte	0x2e3
 677 02e3 0B       		.uleb128 0xb
 678 02e4 0E010000 		.4byte	.LASF52
 679 02e8 14       		.byte	0x14
 680 02e9 05       		.byte	0x5
 681 02ea 4501     		.2byte	0x145
 682 02ec 32030000 		.4byte	0x332
 683 02f0 09       		.uleb128 0x9
 684 02f1 5A000000 		.4byte	.LASF43
 685 02f5 05       		.byte	0x5
 686 02f6 4601     		.2byte	0x146
 687 02f8 02060000 		.4byte	0x602
 688 02fc 00       		.byte	0
 689 02fd 09       		.uleb128 0x9
 690 02fe AD000000 		.4byte	.LASF46
 691 0302 05       		.byte	0x5
 692 0303 4701     		.2byte	0x147
 693 0305 02060000 		.4byte	0x602
 694 0309 04       		.byte	0x4
 695 030a 09       		.uleb128 0x9
 696 030b EC040000 		.4byte	.LASF53
 697 030f 05       		.byte	0x5
 698 0310 4801     		.2byte	0x148
 699 0312 FA000000 		.4byte	0xfa
 700 0316 08       		.byte	0x8
 701 0317 09       		.uleb128 0x9
 702 0318 9C000000 		.4byte	.LASF54
 703 031c 05       		.byte	0x5
 704 031d 4901     		.2byte	0x149
ARM GAS  /tmp/ccgAiSke.s 			page 24


 705 031f BA020000 		.4byte	0x2ba
 706 0323 0C       		.byte	0xc
 707 0324 08       		.uleb128 0x8
 708 0325 70617200 		.ascii	"par\000"
 709 0329 05       		.byte	0x5
 710 032a 4B01     		.2byte	0x14b
 711 032c D6020000 		.4byte	0x2d6
 712 0330 10       		.byte	0x10
 713 0331 00       		.byte	0
 714 0332 04       		.uleb128 0x4
 715 0333 8F040000 		.4byte	.LASF55
 716 0337 04       		.byte	0x4
 717 0338 66       		.byte	0x66
 718 0339 3D030000 		.4byte	0x33d
 719 033d 0B       		.uleb128 0xb
 720 033e 5A010000 		.4byte	.LASF56
 721 0342 0C       		.byte	0xc
 722 0343 05       		.byte	0x5
 723 0344 5501     		.2byte	0x155
 724 0346 7F030000 		.4byte	0x37f
 725 034a 09       		.uleb128 0x9
 726 034b 5A000000 		.4byte	.LASF43
 727 034f 05       		.byte	0x5
 728 0350 5601     		.2byte	0x156
 729 0352 02060000 		.4byte	0x602
 730 0356 00       		.byte	0
 731 0357 09       		.uleb128 0x9
 732 0358 AD000000 		.4byte	.LASF46
 733 035c 05       		.byte	0x5
 734 035d 5801     		.2byte	0x158
 735 035f 02060000 		.4byte	0x602
 736 0363 04       		.byte	0x4
 737 0364 09       		.uleb128 0x9
 738 0365 EC040000 		.4byte	.LASF53
 739 0369 05       		.byte	0x5
 740 036a 5A01     		.2byte	0x15a
 741 036c FA000000 		.4byte	0xfa
 742 0370 08       		.byte	0x8
 743 0371 09       		.uleb128 0x9
 744 0372 F1030000 		.4byte	.LASF57
 745 0376 05       		.byte	0x5
 746 0377 6201     		.2byte	0x162
 747 0379 FA000000 		.4byte	0xfa
 748 037d 0A       		.byte	0xa
 749 037e 00       		.byte	0
 750 037f 04       		.uleb128 0x4
 751 0380 F4020000 		.4byte	.LASF58
 752 0384 04       		.byte	0x4
 753 0385 6B       		.byte	0x6b
 754 0386 8A030000 		.4byte	0x38a
 755 038a 0B       		.uleb128 0xb
 756 038b CC000000 		.4byte	.LASF59
 757 038f 04       		.byte	0x4
 758 0390 05       		.byte	0x5
 759 0391 7C01     		.2byte	0x17c
 760 0393 A5030000 		.4byte	0x3a5
 761 0397 09       		.uleb128 0x9
ARM GAS  /tmp/ccgAiSke.s 			page 25


 762 0398 77030000 		.4byte	.LASF60
 763 039c 05       		.byte	0x5
 764 039d 8401     		.2byte	0x184
 765 039f 08060000 		.4byte	0x608
 766 03a3 00       		.byte	0
 767 03a4 00       		.byte	0
 768 03a5 04       		.uleb128 0x4
 769 03a6 CE040000 		.4byte	.LASF61
 770 03aa 04       		.byte	0x4
 771 03ab 70       		.byte	0x70
 772 03ac B0030000 		.4byte	0x3b0
 773 03b0 0B       		.uleb128 0xb
 774 03b1 E7030000 		.4byte	.LASF62
 775 03b5 70       		.byte	0x70
 776 03b6 05       		.byte	0x5
 777 03b7 9C01     		.2byte	0x19c
 778 03b9 F2030000 		.4byte	0x3f2
 779 03bd 09       		.uleb128 0x9
 780 03be 03040000 		.4byte	.LASF63
 781 03c2 05       		.byte	0x5
 782 03c3 A001     		.2byte	0x1a0
 783 03c5 53020000 		.4byte	0x253
 784 03c9 00       		.byte	0
 785 03ca 09       		.uleb128 0x9
 786 03cb 7A000000 		.4byte	.LASF64
 787 03cf 05       		.byte	0x5
 788 03d0 A401     		.2byte	0x1a4
 789 03d2 32030000 		.4byte	0x332
 790 03d6 1C       		.byte	0x1c
 791 03d7 08       		.uleb128 0x8
 792 03d8 64626700 		.ascii	"dbg\000"
 793 03dc 05       		.byte	0x5
 794 03dd A801     		.2byte	0x1a8
 795 03df 7F030000 		.4byte	0x37f
 796 03e3 28       		.byte	0x28
 797 03e4 09       		.uleb128 0x9
 798 03e5 A7030000 		.4byte	.LASF65
 799 03e9 05       		.byte	0x5
 800 03ea AC01     		.2byte	0x1ac
 801 03ec 05010000 		.4byte	0x105
 802 03f0 2C       		.byte	0x2c
 803 03f1 00       		.byte	0
 804 03f2 03       		.uleb128 0x3
 805 03f3 04       		.byte	0x4
 806 03f4 07       		.byte	0x7
 807 03f5 26040000 		.4byte	.LASF66
 808 03f9 0F       		.uleb128 0xf
 809 03fa 77000000 		.4byte	0x77
 810 03fe 10       		.uleb128 0x10
 811 03ff 1C       		.byte	0x1c
 812 0400 06       		.byte	0x6
 813 0401 5B01     		.2byte	0x15b
 814 0403 63040000 		.4byte	0x463
 815 0407 08       		.uleb128 0x8
 816 0408 43524C00 		.ascii	"CRL\000"
 817 040c 06       		.byte	0x6
 818 040d 5D01     		.2byte	0x15d
ARM GAS  /tmp/ccgAiSke.s 			page 26


 819 040f F9030000 		.4byte	0x3f9
 820 0413 00       		.byte	0
 821 0414 08       		.uleb128 0x8
 822 0415 43524800 		.ascii	"CRH\000"
 823 0419 06       		.byte	0x6
 824 041a 5E01     		.2byte	0x15e
 825 041c F9030000 		.4byte	0x3f9
 826 0420 04       		.byte	0x4
 827 0421 08       		.uleb128 0x8
 828 0422 49445200 		.ascii	"IDR\000"
 829 0426 06       		.byte	0x6
 830 0427 5F01     		.2byte	0x15f
 831 0429 F9030000 		.4byte	0x3f9
 832 042d 08       		.byte	0x8
 833 042e 08       		.uleb128 0x8
 834 042f 4F445200 		.ascii	"ODR\000"
 835 0433 06       		.byte	0x6
 836 0434 6001     		.2byte	0x160
 837 0436 F9030000 		.4byte	0x3f9
 838 043a 0C       		.byte	0xc
 839 043b 09       		.uleb128 0x9
 840 043c 17000000 		.4byte	.LASF67
 841 0440 06       		.byte	0x6
 842 0441 6101     		.2byte	0x161
 843 0443 F9030000 		.4byte	0x3f9
 844 0447 10       		.byte	0x10
 845 0448 08       		.uleb128 0x8
 846 0449 42525200 		.ascii	"BRR\000"
 847 044d 06       		.byte	0x6
 848 044e 6201     		.2byte	0x162
 849 0450 F9030000 		.4byte	0x3f9
 850 0454 14       		.byte	0x14
 851 0455 09       		.uleb128 0x9
 852 0456 33050000 		.4byte	.LASF68
 853 045a 06       		.byte	0x6
 854 045b 6301     		.2byte	0x163
 855 045d F9030000 		.4byte	0x3f9
 856 0461 18       		.byte	0x18
 857 0462 00       		.byte	0
 858 0463 11       		.uleb128 0x11
 859 0464 19040000 		.4byte	.LASF69
 860 0468 06       		.byte	0x6
 861 0469 6401     		.2byte	0x164
 862 046b FE030000 		.4byte	0x3fe
 863 046f 04       		.uleb128 0x4
 864 0470 1C000000 		.4byte	.LASF70
 865 0474 07       		.byte	0x7
 866 0475 65       		.byte	0x65
 867 0476 D6020000 		.4byte	0x2d6
 868 047a 04       		.uleb128 0x4
 869 047b 05050000 		.4byte	.LASF71
 870 047f 07       		.byte	0x7
 871 0480 6D       		.byte	0x6d
 872 0481 90000000 		.4byte	0x90
 873 0485 05       		.uleb128 0x5
 874 0486 81000000 		.4byte	.LASF72
 875 048a 04       		.byte	0x4
ARM GAS  /tmp/ccgAiSke.s 			page 27


 876 048b 07       		.byte	0x7
 877 048c 89       		.byte	0x89
 878 048d 9D040000 		.4byte	0x49d
 879 0491 07       		.uleb128 0x7
 880 0492 737000   		.ascii	"sp\000"
 881 0495 07       		.byte	0x7
 882 0496 8A       		.byte	0x8a
 883 0497 19050000 		.4byte	0x519
 884 049b 00       		.byte	0
 885 049c 00       		.byte	0
 886 049d 0B       		.uleb128 0xb
 887 049e CE030000 		.4byte	.LASF73
 888 04a2 24       		.byte	0x24
 889 04a3 08       		.byte	0x8
 890 04a4 5901     		.2byte	0x159
 891 04a6 19050000 		.4byte	0x519
 892 04aa 08       		.uleb128 0x8
 893 04ab 723400   		.ascii	"r4\000"
 894 04ae 08       		.byte	0x8
 895 04af 6C01     		.2byte	0x16c
 896 04b1 6F040000 		.4byte	0x46f
 897 04b5 00       		.byte	0
 898 04b6 08       		.uleb128 0x8
 899 04b7 723500   		.ascii	"r5\000"
 900 04ba 08       		.byte	0x8
 901 04bb 6D01     		.2byte	0x16d
 902 04bd 6F040000 		.4byte	0x46f
 903 04c1 04       		.byte	0x4
 904 04c2 08       		.uleb128 0x8
 905 04c3 723600   		.ascii	"r6\000"
 906 04c6 08       		.byte	0x8
 907 04c7 6E01     		.2byte	0x16e
 908 04c9 6F040000 		.4byte	0x46f
 909 04cd 08       		.byte	0x8
 910 04ce 08       		.uleb128 0x8
 911 04cf 723700   		.ascii	"r7\000"
 912 04d2 08       		.byte	0x8
 913 04d3 6F01     		.2byte	0x16f
 914 04d5 6F040000 		.4byte	0x46f
 915 04d9 0C       		.byte	0xc
 916 04da 08       		.uleb128 0x8
 917 04db 723800   		.ascii	"r8\000"
 918 04de 08       		.byte	0x8
 919 04df 7001     		.2byte	0x170
 920 04e1 6F040000 		.4byte	0x46f
 921 04e5 10       		.byte	0x10
 922 04e6 08       		.uleb128 0x8
 923 04e7 723900   		.ascii	"r9\000"
 924 04ea 08       		.byte	0x8
 925 04eb 7101     		.2byte	0x171
 926 04ed 6F040000 		.4byte	0x46f
 927 04f1 14       		.byte	0x14
 928 04f2 08       		.uleb128 0x8
 929 04f3 72313000 		.ascii	"r10\000"
 930 04f7 08       		.byte	0x8
 931 04f8 7201     		.2byte	0x172
 932 04fa 6F040000 		.4byte	0x46f
ARM GAS  /tmp/ccgAiSke.s 			page 28


 933 04fe 18       		.byte	0x18
 934 04ff 08       		.uleb128 0x8
 935 0500 72313100 		.ascii	"r11\000"
 936 0504 08       		.byte	0x8
 937 0505 7301     		.2byte	0x173
 938 0507 6F040000 		.4byte	0x46f
 939 050b 1C       		.byte	0x1c
 940 050c 08       		.uleb128 0x8
 941 050d 6C7200   		.ascii	"lr\000"
 942 0510 08       		.byte	0x8
 943 0511 7401     		.2byte	0x174
 944 0513 6F040000 		.4byte	0x46f
 945 0517 20       		.byte	0x20
 946 0518 00       		.byte	0
 947 0519 0A       		.uleb128 0xa
 948 051a 04       		.byte	0x4
 949 051b 9D040000 		.4byte	0x49d
 950 051f 12       		.uleb128 0x12
 951 0520 04       		.byte	0x4
 952 0521 05       		.byte	0x5
 953 0522 D2       		.byte	0xd2
 954 0523 82050000 		.4byte	0x582
 955 0527 13       		.uleb128 0x13
 956 0528 D2010000 		.4byte	.LASF74
 957 052c 05       		.byte	0x5
 958 052d D9       		.byte	0xd9
 959 052e D9000000 		.4byte	0xd9
 960 0532 13       		.uleb128 0x13
 961 0533 2A050000 		.4byte	.LASF75
 962 0537 05       		.byte	0x5
 963 0538 E0       		.byte	0xe0
 964 0539 D9000000 		.4byte	0xd9
 965 053d 13       		.uleb128 0x13
 966 053e 73000000 		.4byte	.LASF76
 967 0542 05       		.byte	0x5
 968 0543 E7       		.byte	0xe7
 969 0544 D6020000 		.4byte	0x2d6
 970 0548 13       		.uleb128 0x13
 971 0549 DA040000 		.4byte	.LASF77
 972 054d 05       		.byte	0x5
 973 054e EE       		.byte	0xee
 974 054f 82050000 		.4byte	0x582
 975 0553 13       		.uleb128 0x13
 976 0554 E5000000 		.4byte	.LASF78
 977 0558 05       		.byte	0x5
 978 0559 F3       		.byte	0xf3
 979 055a D9000000 		.4byte	0xd9
 980 055e 13       		.uleb128 0x13
 981 055f 64040000 		.4byte	.LASF79
 982 0563 05       		.byte	0x5
 983 0564 FC       		.byte	0xfc
 984 0565 AD050000 		.4byte	0x5ad
 985 0569 14       		.uleb128 0x14
 986 056a 10000000 		.4byte	.LASF80
 987 056e 05       		.byte	0x5
 988 056f 0501     		.2byte	0x105
 989 0571 E4050000 		.4byte	0x5e4
ARM GAS  /tmp/ccgAiSke.s 			page 29


 990 0575 14       		.uleb128 0x14
 991 0576 A1000000 		.4byte	.LASF81
 992 057a 05       		.byte	0x5
 993 057b 0D01     		.2byte	0x10d
 994 057d E4000000 		.4byte	0xe4
 995 0581 00       		.byte	0
 996 0582 0A       		.uleb128 0xa
 997 0583 04       		.byte	0x4
 998 0584 EE010000 		.4byte	0x1ee
 999 0588 05       		.uleb128 0x5
 1000 0589 F9000000 		.4byte	.LASF82
 1001 058d 0C       		.byte	0xc
 1002 058e 09       		.byte	0x9
 1003 058f 34       		.byte	0x34
 1004 0590 AD050000 		.4byte	0x5ad
 1005 0594 06       		.uleb128 0x6
 1006 0595 56040000 		.4byte	.LASF24
 1007 0599 09       		.byte	0x9
 1008 059a 35       		.byte	0x35
 1009 059b 23020000 		.4byte	0x223
 1010 059f 00       		.byte	0
 1011 05a0 07       		.uleb128 0x7
 1012 05a1 636E7400 		.ascii	"cnt\000"
 1013 05a5 09       		.byte	0x9
 1014 05a6 37       		.byte	0x37
 1015 05a7 EF000000 		.4byte	0xef
 1016 05ab 08       		.byte	0x8
 1017 05ac 00       		.byte	0
 1018 05ad 0A       		.uleb128 0xa
 1019 05ae 04       		.byte	0x4
 1020 05af 88050000 		.4byte	0x588
 1021 05b3 05       		.uleb128 0x5
 1022 05b4 E6010000 		.4byte	.LASF83
 1023 05b8 10       		.byte	0x10
 1024 05b9 0A       		.byte	0xa
 1025 05ba 39       		.byte	0x39
 1026 05bb E4050000 		.4byte	0x5e4
 1027 05bf 06       		.uleb128 0x6
 1028 05c0 56040000 		.4byte	.LASF24
 1029 05c4 0A       		.byte	0xa
 1030 05c5 3A       		.byte	0x3a
 1031 05c6 23020000 		.4byte	0x223
 1032 05ca 00       		.byte	0
 1033 05cb 06       		.uleb128 0x6
 1034 05cc 3C010000 		.4byte	.LASF84
 1035 05d0 0A       		.byte	0xa
 1036 05d1 3C       		.byte	0x3c
 1037 05d2 F9010000 		.4byte	0x1f9
 1038 05d6 08       		.byte	0x8
 1039 05d7 06       		.uleb128 0x6
 1040 05d8 5A000000 		.4byte	.LASF43
 1041 05dc 0A       		.byte	0xa
 1042 05dd 3E       		.byte	0x3e
 1043 05de 18060000 		.4byte	0x618
 1044 05e2 0C       		.byte	0xc
 1045 05e3 00       		.byte	0
 1046 05e4 0A       		.uleb128 0xa
ARM GAS  /tmp/ccgAiSke.s 			page 30


 1047 05e5 04       		.byte	0x4
 1048 05e6 B3050000 		.4byte	0x5b3
 1049 05ea 0A       		.uleb128 0xa
 1050 05eb 04       		.byte	0x4
 1051 05ec F0050000 		.4byte	0x5f0
 1052 05f0 15       		.uleb128 0x15
 1053 05f1 F5050000 		.4byte	0x5f5
 1054 05f5 03       		.uleb128 0x3
 1055 05f6 01       		.byte	0x1
 1056 05f7 08       		.byte	0x8
 1057 05f8 9E020000 		.4byte	.LASF85
 1058 05fc 0A       		.uleb128 0xa
 1059 05fd 04       		.byte	0x4
 1060 05fe 7A040000 		.4byte	0x47a
 1061 0602 0A       		.uleb128 0xa
 1062 0603 04       		.byte	0x4
 1063 0604 D8020000 		.4byte	0x2d8
 1064 0608 0F       		.uleb128 0xf
 1065 0609 EA050000 		.4byte	0x5ea
 1066 060d 04       		.uleb128 0x4
 1067 060e 6B040000 		.4byte	.LASF86
 1068 0612 0A       		.byte	0xa
 1069 0613 34       		.byte	0x34
 1070 0614 B3050000 		.4byte	0x5b3
 1071 0618 0A       		.uleb128 0xa
 1072 0619 04       		.byte	0x4
 1073 061a 0D060000 		.4byte	0x60d
 1074 061e 03       		.uleb128 0x3
 1075 061f 01       		.byte	0x1
 1076 0620 02       		.byte	0x2
 1077 0621 E0010000 		.4byte	.LASF87
 1078 0625 04       		.uleb128 0x4
 1079 0626 43030000 		.4byte	.LASF88
 1080 062a 0B       		.byte	0xb
 1081 062b 92       		.byte	0x92
 1082 062c 77000000 		.4byte	0x77
 1083 0630 04       		.uleb128 0x4
 1084 0631 50030000 		.4byte	.LASF89
 1085 0635 0B       		.byte	0xb
 1086 0636 97       		.byte	0x97
 1087 0637 77000000 		.4byte	0x77
 1088 063b 04       		.uleb128 0x4
 1089 063c 09040000 		.4byte	.LASF90
 1090 0640 0B       		.byte	0xb
 1091 0641 A4       		.byte	0xa4
 1092 0642 46060000 		.4byte	0x646
 1093 0646 0A       		.uleb128 0xa
 1094 0647 04       		.byte	0x4
 1095 0648 63040000 		.4byte	0x463
 1096 064c 16       		.uleb128 0x16
 1097 064d 0C       		.byte	0xc
 1098 064e 0C       		.byte	0xc
 1099 064f 8A       		.byte	0x8a
 1100 0650 79060000 		.4byte	0x679
 1101 0654 06       		.uleb128 0x6
 1102 0655 92020000 		.4byte	.LASF91
 1103 0659 0C       		.byte	0xc
ARM GAS  /tmp/ccgAiSke.s 			page 31


 1104 065a 8E       		.byte	0x8e
 1105 065b 3B060000 		.4byte	0x63b
 1106 065f 00       		.byte	0
 1107 0660 06       		.uleb128 0x6
 1108 0661 59030000 		.4byte	.LASF92
 1109 0665 0C       		.byte	0xc
 1110 0666 94       		.byte	0x94
 1111 0667 25060000 		.4byte	0x625
 1112 066b 04       		.byte	0x4
 1113 066c 06       		.uleb128 0x6
 1114 066d D9010000 		.4byte	.LASF93
 1115 0671 0C       		.byte	0xc
 1116 0672 98       		.byte	0x98
 1117 0673 A2000000 		.4byte	0xa2
 1118 0677 08       		.byte	0x8
 1119 0678 00       		.byte	0
 1120 0679 04       		.uleb128 0x4
 1121 067a 3E000000 		.4byte	.LASF94
 1122 067e 0C       		.byte	0xc
 1123 067f 99       		.byte	0x99
 1124 0680 4C060000 		.4byte	0x64c
 1125 0684 17       		.uleb128 0x17
 1126 0685 6C030000 		.4byte	.LASF106
 1127 0689 01       		.byte	0x1
 1128 068a 41       		.byte	0x41
 1129 068b 25060000 		.4byte	0x625
 1130 068f 00000000 		.4byte	.LFB219
 1131 0693 10000000 		.4byte	.LFE219-.LFB219
 1132 0697 01       		.uleb128 0x1
 1133 0698 9C       		.byte	0x9c
 1134 0699 B6060000 		.4byte	0x6b6
 1135 069d 18       		.uleb128 0x18
 1136 069e 62757300 		.ascii	"bus\000"
 1137 06a2 01       		.byte	0x1
 1138 06a3 41       		.byte	0x41
 1139 06a4 B6060000 		.4byte	0x6b6
 1140 06a8 00000000 		.4byte	.LLST0
 1141 06ac 19       		.uleb128 0x19
 1142 06ad 17030000 		.4byte	.LASF96
 1143 06b1 CC060000 		.4byte	0x6cc
 1144 06b5 00       		.byte	0
 1145 06b6 0A       		.uleb128 0xa
 1146 06b7 04       		.byte	0x4
 1147 06b8 79060000 		.4byte	0x679
 1148 06bc 1A       		.uleb128 0x1a
 1149 06bd F5050000 		.4byte	0x5f5
 1150 06c1 CC060000 		.4byte	0x6cc
 1151 06c5 1B       		.uleb128 0x1b
 1152 06c6 F2030000 		.4byte	0x3f2
 1153 06ca 0A       		.byte	0xa
 1154 06cb 00       		.byte	0
 1155 06cc 15       		.uleb128 0x15
 1156 06cd BC060000 		.4byte	0x6bc
 1157 06d1 1C       		.uleb128 0x1c
 1158 06d2 18050000 		.4byte	.LASF98
 1159 06d6 01       		.byte	0x1
 1160 06d7 5A       		.byte	0x5a
ARM GAS  /tmp/ccgAiSke.s 			page 32


 1161 06d8 00000000 		.4byte	.LFB220
 1162 06dc 22000000 		.4byte	.LFE220-.LFB220
 1163 06e0 01       		.uleb128 0x1
 1164 06e1 9C       		.byte	0x9c
 1165 06e2 0C070000 		.4byte	0x70c
 1166 06e6 18       		.uleb128 0x18
 1167 06e7 62757300 		.ascii	"bus\000"
 1168 06eb 01       		.byte	0x1
 1169 06ec 5A       		.byte	0x5a
 1170 06ed B6060000 		.4byte	0x6b6
 1171 06f1 21000000 		.4byte	.LLST1
 1172 06f5 1D       		.uleb128 0x1d
 1173 06f6 E1020000 		.4byte	.LASF95
 1174 06fa 01       		.byte	0x1
 1175 06fb 5A       		.byte	0x5a
 1176 06fc 25060000 		.4byte	0x625
 1177 0700 01       		.uleb128 0x1
 1178 0701 51       		.byte	0x51
 1179 0702 19       		.uleb128 0x19
 1180 0703 25030000 		.4byte	.LASF97
 1181 0707 1C070000 		.4byte	0x71c
 1182 070b 00       		.byte	0
 1183 070c 1A       		.uleb128 0x1a
 1184 070d F5050000 		.4byte	0x5f5
 1185 0711 1C070000 		.4byte	0x71c
 1186 0715 1B       		.uleb128 0x1b
 1187 0716 F2030000 		.4byte	0x3f2
 1188 071a 0B       		.byte	0xb
 1189 071b 00       		.byte	0
 1190 071c 15       		.uleb128 0x15
 1191 071d 0C070000 		.4byte	0x70c
 1192 0721 1C       		.uleb128 0x1c
 1193 0722 E6020000 		.4byte	.LASF99
 1194 0726 01       		.byte	0x1
 1195 0727 71       		.byte	0x71
 1196 0728 00000000 		.4byte	.LFB221
 1197 072c 16000000 		.4byte	.LFE221-.LFB221
 1198 0730 01       		.uleb128 0x1
 1199 0731 9C       		.byte	0x9c
 1200 0732 6F070000 		.4byte	0x76f
 1201 0736 18       		.uleb128 0x18
 1202 0737 62757300 		.ascii	"bus\000"
 1203 073b 01       		.byte	0x1
 1204 073c 71       		.byte	0x71
 1205 073d B6060000 		.4byte	0x6b6
 1206 0741 42000000 		.4byte	.LLST2
 1207 0745 1E       		.uleb128 0x1e
 1208 0746 A8000000 		.4byte	.LASF100
 1209 074a 01       		.byte	0x1
 1210 074b 71       		.byte	0x71
 1211 074c 30060000 		.4byte	0x630
 1212 0750 63000000 		.4byte	.LLST3
 1213 0754 19       		.uleb128 0x19
 1214 0755 5E030000 		.4byte	.LASF101
 1215 0759 7F070000 		.4byte	0x77f
 1216 075d 1F       		.uleb128 0x1f
 1217 075e 16000000 		.4byte	.LVL7
ARM GAS  /tmp/ccgAiSke.s 			page 33


 1218 0762 A0070000 		.4byte	0x7a0
 1219 0766 20       		.uleb128 0x20
 1220 0767 01       		.uleb128 0x1
 1221 0768 52       		.byte	0x52
 1222 0769 03       		.uleb128 0x3
 1223 076a F3       		.byte	0xf3
 1224 076b 01       		.uleb128 0x1
 1225 076c 51       		.byte	0x51
 1226 076d 00       		.byte	0
 1227 076e 00       		.byte	0
 1228 076f 1A       		.uleb128 0x1a
 1229 0770 F5050000 		.4byte	0x5f5
 1230 0774 7F070000 		.4byte	0x77f
 1231 0778 1B       		.uleb128 0x1b
 1232 0779 F2030000 		.4byte	0x3f2
 1233 077d 0D       		.byte	0xd
 1234 077e 00       		.byte	0
 1235 077f 15       		.uleb128 0x15
 1236 0780 6F070000 		.4byte	0x76f
 1237 0784 21       		.uleb128 0x21
 1238 0785 DA030000 		.4byte	.LASF102
 1239 0789 0D       		.byte	0xd
 1240 078a 9606     		.2byte	0x696
 1241 078c 90070000 		.4byte	0x790
 1242 0790 0F       		.uleb128 0xf
 1243 0791 65000000 		.4byte	0x65
 1244 0795 22       		.uleb128 0x22
 1245 0796 636800   		.ascii	"ch\000"
 1246 0799 05       		.byte	0x5
 1247 079a D201     		.2byte	0x1d2
 1248 079c A5030000 		.4byte	0x3a5
 1249 07a0 23       		.uleb128 0x23
 1250 07a1 B8040000 		.4byte	.LASF107
 1251 07a5 0B       		.byte	0xb
 1252 07a6 6D01     		.2byte	0x16d
 1253 07a8 0D       		.uleb128 0xd
 1254 07a9 3B060000 		.4byte	0x63b
 1255 07ad 0D       		.uleb128 0xd
 1256 07ae 25060000 		.4byte	0x625
 1257 07b2 0D       		.uleb128 0xd
 1258 07b3 30060000 		.4byte	0x630
 1259 07b7 00       		.byte	0
 1260 07b8 00       		.byte	0
 1261              		.section	.debug_abbrev,"",%progbits
 1262              	.Ldebug_abbrev0:
 1263 0000 01       		.uleb128 0x1
 1264 0001 11       		.uleb128 0x11
 1265 0002 01       		.byte	0x1
 1266 0003 25       		.uleb128 0x25
 1267 0004 0E       		.uleb128 0xe
 1268 0005 13       		.uleb128 0x13
 1269 0006 0B       		.uleb128 0xb
 1270 0007 03       		.uleb128 0x3
 1271 0008 0E       		.uleb128 0xe
 1272 0009 1B       		.uleb128 0x1b
 1273 000a 0E       		.uleb128 0xe
 1274 000b 55       		.uleb128 0x55
ARM GAS  /tmp/ccgAiSke.s 			page 34


 1275 000c 17       		.uleb128 0x17
 1276 000d 11       		.uleb128 0x11
 1277 000e 01       		.uleb128 0x1
 1278 000f 10       		.uleb128 0x10
 1279 0010 17       		.uleb128 0x17
 1280 0011 00       		.byte	0
 1281 0012 00       		.byte	0
 1282 0013 02       		.uleb128 0x2
 1283 0014 24       		.uleb128 0x24
 1284 0015 00       		.byte	0
 1285 0016 0B       		.uleb128 0xb
 1286 0017 0B       		.uleb128 0xb
 1287 0018 3E       		.uleb128 0x3e
 1288 0019 0B       		.uleb128 0xb
 1289 001a 03       		.uleb128 0x3
 1290 001b 08       		.uleb128 0x8
 1291 001c 00       		.byte	0
 1292 001d 00       		.byte	0
 1293 001e 03       		.uleb128 0x3
 1294 001f 24       		.uleb128 0x24
 1295 0020 00       		.byte	0
 1296 0021 0B       		.uleb128 0xb
 1297 0022 0B       		.uleb128 0xb
 1298 0023 3E       		.uleb128 0x3e
 1299 0024 0B       		.uleb128 0xb
 1300 0025 03       		.uleb128 0x3
 1301 0026 0E       		.uleb128 0xe
 1302 0027 00       		.byte	0
 1303 0028 00       		.byte	0
 1304 0029 04       		.uleb128 0x4
 1305 002a 16       		.uleb128 0x16
 1306 002b 00       		.byte	0
 1307 002c 03       		.uleb128 0x3
 1308 002d 0E       		.uleb128 0xe
 1309 002e 3A       		.uleb128 0x3a
 1310 002f 0B       		.uleb128 0xb
 1311 0030 3B       		.uleb128 0x3b
 1312 0031 0B       		.uleb128 0xb
 1313 0032 49       		.uleb128 0x49
 1314 0033 13       		.uleb128 0x13
 1315 0034 00       		.byte	0
 1316 0035 00       		.byte	0
 1317 0036 05       		.uleb128 0x5
 1318 0037 13       		.uleb128 0x13
 1319 0038 01       		.byte	0x1
 1320 0039 03       		.uleb128 0x3
 1321 003a 0E       		.uleb128 0xe
 1322 003b 0B       		.uleb128 0xb
 1323 003c 0B       		.uleb128 0xb
 1324 003d 3A       		.uleb128 0x3a
 1325 003e 0B       		.uleb128 0xb
 1326 003f 3B       		.uleb128 0x3b
 1327 0040 0B       		.uleb128 0xb
 1328 0041 01       		.uleb128 0x1
 1329 0042 13       		.uleb128 0x13
 1330 0043 00       		.byte	0
 1331 0044 00       		.byte	0
ARM GAS  /tmp/ccgAiSke.s 			page 35


 1332 0045 06       		.uleb128 0x6
 1333 0046 0D       		.uleb128 0xd
 1334 0047 00       		.byte	0
 1335 0048 03       		.uleb128 0x3
 1336 0049 0E       		.uleb128 0xe
 1337 004a 3A       		.uleb128 0x3a
 1338 004b 0B       		.uleb128 0xb
 1339 004c 3B       		.uleb128 0x3b
 1340 004d 0B       		.uleb128 0xb
 1341 004e 49       		.uleb128 0x49
 1342 004f 13       		.uleb128 0x13
 1343 0050 38       		.uleb128 0x38
 1344 0051 0B       		.uleb128 0xb
 1345 0052 00       		.byte	0
 1346 0053 00       		.byte	0
 1347 0054 07       		.uleb128 0x7
 1348 0055 0D       		.uleb128 0xd
 1349 0056 00       		.byte	0
 1350 0057 03       		.uleb128 0x3
 1351 0058 08       		.uleb128 0x8
 1352 0059 3A       		.uleb128 0x3a
 1353 005a 0B       		.uleb128 0xb
 1354 005b 3B       		.uleb128 0x3b
 1355 005c 0B       		.uleb128 0xb
 1356 005d 49       		.uleb128 0x49
 1357 005e 13       		.uleb128 0x13
 1358 005f 38       		.uleb128 0x38
 1359 0060 0B       		.uleb128 0xb
 1360 0061 00       		.byte	0
 1361 0062 00       		.byte	0
 1362 0063 08       		.uleb128 0x8
 1363 0064 0D       		.uleb128 0xd
 1364 0065 00       		.byte	0
 1365 0066 03       		.uleb128 0x3
 1366 0067 08       		.uleb128 0x8
 1367 0068 3A       		.uleb128 0x3a
 1368 0069 0B       		.uleb128 0xb
 1369 006a 3B       		.uleb128 0x3b
 1370 006b 05       		.uleb128 0x5
 1371 006c 49       		.uleb128 0x49
 1372 006d 13       		.uleb128 0x13
 1373 006e 38       		.uleb128 0x38
 1374 006f 0B       		.uleb128 0xb
 1375 0070 00       		.byte	0
 1376 0071 00       		.byte	0
 1377 0072 09       		.uleb128 0x9
 1378 0073 0D       		.uleb128 0xd
 1379 0074 00       		.byte	0
 1380 0075 03       		.uleb128 0x3
 1381 0076 0E       		.uleb128 0xe
 1382 0077 3A       		.uleb128 0x3a
 1383 0078 0B       		.uleb128 0xb
 1384 0079 3B       		.uleb128 0x3b
 1385 007a 05       		.uleb128 0x5
 1386 007b 49       		.uleb128 0x49
 1387 007c 13       		.uleb128 0x13
 1388 007d 38       		.uleb128 0x38
ARM GAS  /tmp/ccgAiSke.s 			page 36


 1389 007e 0B       		.uleb128 0xb
 1390 007f 00       		.byte	0
 1391 0080 00       		.byte	0
 1392 0081 0A       		.uleb128 0xa
 1393 0082 0F       		.uleb128 0xf
 1394 0083 00       		.byte	0
 1395 0084 0B       		.uleb128 0xb
 1396 0085 0B       		.uleb128 0xb
 1397 0086 49       		.uleb128 0x49
 1398 0087 13       		.uleb128 0x13
 1399 0088 00       		.byte	0
 1400 0089 00       		.byte	0
 1401 008a 0B       		.uleb128 0xb
 1402 008b 13       		.uleb128 0x13
 1403 008c 01       		.byte	0x1
 1404 008d 03       		.uleb128 0x3
 1405 008e 0E       		.uleb128 0xe
 1406 008f 0B       		.uleb128 0xb
 1407 0090 0B       		.uleb128 0xb
 1408 0091 3A       		.uleb128 0x3a
 1409 0092 0B       		.uleb128 0xb
 1410 0093 3B       		.uleb128 0x3b
 1411 0094 05       		.uleb128 0x5
 1412 0095 01       		.uleb128 0x1
 1413 0096 13       		.uleb128 0x13
 1414 0097 00       		.byte	0
 1415 0098 00       		.byte	0
 1416 0099 0C       		.uleb128 0xc
 1417 009a 15       		.uleb128 0x15
 1418 009b 01       		.byte	0x1
 1419 009c 27       		.uleb128 0x27
 1420 009d 19       		.uleb128 0x19
 1421 009e 01       		.uleb128 0x1
 1422 009f 13       		.uleb128 0x13
 1423 00a0 00       		.byte	0
 1424 00a1 00       		.byte	0
 1425 00a2 0D       		.uleb128 0xd
 1426 00a3 05       		.uleb128 0x5
 1427 00a4 00       		.byte	0
 1428 00a5 49       		.uleb128 0x49
 1429 00a6 13       		.uleb128 0x13
 1430 00a7 00       		.byte	0
 1431 00a8 00       		.byte	0
 1432 00a9 0E       		.uleb128 0xe
 1433 00aa 0F       		.uleb128 0xf
 1434 00ab 00       		.byte	0
 1435 00ac 0B       		.uleb128 0xb
 1436 00ad 0B       		.uleb128 0xb
 1437 00ae 00       		.byte	0
 1438 00af 00       		.byte	0
 1439 00b0 0F       		.uleb128 0xf
 1440 00b1 35       		.uleb128 0x35
 1441 00b2 00       		.byte	0
 1442 00b3 49       		.uleb128 0x49
 1443 00b4 13       		.uleb128 0x13
 1444 00b5 00       		.byte	0
 1445 00b6 00       		.byte	0
ARM GAS  /tmp/ccgAiSke.s 			page 37


 1446 00b7 10       		.uleb128 0x10
 1447 00b8 13       		.uleb128 0x13
 1448 00b9 01       		.byte	0x1
 1449 00ba 0B       		.uleb128 0xb
 1450 00bb 0B       		.uleb128 0xb
 1451 00bc 3A       		.uleb128 0x3a
 1452 00bd 0B       		.uleb128 0xb
 1453 00be 3B       		.uleb128 0x3b
 1454 00bf 05       		.uleb128 0x5
 1455 00c0 01       		.uleb128 0x1
 1456 00c1 13       		.uleb128 0x13
 1457 00c2 00       		.byte	0
 1458 00c3 00       		.byte	0
 1459 00c4 11       		.uleb128 0x11
 1460 00c5 16       		.uleb128 0x16
 1461 00c6 00       		.byte	0
 1462 00c7 03       		.uleb128 0x3
 1463 00c8 0E       		.uleb128 0xe
 1464 00c9 3A       		.uleb128 0x3a
 1465 00ca 0B       		.uleb128 0xb
 1466 00cb 3B       		.uleb128 0x3b
 1467 00cc 05       		.uleb128 0x5
 1468 00cd 49       		.uleb128 0x49
 1469 00ce 13       		.uleb128 0x13
 1470 00cf 00       		.byte	0
 1471 00d0 00       		.byte	0
 1472 00d1 12       		.uleb128 0x12
 1473 00d2 17       		.uleb128 0x17
 1474 00d3 01       		.byte	0x1
 1475 00d4 0B       		.uleb128 0xb
 1476 00d5 0B       		.uleb128 0xb
 1477 00d6 3A       		.uleb128 0x3a
 1478 00d7 0B       		.uleb128 0xb
 1479 00d8 3B       		.uleb128 0x3b
 1480 00d9 0B       		.uleb128 0xb
 1481 00da 01       		.uleb128 0x1
 1482 00db 13       		.uleb128 0x13
 1483 00dc 00       		.byte	0
 1484 00dd 00       		.byte	0
 1485 00de 13       		.uleb128 0x13
 1486 00df 0D       		.uleb128 0xd
 1487 00e0 00       		.byte	0
 1488 00e1 03       		.uleb128 0x3
 1489 00e2 0E       		.uleb128 0xe
 1490 00e3 3A       		.uleb128 0x3a
 1491 00e4 0B       		.uleb128 0xb
 1492 00e5 3B       		.uleb128 0x3b
 1493 00e6 0B       		.uleb128 0xb
 1494 00e7 49       		.uleb128 0x49
 1495 00e8 13       		.uleb128 0x13
 1496 00e9 00       		.byte	0
 1497 00ea 00       		.byte	0
 1498 00eb 14       		.uleb128 0x14
 1499 00ec 0D       		.uleb128 0xd
 1500 00ed 00       		.byte	0
 1501 00ee 03       		.uleb128 0x3
 1502 00ef 0E       		.uleb128 0xe
ARM GAS  /tmp/ccgAiSke.s 			page 38


 1503 00f0 3A       		.uleb128 0x3a
 1504 00f1 0B       		.uleb128 0xb
 1505 00f2 3B       		.uleb128 0x3b
 1506 00f3 05       		.uleb128 0x5
 1507 00f4 49       		.uleb128 0x49
 1508 00f5 13       		.uleb128 0x13
 1509 00f6 00       		.byte	0
 1510 00f7 00       		.byte	0
 1511 00f8 15       		.uleb128 0x15
 1512 00f9 26       		.uleb128 0x26
 1513 00fa 00       		.byte	0
 1514 00fb 49       		.uleb128 0x49
 1515 00fc 13       		.uleb128 0x13
 1516 00fd 00       		.byte	0
 1517 00fe 00       		.byte	0
 1518 00ff 16       		.uleb128 0x16
 1519 0100 13       		.uleb128 0x13
 1520 0101 01       		.byte	0x1
 1521 0102 0B       		.uleb128 0xb
 1522 0103 0B       		.uleb128 0xb
 1523 0104 3A       		.uleb128 0x3a
 1524 0105 0B       		.uleb128 0xb
 1525 0106 3B       		.uleb128 0x3b
 1526 0107 0B       		.uleb128 0xb
 1527 0108 01       		.uleb128 0x1
 1528 0109 13       		.uleb128 0x13
 1529 010a 00       		.byte	0
 1530 010b 00       		.byte	0
 1531 010c 17       		.uleb128 0x17
 1532 010d 2E       		.uleb128 0x2e
 1533 010e 01       		.byte	0x1
 1534 010f 3F       		.uleb128 0x3f
 1535 0110 19       		.uleb128 0x19
 1536 0111 03       		.uleb128 0x3
 1537 0112 0E       		.uleb128 0xe
 1538 0113 3A       		.uleb128 0x3a
 1539 0114 0B       		.uleb128 0xb
 1540 0115 3B       		.uleb128 0x3b
 1541 0116 0B       		.uleb128 0xb
 1542 0117 27       		.uleb128 0x27
 1543 0118 19       		.uleb128 0x19
 1544 0119 49       		.uleb128 0x49
 1545 011a 13       		.uleb128 0x13
 1546 011b 11       		.uleb128 0x11
 1547 011c 01       		.uleb128 0x1
 1548 011d 12       		.uleb128 0x12
 1549 011e 06       		.uleb128 0x6
 1550 011f 40       		.uleb128 0x40
 1551 0120 18       		.uleb128 0x18
 1552 0121 9742     		.uleb128 0x2117
 1553 0123 19       		.uleb128 0x19
 1554 0124 01       		.uleb128 0x1
 1555 0125 13       		.uleb128 0x13
 1556 0126 00       		.byte	0
 1557 0127 00       		.byte	0
 1558 0128 18       		.uleb128 0x18
 1559 0129 05       		.uleb128 0x5
ARM GAS  /tmp/ccgAiSke.s 			page 39


 1560 012a 00       		.byte	0
 1561 012b 03       		.uleb128 0x3
 1562 012c 08       		.uleb128 0x8
 1563 012d 3A       		.uleb128 0x3a
 1564 012e 0B       		.uleb128 0xb
 1565 012f 3B       		.uleb128 0x3b
 1566 0130 0B       		.uleb128 0xb
 1567 0131 49       		.uleb128 0x49
 1568 0132 13       		.uleb128 0x13
 1569 0133 02       		.uleb128 0x2
 1570 0134 17       		.uleb128 0x17
 1571 0135 00       		.byte	0
 1572 0136 00       		.byte	0
 1573 0137 19       		.uleb128 0x19
 1574 0138 34       		.uleb128 0x34
 1575 0139 00       		.byte	0
 1576 013a 03       		.uleb128 0x3
 1577 013b 0E       		.uleb128 0xe
 1578 013c 49       		.uleb128 0x49
 1579 013d 13       		.uleb128 0x13
 1580 013e 34       		.uleb128 0x34
 1581 013f 19       		.uleb128 0x19
 1582 0140 00       		.byte	0
 1583 0141 00       		.byte	0
 1584 0142 1A       		.uleb128 0x1a
 1585 0143 01       		.uleb128 0x1
 1586 0144 01       		.byte	0x1
 1587 0145 49       		.uleb128 0x49
 1588 0146 13       		.uleb128 0x13
 1589 0147 01       		.uleb128 0x1
 1590 0148 13       		.uleb128 0x13
 1591 0149 00       		.byte	0
 1592 014a 00       		.byte	0
 1593 014b 1B       		.uleb128 0x1b
 1594 014c 21       		.uleb128 0x21
 1595 014d 00       		.byte	0
 1596 014e 49       		.uleb128 0x49
 1597 014f 13       		.uleb128 0x13
 1598 0150 2F       		.uleb128 0x2f
 1599 0151 0B       		.uleb128 0xb
 1600 0152 00       		.byte	0
 1601 0153 00       		.byte	0
 1602 0154 1C       		.uleb128 0x1c
 1603 0155 2E       		.uleb128 0x2e
 1604 0156 01       		.byte	0x1
 1605 0157 3F       		.uleb128 0x3f
 1606 0158 19       		.uleb128 0x19
 1607 0159 03       		.uleb128 0x3
 1608 015a 0E       		.uleb128 0xe
 1609 015b 3A       		.uleb128 0x3a
 1610 015c 0B       		.uleb128 0xb
 1611 015d 3B       		.uleb128 0x3b
 1612 015e 0B       		.uleb128 0xb
 1613 015f 27       		.uleb128 0x27
 1614 0160 19       		.uleb128 0x19
 1615 0161 11       		.uleb128 0x11
 1616 0162 01       		.uleb128 0x1
ARM GAS  /tmp/ccgAiSke.s 			page 40


 1617 0163 12       		.uleb128 0x12
 1618 0164 06       		.uleb128 0x6
 1619 0165 40       		.uleb128 0x40
 1620 0166 18       		.uleb128 0x18
 1621 0167 9742     		.uleb128 0x2117
 1622 0169 19       		.uleb128 0x19
 1623 016a 01       		.uleb128 0x1
 1624 016b 13       		.uleb128 0x13
 1625 016c 00       		.byte	0
 1626 016d 00       		.byte	0
 1627 016e 1D       		.uleb128 0x1d
 1628 016f 05       		.uleb128 0x5
 1629 0170 00       		.byte	0
 1630 0171 03       		.uleb128 0x3
 1631 0172 0E       		.uleb128 0xe
 1632 0173 3A       		.uleb128 0x3a
 1633 0174 0B       		.uleb128 0xb
 1634 0175 3B       		.uleb128 0x3b
 1635 0176 0B       		.uleb128 0xb
 1636 0177 49       		.uleb128 0x49
 1637 0178 13       		.uleb128 0x13
 1638 0179 02       		.uleb128 0x2
 1639 017a 18       		.uleb128 0x18
 1640 017b 00       		.byte	0
 1641 017c 00       		.byte	0
 1642 017d 1E       		.uleb128 0x1e
 1643 017e 05       		.uleb128 0x5
 1644 017f 00       		.byte	0
 1645 0180 03       		.uleb128 0x3
 1646 0181 0E       		.uleb128 0xe
 1647 0182 3A       		.uleb128 0x3a
 1648 0183 0B       		.uleb128 0xb
 1649 0184 3B       		.uleb128 0x3b
 1650 0185 0B       		.uleb128 0xb
 1651 0186 49       		.uleb128 0x49
 1652 0187 13       		.uleb128 0x13
 1653 0188 02       		.uleb128 0x2
 1654 0189 17       		.uleb128 0x17
 1655 018a 00       		.byte	0
 1656 018b 00       		.byte	0
 1657 018c 1F       		.uleb128 0x1f
 1658 018d 898201   		.uleb128 0x4109
 1659 0190 01       		.byte	0x1
 1660 0191 11       		.uleb128 0x11
 1661 0192 01       		.uleb128 0x1
 1662 0193 9542     		.uleb128 0x2115
 1663 0195 19       		.uleb128 0x19
 1664 0196 31       		.uleb128 0x31
 1665 0197 13       		.uleb128 0x13
 1666 0198 00       		.byte	0
 1667 0199 00       		.byte	0
 1668 019a 20       		.uleb128 0x20
 1669 019b 8A8201   		.uleb128 0x410a
 1670 019e 00       		.byte	0
 1671 019f 02       		.uleb128 0x2
 1672 01a0 18       		.uleb128 0x18
 1673 01a1 9142     		.uleb128 0x2111
ARM GAS  /tmp/ccgAiSke.s 			page 41


 1674 01a3 18       		.uleb128 0x18
 1675 01a4 00       		.byte	0
 1676 01a5 00       		.byte	0
 1677 01a6 21       		.uleb128 0x21
 1678 01a7 34       		.uleb128 0x34
 1679 01a8 00       		.byte	0
 1680 01a9 03       		.uleb128 0x3
 1681 01aa 0E       		.uleb128 0xe
 1682 01ab 3A       		.uleb128 0x3a
 1683 01ac 0B       		.uleb128 0xb
 1684 01ad 3B       		.uleb128 0x3b
 1685 01ae 05       		.uleb128 0x5
 1686 01af 49       		.uleb128 0x49
 1687 01b0 13       		.uleb128 0x13
 1688 01b1 3F       		.uleb128 0x3f
 1689 01b2 19       		.uleb128 0x19
 1690 01b3 3C       		.uleb128 0x3c
 1691 01b4 19       		.uleb128 0x19
 1692 01b5 00       		.byte	0
 1693 01b6 00       		.byte	0
 1694 01b7 22       		.uleb128 0x22
 1695 01b8 34       		.uleb128 0x34
 1696 01b9 00       		.byte	0
 1697 01ba 03       		.uleb128 0x3
 1698 01bb 08       		.uleb128 0x8
 1699 01bc 3A       		.uleb128 0x3a
 1700 01bd 0B       		.uleb128 0xb
 1701 01be 3B       		.uleb128 0x3b
 1702 01bf 05       		.uleb128 0x5
 1703 01c0 49       		.uleb128 0x49
 1704 01c1 13       		.uleb128 0x13
 1705 01c2 3F       		.uleb128 0x3f
 1706 01c3 19       		.uleb128 0x19
 1707 01c4 3C       		.uleb128 0x3c
 1708 01c5 19       		.uleb128 0x19
 1709 01c6 00       		.byte	0
 1710 01c7 00       		.byte	0
 1711 01c8 23       		.uleb128 0x23
 1712 01c9 2E       		.uleb128 0x2e
 1713 01ca 01       		.byte	0x1
 1714 01cb 3F       		.uleb128 0x3f
 1715 01cc 19       		.uleb128 0x19
 1716 01cd 03       		.uleb128 0x3
 1717 01ce 0E       		.uleb128 0xe
 1718 01cf 3A       		.uleb128 0x3a
 1719 01d0 0B       		.uleb128 0xb
 1720 01d1 3B       		.uleb128 0x3b
 1721 01d2 05       		.uleb128 0x5
 1722 01d3 27       		.uleb128 0x27
 1723 01d4 19       		.uleb128 0x19
 1724 01d5 3C       		.uleb128 0x3c
 1725 01d6 19       		.uleb128 0x19
 1726 01d7 00       		.byte	0
 1727 01d8 00       		.byte	0
 1728 01d9 00       		.byte	0
 1729              		.section	.debug_loc,"",%progbits
 1730              	.Ldebug_loc0:
ARM GAS  /tmp/ccgAiSke.s 			page 42


 1731              	.LLST0:
 1732 0000 00000000 		.4byte	.LVL0
 1733 0004 0C000000 		.4byte	.LVL1
 1734 0008 0100     		.2byte	0x1
 1735 000a 50       		.byte	0x50
 1736 000b 0C000000 		.4byte	.LVL1
 1737 000f 10000000 		.4byte	.LFE219
 1738 0013 0400     		.2byte	0x4
 1739 0015 F3       		.byte	0xf3
 1740 0016 01       		.uleb128 0x1
 1741 0017 50       		.byte	0x50
 1742 0018 9F       		.byte	0x9f
 1743 0019 00000000 		.4byte	0
 1744 001d 00000000 		.4byte	0
 1745              	.LLST1:
 1746 0021 00000000 		.4byte	.LVL2
 1747 0025 1C000000 		.4byte	.LVL3
 1748 0029 0100     		.2byte	0x1
 1749 002b 50       		.byte	0x50
 1750 002c 1C000000 		.4byte	.LVL3
 1751 0030 22000000 		.4byte	.LFE220
 1752 0034 0400     		.2byte	0x4
 1753 0036 F3       		.byte	0xf3
 1754 0037 01       		.uleb128 0x1
 1755 0038 50       		.byte	0x50
 1756 0039 9F       		.byte	0x9f
 1757 003a 00000000 		.4byte	0
 1758 003e 00000000 		.4byte	0
 1759              	.LLST2:
 1760 0042 00000000 		.4byte	.LVL4
 1761 0046 0A000000 		.4byte	.LVL5
 1762 004a 0100     		.2byte	0x1
 1763 004c 50       		.byte	0x50
 1764 004d 0A000000 		.4byte	.LVL5
 1765 0051 16000000 		.4byte	.LFE221
 1766 0055 0400     		.2byte	0x4
 1767 0057 F3       		.byte	0xf3
 1768 0058 01       		.uleb128 0x1
 1769 0059 50       		.byte	0x50
 1770 005a 9F       		.byte	0x9f
 1771 005b 00000000 		.4byte	0
 1772 005f 00000000 		.4byte	0
 1773              	.LLST3:
 1774 0063 00000000 		.4byte	.LVL4
 1775 0067 0E000000 		.4byte	.LVL6
 1776 006b 0100     		.2byte	0x1
 1777 006d 51       		.byte	0x51
 1778 006e 0E000000 		.4byte	.LVL6
 1779 0072 15000000 		.4byte	.LVL7-1
 1780 0076 0100     		.2byte	0x1
 1781 0078 52       		.byte	0x52
 1782 0079 15000000 		.4byte	.LVL7-1
 1783 007d 16000000 		.4byte	.LFE221
 1784 0081 0400     		.2byte	0x4
 1785 0083 F3       		.byte	0xf3
 1786 0084 01       		.uleb128 0x1
 1787 0085 51       		.byte	0x51
ARM GAS  /tmp/ccgAiSke.s 			page 43


 1788 0086 9F       		.byte	0x9f
 1789 0087 00000000 		.4byte	0
 1790 008b 00000000 		.4byte	0
 1791              		.section	.debug_aranges,"",%progbits
 1792 0000 2C000000 		.4byte	0x2c
 1793 0004 0200     		.2byte	0x2
 1794 0006 00000000 		.4byte	.Ldebug_info0
 1795 000a 04       		.byte	0x4
 1796 000b 00       		.byte	0
 1797 000c 0000     		.2byte	0
 1798 000e 0000     		.2byte	0
 1799 0010 00000000 		.4byte	.LFB219
 1800 0014 10000000 		.4byte	.LFE219-.LFB219
 1801 0018 00000000 		.4byte	.LFB220
 1802 001c 22000000 		.4byte	.LFE220-.LFB220
 1803 0020 00000000 		.4byte	.LFB221
 1804 0024 16000000 		.4byte	.LFE221-.LFB221
 1805 0028 00000000 		.4byte	0
 1806 002c 00000000 		.4byte	0
 1807              		.section	.debug_ranges,"",%progbits
 1808              	.Ldebug_ranges0:
 1809 0000 00000000 		.4byte	.LFB219
 1810 0004 10000000 		.4byte	.LFE219
 1811 0008 00000000 		.4byte	.LFB220
 1812 000c 22000000 		.4byte	.LFE220
 1813 0010 00000000 		.4byte	.LFB221
 1814 0014 16000000 		.4byte	.LFE221
 1815 0018 00000000 		.4byte	0
 1816 001c 00000000 		.4byte	0
 1817              		.section	.debug_line,"",%progbits
 1818              	.Ldebug_line0:
 1819 0000 58020000 		.section	.debug_str,"MS",%progbits,1
 1819      02001502 
 1819      00000201 
 1819      FB0E0D00 
 1819      01010101 
 1820              	.LASF42:
 1821 0000 63685F74 		.ascii	"ch_threads_list\000"
 1821      68726561 
 1821      64735F6C 
 1821      69737400 
 1822              	.LASF80:
 1823 0010 77746D74 		.ascii	"wtmtxp\000"
 1823      787000
 1824              	.LASF67:
 1825 0017 42535252 		.ascii	"BSRR\000"
 1825      00
 1826              	.LASF70:
 1827 001c 72656761 		.ascii	"regarm_t\000"
 1827      726D5F74 
 1827      00
 1828              	.LASF31:
 1829 0025 666C6167 		.ascii	"flags\000"
 1829      7300
 1830              	.LASF22:
 1831 002b 73797374 		.ascii	"systime_t\000"
 1831      696D655F 
ARM GAS  /tmp/ccgAiSke.s 			page 44


 1831      7400
 1832              	.LASF37:
 1833 0035 7265616C 		.ascii	"realprio\000"
 1833      7072696F 
 1833      00
 1834              	.LASF94:
 1835 003e 494F4275 		.ascii	"IOBus\000"
 1835      7300
 1836              	.LASF35:
 1837 0044 6570656E 		.ascii	"epending\000"
 1837      64696E67 
 1837      00
 1838              	.LASF0:
 1839 004d 756E7369 		.ascii	"unsigned int\000"
 1839      676E6564 
 1839      20696E74 
 1839      00
 1840              	.LASF43:
 1841 005a 6E657874 		.ascii	"next\000"
 1841      00
 1842              	.LASF40:
 1843 005f 74687265 		.ascii	"threads_list_t\000"
 1843      6164735F 
 1843      6C697374 
 1843      5F7400
 1844              	.LASF32:
 1845 006e 72656673 		.ascii	"refs\000"
 1845      00
 1846              	.LASF76:
 1847 0073 77746F62 		.ascii	"wtobjp\000"
 1847      6A7000
 1848              	.LASF64:
 1849 007a 76746C69 		.ascii	"vtlist\000"
 1849      737400
 1850              	.LASF72:
 1851 0081 706F7274 		.ascii	"port_context\000"
 1851      5F636F6E 
 1851      74657874 
 1851      00
 1852              	.LASF48:
 1853 008e 63685F72 		.ascii	"ch_ready_list\000"
 1853      65616479 
 1853      5F6C6973 
 1853      7400
 1854              	.LASF54:
 1855 009c 66756E63 		.ascii	"func\000"
 1855      00
 1856              	.LASF81:
 1857 00a1 65776D61 		.ascii	"ewmask\000"
 1857      736B00
 1858              	.LASF100:
 1859 00a8 6D6F6465 		.ascii	"mode\000"
 1859      00
 1860              	.LASF46:
 1861 00ad 70726576 		.ascii	"prev\000"
 1861      00
 1862              	.LASF45:
ARM GAS  /tmp/ccgAiSke.s 			page 45


 1863 00b2 63685F74 		.ascii	"ch_threads_queue\000"
 1863      68726561 
 1863      64735F71 
 1863      75657565 
 1863      00
 1864              	.LASF50:
 1865 00c3 76746675 		.ascii	"vtfunc_t\000"
 1865      6E635F74 
 1865      00
 1866              	.LASF59:
 1867 00cc 63685F73 		.ascii	"ch_system_debug\000"
 1867      79737465 
 1867      6D5F6465 
 1867      62756700 
 1868              	.LASF9:
 1869 00dc 75696E74 		.ascii	"uint32_t\000"
 1869      33325F74 
 1869      00
 1870              	.LASF78:
 1871 00e5 73656E74 		.ascii	"sentmsg\000"
 1871      6D736700 
 1872              	.LASF20:
 1873 00ed 6576656E 		.ascii	"eventmask_t\000"
 1873      746D6173 
 1873      6B5F7400 
 1874              	.LASF82:
 1875 00f9 63685F73 		.ascii	"ch_semaphore\000"
 1875      656D6170 
 1875      686F7265 
 1875      00
 1876              	.LASF18:
 1877 0106 74707269 		.ascii	"tprio_t\000"
 1877      6F5F7400 
 1878              	.LASF52:
 1879 010e 63685F76 		.ascii	"ch_virtual_timer\000"
 1879      69727475 
 1879      616C5F74 
 1879      696D6572 
 1879      00
 1880              	.LASF13:
 1881 011f 6C6F6E67 		.ascii	"long long unsigned int\000"
 1881      206C6F6E 
 1881      6720756E 
 1881      7369676E 
 1881      65642069 
 1882              	.LASF21:
 1883 0136 636E745F 		.ascii	"cnt_t\000"
 1883      7400
 1884              	.LASF84:
 1885 013c 6F776E65 		.ascii	"owner\000"
 1885      7200
 1886              	.LASF44:
 1887 0142 74687265 		.ascii	"threads_queue_t\000"
 1887      6164735F 
 1887      71756575 
 1887      655F7400 
 1888              	.LASF36:
ARM GAS  /tmp/ccgAiSke.s 			page 46


 1889 0152 6D74786C 		.ascii	"mtxlist\000"
 1889      69737400 
 1890              	.LASF56:
 1891 015a 63685F76 		.ascii	"ch_virtual_timers_list\000"
 1891      69727475 
 1891      616C5F74 
 1891      696D6572 
 1891      735F6C69 
 1892              	.LASF23:
 1893 0171 74687265 		.ascii	"thread_t\000"
 1893      61645F74 
 1893      00
 1894              	.LASF105:
 1895 017a 2F686F6D 		.ascii	"/home/julian/MEGA/semestre_ix/Crasby/ChibiOS_17.6.2"
 1895      652F6A75 
 1895      6C69616E 
 1895      2F4D4547 
 1895      412F7365 
 1896 01ad 2F64656D 		.ascii	"/demos/STM32/STM32_MPU6050lib-master\000"
 1896      6F732F53 
 1896      544D3332 
 1896      2F53544D 
 1896      33325F4D 
 1897              	.LASF74:
 1898 01d2 7264796D 		.ascii	"rdymsg\000"
 1898      736700
 1899              	.LASF93:
 1900 01d9 6F666673 		.ascii	"offset\000"
 1900      657400
 1901              	.LASF87:
 1902 01e0 5F426F6F 		.ascii	"_Bool\000"
 1902      6C00
 1903              	.LASF83:
 1904 01e6 63685F6D 		.ascii	"ch_mutex\000"
 1904      75746578 
 1904      00
 1905              	.LASF103:
 1906 01ef 474E5520 		.ascii	"GNU C 4.8.1 -mcpu=cortex-m3 -mno-thumb-interwork -m"
 1906      4320342E 
 1906      382E3120 
 1906      2D6D6370 
 1906      753D636F 
 1907 0222 7468756D 		.ascii	"thumb -ggdb -O2 -fomit-frame-pointer -falign-functi"
 1907      62202D67 
 1907      67646220 
 1907      2D4F3220 
 1907      2D666F6D 
 1908 0255 6F6E733D 		.ascii	"ons=16 -ffunction-sections -fdata-sections -fno-com"
 1908      3136202D 
 1908      6666756E 
 1908      6374696F 
 1908      6E2D7365 
 1909 0288 6D6F6E20 		.ascii	"mon -flto\000"
 1909      2D666C74 
 1909      6F00
 1910              	.LASF91:
 1911 0292 706F7274 		.ascii	"portid\000"
ARM GAS  /tmp/ccgAiSke.s 			page 47


 1911      696400
 1912              	.LASF25:
 1913 0299 7072696F 		.ascii	"prio\000"
 1913      00
 1914              	.LASF85:
 1915 029e 63686172 		.ascii	"char\000"
 1915      00
 1916              	.LASF39:
 1917 02a3 74687265 		.ascii	"thread_reference_t\000"
 1917      61645F72 
 1917      65666572 
 1917      656E6365 
 1917      5F7400
 1918              	.LASF29:
 1919 02b6 77616261 		.ascii	"wabase\000"
 1919      736500
 1920              	.LASF16:
 1921 02bd 74737461 		.ascii	"tstate_t\000"
 1921      74655F74 
 1921      00
 1922              	.LASF4:
 1923 02c6 75696E74 		.ascii	"uint8_t\000"
 1923      385F7400 
 1924              	.LASF34:
 1925 02ce 6D736771 		.ascii	"msgqueue\000"
 1925      75657565 
 1925      00
 1926              	.LASF41:
 1927 02d7 63685F74 		.ascii	"ch_thread\000"
 1927      68726561 
 1927      6400
 1928              	.LASF95:
 1929 02e1 62697473 		.ascii	"bits\000"
 1929      00
 1930              	.LASF99:
 1931 02e6 70616C53 		.ascii	"palSetBusMode\000"
 1931      65744275 
 1931      734D6F64 
 1931      6500
 1932              	.LASF58:
 1933 02f4 73797374 		.ascii	"system_debug_t\000"
 1933      656D5F64 
 1933      65627567 
 1933      5F7400
 1934              	.LASF11:
 1935 0303 6C6F6E67 		.ascii	"long long int\000"
 1935      206C6F6E 
 1935      6720696E 
 1935      7400
 1936              	.LASF19:
 1937 0311 6D73675F 		.ascii	"msg_t\000"
 1937      7400
 1938              	.LASF96:
 1939 0317 5F5F6675 		.ascii	"__func__.6561\000"
 1939      6E635F5F 
 1939      2E363536 
 1939      3100
ARM GAS  /tmp/ccgAiSke.s 			page 48


 1940              	.LASF97:
 1941 0325 5F5F6675 		.ascii	"__func__.6566\000"
 1941      6E635F5F 
 1941      2E363536 
 1941      3600
 1942              	.LASF51:
 1943 0333 76697274 		.ascii	"virtual_timer_t\000"
 1943      75616C5F 
 1943      74696D65 
 1943      725F7400 
 1944              	.LASF88:
 1945 0343 696F706F 		.ascii	"ioportmask_t\000"
 1945      72746D61 
 1945      736B5F74 
 1945      00
 1946              	.LASF89:
 1947 0350 696F6D6F 		.ascii	"iomode_t\000"
 1947      64655F74 
 1947      00
 1948              	.LASF92:
 1949 0359 6D61736B 		.ascii	"mask\000"
 1949      00
 1950              	.LASF101:
 1951 035e 5F5F6675 		.ascii	"__func__.6571\000"
 1951      6E635F5F 
 1951      2E363537 
 1951      3100
 1952              	.LASF106:
 1953 036c 70616C52 		.ascii	"palReadBus\000"
 1953      65616442 
 1953      757300
 1954              	.LASF60:
 1955 0377 70616E69 		.ascii	"panic_msg\000"
 1955      635F6D73 
 1955      6700
 1956              	.LASF104:
 1957 0381 2E2E2F2E 		.ascii	"../../../os/hal/src/hal_pal.c\000"
 1957      2E2F2E2E 
 1957      2F6F732F 
 1957      68616C2F 
 1957      7372632F 
 1958              	.LASF15:
 1959 039f 746D6F64 		.ascii	"tmode_t\000"
 1959      655F7400 
 1960              	.LASF65:
 1961 03a7 6D61696E 		.ascii	"mainthread\000"
 1961      74687265 
 1961      616400
 1962              	.LASF5:
 1963 03b2 75696E74 		.ascii	"uint16_t\000"
 1963      31365F74 
 1963      00
 1964              	.LASF3:
 1965 03bb 73686F72 		.ascii	"short int\000"
 1965      7420696E 
 1965      7400
 1966              	.LASF8:
ARM GAS  /tmp/ccgAiSke.s 			page 49


 1967 03c5 6C6F6E67 		.ascii	"long int\000"
 1967      20696E74 
 1967      00
 1968              	.LASF73:
 1969 03ce 706F7274 		.ascii	"port_intctx\000"
 1969      5F696E74 
 1969      63747800 
 1970              	.LASF102:
 1971 03da 49544D5F 		.ascii	"ITM_RxBuffer\000"
 1971      52784275 
 1971      66666572 
 1971      00
 1972              	.LASF62:
 1973 03e7 63685F73 		.ascii	"ch_system\000"
 1973      79737465 
 1973      6D00
 1974              	.LASF57:
 1975 03f1 6C617374 		.ascii	"lasttime\000"
 1975      74696D65 
 1975      00
 1976              	.LASF12:
 1977 03fa 75696E74 		.ascii	"uint64_t\000"
 1977      36345F74 
 1977      00
 1978              	.LASF63:
 1979 0403 726C6973 		.ascii	"rlist\000"
 1979      7400
 1980              	.LASF90:
 1981 0409 696F706F 		.ascii	"ioportid_t\000"
 1981      72746964 
 1981      5F7400
 1982              	.LASF28:
 1983 0414 6E616D65 		.ascii	"name\000"
 1983      00
 1984              	.LASF69:
 1985 0419 4750494F 		.ascii	"GPIO_TypeDef\000"
 1985      5F547970 
 1985      65446566 
 1985      00
 1986              	.LASF66:
 1987 0426 73697A65 		.ascii	"sizetype\000"
 1987      74797065 
 1987      00
 1988              	.LASF17:
 1989 042f 74726566 		.ascii	"trefs_t\000"
 1989      735F7400 
 1990              	.LASF10:
 1991 0437 6C6F6E67 		.ascii	"long unsigned int\000"
 1991      20756E73 
 1991      69676E65 
 1991      6420696E 
 1991      7400
 1992              	.LASF47:
 1993 0449 72656164 		.ascii	"ready_list_t\000"
 1993      795F6C69 
 1993      73745F74 
 1993      00
ARM GAS  /tmp/ccgAiSke.s 			page 50


 1994              	.LASF24:
 1995 0456 71756575 		.ascii	"queue\000"
 1995      6500
 1996              	.LASF7:
 1997 045c 696E7433 		.ascii	"int32_t\000"
 1997      325F7400 
 1998              	.LASF79:
 1999 0464 77747365 		.ascii	"wtsemp\000"
 1999      6D7000
 2000              	.LASF86:
 2001 046b 6D757465 		.ascii	"mutex_t\000"
 2001      785F7400 
 2002              	.LASF26:
 2003 0473 6E657765 		.ascii	"newer\000"
 2003      7200
 2004              	.LASF2:
 2005 0479 756E7369 		.ascii	"unsigned char\000"
 2005      676E6564 
 2005      20636861 
 2005      7200
 2006              	.LASF33:
 2007 0487 77616974 		.ascii	"waiting\000"
 2007      696E6700 
 2008              	.LASF55:
 2009 048f 76697274 		.ascii	"virtual_timers_list_t\000"
 2009      75616C5F 
 2009      74696D65 
 2009      72735F6C 
 2009      6973745F 
 2010              	.LASF14:
 2011 04a5 75696E74 		.ascii	"uint_fast8_t\000"
 2011      5F666173 
 2011      74385F74 
 2011      00
 2012              	.LASF30:
 2013 04b2 73746174 		.ascii	"state\000"
 2013      6500
 2014              	.LASF107:
 2015 04b8 5F70616C 		.ascii	"_pal_lld_setgroupmode\000"
 2015      5F6C6C64 
 2015      5F736574 
 2015      67726F75 
 2015      706D6F64 
 2016              	.LASF61:
 2017 04ce 63685F73 		.ascii	"ch_system_t\000"
 2017      79737465 
 2017      6D5F7400 
 2018              	.LASF77:
 2019 04da 77747472 		.ascii	"wttrp\000"
 2019      7000
 2020              	.LASF1:
 2021 04e0 7369676E 		.ascii	"signed char\000"
 2021      65642063 
 2021      68617200 
 2022              	.LASF53:
 2023 04ec 64656C74 		.ascii	"delta\000"
 2023      6100
ARM GAS  /tmp/ccgAiSke.s 			page 51


 2024              	.LASF6:
 2025 04f2 73686F72 		.ascii	"short unsigned int\000"
 2025      7420756E 
 2025      7369676E 
 2025      65642069 
 2025      6E7400
 2026              	.LASF71:
 2027 0505 73746B61 		.ascii	"stkalign_t\000"
 2027      6C69676E 
 2027      5F7400
 2028              	.LASF49:
 2029 0510 63757272 		.ascii	"current\000"
 2029      656E7400 
 2030              	.LASF98:
 2031 0518 70616C57 		.ascii	"palWriteBus\000"
 2031      72697465 
 2031      42757300 
 2032              	.LASF27:
 2033 0524 6F6C6465 		.ascii	"older\000"
 2033      7200
 2034              	.LASF75:
 2035 052a 65786974 		.ascii	"exitcode\000"
 2035      636F6465 
 2035      00
 2036              	.LASF68:
 2037 0533 4C434B52 		.ascii	"LCKR\000"
 2037      00
 2038              	.LASF38:
 2039 0538 6D706F6F 		.ascii	"mpool\000"
 2039      6C00
 2040              		.comm	__gnu_lto_v1,1,1
 2041              		.ident	"GCC: (Sourcery CodeBench Lite 2013.11-24) 4.8.1"
ARM GAS  /tmp/ccgAiSke.s 			page 52


DEFINED SYMBOLS
                            *ABS*:00000000 hal_pal.c
     /tmp/ccgAiSke.s:202    .text.palReadBus:00000000 $t
     /tmp/ccgAiSke.s:208    .text.palReadBus:00000000 palReadBus
     /tmp/ccgAiSke.s:231    .text.palWriteBus:00000000 $t
     /tmp/ccgAiSke.s:237    .text.palWriteBus:00000000 palWriteBus
     /tmp/ccgAiSke.s:272    .text.palSetBusMode:00000000 $t
     /tmp/ccgAiSke.s:278    .text.palSetBusMode:00000000 palSetBusMode
                            *COM*:00000001 __gnu_lto_v1
                     .debug_frame:00000010 $d

UNDEFINED SYMBOLS
_pal_lld_setgroupmode
