ARM GAS  /tmp/ccPSjTPL.s 			page 1


   1              		.syntax unified
   2              		.cpu cortex-m3
   3              		.fpu softvfp
   4              		.eabi_attribute 20, 1
   5              		.eabi_attribute 21, 1
   6              		.eabi_attribute 23, 3
   7              		.eabi_attribute 24, 1
   8              		.eabi_attribute 25, 1
   9              		.eabi_attribute 26, 1
  10              		.eabi_attribute 30, 2
  11              		.eabi_attribute 34, 1
  12              		.eabi_attribute 18, 4
  13              		.thumb
  14              		.file	"hal_lld.c"
  15              		.text
  16              	.Ltext0:
  17              		.section	.gnu.lto_.jmpfuncs.9971bdbf70fdb8c6,"",%progbits
  18 0000 789C6362 		.ascii	"x\234cb`b\300\006\330\2414H\226\221\201\001\000\001"
  18      6062C006 
  18      D8A13448 
  18      96918101 
  18      0001
  19 0012 39000F   		.ascii	"9\000\017"
  20              		.text
  21              		.section	.gnu.lto_.inline.9971bdbf70fdb8c6,"",%progbits
  22 0000 789C6362 		.ascii	"x\234cb`b\300\006\014\2404PVX\232\221\201In\303+F\006"
  22      6062C006 
  22      0CA03450 
  22      56589A91 
  22      81496EC3 
  23 0017 B605F260 		.ascii	"\266\005\362`\325\214\\ \202A\347+#P&h\305\015Y\270"
  23      D58C5C20 
  23      8241E72B 
  23      23502668 
  23      C50D59B8 
  24 002b 0C0300A7 		.ascii	"\014\003\000\247)\006\317"
  24      2906CF
  25              		.text
  26              		.section	.gnu.lto_.pureconst.9971bdbf70fdb8c6,"",%progbits
  27 0000 789C6362 		.ascii	"x\234cb`b`e\200\000&\006)F)\000\001\006\000A"
  27      60626065 
  27      80002606 
  27      29462900 
  27      01060041 
  28              		.text
  29              		.section	.gnu.lto_hal_lld_init.9971bdbf70fdb8c6,"",%progbits
  30 0000 789CAD93 		.ascii	"x\234\255\223\261K#Q\020\306g\336f5\232\210Q\253t\""
  30      B14B2351 
  30      10C667DE 
  30      66359A88 
  30      51AB7422 
  31 0014 581D246A 		.ascii	"X\035$j\232\263P\256\022,\254\214\240\225\304\034h "
  31      9AB350AE 
  31      122CAC8C 
  31      A095C41C 
  31      6820
  32 0026 90434504 		.ascii	"\220CE\004\213\2745\026\341\270b\221k\324\302\204\240"
ARM GAS  /tmp/ccPSjTPL.s 			page 2


  32      8BBC3516 
  32      E1B86291 
  32      6BD4C284 
  32      A0
  33 0037 828D9646 		.ascii	"\202\215\226F\033\021lD=l=\220\025\024\375\023\344\012"
  33      1B116C44 
  33      3D6C3D90 
  33      1514FD13 
  33      E40A
  34 0049 D7997DBB 		.ascii	"\327\231}\273\021\26509\035\222\231\227\315\233o~\337"
  34      11B53039 
  34      1D929997 
  34      CD9B6F7E 
  34      DF
  35 005a DB5D0102 		.ascii	"\333]\001\002^G\230\276\353>\200~\252\250\001\012\363"
  35      5E4798BE 
  35      EB3E807E 
  35      AAA8010A 
  35      F3
  36 006b 1CC0F00B 		.ascii	"\034\300\360\013D^\000BV`v\014y\253\350\200\242\224"
  36      445E0042 
  36      5660760C 
  36      79ABE880 
  36      A294
  37 007d CBD66D69 		.ascii	"\313\326mi%\374\263\260h\312G\333\306\024\222h\014!"
  37      25FCB3B0 
  37      68CA47DB 
  37      C6149268 
  37      0C21
  38 008f 89304A3F 		.ascii	"\2110J?\260\335)\302\367r\212\352<\334=\371\325h\032"
  38      B0DD29C2 
  38      F7728AEA 
  38      3CDC3DF9 
  38      D5681A
  39 00a2 7969DB59 		.ascii	"yi\333Y\247\257\367\275\276\035qh\331\366\351\305\315"
  39      A7AFF7BD 
  39      BE1D7168 
  39      D9F6E9C5 
  39      CD
  40 00b3 75195BDB 		.ascii	"u\031[\333\004$\260\210\035\240S-Q\365\003\2514p\012"
  40      0424B088 
  40      1DA0532D 
  40      51F503A9 
  40      34700A
  41 00c6 700A720A 		.ascii	"p\012r\012qj\341D\241\303\222\224f;\360\024\2128ev5"
  41      716AE144 
  41      A1C39294 
  41      663BF014 
  41      8A386576 
  42 00db 8282AB76 		.ascii	"\202\202\253v\006G\227\017\245p\0027P\207I\024_`[.\031"
  42      0647970F 
  42      A5700237 
  42      50874914 
  42      5F605B2E 
  43 00f0 A1146A6B 		.ascii	"\241\024jk\260J4>F\322e!/}\016\235\3560M\240GG\375_"
  43      B04A343E 
  43      46D26521 
ARM GAS  /tmp/ccPSjTPL.s 			page 3


  43      2F7D0E9D 
  43      EE304DA0 
  44 0108 55736D9D 		.ascii	"Usm\235|\005l\212\346\267\"X\203\206\346B\\\3467\321"
  44      7C056C8A 
  44      E6B72258 
  44      8386E642 
  44      5CE637D1 
  45 011c 33A1578B 		.ascii	"3\241W\213\202\377m\002?\301\004\2765q\377l\302_-\212"
  45      82FF6D02 
  45      3FC104BE 
  45      3571FF6C 
  45      C25F2D8A 
  46 0130 A898C895 		.ascii	"\250\230\310\2255\257\273\201\004\034:I\201J}\2606\213"
  46      35AFBB81 
  46      041C3A49 
  46      814A7DB0 
  46      368B
  47 0142 4A97A4DC 		.ascii	"J\227\244\334\363\335\252\240\005>\204\026$\001\017"
  47      F3DDAAA0 
  47      053E8416 
  47      24010F
  48 0151 EDDB87C8 		.ascii	"\355\333\207\310\202\212l\357\252\251\362\220\253\205"
  48      828A6CEF 
  48      AAA9F290 
  48      AB85
  49 015f B47FF701 		.ascii	"\264\177\367\001(\321\244:\347I\014\275\2207LI\253:"
  49      28D1A43A 
  49      E7490CBD 
  49      90374C49 
  49      AB3A
  50 0171 96AD9796 		.ascii	"\226\255\227\226\341N\250w'h\334}\240\0062|\356\356"
  50      E14EA877 
  50      2768DC7D 
  50      A006327C 
  50      EEEE
  51 0183 2FB9DF77 		.ascii	"/\271\337w\370[HJ\361\213\012\375\376k\372j\345I\016"
  51      F85B484A 
  51      F18B0AFD 
  51      FE6BFA6A 
  51      E5490E
  52 0196 E00FE4AC 		.ascii	"\340\017\344\254\355\343:\305\013\260\000\377d\236\333"
  52      EDE33AC5 
  52      0BB000FF 
  52      649EDB
  53 01a5 FD49D76A 		.ascii	"\375I\327j\212o\302\005\030V\271\323\333\244\"N\346"
  53      8A6FC205 
  53      1856B9D3 
  53      DBA4224E 
  53      E6
  54 01b6 E82DE65D 		.ascii	"\350-\346]]\221HT}23\321\251D:\372#3=;\023\035\216\017"
  54      5D914854 
  54      7D3233D1 
  54      A9443AFA 
  54      23333D3B 
  55 01ce C57A541E 		.ascii	"\305zT\036\350\236\237\347\177\306\323\351\357\221$"
  55      E89E9FE7 
  55      7FC6D3E9 
ARM GAS  /tmp/ccPSjTPL.s 			page 4


  55      EF9124
  56 01dd E8739974 		.ascii	"\350s\231t\244\313\311\335O\232\234\030\002"
  56      A4CBC9DD 
  56      4F9A9C18 
  56      02
  57              		.text
  58              		.section	.gnu.lto_stm32_clock_init.9971bdbf70fdb8c6,"",%progbits
  59 0000 789CA554 		.ascii	"x\234\245T\301k\323P\034\376\375^\232&m\2234\331\\Y"
  59      C16BD350 
  59      1CFEFD5E 
  59      9A266D93 
  59      34D95C59 
  60 0014 61631504 		.ascii	"ac\025\004\017\302\352\266\277\240\027\301\203'W\320"
  60      0FC2EAB6 
  60      BFA017C1 
  60      832757D0 
  61 0024 93CC09B3 		.ascii	"\223\314\011\263P\2308\017\273-e=x\360\260cQ\020\275"
  61      5098380F 
  61      BB2D653D 
  61      78F0B063 
  61      5110BD
  62 0037 8A28ECE0 		.ascii	"\212(\354\340\352\206l\014AA&x\253=\355\2649\024d;\271"
  62      EA866C0C 
  62      41412678 
  62      AB3DEDB4 
  62      3914643B 
  63 004c D37CBFF7 		.ascii	"\323|\277\367\222\227\316U\2665\241\375\222\374\276"
  63      9297CE55 
  63      B635A1FD 
  63      92FCBE
  64 005b F7BEFCDE 		.ascii	"\367\276\374\336\367\275\204\001\203\177\217\317\374"
  64      F7BD8401 
  64      837F8FCF 
  64      FC
  65 0068 7FC90418 		.ascii	"\177\311\004\030\347g\354\003dK_\001j&CM^h\314{\362"
  65      E767EC03 
  65      644B5F01 
  65      6A26434D 
  65      5E68CC7B 
  66 007d 09C04F27 		.ascii	"\011\300O'\352\006\370\226'\353\245\004\352\222\327"
  66      EA06F896 
  66      27EBA504 
  66      EA92D7
  67 008c 992BF9A4 		.ascii	"\231+\371\244\340]Y/%\321\220\274\301\262\2227\005\237"
  67      E05D592F 
  67      25D190BC 
  67      C1B29237 
  67      059F
  68 009e 95F59289 		.ascii	"\225\365\222\211)\311\247\230#\371\264\340\035Y/\245"
  68      29C9A798 
  68      23F9B4E0 
  68      1D592FA5 
  69 00ae 3123F90C 		.ascii	"1#\371\014\263%o\011\336\226\365\222\205Hg@X`\232\227"
  69      B3256F09 
  69      DE96F592 
  69      85486740 
  69      58609A97 
ARM GAS  /tmp/ccPSjTPL.s 			page 5


  70 00c2 D0DDA491 		.ascii	"\320\335\244\2215SN:c[\270p\033\305\322\336\262\215"
  70      35534E3A 
  70      635BB870 
  70      1BC5D2DE 
  70      B28D
  71 00d4 EDA3A337 		.ascii	"\355\243\2437\313_\236\277\306\017\354\"\203\012\202"
  71      CB5F9EBF 
  71      C60FEC22 
  71      830A82
  72 00e3 46A01324 		.ascii	"F\240\023$\011\014\002\223 C`\021\330\004\016\201K\340"
  72      090C0293 
  72      20436011 
  72      D8040E81 
  72      4BE0
  73 00f5 11F411F4 		.ascii	"\021\364\021\364\023\014\020\344\010\006\011\362\004"
  73      130C10E4 
  73      080609F2 
  73      04
  74 0102 4304C304 		.ascii	"C\004\303\004#\004\005\002~\350P\367\375\245\002\300"
  74      23040502 
  74      7EE850F7 
  74      FDA502C0 
  75 0112 B4B89DE4 		.ascii	"\264\270\235\344\310\327PF\306O\332\026l\266[+\337q"
  75      C8D75046 
  75      C64FDA16 
  75      6CB65B2B 
  75      DF71
  76 0124 0A5FA20E 		.ascii	"\012_\242\0163\310\256\300+\277^s+\210\317\340)V\220"
  76      33C8AEC0 
  76      2BBF5E73 
  76      2B88CFE0 
  76      295690
  77 0137 DDE2A0F9 		.ascii	"\335\342\240\371/\036\373\011\020\227bMw1\014n\013\026"
  77      2F1EFB09 
  77      1097624D 
  77      77310C6E 
  77      0B16
  78 0149 DF6BE16C 		.ascii	"\337k\341lmF\216\007\024\314\346uI\234Os&\270\347-j"
  78      6D468E07 
  78      14CCE675 
  78      499C4F73 
  78      26B8E72D 
  79 015e C0DD153D 		.ascii	"\300\335\025=\376Y9T=\352B\017\317\323\342\332\342\262"
  79      FE593954 
  79      3DEA420F 
  79      CFD3E2DA 
  79      E2B2
  80 0170 9A9EE40A 		.ascii	"\232\236\344\012\242I&\366\335\307\335\332\204\242D"
  80      A24926F6 
  80      DDC7DDDA 
  80      84A244
  81 017f BDF39844 		.ascii	"\275\363\230D\017x\360X\306DhWs5\262\313\350\301\256"
  81      0F78F058 
  81      C6446857 
  81      7335B2CB 
  81      E8C1AE
  82 0192 356597C9 		.ascii	"5e\227\311\005\304\023\017\343\371e\212\311\315\326"
ARM GAS  /tmp/ccPSjTPL.s 			page 6


  82      05C4130F 
  82      E3F9658A 
  82      C9CDD6
  83 01a1 EA1E760A 		.ascii	"\352\036v\012\370\366\251\012R\202*\252\3032\237\257"
  83      F8F6A90A 
  83      52822AAA 
  83      C3329FAF 
  84 01b1 5C5FDD57 		.ascii	"\\_\335WK\315\234\321u\354X\351\342;5\335\342\012b\255"
  84      4BCD9CD1 
  84      75EC58E9 
  84      E23B35DD 
  84      E20A62AD 
  85 01c5 9670BDFE 		.ascii	"\226p\275\376+r\335\352\342\272\033\270\236\014]o\254"
  85      2B72DDEA 
  85      E2BA1BB8 
  85      9E0C5D6F 
  85      AC
  86 01d6 47AEDBB1 		.ascii	"G\256\333\2616\251\303\005\304\023}>:\216\355Nh\230"
  86      36A9C305 
  86      C4137D3E 
  86      3A8EED4E 
  86      6898
  87 01e8 A10C6BAE 		.ascii	"\241\014k\256G\333\324\215\267M=\256\020\264i\236\330"
  87      47DBD48D 
  87      B74D3DAE 
  87      10B4699E 
  87      D8
  88 01f9 A85E17CB 		.ascii	"\250^\027\313\262\201e\246z\257w\366\224Z\337Y\027\327"
  88      B28165A6 
  88      7AAF77F6 
  88      945ADF59 
  88      17D7
  89 020b 115F6459 		.ascii	"\021_dY?\027\010z\271\320\223e\030X\326/&\267\177\354"
  89      3F17087A 
  89      B9D09365 
  89      1858D62F 
  89      26B77FEC 
  90 021f A8C60662 		.ascii	"\250\306\006be\231\343\002Ac\302\245\336\303\314\205"
  90      6599E302 
  90      4163C2A5 
  90      DEC3CC85 
  91 022f 61A65498 		.ascii	"a\246T\230\215\335(\314\301xa\346\271B\330\247{\"\315"
  91      8DDD28CC 
  91      C17861E6 
  91      B942D8A7 
  91      7B22CD
  92 0242 7C97349D 		.ascii	"|\2274\235 \315t\220f\263\3653\316\333\255\202k6~\357"
  92      20CD7490 
  92      66B3F533 
  92      CEDBAD82 
  92      6B367EEF 
  93 0256 1FD71953 		.ascii	"\037\327\031S:\011\032\252\373\033\241\216\036\350\260"
  93      3A091AAA 
  93      FB1BA18E 
  93      1EE8B0
  94 0265 48C7952A 		.ascii	"H\307\225*\355\346A\264\267\206b\355\255a.\240>\307"
  94      EDE641B4 
ARM GAS  /tmp/ccPSjTPL.s 			page 7


  94      B78662ED 
  94      AD612EA0 
  94      3EC7
  95 0277 BDEFACE1 		.ascii	"\275\357\254\3410\277\214\312\257u\020}\275F\342}\275"
  95      30BF8CCA 
  95      AF75107D 
  95      BD46E27D 
  95      BD
  96 0288 0A5CE13F 		.ascii	"\012\\\341?_\257\202\250\233\307\302\263\203\360,\012"
  96      5FAF82A8 
  96      9BC7C2B3 
  96      83F02C0A 
  97 0298 EF1BD4B6 		.ascii	"\357\033\324\266\333\227\345\360h\010r\212V|ut\264("
  97      DB97E5F0 
  97      6808728A 
  97      567C7574 
  97      B428
  98 02aa 7FB373C5 		.ascii	"\177\263s\305\373S\325\342\203\331\207\217\346\2127"
  98      FB53D5E2 
  98      83D9878F 
  98      E68A37
  99 02b9 276F4C8C 		.ascii	"'oL\214K\27466?O\314\235j\365\336\3504\374\005)v\337"
  99      4BBC3636 
  99      3F4FCC9D 
  99      6AF5DEE8 
  99      34FC0529 
 100 02cf 93       		.ascii	"\223"
 101              		.text
 102              		.section	.gnu.lto_.symbol_nodes.9971bdbf70fdb8c6,"",%progbits
 103 0000 789C6362 		.ascii	"x\234cb`b\260e\200\002\246\273\214\365\014\014\023\316"
 103      6062B065 
 103      8002A6BB 
 103      8CF50C0C 
 103      13CE
 104 0012 3130D4D7 		.ascii	"10\324\327\317\353`d\272\307X\317\210\340\262\336fd"
 104      CFEB6064 
 104      BAC758CF 
 104      88E0B2DE 
 104      6664
 105 0024 60AD6760 		.ascii	"`\255g`\274\317X\317\004\021mh`df`fx\334\376F\236\001"
 105      BCCF58CF 
 105      04116D68 
 105      60646660 
 105      6678DCFE 
 106 003b 0040AD12 		.ascii	"\000@\255\022("
 106      28
 107              		.text
 108              		.section	.gnu.lto_.refs.9971bdbf70fdb8c6,"",%progbits
 109 0000 789C6362 		.ascii	"x\234cb`b`d\200\002\000\000F\000\006"
 109      60626064 
 109      80020000 
 109      460006
 110              		.text
 111              		.section	.gnu.lto_.decls.9971bdbf70fdb8c6,"",%progbits
 112 0000 789C9D96 		.ascii	"x\234\235\226olSU\024\300\357}\235[\353\012#$\020\365"
 112      6F6C5355 
 112      14C0EF7D 
ARM GAS  /tmp/ccPSjTPL.s 			page 8


 112      9D5BEB0A 
 112      232410F5 
 113 0014 832B448C 		.ascii	"\203+D\214!\241\257\355\242\361\023\322u\335\237\270"
 113      21A1AFED 
 113      A2F113D2 
 113      75DD9FB8 
 114 0024 C1F23A04 		.ascii	"\301\362:\004?5o\355#\253\364\317\262uf|\273n\212\004"
 114      3F356FED 
 114      23ABF4CF 
 114      B275667C 
 114      BB6E8A04 
 115 0038 23293808 		.ascii	"#)8\010\376#\035\303\351\374\023\335\022\034\213!\253"
 115      FE231DC3 
 115      E9FC13DD 
 115      121C8B21 
 115      AB
 116 0049 98294ACC 		.ascii	"\230)J\314\026\007\033l\223\025\011Y4\004\307\022>\240"
 116      16071B6C 
 116      93150959 
 116      3404C712 
 116      3EA0
 117 005b 66F5BCFB 		.ascii	"f\365\274\373^\267\373J[^\271\3519\357\366\275w~\347"
 117      5EB7FB4A 
 117      5B5EB9E9 
 117      39EFF6BD 
 117      777EE7
 118 006e BC7BEE3D 		.ascii	"\274{\356=\367r\210CI\204P\012Z\337\032\204\2129\204"
 118      F7728843 
 118      4984500A 
 118      5ADF1A84 
 118      8A3984
 119 0081 0CF07F3B 		.ascii	"\014\360\177;Zm\362\377^\220~\220\001\020\014\362\005"
 119      5A6DF2FF 
 119      5E907E90 
 119      01100CF2 
 119      05
 120 0092 D236F9F9 		.ascii	"\3226\371\371\343 % kA\314 \203 C \343 \023 \323 WA"
 120      E3202520 
 120      6B41CC20 
 120      83204320 
 120      E3201320 
 121 00aa 4E831481 		.ascii	"N\203\024\201\214\202\234\007\031\003\271\302\370\271"
 121      8C829C07 
 121      1903B9C2 
 121      F8B9
 122 00b8 A6FAC96C 		.ascii	"\246\372\311l\262\377b\325\007\313\236\003YR\355\207"
 122      B2FF62D5 
 122      07CB9E03 
 122      5952ED87 
 123 00c8 4146406E 		.ascii	"AF@n\250q\366g\341\224\243S$\236L\276\3257\370$\211"
 123      A871F667 
 123      E194A353 
 123      249E4CBE 
 123      D537F824 
 124 00dd 772552A9 		.ascii	"w%R\251\227\320Ft\234@\213\037$\004GE\274}\003\332\213"
 124      97D04674 
 124      9C408B1F 
ARM GAS  /tmp/ccPSjTPL.s 			page 9


 124      24044745 
 124      BC7D03DA 
 125 00f2 45BCD684 		.ascii	"E\274\326\204,\264c6\321\200\021\022\361i\274Q\355\355"
 125      2CB46336 
 125      D1801112 
 125      F169BC51 
 125      EDED
 126 0104 3628380E 		.ascii	"6(8\016U`\264\025\015\200}\214\220\256\3158\213K\204"
 126      5560B415 
 126      0D807D8C 
 126      90AECD38 
 126      8B4B84
 127 0117 9E459FC8 		.ascii	"\236E\237\310\036\310g\304@\3712\241\027\227\263\257"
 127      1EC867C4 
 127      40F932A1 
 127      1797B3AF 
 128 0127 88B80F73 		.ascii	"\210\270\017s\017\006\232\030\272d\216\275\221L\245"
 128      0F069A18 
 128      BA648EBD 
 128      914CA5
 129 0136 CA15EF1C 		.ascii	"\312\025\357\034\252\301\360\356\031\2745/\274?\023"
 129      AAC1F0EE 
 129      19BC352F 
 129      BC3F13
 130 0145 FEE983F0 		.ascii	"\376\351\203\360d,y\367\340\324\333\370hw\374\"YL\245"
 130      642C79F7 
 130      E0D4DBF8 
 130      6877FC22 
 130      594CA5
 131 0158 CA50DAC5 		.ascii	"\312P\332\305;8\323\207\002\371\\\013\331\214zI\374"
 131      3B38D387 
 131      02F95C0B 
 131      D98C7A49 
 131      FC
 132 0169 42F2D67B 		.ascii	"B\362\326{\357\312CI\310r*\205M\350\020\014\203<\226"
 132      EFCA4349 
 132      C8722A85 
 132      4DE8100C 
 132      833C96
 133 017c B517612A 		.ascii	"\265\027a*d\033\310-\350\014\014Vr\372\360\345\273\030"
 133      641BC82D 
 133      E80C0C56 
 133      72FAF0E5 
 133      BB18
 134 018e ACE0C197 		.ascii	"\254\340\301\227`\306\241\205\014\257\".1i\375\303\377"
 134      60C6A185 
 134      0CAF222E 
 134      3169FDC3 
 134      FF
 135 019f F40B328F 		.ascii	"\364\0132\217>V;\362\024.\223\323\261\270B\311\225\304"
 135      3E563BF2 
 135      142E93D3 
 135      B1B842C9 
 135      95C4
 136 01b1 AFE12B9E 		.ascii	"\257\341+\236F\204\373\230\030\351\235\275j\004\344"
 136      4684FB98 
 136      18E99DBD 
ARM GAS  /tmp/ccPSjTPL.s 			page 10


 136      6A04E4
 137 01c0 F6B95284 		.ascii	"\366\271R\204\350\007t\347\375\000\021\177\205\267\350"
 137      E80774E7 
 137      FD00117F 
 137      85B7E8
 138 01cf 0A673D3A 		.ascii	"\012g=:*g\306\302\220\210!\215\262\255\216\305\357\277"
 138      2A67C6C2 
 138      9088218D 
 138      B2AD8EC5 
 138      EFBF
 139 01e1 DD798110 		.ascii	"\335y\201\020\243\210\207\360z\370\206qN;\022\017\305"
 139      A38887F0 
 139      7AF88671 
 139      4E3B120F 
 139      C5
 140 01f2 C8319D05 		.ascii	"\3101\235\005S\305\210BI\342\337\0313)R\356\243,\351"
 140      53C58842 
 140      49E2DF19 
 140      332952EE 
 140      A32CE9
 141 0205 54DB2614 		.ascii	"T\333&\024'ov'R3=\220\304\013\200\034\244\311\230\245"
 141      276F7627 
 141      52333D90 
 141      C40B801C 
 141      A4C998A5 
 142 0219 21C8B6D9 		.ascii	"!\310\266\331F@\355\242\225\361[k\312\340\305f\3151"
 142      4640EDA2 
 142      95F15B6B 
 142      CAE0C566 
 142      CD31
 143 022b 310DBB5E 		.ascii	"1\015\273^0\314\242\201\035ca7\365\300\214\271#\353"
 143      30CCA281 
 143      1D636137 
 143      F5C08CB9 
 143      23EB
 144 023d 61610B05 		.ascii	"aa\013\005\303\264\221\235`a\213z`\353rGv\222\205\335"
 144      C3B4919D 
 144      60618B7A 
 144      60EB7247 
 144      769285DD 
 145 0251 2F18A68D 		.ascii	"/\030\246\215\354\003\026F\014:`O\344\216\354#\026v"
 145      EC031646 
 145      0C3A604F 
 145      E48EEC23 
 145      1676
 146 0263 A8609836 		.ascii	"\250`\2306\262S,,\246\007f\311\035\3317,\354x\3010&"
 146      B2532C2C 
 146      A60766C9 
 146      1DD9372C 
 146      EC78C130 
 147 0278 32D29518 		.ascii	"2\322\225\030\376\360\210\272\010\224\212\364\276\036"
 147      FEF088BA 
 147      08948AF4 
 147      BE1E
 148 0286 DE73B983 		.ascii	"\336s\271\203\033\231\325.\252\276\202y\026\224\263"
 148      1B99D52E 
 148      AABE8279 
ARM GAS  /tmp/ccPSjTPL.s 			page 11


 148      1694B3
 149 0295 B12B5EC4 		.ascii	"\261+^\304\337\322\2124\2147\201\036\241\372;\252\317"
 149      DFD28A34 
 149      8C37811E 
 149      A1FA3BAA 
 149      CF
 150 02a6 533D4AF5 		.ascii	"S=J\365\367T\377@\365\030\325?Q\3753\325\227\250\376"
 150      F754FF40 
 150      F518D53F 
 150      51FD33D5 
 150      97A8FE
 151 02b9 15F44A2B 		.ascii	"\025\364J+E\207W\213\271R\234r\025\325q\\\232\266R\253"
 151      4587578B 
 151      B9529C72 
 151      15D5715C 
 151      9AB652AB 
 152 02cd 557C0753 		.ascii	"U|\007S\256v\260kI)z\211\371\031l\021\361\004\255x\003"
 152      AE76B06B 
 152      49297A89 
 152      F9196C11 
 152      F104AD78 
 153 02e2 86AC152F 		.ascii	"\206\254\025/7C\3669\231Y\361\246\225\2127\251\253\342"
 153      3743F639 
 153      9959F1A6 
 153      958A37A9 
 153      ABE2
 154 02f4 CD6A2A9E 		.ascii	"\315j*\236\210\317\301\266\240\330>Z\305\233\233Y\231"
 154      88CFC1B6 
 154      A0D83E5A 
 154      C59B9B59 
 154      99
 155 0305 8922FEA5 		.ascii	"\211\"\376\245`X\336LO2\231\276L3}\205fk*O\266&\362"
 155      6058DE4C 
 155      4F3299BE 
 155      4C337D85 
 155      666B2A4F 
 156 031c 646B7A35 		.ascii	"dkz5[\031V\362\001 \227\325U\260bFU>C$\026\223c\263"
 156      5B1956F2 
 156      012097D5 
 156      55B06246 
 156      553E4324 
 157 0334 47D493D4 		.ascii	"G\324\223\324(\301+G\210\263\006=\307\224k\231\307\224"
 157      28C12B47 
 157      88B3063D 
 157      C7946B99 
 157      C794
 158 0346 19ED0923 		.ascii	"\031\355\011#\313\306\027\347\322a=\203\230\375\363"
 158      CBC617E7 
 158      D2613D83 
 158      98FDF3
 159 0355 C7E7E9FE 		.ascii	"\307\347\351\3769Gg\323D\366\331\224\033#\273\236\317"
 159      394767D3 
 159      44F6D994 
 159      1B23BB9E 
 159      CF
 160 0366 9C4DF726 		.ascii	"\234M\367&\351l\232\3275\233\356Oj\227\372u\032\302"
 160      E96C9AD7 
ARM GAS  /tmp/ccPSjTPL.s 			page 12


 160      359BEE4F 
 160      6A97FA75 
 160      1AC2
 161 0378 FC23CFA6 		.ascii	"\374#\317\246\177&\231\272\366G\3010\213\006\366\037"
 161      7F2699BA 
 161      F647C130 
 161      8B06F61F 
 162 0388 0B5BD003 		.ascii	"\013[\320\003\313\263\177.\263\260\277\013\206i#\213"
 162      CBB37F2E 
 162      B3B0BF0B 
 162      8669238B 
 163 0398 4D318B46 		.ascii	"M1\213FY\201\017\201\345\331?\217M1\221-\351\211,\317"
 163      59810F81 
 163      E5D93F8F 
 163      4D31912D 
 163      E9892CCF 
 164 03ac FED9C3C2 		.ascii	"\376\331\303\302\356\351\201\345\331?O\260\260\345\202"
 164      EEE981E5 
 164      D93F4FB0 
 164      B0E582
 165 03bb 61DAC84E 		.ascii	"a\332\310N\262\260\256\"\0350K\226\310\2625v\021\210"
 165      B2B0AE22 
 165      1D304B96 
 165      C8B23576 
 165      1188
 166 03cd 38490BCD 		.ascii	"8I\013\315\015ZhnR}\213\352\005\252\377\244\372/\252"
 166      0D5A686E 
 166      527D8BEA 
 166      05AAFFA4 
 166      FA2FAA
 167 03e0 6F537D87 		.ascii	"oS}\207\352\305<%i.OIZZ-I\310f\265\362\312/\322\316"
 167      EAC53C25 
 167      692E4F49 
 167      5A5A2D49 
 167      C866B5F2 
 168 03f8 B78841BE 		.ascii	"\267\210A\2765\322\026m\347=M\015\025\016EW\333;;\345"
 168      35D2166D 
 168      E73D4D0D 
 168      150E4557 
 168      DB3B3BE5 
 169 040c 27DE60D0 		.ascii	"'\336`\320o\365!\263\332\365\006\302\201hq\315\316\335"
 169      6FF521B3 
 169      DAF506C2 
 169      816871CD 
 169      CEDD
 170 041e 16175AD7 		.ascii	"\026\027Z\327\036\015U8\274\276`\304\267\237\336w\344"
 170      1E0D5538 
 170      BCBE60C4 
 170      B79FDE77 
 170      E4
 171 042f A3D6D757 		.ascii	"\243\326\327W\361U\015\316\327\355\274b\346\017\211"
 171      F1550DCE 
 171      D7EDBC62 
 171      E60F89
 172 043e D6165402 		.ascii	"\326\026T\002\227:0\365\360-\221\220\304\277\326\021"
 172      973A30F5 
 172      F02D9190 
ARM GAS  /tmp/ccPSjTPL.s 			page 13


 172      C4BFD611 
 173 044e 0C8861BE 		.ascii	"\014\210a\276\301]\343\344\333\245\220\324\036m\223"
 173      C15DE3E4 
 173      DBA590D4 
 173      1E6D93
 174 045d BC814EDE 		.ascii	"\274\201N\336\035j\226\232\003~\300\212m\241m\016\233"
 174      1D6A969A 
 174      037EC08A 
 174      6DA16D0E 
 174      9B
 175 046e BDC26AB7 		.ascii	"\275\302j\267\323~8\022\226\266Ibs\200\017\204}\301"
 175      D37E3812 
 175      96B64962 
 175      73800F84 
 175      7DC1
 176 0480 0EBF0478 		.ascii	"\016\277\004x\177 \034\005\266\261\003\256\340)Z\346"
 176      7F201C05 
 176      B6B103AE 
 176      E0295AE6 
 177 0490 39D01E95 		.ascii	"9\320\036\225B\256H\233\344\222\203\335`\365\213Q\321"
 177      42AE489B 
 177      E49283DD 
 177      60F58B51 
 177      D1
 178 04a1 9A71F745 		.ascii	"\232q\367E6z_$\024\212\204y\2513\312\273\032<u\036\370"
 178      367A5F24 
 178      148A8479 
 178      A933CABB 
 178      1A3C751E 
 179 04b6 08665CE8 		.ascii	"\010f\\\350\027\354\263\333l\235\315\340\247Tp\271\274"
 179      17ECB3DB 
 179      6C9DCDE0 
 179      A75470B9 
 179      BC
 180 04c7 4D075AA5 		.ascii	"M\007Z\245*i\037\347\022\212\\\3255\202\301U'\030\235"
 180      2A691FE7 
 180      128A5CD5 
 180      3582C155 
 180      27189D
 181 04da 8D950EC1 		.ascii	"\215\225\016\301\323D;v\271S\354\254\255t\357\024J\344"
 181      D3443B76 
 181      B953ECAC 
 181      AD74EF14 
 181      4AE4
 182 04ec 07EAD50E 		.ascii	"\007\352\325\016\327\242\312*\027Xx\004\223\340\366"
 182      D7A2CA2A 
 182      17587804 
 182      93E0F6
 183 04fb B88557DC 		.ascii	"\270\205W\334U\266\307d\210\243\264q\217\220&?\225\316"
 183      55B6C764 
 183      88A3B471 
 183      8F90263F 
 183      95CE
 184 050d 40B3E8DB 		.ascii	"@\263\350\333\337\321\352\365GBb L\307}Mu\275\323S\233"
 184      DFD1EAF5 
 184      47426220 
 184      4CC77D4D 
ARM GAS  /tmp/ccPSjTPL.s 			page 14


 184      75BDD353 
 185 0522 7ED1E084 		.ascii	"~\321\340\204\030^v\277*\224\354jl\222\257\234G\340"
 185      185E76BF 
 185      2A94EC6A 
 185      6C92AF9C 
 185      47E0
 186 0534 9C8231CD 		.ascii	"\234\2021\3156\354\252\024\212\366\010\215\302\377\316"
 186      36ECAA14 
 186      8AF6088D 
 186      C2FFCE
 187 0543 7D28AE   		.ascii	"}(\256"
 188              		.text
 189              		.section	.gnu.lto_.symtab.9971bdbf70fdb8c6,"",%progbits
 190 0000 68616C5F 		.ascii	"hal_lld_init\000\000\000\000\000\000\000\000\000\000"
 190      6C6C645F 
 190      696E6974 
 190      00000000 
 190      00000000 
 191 0016 0000A100 		.ascii	"\000\000\241\000\000\000stm32_clock_init\000\000\000"
 191      00007374 
 191      6D33325F 
 191      636C6F63 
 191      6B5F696E 
 192 002f 00000000 		.ascii	"\000\000\000\000\000\000\000\000\000\246\000\000\000"
 192      00000000 
 192      00A60000 
 192      00
 193 003c 53797374 		.ascii	"SystemCoreClock\000\000\000\000\000\000\000\000\000"
 193      656D436F 
 193      7265436C 
 193      6F636B00 
 193      00000000 
 194 0054 000000AB 		.ascii	"\000\000\000\253\000\000\000dmaInit\000\000\002\000"
 194      00000064 
 194      6D61496E 
 194      69740000 
 194      0200
 195 0066 00000000 		.ascii	"\000\000\000\000\000\000\000\000\251\000\000\000"
 195      00000000 
 195      A9000000 
 196              		.text
 197              		.section	.gnu.lto_.opts,"",%progbits
 198 0000 272D6D63 		.ascii	"'-mcpu=cortex-m3' '-mno-thumb-interwork' '-mthumb' "
 198      70753D63 
 198      6F727465 
 198      782D6D33 
 198      2720272D 
 199 0033 272D6767 		.ascii	"'-ggdb' '-O2' '-fomit-frame-pointer' '-falign-funct"
 199      64622720 
 199      272D4F32 
 199      2720272D 
 199      666F6D69 
 200 0066 696F6E73 		.ascii	"ions=16' '-ffunction-sections' '-fdata-sections' '-"
 200      3D313627 
 200      20272D66 
 200      66756E63 
 200      74696F6E 
ARM GAS  /tmp/ccPSjTPL.s 			page 15


 201 0099 666E6F2D 		.ascii	"fno-common' '-flto'\000"
 201      636F6D6D 
 201      6F6E2720 
 201      272D666C 
 201      746F2700 
 202              		.text
 203              		.cfi_sections	.debug_frame
 204              		.section	.text.hal_lld_init,"ax",%progbits
 205              		.align	2
 206              		.p2align 4,,15
 207              		.global	hal_lld_init
 208              		.thumb
 209              		.thumb_func
 210              		.type	hal_lld_init, %function
 211              	hal_lld_init:
 212              	.LFB220:
 213              		.file 1 "../../../os/hal/ports/STM32/STM32F1xx/hal_lld.c"
 214              		.loc 1 132 0
 215              		.cfi_startproc
 216              		@ args = 0, pretend = 0, frame = 0
 217              		@ frame_needed = 0, uses_anonymous_args = 0
 218              		@ link register save eliminated.
 219              		.loc 1 135 0
 220 0000 4FF48053 		mov	r3, #4096
 221 0004 C4F20203 		movt	r3, 16386
 222 0008 4FF0FF31 		mov	r1, #-1
 223 000c 0022     		movs	r2, #0
 224 000e 1869     		ldr	r0, [r3, #16]
 225 0010 1961     		str	r1, [r3, #16]
 226 0012 1A61     		str	r2, [r3, #16]
 227              		.loc 1 136 0
 228 0014 D868     		ldr	r0, [r3, #12]
 229 0016 D960     		str	r1, [r3, #12]
 230 0018 DA60     		str	r2, [r3, #12]
 231              		.loc 1 139 0
 232 001a D969     		ldr	r1, [r3, #28]
 233              	.LBB4:
 234              	.LBB5:
 235              		.loc 1 57 0
 236 001c 4FF4E042 		mov	r2, #28672
 237              	.LBE5:
 238              	.LBE4:
 239              		.loc 1 139 0
 240 0020 41F08051 		orr	r1, r1, #268435456
 241 0024 D961     		str	r1, [r3, #28]
 242              		.loc 1 140 0
 243 0026 D969     		ldr	r1, [r3, #28]
 244              	.LBB8:
 245              	.LBB6:
 246              		.loc 1 57 0
 247 0028 C4F20002 		movt	r2, 16384
 248              	.LBE6:
 249              	.LBE8:
 250              		.loc 1 140 0
 251 002c 41F00061 		orr	r1, r1, #134217728
 252 0030 D961     		str	r1, [r3, #28]
 253              	.LBB9:
ARM GAS  /tmp/ccPSjTPL.s 			page 16


 254              	.LBB7:
 255              		.loc 1 57 0
 256 0032 1368     		ldr	r3, [r2]
 257 0034 43F48073 		orr	r3, r3, #256
 258 0038 1360     		str	r3, [r2]
 259              	.LBE7:
 260              	.LBE9:
 261              		.loc 1 146 0
 262 003a FFF7FEBF 		b	dmaInit
 263              	.LVL0:
 264              		.cfi_endproc
 265              	.LFE220:
 266              		.size	hal_lld_init, .-hal_lld_init
 267 003e 00BF     		.section	.text.stm32_clock_init,"ax",%progbits
 268              		.align	2
 269              		.p2align 4,,15
 270              		.global	stm32_clock_init
 271              		.thumb
 272              		.thumb_func
 273              		.type	stm32_clock_init, %function
 274              	stm32_clock_init:
 275              	.LFB221:
 276              		.loc 1 169 0
 277              		.cfi_startproc
 278              		@ args = 0, pretend = 0, frame = 0
 279              		@ frame_needed = 0, uses_anonymous_args = 0
 280              		@ link register save eliminated.
 281              		.loc 1 174 0
 282 0000 4FF48053 		mov	r3, #4096
 283 0004 C4F20203 		movt	r3, 16386
 284 0008 1A68     		ldr	r2, [r3]
 285              		.loc 1 175 0
 286 000a 1946     		mov	r1, r3
 287              		.loc 1 174 0
 288 000c 42F00102 		orr	r2, r2, #1
 289 0010 1A60     		str	r2, [r3]
 290              	.L4:
 291              		.loc 1 175 0 discriminator 1
 292 0012 0A68     		ldr	r2, [r1]
 293 0014 4FF48053 		mov	r3, #4096
 294 0018 9207     		lsls	r2, r2, #30
 295 001a C4F20203 		movt	r3, 16386
 296 001e F8D5     		bpl	.L4
 297              		.loc 1 177 0
 298 0020 1968     		ldr	r1, [r3]
 299              		.loc 1 178 0
 300 0022 0022     		movs	r2, #0
 301              		.loc 1 177 0
 302 0024 01F0F901 		and	r1, r1, #249
 303 0028 1960     		str	r1, [r3]
 304              		.loc 1 179 0
 305 002a 1946     		mov	r1, r3
 306              		.loc 1 178 0
 307 002c 5A60     		str	r2, [r3, #4]
 308              	.L6:
 309              		.loc 1 179 0 discriminator 1
 310 002e 4A68     		ldr	r2, [r1, #4]
ARM GAS  /tmp/ccPSjTPL.s 			page 17


 311 0030 4FF48053 		mov	r3, #4096
 312 0034 12F00C0F 		tst	r2, #12
 313 0038 C4F20203 		movt	r3, 16386
 314 003c F7D1     		bne	.L6
 315              		.loc 1 188 0
 316 003e 1A68     		ldr	r2, [r3]
 317              		.loc 1 189 0
 318 0040 1946     		mov	r1, r3
 319              		.loc 1 188 0
 320 0042 42F48032 		orr	r2, r2, #65536
 321 0046 1A60     		str	r2, [r3]
 322              	.L8:
 323              		.loc 1 189 0 discriminator 1
 324 0048 0A68     		ldr	r2, [r1]
 325 004a 4FF48053 		mov	r3, #4096
 326 004e 9003     		lsls	r0, r2, #14
 327 0050 C4F20203 		movt	r3, 16386
 328 0054 F8D5     		bpl	.L8
 329              		.loc 1 202 0
 330 0056 5A68     		ldr	r2, [r3, #4]
 331              		.loc 1 204 0
 332 0058 1946     		mov	r1, r3
 333              		.loc 1 202 0
 334 005a 42F4A022 		orr	r2, r2, #327680
 335 005e 5A60     		str	r2, [r3, #4]
 336              		.loc 1 203 0
 337 0060 1A68     		ldr	r2, [r3]
 338 0062 42F08072 		orr	r2, r2, #16777216
 339 0066 1A60     		str	r2, [r3]
 340              	.L10:
 341              		.loc 1 204 0 discriminator 1
 342 0068 0A68     		ldr	r2, [r1]
 343 006a 4FF48053 		mov	r3, #4096
 344 006e 9201     		lsls	r2, r2, #6
 345 0070 C4F20203 		movt	r3, 16386
 346 0074 F8D5     		bpl	.L10
 347              		.loc 1 220 0
 348 0076 4FF40052 		mov	r2, #8192
 349 007a C4F20202 		movt	r2, 16386
 350 007e 1021     		movs	r1, #16
 351              		.loc 1 214 0
 352 0080 4FF4A020 		mov	r0, #327680
 353 0084 5860     		str	r0, [r3, #4]
 354              		.loc 1 220 0
 355 0086 1160     		str	r1, [r2]
 356              		.loc 1 225 0
 357 0088 5968     		ldr	r1, [r3, #4]
 358              		.loc 1 226 0
 359 008a 1A46     		mov	r2, r3
 360              		.loc 1 225 0
 361 008c 41F00201 		orr	r1, r1, #2
 362 0090 5960     		str	r1, [r3, #4]
 363              	.L12:
 364              		.loc 1 226 0 discriminator 1
 365 0092 5368     		ldr	r3, [r2, #4]
 366 0094 03F00C03 		and	r3, r3, #12
 367 0098 082B     		cmp	r3, #8
ARM GAS  /tmp/ccPSjTPL.s 			page 18


 368 009a FAD1     		bne	.L12
 369              		.loc 1 234 0
 370 009c 7047     		bx	lr
 371              		.cfi_endproc
 372              	.LFE221:
 373              		.size	stm32_clock_init, .-stm32_clock_init
 374              		.global	SystemCoreClock
 375 009e 00BF     		.section	.data.SystemCoreClock,"aw",%progbits
 376              		.align	2
 377              		.type	SystemCoreClock, %object
 378              		.size	SystemCoreClock, 4
 379              	SystemCoreClock:
 380 0000 00366E01 		.word	24000000
 381              		.text
 382              	.Letext0:
 383              		.file 2 "/home/julian/MEGA/semestre_ix/Embebidos/arm-2013.11/arm-none-eabi/include/stdint.h"
 384              		.file 3 "../../../os/common/ports/ARMCMx/compilers/GCC/chtypes.h"
 385              		.file 4 "../../../os/rt/include/chsystypes.h"
 386              		.file 5 "../../../os/rt/include/chschd.h"
 387              		.file 6 "../../../os/common/ext/CMSIS/ST/STM32F1xx/stm32f100xb.h"
 388              		.file 7 "../../../os/common/ports/ARMCMx/chcore.h"
 389              		.file 8 "../../../os/common/ports/ARMCMx/chcore_v7m.h"
 390              		.file 9 "../../../os/rt/include/chsem.h"
 391              		.file 10 "../../../os/rt/include/chmtx.h"
 392              		.file 11 "../../../os/common/ext/CMSIS/include/core_cm3.h"
 393              		.file 12 "../../../os/hal/ports/STM32/LLD/DMAv1/stm32_dma.h"
 394              		.section	.debug_info,"",%progbits
 395              	.Ldebug_info0:
 396 0000 8A070000 		.4byte	0x78a
 397 0004 0400     		.2byte	0x4
 398 0006 00000000 		.4byte	.Ldebug_abbrev0
 399 000a 04       		.byte	0x4
 400 000b 01       		.uleb128 0x1
 401 000c 50020000 		.4byte	.LASF102
 402 0010 01       		.byte	0x1
 403 0011 28050000 		.4byte	.LASF103
 404 0015 CE010000 		.4byte	.LASF104
 405 0019 20000000 		.4byte	.Ldebug_ranges0+0x20
 406 001d 00000000 		.4byte	0
 407 0021 00000000 		.4byte	.Ldebug_line0
 408 0025 02       		.uleb128 0x2
 409 0026 04       		.byte	0x4
 410 0027 05       		.byte	0x5
 411 0028 696E7400 		.ascii	"int\000"
 412 002c 03       		.uleb128 0x3
 413 002d 04       		.byte	0x4
 414 002e 07       		.byte	0x7
 415 002f 6C000000 		.4byte	.LASF0
 416 0033 03       		.uleb128 0x3
 417 0034 01       		.byte	0x1
 418 0035 06       		.byte	0x6
 419 0036 CA040000 		.4byte	.LASF1
 420 003a 04       		.uleb128 0x4
 421 003b 30030000 		.4byte	.LASF4
 422 003f 02       		.byte	0x2
 423 0040 2A       		.byte	0x2a
 424 0041 45000000 		.4byte	0x45
ARM GAS  /tmp/ccPSjTPL.s 			page 19


 425 0045 03       		.uleb128 0x3
 426 0046 01       		.byte	0x1
 427 0047 08       		.byte	0x8
 428 0048 86040000 		.4byte	.LASF2
 429 004c 03       		.uleb128 0x3
 430 004d 02       		.byte	0x2
 431 004e 05       		.byte	0x5
 432 004f C2030000 		.4byte	.LASF3
 433 0053 04       		.uleb128 0x4
 434 0054 AF030000 		.4byte	.LASF5
 435 0058 02       		.byte	0x2
 436 0059 36       		.byte	0x36
 437 005a 5E000000 		.4byte	0x5e
 438 005e 03       		.uleb128 0x3
 439 005f 02       		.byte	0x2
 440 0060 07       		.byte	0x7
 441 0061 DC040000 		.4byte	.LASF6
 442 0065 04       		.uleb128 0x4
 443 0066 69040000 		.4byte	.LASF7
 444 006a 02       		.byte	0x2
 445 006b 4F       		.byte	0x4f
 446 006c 70000000 		.4byte	0x70
 447 0070 03       		.uleb128 0x3
 448 0071 04       		.byte	0x4
 449 0072 05       		.byte	0x5
 450 0073 D8030000 		.4byte	.LASF8
 451 0077 04       		.uleb128 0x4
 452 0078 16010000 		.4byte	.LASF9
 453 007c 02       		.byte	0x2
 454 007d 50       		.byte	0x50
 455 007e 82000000 		.4byte	0x82
 456 0082 03       		.uleb128 0x3
 457 0083 04       		.byte	0x4
 458 0084 07       		.byte	0x7
 459 0085 37040000 		.4byte	.LASF10
 460 0089 03       		.uleb128 0x3
 461 008a 08       		.byte	0x8
 462 008b 05       		.byte	0x5
 463 008c 5A030000 		.4byte	.LASF11
 464 0090 04       		.uleb128 0x4
 465 0091 0D040000 		.4byte	.LASF12
 466 0095 02       		.byte	0x2
 467 0096 78       		.byte	0x78
 468 0097 9B000000 		.4byte	0x9b
 469 009b 03       		.uleb128 0x3
 470 009c 08       		.byte	0x8
 471 009d 07       		.byte	0x7
 472 009e 61010000 		.4byte	.LASF13
 473 00a2 04       		.uleb128 0x4
 474 00a3 9C030000 		.4byte	.LASF14
 475 00a7 03       		.byte	0x3
 476 00a8 3C       		.byte	0x3c
 477 00a9 3A000000 		.4byte	0x3a
 478 00ad 04       		.uleb128 0x4
 479 00ae 20030000 		.4byte	.LASF15
 480 00b2 03       		.byte	0x3
 481 00b3 3D       		.byte	0x3d
ARM GAS  /tmp/ccPSjTPL.s 			page 20


 482 00b4 3A000000 		.4byte	0x3a
 483 00b8 04       		.uleb128 0x4
 484 00b9 2F040000 		.4byte	.LASF16
 485 00bd 03       		.byte	0x3
 486 00be 3E       		.byte	0x3e
 487 00bf 3A000000 		.4byte	0x3a
 488 00c3 04       		.uleb128 0x4
 489 00c4 48010000 		.4byte	.LASF17
 490 00c8 03       		.byte	0x3
 491 00c9 40       		.byte	0x40
 492 00ca 77000000 		.4byte	0x77
 493 00ce 04       		.uleb128 0x4
 494 00cf 68030000 		.4byte	.LASF18
 495 00d3 03       		.byte	0x3
 496 00d4 41       		.byte	0x41
 497 00d5 65000000 		.4byte	0x65
 498 00d9 04       		.uleb128 0x4
 499 00da 27010000 		.4byte	.LASF19
 500 00de 03       		.byte	0x3
 501 00df 43       		.byte	0x43
 502 00e0 77000000 		.4byte	0x77
 503 00e4 04       		.uleb128 0x4
 504 00e5 80010000 		.4byte	.LASF20
 505 00e9 03       		.byte	0x3
 506 00ea 45       		.byte	0x45
 507 00eb 65000000 		.4byte	0x65
 508 00ef 04       		.uleb128 0x4
 509 00f0 50000000 		.4byte	.LASF21
 510 00f4 04       		.byte	0x4
 511 00f5 35       		.byte	0x35
 512 00f6 53000000 		.4byte	0x53
 513 00fa 04       		.uleb128 0x4
 514 00fb C0010000 		.4byte	.LASF22
 515 00ff 04       		.byte	0x4
 516 0100 3F       		.byte	0x3f
 517 0101 05010000 		.4byte	0x105
 518 0105 05       		.uleb128 0x5
 519 0106 41030000 		.4byte	.LASF40
 520 010a 44       		.byte	0x44
 521 010b 05       		.byte	0x5
 522 010c 9A       		.byte	0x9a
 523 010d E3010000 		.4byte	0x1e3
 524 0111 06       		.uleb128 0x6
 525 0112 63040000 		.4byte	.LASF23
 526 0116 05       		.byte	0x5
 527 0117 9B       		.byte	0x9b
 528 0118 18020000 		.4byte	0x218
 529 011c 00       		.byte	0
 530 011d 06       		.uleb128 0x6
 531 011e FC020000 		.4byte	.LASF24
 532 0122 05       		.byte	0x5
 533 0123 9C       		.byte	0x9c
 534 0124 C3000000 		.4byte	0xc3
 535 0128 08       		.byte	0x8
 536 0129 07       		.uleb128 0x7
 537 012a 63747800 		.ascii	"ctx\000"
 538 012e 05       		.byte	0x5
ARM GAS  /tmp/ccPSjTPL.s 			page 21


 539 012f 9D       		.byte	0x9d
 540 0130 71050000 		.4byte	0x571
 541 0134 0C       		.byte	0xc
 542 0135 06       		.uleb128 0x6
 543 0136 80040000 		.4byte	.LASF25
 544 013a 05       		.byte	0x5
 545 013b 9F       		.byte	0x9f
 546 013c EE010000 		.4byte	0x1ee
 547 0140 10       		.byte	0x10
 548 0141 06       		.uleb128 0x6
 549 0142 02050000 		.4byte	.LASF26
 550 0146 05       		.byte	0x5
 551 0147 A0       		.byte	0xa0
 552 0148 EE010000 		.4byte	0x1ee
 553 014c 14       		.byte	0x14
 554 014d 06       		.uleb128 0x6
 555 014e 21040000 		.4byte	.LASF27
 556 0152 05       		.byte	0x5
 557 0153 A7       		.byte	0xa7
 558 0154 D6060000 		.4byte	0x6d6
 559 0158 18       		.byte	0x18
 560 0159 06       		.uleb128 0x6
 561 015a 19030000 		.4byte	.LASF28
 562 015e 05       		.byte	0x5
 563 015f B0       		.byte	0xb0
 564 0160 E8060000 		.4byte	0x6e8
 565 0164 1C       		.byte	0x1c
 566 0165 06       		.uleb128 0x6
 567 0166 B2040000 		.4byte	.LASF29
 568 016a 05       		.byte	0x5
 569 016b B5       		.byte	0xb5
 570 016c AD000000 		.4byte	0xad
 571 0170 20       		.byte	0x20
 572 0171 06       		.uleb128 0x6
 573 0172 4A000000 		.4byte	.LASF30
 574 0176 05       		.byte	0x5
 575 0177 B9       		.byte	0xb9
 576 0178 A2000000 		.4byte	0xa2
 577 017c 21       		.byte	0x21
 578 017d 06       		.uleb128 0x6
 579 017e 92000000 		.4byte	.LASF31
 580 0182 05       		.byte	0x5
 581 0183 BE       		.byte	0xbe
 582 0184 B8000000 		.4byte	0xb8
 583 0188 22       		.byte	0x22
 584 0189 08       		.uleb128 0x8
 585 018a 7500     		.ascii	"u\000"
 586 018c 05       		.byte	0x5
 587 018d 0F01     		.2byte	0x10f
 588 018f 0B060000 		.4byte	0x60b
 589 0193 24       		.byte	0x24
 590 0194 09       		.uleb128 0x9
 591 0195 94040000 		.4byte	.LASF32
 592 0199 05       		.byte	0x5
 593 019a 1401     		.2byte	0x114
 594 019c F4010000 		.4byte	0x1f4
 595 01a0 28       		.byte	0x28
ARM GAS  /tmp/ccPSjTPL.s 			page 22


 596 01a1 09       		.uleb128 0x9
 597 01a2 38030000 		.4byte	.LASF33
 598 01a6 05       		.byte	0x5
 599 01a7 1A01     		.2byte	0x11a
 600 01a9 18020000 		.4byte	0x218
 601 01ad 2C       		.byte	0x2c
 602 01ae 09       		.uleb128 0x9
 603 01af 63000000 		.4byte	.LASF34
 604 01b3 05       		.byte	0x5
 605 01b4 2001     		.2byte	0x120
 606 01b6 D9000000 		.4byte	0xd9
 607 01ba 34       		.byte	0x34
 608 01bb 09       		.uleb128 0x9
 609 01bc A1010000 		.4byte	.LASF35
 610 01c0 05       		.byte	0x5
 611 01c1 2701     		.2byte	0x127
 612 01c3 D0060000 		.4byte	0x6d0
 613 01c7 38       		.byte	0x38
 614 01c8 09       		.uleb128 0x9
 615 01c9 5A000000 		.4byte	.LASF36
 616 01cd 05       		.byte	0x5
 617 01ce 2B01     		.2byte	0x12b
 618 01d0 C3000000 		.4byte	0xc3
 619 01d4 3C       		.byte	0x3c
 620 01d5 09       		.uleb128 0x9
 621 01d6 22050000 		.4byte	.LASF37
 622 01da 05       		.byte	0x5
 623 01db 3201     		.2byte	0x132
 624 01dd CB020000 		.4byte	0x2cb
 625 01e1 40       		.byte	0x40
 626 01e2 00       		.byte	0
 627 01e3 04       		.uleb128 0x4
 628 01e4 06030000 		.4byte	.LASF38
 629 01e8 04       		.byte	0x4
 630 01e9 44       		.byte	0x44
 631 01ea EE010000 		.4byte	0x1ee
 632 01ee 0A       		.uleb128 0xa
 633 01ef 04       		.byte	0x4
 634 01f0 FA000000 		.4byte	0xfa
 635 01f4 04       		.uleb128 0x4
 636 01f5 7E000000 		.4byte	.LASF39
 637 01f9 04       		.byte	0x4
 638 01fa 49       		.byte	0x49
 639 01fb FF010000 		.4byte	0x1ff
 640 01ff 05       		.uleb128 0x5
 641 0200 00000000 		.4byte	.LASF41
 642 0204 04       		.byte	0x4
 643 0205 05       		.byte	0x5
 644 0206 88       		.byte	0x88
 645 0207 18020000 		.4byte	0x218
 646 020b 06       		.uleb128 0x6
 647 020c 79000000 		.4byte	.LASF42
 648 0210 05       		.byte	0x5
 649 0211 89       		.byte	0x89
 650 0212 EE010000 		.4byte	0x1ee
 651 0216 00       		.byte	0
 652 0217 00       		.byte	0
ARM GAS  /tmp/ccPSjTPL.s 			page 23


 653 0218 04       		.uleb128 0x4
 654 0219 91010000 		.4byte	.LASF43
 655 021d 04       		.byte	0x4
 656 021e 50       		.byte	0x50
 657 021f 23020000 		.4byte	0x223
 658 0223 05       		.uleb128 0x5
 659 0224 D1000000 		.4byte	.LASF44
 660 0228 08       		.byte	0x8
 661 0229 05       		.byte	0x5
 662 022a 8F       		.byte	0x8f
 663 022b 48020000 		.4byte	0x248
 664 022f 06       		.uleb128 0x6
 665 0230 79000000 		.4byte	.LASF42
 666 0234 05       		.byte	0x5
 667 0235 90       		.byte	0x90
 668 0236 EE010000 		.4byte	0x1ee
 669 023a 00       		.byte	0
 670 023b 06       		.uleb128 0x6
 671 023c CC000000 		.4byte	.LASF45
 672 0240 05       		.byte	0x5
 673 0241 91       		.byte	0x91
 674 0242 EE010000 		.4byte	0x1ee
 675 0246 04       		.byte	0x4
 676 0247 00       		.byte	0
 677 0248 04       		.uleb128 0x4
 678 0249 56040000 		.4byte	.LASF46
 679 024d 04       		.byte	0x4
 680 024e 57       		.byte	0x57
 681 024f 53020000 		.4byte	0x253
 682 0253 0B       		.uleb128 0xb
 683 0254 B2000000 		.4byte	.LASF47
 684 0258 1C       		.byte	0x1c
 685 0259 05       		.byte	0x5
 686 025a 6A01     		.2byte	0x16a
 687 025c AF020000 		.4byte	0x2af
 688 0260 09       		.uleb128 0x9
 689 0261 63040000 		.4byte	.LASF23
 690 0265 05       		.byte	0x5
 691 0266 6B01     		.2byte	0x16b
 692 0268 18020000 		.4byte	0x218
 693 026c 00       		.byte	0
 694 026d 09       		.uleb128 0x9
 695 026e FC020000 		.4byte	.LASF24
 696 0272 05       		.byte	0x5
 697 0273 6C01     		.2byte	0x16c
 698 0275 C3000000 		.4byte	0xc3
 699 0279 08       		.byte	0x8
 700 027a 08       		.uleb128 0x8
 701 027b 63747800 		.ascii	"ctx\000"
 702 027f 05       		.byte	0x5
 703 0280 6E01     		.2byte	0x16e
 704 0282 71050000 		.4byte	0x571
 705 0286 0C       		.byte	0xc
 706 0287 09       		.uleb128 0x9
 707 0288 80040000 		.4byte	.LASF25
 708 028c 05       		.byte	0x5
 709 028d 7101     		.2byte	0x171
ARM GAS  /tmp/ccPSjTPL.s 			page 24


 710 028f EE010000 		.4byte	0x1ee
 711 0293 10       		.byte	0x10
 712 0294 09       		.uleb128 0x9
 713 0295 02050000 		.4byte	.LASF26
 714 0299 05       		.byte	0x5
 715 029a 7201     		.2byte	0x172
 716 029c EE010000 		.4byte	0x1ee
 717 02a0 14       		.byte	0x14
 718 02a1 09       		.uleb128 0x9
 719 02a2 FA040000 		.4byte	.LASF48
 720 02a6 05       		.byte	0x5
 721 02a7 7501     		.2byte	0x175
 722 02a9 EE010000 		.4byte	0x1ee
 723 02ad 18       		.byte	0x18
 724 02ae 00       		.byte	0
 725 02af 04       		.uleb128 0x4
 726 02b0 E2000000 		.4byte	.LASF49
 727 02b4 04       		.byte	0x4
 728 02b5 5C       		.byte	0x5c
 729 02b6 BA020000 		.4byte	0x2ba
 730 02ba 0A       		.uleb128 0xa
 731 02bb 04       		.byte	0x4
 732 02bc C0020000 		.4byte	0x2c0
 733 02c0 0C       		.uleb128 0xc
 734 02c1 CB020000 		.4byte	0x2cb
 735 02c5 0D       		.uleb128 0xd
 736 02c6 CB020000 		.4byte	0x2cb
 737 02ca 00       		.byte	0
 738 02cb 0E       		.uleb128 0xe
 739 02cc 04       		.byte	0x4
 740 02cd 04       		.uleb128 0x4
 741 02ce 6E030000 		.4byte	.LASF50
 742 02d2 04       		.byte	0x4
 743 02d3 61       		.byte	0x61
 744 02d4 D8020000 		.4byte	0x2d8
 745 02d8 0B       		.uleb128 0xb
 746 02d9 50010000 		.4byte	.LASF51
 747 02dd 14       		.byte	0x14
 748 02de 05       		.byte	0x5
 749 02df 4501     		.2byte	0x145
 750 02e1 27030000 		.4byte	0x327
 751 02e5 09       		.uleb128 0x9
 752 02e6 79000000 		.4byte	.LASF42
 753 02ea 05       		.byte	0x5
 754 02eb 4601     		.2byte	0x146
 755 02ed EE060000 		.4byte	0x6ee
 756 02f1 00       		.byte	0
 757 02f2 09       		.uleb128 0x9
 758 02f3 CC000000 		.4byte	.LASF45
 759 02f7 05       		.byte	0x5
 760 02f8 4701     		.2byte	0x147
 761 02fa EE060000 		.4byte	0x6ee
 762 02fe 04       		.byte	0x4
 763 02ff 09       		.uleb128 0x9
 764 0300 D6040000 		.4byte	.LASF52
 765 0304 05       		.byte	0x5
 766 0305 4801     		.2byte	0x148
ARM GAS  /tmp/ccPSjTPL.s 			page 25


 767 0307 EF000000 		.4byte	0xef
 768 030b 08       		.byte	0x8
 769 030c 09       		.uleb128 0x9
 770 030d C0000000 		.4byte	.LASF53
 771 0311 05       		.byte	0x5
 772 0312 4901     		.2byte	0x149
 773 0314 AF020000 		.4byte	0x2af
 774 0318 0C       		.byte	0xc
 775 0319 08       		.uleb128 0x8
 776 031a 70617200 		.ascii	"par\000"
 777 031e 05       		.byte	0x5
 778 031f 4B01     		.2byte	0x14b
 779 0321 CB020000 		.4byte	0x2cb
 780 0325 10       		.byte	0x10
 781 0326 00       		.byte	0
 782 0327 04       		.uleb128 0x4
 783 0328 9C040000 		.4byte	.LASF54
 784 032c 04       		.byte	0x4
 785 032d 66       		.byte	0x66
 786 032e 32030000 		.4byte	0x332
 787 0332 0B       		.uleb128 0xb
 788 0333 A9010000 		.4byte	.LASF55
 789 0337 0C       		.byte	0xc
 790 0338 05       		.byte	0x5
 791 0339 5501     		.2byte	0x155
 792 033b 74030000 		.4byte	0x374
 793 033f 09       		.uleb128 0x9
 794 0340 79000000 		.4byte	.LASF42
 795 0344 05       		.byte	0x5
 796 0345 5601     		.2byte	0x156
 797 0347 EE060000 		.4byte	0x6ee
 798 034b 00       		.byte	0
 799 034c 09       		.uleb128 0x9
 800 034d CC000000 		.4byte	.LASF45
 801 0351 05       		.byte	0x5
 802 0352 5801     		.2byte	0x158
 803 0354 EE060000 		.4byte	0x6ee
 804 0358 04       		.byte	0x4
 805 0359 09       		.uleb128 0x9
 806 035a D6040000 		.4byte	.LASF52
 807 035e 05       		.byte	0x5
 808 035f 5A01     		.2byte	0x15a
 809 0361 EF000000 		.4byte	0xef
 810 0365 08       		.byte	0x8
 811 0366 09       		.uleb128 0x9
 812 0367 04040000 		.4byte	.LASF56
 813 036b 05       		.byte	0x5
 814 036c 6201     		.2byte	0x162
 815 036e EF000000 		.4byte	0xef
 816 0372 0A       		.byte	0xa
 817 0373 00       		.byte	0
 818 0374 04       		.uleb128 0x4
 819 0375 4B030000 		.4byte	.LASF57
 820 0379 04       		.byte	0x4
 821 037a 6B       		.byte	0x6b
 822 037b 7F030000 		.4byte	0x37f
 823 037f 0B       		.uleb128 0xb
ARM GAS  /tmp/ccPSjTPL.s 			page 26


 824 0380 EB000000 		.4byte	.LASF58
 825 0384 04       		.byte	0x4
 826 0385 05       		.byte	0x5
 827 0386 7C01     		.2byte	0x17c
 828 0388 9A030000 		.4byte	0x39a
 829 038c 09       		.uleb128 0x9
 830 038d 8C030000 		.4byte	.LASF59
 831 0391 05       		.byte	0x5
 832 0392 8401     		.2byte	0x184
 833 0394 F4060000 		.4byte	0x6f4
 834 0398 00       		.byte	0
 835 0399 00       		.byte	0
 836 039a 04       		.uleb128 0x4
 837 039b B8040000 		.4byte	.LASF60
 838 039f 04       		.byte	0x4
 839 03a0 70       		.byte	0x70
 840 03a1 A5030000 		.4byte	0x3a5
 841 03a5 0B       		.uleb128 0xb
 842 03a6 FA030000 		.4byte	.LASF61
 843 03aa 70       		.byte	0x70
 844 03ab 05       		.byte	0x5
 845 03ac 9C01     		.2byte	0x19c
 846 03ae E7030000 		.4byte	0x3e7
 847 03b2 09       		.uleb128 0x9
 848 03b3 1B040000 		.4byte	.LASF62
 849 03b7 05       		.byte	0x5
 850 03b8 A001     		.2byte	0x1a0
 851 03ba 48020000 		.4byte	0x248
 852 03be 00       		.byte	0
 853 03bf 09       		.uleb128 0x9
 854 03c0 9E000000 		.4byte	.LASF63
 855 03c4 05       		.byte	0x5
 856 03c5 A401     		.2byte	0x1a4
 857 03c7 27030000 		.4byte	0x327
 858 03cb 1C       		.byte	0x1c
 859 03cc 08       		.uleb128 0x8
 860 03cd 64626700 		.ascii	"dbg\000"
 861 03d1 05       		.byte	0x5
 862 03d2 A801     		.2byte	0x1a8
 863 03d4 74030000 		.4byte	0x374
 864 03d8 28       		.byte	0x28
 865 03d9 09       		.uleb128 0x9
 866 03da A4030000 		.4byte	.LASF64
 867 03de 05       		.byte	0x5
 868 03df AC01     		.2byte	0x1ac
 869 03e1 FA000000 		.4byte	0xfa
 870 03e5 2C       		.byte	0x2c
 871 03e6 00       		.byte	0
 872 03e7 03       		.uleb128 0x3
 873 03e8 04       		.byte	0x4
 874 03e9 07       		.byte	0x7
 875 03ea 26040000 		.4byte	.LASF65
 876 03ee 0F       		.uleb128 0xf
 877 03ef 77000000 		.4byte	0x77
 878 03f3 10       		.uleb128 0x10
 879 03f4 24       		.byte	0x24
 880 03f5 06       		.byte	0x6
ARM GAS  /tmp/ccPSjTPL.s 			page 27


 881 03f6 3A01     		.2byte	0x13a
 882 03f8 6F040000 		.4byte	0x46f
 883 03fc 08       		.uleb128 0x8
 884 03fd 41435200 		.ascii	"ACR\000"
 885 0401 06       		.byte	0x6
 886 0402 3C01     		.2byte	0x13c
 887 0404 EE030000 		.4byte	0x3ee
 888 0408 00       		.byte	0
 889 0409 09       		.uleb128 0x9
 890 040a 86010000 		.4byte	.LASF66
 891 040e 06       		.byte	0x6
 892 040f 3D01     		.2byte	0x13d
 893 0411 EE030000 		.4byte	0x3ee
 894 0415 04       		.byte	0x4
 895 0416 09       		.uleb128 0x9
 896 0417 78010000 		.4byte	.LASF67
 897 041b 06       		.byte	0x6
 898 041c 3E01     		.2byte	0x13e
 899 041e EE030000 		.4byte	0x3ee
 900 0422 08       		.byte	0x8
 901 0423 08       		.uleb128 0x8
 902 0424 535200   		.ascii	"SR\000"
 903 0427 06       		.byte	0x6
 904 0428 3F01     		.2byte	0x13f
 905 042a EE030000 		.4byte	0x3ee
 906 042e 0C       		.byte	0xc
 907 042f 08       		.uleb128 0x8
 908 0430 435200   		.ascii	"CR\000"
 909 0433 06       		.byte	0x6
 910 0434 4001     		.2byte	0x140
 911 0436 EE030000 		.4byte	0x3ee
 912 043a 10       		.byte	0x10
 913 043b 08       		.uleb128 0x8
 914 043c 415200   		.ascii	"AR\000"
 915 043f 06       		.byte	0x6
 916 0440 4101     		.2byte	0x141
 917 0442 EE030000 		.4byte	0x3ee
 918 0446 14       		.byte	0x14
 919 0447 09       		.uleb128 0x9
 920 0448 10000000 		.4byte	.LASF68
 921 044c 06       		.byte	0x6
 922 044d 4201     		.2byte	0x142
 923 044f EE030000 		.4byte	0x3ee
 924 0453 18       		.byte	0x18
 925 0454 08       		.uleb128 0x8
 926 0455 4F425200 		.ascii	"OBR\000"
 927 0459 06       		.byte	0x6
 928 045a 4301     		.2byte	0x143
 929 045c EE030000 		.4byte	0x3ee
 930 0460 1C       		.byte	0x1c
 931 0461 09       		.uleb128 0x9
 932 0462 C9010000 		.4byte	.LASF69
 933 0466 06       		.byte	0x6
 934 0467 4401     		.2byte	0x144
 935 0469 EE030000 		.4byte	0x3ee
 936 046d 20       		.byte	0x20
 937 046e 00       		.byte	0
ARM GAS  /tmp/ccPSjTPL.s 			page 28


 938 046f 11       		.uleb128 0x11
 939 0470 2D020000 		.4byte	.LASF70
 940 0474 06       		.byte	0x6
 941 0475 4501     		.2byte	0x145
 942 0477 F3030000 		.4byte	0x3f3
 943 047b 10       		.uleb128 0x10
 944 047c 08       		.byte	0x8
 945 047d 06       		.byte	0x6
 946 047e 9301     		.2byte	0x193
 947 0480 9E040000 		.4byte	0x49e
 948 0484 08       		.uleb128 0x8
 949 0485 435200   		.ascii	"CR\000"
 950 0488 06       		.byte	0x6
 951 0489 9501     		.2byte	0x195
 952 048b EE030000 		.4byte	0x3ee
 953 048f 00       		.byte	0
 954 0490 08       		.uleb128 0x8
 955 0491 43535200 		.ascii	"CSR\000"
 956 0495 06       		.byte	0x6
 957 0496 9601     		.2byte	0x196
 958 0498 EE030000 		.4byte	0x3ee
 959 049c 04       		.byte	0x4
 960 049d 00       		.byte	0
 961 049e 11       		.uleb128 0x11
 962 049f CC030000 		.4byte	.LASF71
 963 04a3 06       		.byte	0x6
 964 04a4 9701     		.2byte	0x197
 965 04a6 7B040000 		.4byte	0x47b
 966 04aa 10       		.uleb128 0x10
 967 04ab 30       		.byte	0x30
 968 04ac 06       		.byte	0x6
 969 04ad 9D01     		.2byte	0x19d
 970 04af 4F050000 		.4byte	0x54f
 971 04b3 08       		.uleb128 0x8
 972 04b4 435200   		.ascii	"CR\000"
 973 04b7 06       		.byte	0x6
 974 04b8 9F01     		.2byte	0x19f
 975 04ba EE030000 		.4byte	0x3ee
 976 04be 00       		.byte	0
 977 04bf 09       		.uleb128 0x9
 978 04c0 16040000 		.4byte	.LASF72
 979 04c4 06       		.byte	0x6
 980 04c5 A001     		.2byte	0x1a0
 981 04c7 EE030000 		.4byte	0x3ee
 982 04cb 04       		.byte	0x4
 983 04cc 08       		.uleb128 0x8
 984 04cd 43495200 		.ascii	"CIR\000"
 985 04d1 06       		.byte	0x6
 986 04d2 A101     		.2byte	0x1a1
 987 04d4 EE030000 		.4byte	0x3ee
 988 04d8 08       		.byte	0x8
 989 04d9 09       		.uleb128 0x9
 990 04da 41000000 		.4byte	.LASF73
 991 04de 06       		.byte	0x6
 992 04df A201     		.2byte	0x1a2
 993 04e1 EE030000 		.4byte	0x3ee
 994 04e5 0C       		.byte	0xc
ARM GAS  /tmp/ccPSjTPL.s 			page 29


 995 04e6 09       		.uleb128 0x9
 996 04e7 F3020000 		.4byte	.LASF74
 997 04eb 06       		.byte	0x6
 998 04ec A301     		.2byte	0x1a3
 999 04ee EE030000 		.4byte	0x3ee
 1000 04f2 10       		.byte	0x10
 1001 04f3 09       		.uleb128 0x9
 1002 04f4 29030000 		.4byte	.LASF75
 1003 04f8 06       		.byte	0x6
 1004 04f9 A401     		.2byte	0x1a4
 1005 04fb EE030000 		.4byte	0x3ee
 1006 04ff 14       		.byte	0x14
 1007 0500 09       		.uleb128 0x9
 1008 0501 84030000 		.4byte	.LASF76
 1009 0505 06       		.byte	0x6
 1010 0506 A501     		.2byte	0x1a5
 1011 0508 EE030000 		.4byte	0x3ee
 1012 050c 18       		.byte	0x18
 1013 050d 09       		.uleb128 0x9
 1014 050e 19000000 		.4byte	.LASF77
 1015 0512 06       		.byte	0x6
 1016 0513 A601     		.2byte	0x1a6
 1017 0515 EE030000 		.4byte	0x3ee
 1018 0519 1C       		.byte	0x1c
 1019 051a 09       		.uleb128 0x9
 1020 051b 8D000000 		.4byte	.LASF78
 1021 051f 06       		.byte	0x6
 1022 0520 A701     		.2byte	0x1a7
 1023 0522 EE030000 		.4byte	0x3ee
 1024 0526 20       		.byte	0x20
 1025 0527 08       		.uleb128 0x8
 1026 0528 43535200 		.ascii	"CSR\000"
 1027 052c 06       		.byte	0x6
 1028 052d A801     		.2byte	0x1a8
 1029 052f EE030000 		.4byte	0x3ee
 1030 0533 24       		.byte	0x24
 1031 0534 09       		.uleb128 0x9
 1032 0535 B8030000 		.4byte	.LASF79
 1033 0539 06       		.byte	0x6
 1034 053a AB01     		.2byte	0x1ab
 1035 053c 77000000 		.4byte	0x77
 1036 0540 28       		.byte	0x28
 1037 0541 09       		.uleb128 0x9
 1038 0542 7E030000 		.4byte	.LASF80
 1039 0546 06       		.byte	0x6
 1040 0547 AC01     		.2byte	0x1ac
 1041 0549 EE030000 		.4byte	0x3ee
 1042 054d 2C       		.byte	0x2c
 1043 054e 00       		.byte	0
 1044 054f 11       		.uleb128 0x11
 1045 0550 3B020000 		.4byte	.LASF81
 1046 0554 06       		.byte	0x6
 1047 0555 AD01     		.2byte	0x1ad
 1048 0557 AA040000 		.4byte	0x4aa
 1049 055b 04       		.uleb128 0x4
 1050 055c 38000000 		.4byte	.LASF82
 1051 0560 07       		.byte	0x7
ARM GAS  /tmp/ccPSjTPL.s 			page 30


 1052 0561 65       		.byte	0x65
 1053 0562 CB020000 		.4byte	0x2cb
 1054 0566 04       		.uleb128 0x4
 1055 0567 EF040000 		.4byte	.LASF83
 1056 056b 07       		.byte	0x7
 1057 056c 6D       		.byte	0x6d
 1058 056d 90000000 		.4byte	0x90
 1059 0571 05       		.uleb128 0x5
 1060 0572 A5000000 		.4byte	.LASF84
 1061 0576 04       		.byte	0x4
 1062 0577 07       		.byte	0x7
 1063 0578 89       		.byte	0x89
 1064 0579 89050000 		.4byte	0x589
 1065 057d 07       		.uleb128 0x7
 1066 057e 737000   		.ascii	"sp\000"
 1067 0581 07       		.byte	0x7
 1068 0582 8A       		.byte	0x8a
 1069 0583 05060000 		.4byte	0x605
 1070 0587 00       		.byte	0
 1071 0588 00       		.byte	0
 1072 0589 0B       		.uleb128 0xb
 1073 058a E1030000 		.4byte	.LASF85
 1074 058e 24       		.byte	0x24
 1075 058f 08       		.byte	0x8
 1076 0590 5901     		.2byte	0x159
 1077 0592 05060000 		.4byte	0x605
 1078 0596 08       		.uleb128 0x8
 1079 0597 723400   		.ascii	"r4\000"
 1080 059a 08       		.byte	0x8
 1081 059b 6C01     		.2byte	0x16c
 1082 059d 5B050000 		.4byte	0x55b
 1083 05a1 00       		.byte	0
 1084 05a2 08       		.uleb128 0x8
 1085 05a3 723500   		.ascii	"r5\000"
 1086 05a6 08       		.byte	0x8
 1087 05a7 6D01     		.2byte	0x16d
 1088 05a9 5B050000 		.4byte	0x55b
 1089 05ad 04       		.byte	0x4
 1090 05ae 08       		.uleb128 0x8
 1091 05af 723600   		.ascii	"r6\000"
 1092 05b2 08       		.byte	0x8
 1093 05b3 6E01     		.2byte	0x16e
 1094 05b5 5B050000 		.4byte	0x55b
 1095 05b9 08       		.byte	0x8
 1096 05ba 08       		.uleb128 0x8
 1097 05bb 723700   		.ascii	"r7\000"
 1098 05be 08       		.byte	0x8
 1099 05bf 6F01     		.2byte	0x16f
 1100 05c1 5B050000 		.4byte	0x55b
 1101 05c5 0C       		.byte	0xc
 1102 05c6 08       		.uleb128 0x8
 1103 05c7 723800   		.ascii	"r8\000"
 1104 05ca 08       		.byte	0x8
 1105 05cb 7001     		.2byte	0x170
 1106 05cd 5B050000 		.4byte	0x55b
 1107 05d1 10       		.byte	0x10
 1108 05d2 08       		.uleb128 0x8
ARM GAS  /tmp/ccPSjTPL.s 			page 31


 1109 05d3 723900   		.ascii	"r9\000"
 1110 05d6 08       		.byte	0x8
 1111 05d7 7101     		.2byte	0x171
 1112 05d9 5B050000 		.4byte	0x55b
 1113 05dd 14       		.byte	0x14
 1114 05de 08       		.uleb128 0x8
 1115 05df 72313000 		.ascii	"r10\000"
 1116 05e3 08       		.byte	0x8
 1117 05e4 7201     		.2byte	0x172
 1118 05e6 5B050000 		.4byte	0x55b
 1119 05ea 18       		.byte	0x18
 1120 05eb 08       		.uleb128 0x8
 1121 05ec 72313100 		.ascii	"r11\000"
 1122 05f0 08       		.byte	0x8
 1123 05f1 7301     		.2byte	0x173
 1124 05f3 5B050000 		.4byte	0x55b
 1125 05f7 1C       		.byte	0x1c
 1126 05f8 08       		.uleb128 0x8
 1127 05f9 6C7200   		.ascii	"lr\000"
 1128 05fc 08       		.byte	0x8
 1129 05fd 7401     		.2byte	0x174
 1130 05ff 5B050000 		.4byte	0x55b
 1131 0603 20       		.byte	0x20
 1132 0604 00       		.byte	0
 1133 0605 0A       		.uleb128 0xa
 1134 0606 04       		.byte	0x4
 1135 0607 89050000 		.4byte	0x589
 1136 060b 12       		.uleb128 0x12
 1137 060c 04       		.byte	0x4
 1138 060d 05       		.byte	0x5
 1139 060e D2       		.byte	0xd2
 1140 060f 6E060000 		.4byte	0x66e
 1141 0613 13       		.uleb128 0x13
 1142 0614 26020000 		.4byte	.LASF86
 1143 0618 05       		.byte	0x5
 1144 0619 D9       		.byte	0xd9
 1145 061a CE000000 		.4byte	0xce
 1146 061e 13       		.uleb128 0x13
 1147 061f 19050000 		.4byte	.LASF87
 1148 0623 05       		.byte	0x5
 1149 0624 E0       		.byte	0xe0
 1150 0625 CE000000 		.4byte	0xce
 1151 0629 13       		.uleb128 0x13
 1152 062a 97000000 		.4byte	.LASF88
 1153 062e 05       		.byte	0x5
 1154 062f E7       		.byte	0xe7
 1155 0630 CB020000 		.4byte	0x2cb
 1156 0634 13       		.uleb128 0x13
 1157 0635 C4040000 		.4byte	.LASF89
 1158 0639 05       		.byte	0x5
 1159 063a EE       		.byte	0xee
 1160 063b 6E060000 		.4byte	0x66e
 1161 063f 13       		.uleb128 0x13
 1162 0640 1F010000 		.4byte	.LASF90
 1163 0644 05       		.byte	0x5
 1164 0645 F3       		.byte	0xf3
 1165 0646 CE000000 		.4byte	0xce
ARM GAS  /tmp/ccPSjTPL.s 			page 32


 1166 064a 13       		.uleb128 0x13
 1167 064b 71040000 		.4byte	.LASF91
 1168 064f 05       		.byte	0x5
 1169 0650 FC       		.byte	0xfc
 1170 0651 99060000 		.4byte	0x699
 1171 0655 14       		.uleb128 0x14
 1172 0656 31000000 		.4byte	.LASF92
 1173 065a 05       		.byte	0x5
 1174 065b 0501     		.2byte	0x105
 1175 065d D0060000 		.4byte	0x6d0
 1176 0661 14       		.uleb128 0x14
 1177 0662 C5000000 		.4byte	.LASF93
 1178 0666 05       		.byte	0x5
 1179 0667 0D01     		.2byte	0x10d
 1180 0669 D9000000 		.4byte	0xd9
 1181 066d 00       		.byte	0
 1182 066e 0A       		.uleb128 0xa
 1183 066f 04       		.byte	0x4
 1184 0670 E3010000 		.4byte	0x1e3
 1185 0674 05       		.uleb128 0x5
 1186 0675 3B010000 		.4byte	.LASF94
 1187 0679 0C       		.byte	0xc
 1188 067a 09       		.byte	0x9
 1189 067b 34       		.byte	0x34
 1190 067c 99060000 		.4byte	0x699
 1191 0680 06       		.uleb128 0x6
 1192 0681 63040000 		.4byte	.LASF23
 1193 0685 09       		.byte	0x9
 1194 0686 35       		.byte	0x35
 1195 0687 18020000 		.4byte	0x218
 1196 068b 00       		.byte	0
 1197 068c 07       		.uleb128 0x7
 1198 068d 636E7400 		.ascii	"cnt\000"
 1199 0691 09       		.byte	0x9
 1200 0692 37       		.byte	0x37
 1201 0693 E4000000 		.4byte	0xe4
 1202 0697 08       		.byte	0x8
 1203 0698 00       		.byte	0
 1204 0699 0A       		.uleb128 0xa
 1205 069a 04       		.byte	0x4
 1206 069b 74060000 		.4byte	0x674
 1207 069f 05       		.uleb128 0x5
 1208 06a0 47020000 		.4byte	.LASF95
 1209 06a4 10       		.byte	0x10
 1210 06a5 0A       		.byte	0xa
 1211 06a6 39       		.byte	0x39
 1212 06a7 D0060000 		.4byte	0x6d0
 1213 06ab 06       		.uleb128 0x6
 1214 06ac 63040000 		.4byte	.LASF23
 1215 06b0 0A       		.byte	0xa
 1216 06b1 3A       		.byte	0x3a
 1217 06b2 18020000 		.4byte	0x218
 1218 06b6 00       		.byte	0
 1219 06b7 06       		.uleb128 0x6
 1220 06b8 8B010000 		.4byte	.LASF96
 1221 06bc 0A       		.byte	0xa
 1222 06bd 3C       		.byte	0x3c
ARM GAS  /tmp/ccPSjTPL.s 			page 33


 1223 06be EE010000 		.4byte	0x1ee
 1224 06c2 08       		.byte	0x8
 1225 06c3 06       		.uleb128 0x6
 1226 06c4 79000000 		.4byte	.LASF42
 1227 06c8 0A       		.byte	0xa
 1228 06c9 3E       		.byte	0x3e
 1229 06ca 04070000 		.4byte	0x704
 1230 06ce 0C       		.byte	0xc
 1231 06cf 00       		.byte	0
 1232 06d0 0A       		.uleb128 0xa
 1233 06d1 04       		.byte	0x4
 1234 06d2 9F060000 		.4byte	0x69f
 1235 06d6 0A       		.uleb128 0xa
 1236 06d7 04       		.byte	0x4
 1237 06d8 DC060000 		.4byte	0x6dc
 1238 06dc 15       		.uleb128 0x15
 1239 06dd E1060000 		.4byte	0x6e1
 1240 06e1 03       		.uleb128 0x3
 1241 06e2 01       		.byte	0x1
 1242 06e3 08       		.byte	0x8
 1243 06e4 01030000 		.4byte	.LASF97
 1244 06e8 0A       		.uleb128 0xa
 1245 06e9 04       		.byte	0x4
 1246 06ea 66050000 		.4byte	0x566
 1247 06ee 0A       		.uleb128 0xa
 1248 06ef 04       		.byte	0x4
 1249 06f0 CD020000 		.4byte	0x2cd
 1250 06f4 0F       		.uleb128 0xf
 1251 06f5 D6060000 		.4byte	0x6d6
 1252 06f9 04       		.uleb128 0x4
 1253 06fa 78040000 		.4byte	.LASF98
 1254 06fe 0A       		.byte	0xa
 1255 06ff 34       		.byte	0x34
 1256 0700 9F060000 		.4byte	0x69f
 1257 0704 0A       		.uleb128 0xa
 1258 0705 04       		.byte	0x4
 1259 0706 F9060000 		.4byte	0x6f9
 1260 070a 03       		.uleb128 0x3
 1261 070b 01       		.byte	0x1
 1262 070c 02       		.byte	0x2
 1263 070d 96030000 		.4byte	.LASF99
 1264 0711 16       		.uleb128 0x16
 1265 0712 FB000000 		.4byte	.LASF105
 1266 0716 01       		.byte	0x1
 1267 0717 36       		.byte	0x36
 1268 0718 01       		.byte	0x1
 1269 0719 17       		.uleb128 0x17
 1270 071a 49040000 		.4byte	.LASF106
 1271 071e 01       		.byte	0x1
 1272 071f 84       		.byte	0x84
 1273 0720 00000000 		.4byte	.LFB220
 1274 0724 3E000000 		.4byte	.LFE220-.LFB220
 1275 0728 01       		.uleb128 0x1
 1276 0729 9C       		.byte	0x9c
 1277 072a 47070000 		.4byte	0x747
 1278 072e 18       		.uleb128 0x18
 1279 072f 11070000 		.4byte	0x711
ARM GAS  /tmp/ccPSjTPL.s 			page 34


 1280 0733 1C000000 		.4byte	.LBB4
 1281 0737 00000000 		.4byte	.Ldebug_ranges0+0
 1282 073b 01       		.byte	0x1
 1283 073c 8F       		.byte	0x8f
 1284 073d 19       		.uleb128 0x19
 1285 073e 3E000000 		.4byte	.LVL0
 1286 0742 85070000 		.4byte	0x785
 1287 0746 00       		.byte	0
 1288 0747 1A       		.uleb128 0x1a
 1289 0748 08050000 		.4byte	.LASF107
 1290 074c 01       		.byte	0x1
 1291 074d A9       		.byte	0xa9
 1292 074e 00000000 		.4byte	.LFB221
 1293 0752 9E000000 		.4byte	.LFE221-.LFB221
 1294 0756 01       		.uleb128 0x1
 1295 0757 9C       		.byte	0x9c
 1296 0758 1B       		.uleb128 0x1b
 1297 0759 ED030000 		.4byte	.LASF100
 1298 075d 0B       		.byte	0xb
 1299 075e 9606     		.2byte	0x696
 1300 0760 64070000 		.4byte	0x764
 1301 0764 0F       		.uleb128 0xf
 1302 0765 65000000 		.4byte	0x65
 1303 0769 1C       		.uleb128 0x1c
 1304 076a 21000000 		.4byte	.LASF101
 1305 076e 01       		.byte	0x1
 1306 076f 27       		.byte	0x27
 1307 0770 77000000 		.4byte	0x77
 1308 0774 05       		.uleb128 0x5
 1309 0775 03       		.byte	0x3
 1310 0776 00000000 		.4byte	SystemCoreClock
 1311 077a 1D       		.uleb128 0x1d
 1312 077b 636800   		.ascii	"ch\000"
 1313 077e 05       		.byte	0x5
 1314 077f D201     		.2byte	0x1d2
 1315 0781 9A030000 		.4byte	0x39a
 1316 0785 1E       		.uleb128 0x1e
 1317 0786 33010000 		.4byte	.LASF108
 1318 078a 0C       		.byte	0xc
 1319 078b D401     		.2byte	0x1d4
 1320 078d 00       		.byte	0
 1321              		.section	.debug_abbrev,"",%progbits
 1322              	.Ldebug_abbrev0:
 1323 0000 01       		.uleb128 0x1
 1324 0001 11       		.uleb128 0x11
 1325 0002 01       		.byte	0x1
 1326 0003 25       		.uleb128 0x25
 1327 0004 0E       		.uleb128 0xe
 1328 0005 13       		.uleb128 0x13
 1329 0006 0B       		.uleb128 0xb
 1330 0007 03       		.uleb128 0x3
 1331 0008 0E       		.uleb128 0xe
 1332 0009 1B       		.uleb128 0x1b
 1333 000a 0E       		.uleb128 0xe
 1334 000b 55       		.uleb128 0x55
 1335 000c 17       		.uleb128 0x17
 1336 000d 11       		.uleb128 0x11
ARM GAS  /tmp/ccPSjTPL.s 			page 35


 1337 000e 01       		.uleb128 0x1
 1338 000f 10       		.uleb128 0x10
 1339 0010 17       		.uleb128 0x17
 1340 0011 00       		.byte	0
 1341 0012 00       		.byte	0
 1342 0013 02       		.uleb128 0x2
 1343 0014 24       		.uleb128 0x24
 1344 0015 00       		.byte	0
 1345 0016 0B       		.uleb128 0xb
 1346 0017 0B       		.uleb128 0xb
 1347 0018 3E       		.uleb128 0x3e
 1348 0019 0B       		.uleb128 0xb
 1349 001a 03       		.uleb128 0x3
 1350 001b 08       		.uleb128 0x8
 1351 001c 00       		.byte	0
 1352 001d 00       		.byte	0
 1353 001e 03       		.uleb128 0x3
 1354 001f 24       		.uleb128 0x24
 1355 0020 00       		.byte	0
 1356 0021 0B       		.uleb128 0xb
 1357 0022 0B       		.uleb128 0xb
 1358 0023 3E       		.uleb128 0x3e
 1359 0024 0B       		.uleb128 0xb
 1360 0025 03       		.uleb128 0x3
 1361 0026 0E       		.uleb128 0xe
 1362 0027 00       		.byte	0
 1363 0028 00       		.byte	0
 1364 0029 04       		.uleb128 0x4
 1365 002a 16       		.uleb128 0x16
 1366 002b 00       		.byte	0
 1367 002c 03       		.uleb128 0x3
 1368 002d 0E       		.uleb128 0xe
 1369 002e 3A       		.uleb128 0x3a
 1370 002f 0B       		.uleb128 0xb
 1371 0030 3B       		.uleb128 0x3b
 1372 0031 0B       		.uleb128 0xb
 1373 0032 49       		.uleb128 0x49
 1374 0033 13       		.uleb128 0x13
 1375 0034 00       		.byte	0
 1376 0035 00       		.byte	0
 1377 0036 05       		.uleb128 0x5
 1378 0037 13       		.uleb128 0x13
 1379 0038 01       		.byte	0x1
 1380 0039 03       		.uleb128 0x3
 1381 003a 0E       		.uleb128 0xe
 1382 003b 0B       		.uleb128 0xb
 1383 003c 0B       		.uleb128 0xb
 1384 003d 3A       		.uleb128 0x3a
 1385 003e 0B       		.uleb128 0xb
 1386 003f 3B       		.uleb128 0x3b
 1387 0040 0B       		.uleb128 0xb
 1388 0041 01       		.uleb128 0x1
 1389 0042 13       		.uleb128 0x13
 1390 0043 00       		.byte	0
 1391 0044 00       		.byte	0
 1392 0045 06       		.uleb128 0x6
 1393 0046 0D       		.uleb128 0xd
ARM GAS  /tmp/ccPSjTPL.s 			page 36


 1394 0047 00       		.byte	0
 1395 0048 03       		.uleb128 0x3
 1396 0049 0E       		.uleb128 0xe
 1397 004a 3A       		.uleb128 0x3a
 1398 004b 0B       		.uleb128 0xb
 1399 004c 3B       		.uleb128 0x3b
 1400 004d 0B       		.uleb128 0xb
 1401 004e 49       		.uleb128 0x49
 1402 004f 13       		.uleb128 0x13
 1403 0050 38       		.uleb128 0x38
 1404 0051 0B       		.uleb128 0xb
 1405 0052 00       		.byte	0
 1406 0053 00       		.byte	0
 1407 0054 07       		.uleb128 0x7
 1408 0055 0D       		.uleb128 0xd
 1409 0056 00       		.byte	0
 1410 0057 03       		.uleb128 0x3
 1411 0058 08       		.uleb128 0x8
 1412 0059 3A       		.uleb128 0x3a
 1413 005a 0B       		.uleb128 0xb
 1414 005b 3B       		.uleb128 0x3b
 1415 005c 0B       		.uleb128 0xb
 1416 005d 49       		.uleb128 0x49
 1417 005e 13       		.uleb128 0x13
 1418 005f 38       		.uleb128 0x38
 1419 0060 0B       		.uleb128 0xb
 1420 0061 00       		.byte	0
 1421 0062 00       		.byte	0
 1422 0063 08       		.uleb128 0x8
 1423 0064 0D       		.uleb128 0xd
 1424 0065 00       		.byte	0
 1425 0066 03       		.uleb128 0x3
 1426 0067 08       		.uleb128 0x8
 1427 0068 3A       		.uleb128 0x3a
 1428 0069 0B       		.uleb128 0xb
 1429 006a 3B       		.uleb128 0x3b
 1430 006b 05       		.uleb128 0x5
 1431 006c 49       		.uleb128 0x49
 1432 006d 13       		.uleb128 0x13
 1433 006e 38       		.uleb128 0x38
 1434 006f 0B       		.uleb128 0xb
 1435 0070 00       		.byte	0
 1436 0071 00       		.byte	0
 1437 0072 09       		.uleb128 0x9
 1438 0073 0D       		.uleb128 0xd
 1439 0074 00       		.byte	0
 1440 0075 03       		.uleb128 0x3
 1441 0076 0E       		.uleb128 0xe
 1442 0077 3A       		.uleb128 0x3a
 1443 0078 0B       		.uleb128 0xb
 1444 0079 3B       		.uleb128 0x3b
 1445 007a 05       		.uleb128 0x5
 1446 007b 49       		.uleb128 0x49
 1447 007c 13       		.uleb128 0x13
 1448 007d 38       		.uleb128 0x38
 1449 007e 0B       		.uleb128 0xb
 1450 007f 00       		.byte	0
ARM GAS  /tmp/ccPSjTPL.s 			page 37


 1451 0080 00       		.byte	0
 1452 0081 0A       		.uleb128 0xa
 1453 0082 0F       		.uleb128 0xf
 1454 0083 00       		.byte	0
 1455 0084 0B       		.uleb128 0xb
 1456 0085 0B       		.uleb128 0xb
 1457 0086 49       		.uleb128 0x49
 1458 0087 13       		.uleb128 0x13
 1459 0088 00       		.byte	0
 1460 0089 00       		.byte	0
 1461 008a 0B       		.uleb128 0xb
 1462 008b 13       		.uleb128 0x13
 1463 008c 01       		.byte	0x1
 1464 008d 03       		.uleb128 0x3
 1465 008e 0E       		.uleb128 0xe
 1466 008f 0B       		.uleb128 0xb
 1467 0090 0B       		.uleb128 0xb
 1468 0091 3A       		.uleb128 0x3a
 1469 0092 0B       		.uleb128 0xb
 1470 0093 3B       		.uleb128 0x3b
 1471 0094 05       		.uleb128 0x5
 1472 0095 01       		.uleb128 0x1
 1473 0096 13       		.uleb128 0x13
 1474 0097 00       		.byte	0
 1475 0098 00       		.byte	0
 1476 0099 0C       		.uleb128 0xc
 1477 009a 15       		.uleb128 0x15
 1478 009b 01       		.byte	0x1
 1479 009c 27       		.uleb128 0x27
 1480 009d 19       		.uleb128 0x19
 1481 009e 01       		.uleb128 0x1
 1482 009f 13       		.uleb128 0x13
 1483 00a0 00       		.byte	0
 1484 00a1 00       		.byte	0
 1485 00a2 0D       		.uleb128 0xd
 1486 00a3 05       		.uleb128 0x5
 1487 00a4 00       		.byte	0
 1488 00a5 49       		.uleb128 0x49
 1489 00a6 13       		.uleb128 0x13
 1490 00a7 00       		.byte	0
 1491 00a8 00       		.byte	0
 1492 00a9 0E       		.uleb128 0xe
 1493 00aa 0F       		.uleb128 0xf
 1494 00ab 00       		.byte	0
 1495 00ac 0B       		.uleb128 0xb
 1496 00ad 0B       		.uleb128 0xb
 1497 00ae 00       		.byte	0
 1498 00af 00       		.byte	0
 1499 00b0 0F       		.uleb128 0xf
 1500 00b1 35       		.uleb128 0x35
 1501 00b2 00       		.byte	0
 1502 00b3 49       		.uleb128 0x49
 1503 00b4 13       		.uleb128 0x13
 1504 00b5 00       		.byte	0
 1505 00b6 00       		.byte	0
 1506 00b7 10       		.uleb128 0x10
 1507 00b8 13       		.uleb128 0x13
ARM GAS  /tmp/ccPSjTPL.s 			page 38


 1508 00b9 01       		.byte	0x1
 1509 00ba 0B       		.uleb128 0xb
 1510 00bb 0B       		.uleb128 0xb
 1511 00bc 3A       		.uleb128 0x3a
 1512 00bd 0B       		.uleb128 0xb
 1513 00be 3B       		.uleb128 0x3b
 1514 00bf 05       		.uleb128 0x5
 1515 00c0 01       		.uleb128 0x1
 1516 00c1 13       		.uleb128 0x13
 1517 00c2 00       		.byte	0
 1518 00c3 00       		.byte	0
 1519 00c4 11       		.uleb128 0x11
 1520 00c5 16       		.uleb128 0x16
 1521 00c6 00       		.byte	0
 1522 00c7 03       		.uleb128 0x3
 1523 00c8 0E       		.uleb128 0xe
 1524 00c9 3A       		.uleb128 0x3a
 1525 00ca 0B       		.uleb128 0xb
 1526 00cb 3B       		.uleb128 0x3b
 1527 00cc 05       		.uleb128 0x5
 1528 00cd 49       		.uleb128 0x49
 1529 00ce 13       		.uleb128 0x13
 1530 00cf 00       		.byte	0
 1531 00d0 00       		.byte	0
 1532 00d1 12       		.uleb128 0x12
 1533 00d2 17       		.uleb128 0x17
 1534 00d3 01       		.byte	0x1
 1535 00d4 0B       		.uleb128 0xb
 1536 00d5 0B       		.uleb128 0xb
 1537 00d6 3A       		.uleb128 0x3a
 1538 00d7 0B       		.uleb128 0xb
 1539 00d8 3B       		.uleb128 0x3b
 1540 00d9 0B       		.uleb128 0xb
 1541 00da 01       		.uleb128 0x1
 1542 00db 13       		.uleb128 0x13
 1543 00dc 00       		.byte	0
 1544 00dd 00       		.byte	0
 1545 00de 13       		.uleb128 0x13
 1546 00df 0D       		.uleb128 0xd
 1547 00e0 00       		.byte	0
 1548 00e1 03       		.uleb128 0x3
 1549 00e2 0E       		.uleb128 0xe
 1550 00e3 3A       		.uleb128 0x3a
 1551 00e4 0B       		.uleb128 0xb
 1552 00e5 3B       		.uleb128 0x3b
 1553 00e6 0B       		.uleb128 0xb
 1554 00e7 49       		.uleb128 0x49
 1555 00e8 13       		.uleb128 0x13
 1556 00e9 00       		.byte	0
 1557 00ea 00       		.byte	0
 1558 00eb 14       		.uleb128 0x14
 1559 00ec 0D       		.uleb128 0xd
 1560 00ed 00       		.byte	0
 1561 00ee 03       		.uleb128 0x3
 1562 00ef 0E       		.uleb128 0xe
 1563 00f0 3A       		.uleb128 0x3a
 1564 00f1 0B       		.uleb128 0xb
ARM GAS  /tmp/ccPSjTPL.s 			page 39


 1565 00f2 3B       		.uleb128 0x3b
 1566 00f3 05       		.uleb128 0x5
 1567 00f4 49       		.uleb128 0x49
 1568 00f5 13       		.uleb128 0x13
 1569 00f6 00       		.byte	0
 1570 00f7 00       		.byte	0
 1571 00f8 15       		.uleb128 0x15
 1572 00f9 26       		.uleb128 0x26
 1573 00fa 00       		.byte	0
 1574 00fb 49       		.uleb128 0x49
 1575 00fc 13       		.uleb128 0x13
 1576 00fd 00       		.byte	0
 1577 00fe 00       		.byte	0
 1578 00ff 16       		.uleb128 0x16
 1579 0100 2E       		.uleb128 0x2e
 1580 0101 00       		.byte	0
 1581 0102 03       		.uleb128 0x3
 1582 0103 0E       		.uleb128 0xe
 1583 0104 3A       		.uleb128 0x3a
 1584 0105 0B       		.uleb128 0xb
 1585 0106 3B       		.uleb128 0x3b
 1586 0107 0B       		.uleb128 0xb
 1587 0108 27       		.uleb128 0x27
 1588 0109 19       		.uleb128 0x19
 1589 010a 20       		.uleb128 0x20
 1590 010b 0B       		.uleb128 0xb
 1591 010c 00       		.byte	0
 1592 010d 00       		.byte	0
 1593 010e 17       		.uleb128 0x17
 1594 010f 2E       		.uleb128 0x2e
 1595 0110 01       		.byte	0x1
 1596 0111 3F       		.uleb128 0x3f
 1597 0112 19       		.uleb128 0x19
 1598 0113 03       		.uleb128 0x3
 1599 0114 0E       		.uleb128 0xe
 1600 0115 3A       		.uleb128 0x3a
 1601 0116 0B       		.uleb128 0xb
 1602 0117 3B       		.uleb128 0x3b
 1603 0118 0B       		.uleb128 0xb
 1604 0119 27       		.uleb128 0x27
 1605 011a 19       		.uleb128 0x19
 1606 011b 11       		.uleb128 0x11
 1607 011c 01       		.uleb128 0x1
 1608 011d 12       		.uleb128 0x12
 1609 011e 06       		.uleb128 0x6
 1610 011f 40       		.uleb128 0x40
 1611 0120 18       		.uleb128 0x18
 1612 0121 9742     		.uleb128 0x2117
 1613 0123 19       		.uleb128 0x19
 1614 0124 01       		.uleb128 0x1
 1615 0125 13       		.uleb128 0x13
 1616 0126 00       		.byte	0
 1617 0127 00       		.byte	0
 1618 0128 18       		.uleb128 0x18
 1619 0129 1D       		.uleb128 0x1d
 1620 012a 00       		.byte	0
 1621 012b 31       		.uleb128 0x31
ARM GAS  /tmp/ccPSjTPL.s 			page 40


 1622 012c 13       		.uleb128 0x13
 1623 012d 52       		.uleb128 0x52
 1624 012e 01       		.uleb128 0x1
 1625 012f 55       		.uleb128 0x55
 1626 0130 17       		.uleb128 0x17
 1627 0131 58       		.uleb128 0x58
 1628 0132 0B       		.uleb128 0xb
 1629 0133 59       		.uleb128 0x59
 1630 0134 0B       		.uleb128 0xb
 1631 0135 00       		.byte	0
 1632 0136 00       		.byte	0
 1633 0137 19       		.uleb128 0x19
 1634 0138 898201   		.uleb128 0x4109
 1635 013b 00       		.byte	0
 1636 013c 11       		.uleb128 0x11
 1637 013d 01       		.uleb128 0x1
 1638 013e 9542     		.uleb128 0x2115
 1639 0140 19       		.uleb128 0x19
 1640 0141 31       		.uleb128 0x31
 1641 0142 13       		.uleb128 0x13
 1642 0143 00       		.byte	0
 1643 0144 00       		.byte	0
 1644 0145 1A       		.uleb128 0x1a
 1645 0146 2E       		.uleb128 0x2e
 1646 0147 00       		.byte	0
 1647 0148 3F       		.uleb128 0x3f
 1648 0149 19       		.uleb128 0x19
 1649 014a 03       		.uleb128 0x3
 1650 014b 0E       		.uleb128 0xe
 1651 014c 3A       		.uleb128 0x3a
 1652 014d 0B       		.uleb128 0xb
 1653 014e 3B       		.uleb128 0x3b
 1654 014f 0B       		.uleb128 0xb
 1655 0150 27       		.uleb128 0x27
 1656 0151 19       		.uleb128 0x19
 1657 0152 11       		.uleb128 0x11
 1658 0153 01       		.uleb128 0x1
 1659 0154 12       		.uleb128 0x12
 1660 0155 06       		.uleb128 0x6
 1661 0156 40       		.uleb128 0x40
 1662 0157 18       		.uleb128 0x18
 1663 0158 9742     		.uleb128 0x2117
 1664 015a 19       		.uleb128 0x19
 1665 015b 00       		.byte	0
 1666 015c 00       		.byte	0
 1667 015d 1B       		.uleb128 0x1b
 1668 015e 34       		.uleb128 0x34
 1669 015f 00       		.byte	0
 1670 0160 03       		.uleb128 0x3
 1671 0161 0E       		.uleb128 0xe
 1672 0162 3A       		.uleb128 0x3a
 1673 0163 0B       		.uleb128 0xb
 1674 0164 3B       		.uleb128 0x3b
 1675 0165 05       		.uleb128 0x5
 1676 0166 49       		.uleb128 0x49
 1677 0167 13       		.uleb128 0x13
 1678 0168 3F       		.uleb128 0x3f
ARM GAS  /tmp/ccPSjTPL.s 			page 41


 1679 0169 19       		.uleb128 0x19
 1680 016a 3C       		.uleb128 0x3c
 1681 016b 19       		.uleb128 0x19
 1682 016c 00       		.byte	0
 1683 016d 00       		.byte	0
 1684 016e 1C       		.uleb128 0x1c
 1685 016f 34       		.uleb128 0x34
 1686 0170 00       		.byte	0
 1687 0171 03       		.uleb128 0x3
 1688 0172 0E       		.uleb128 0xe
 1689 0173 3A       		.uleb128 0x3a
 1690 0174 0B       		.uleb128 0xb
 1691 0175 3B       		.uleb128 0x3b
 1692 0176 0B       		.uleb128 0xb
 1693 0177 49       		.uleb128 0x49
 1694 0178 13       		.uleb128 0x13
 1695 0179 3F       		.uleb128 0x3f
 1696 017a 19       		.uleb128 0x19
 1697 017b 02       		.uleb128 0x2
 1698 017c 18       		.uleb128 0x18
 1699 017d 00       		.byte	0
 1700 017e 00       		.byte	0
 1701 017f 1D       		.uleb128 0x1d
 1702 0180 34       		.uleb128 0x34
 1703 0181 00       		.byte	0
 1704 0182 03       		.uleb128 0x3
 1705 0183 08       		.uleb128 0x8
 1706 0184 3A       		.uleb128 0x3a
 1707 0185 0B       		.uleb128 0xb
 1708 0186 3B       		.uleb128 0x3b
 1709 0187 05       		.uleb128 0x5
 1710 0188 49       		.uleb128 0x49
 1711 0189 13       		.uleb128 0x13
 1712 018a 3F       		.uleb128 0x3f
 1713 018b 19       		.uleb128 0x19
 1714 018c 3C       		.uleb128 0x3c
 1715 018d 19       		.uleb128 0x19
 1716 018e 00       		.byte	0
 1717 018f 00       		.byte	0
 1718 0190 1E       		.uleb128 0x1e
 1719 0191 2E       		.uleb128 0x2e
 1720 0192 00       		.byte	0
 1721 0193 3F       		.uleb128 0x3f
 1722 0194 19       		.uleb128 0x19
 1723 0195 03       		.uleb128 0x3
 1724 0196 0E       		.uleb128 0xe
 1725 0197 3A       		.uleb128 0x3a
 1726 0198 0B       		.uleb128 0xb
 1727 0199 3B       		.uleb128 0x3b
 1728 019a 05       		.uleb128 0x5
 1729 019b 27       		.uleb128 0x27
 1730 019c 19       		.uleb128 0x19
 1731 019d 3C       		.uleb128 0x3c
 1732 019e 19       		.uleb128 0x19
 1733 019f 00       		.byte	0
 1734 01a0 00       		.byte	0
 1735 01a1 00       		.byte	0
ARM GAS  /tmp/ccPSjTPL.s 			page 42


 1736              		.section	.debug_aranges,"",%progbits
 1737 0000 24000000 		.4byte	0x24
 1738 0004 0200     		.2byte	0x2
 1739 0006 00000000 		.4byte	.Ldebug_info0
 1740 000a 04       		.byte	0x4
 1741 000b 00       		.byte	0
 1742 000c 0000     		.2byte	0
 1743 000e 0000     		.2byte	0
 1744 0010 00000000 		.4byte	.LFB220
 1745 0014 3E000000 		.4byte	.LFE220-.LFB220
 1746 0018 00000000 		.4byte	.LFB221
 1747 001c 9E000000 		.4byte	.LFE221-.LFB221
 1748 0020 00000000 		.4byte	0
 1749 0024 00000000 		.4byte	0
 1750              		.section	.debug_ranges,"",%progbits
 1751              	.Ldebug_ranges0:
 1752 0000 1C000000 		.4byte	.LBB4
 1753 0004 20000000 		.4byte	.LBE4
 1754 0008 28000000 		.4byte	.LBB8
 1755 000c 2C000000 		.4byte	.LBE8
 1756 0010 32000000 		.4byte	.LBB9
 1757 0014 3A000000 		.4byte	.LBE9
 1758 0018 00000000 		.4byte	0
 1759 001c 00000000 		.4byte	0
 1760 0020 00000000 		.4byte	.LFB220
 1761 0024 3E000000 		.4byte	.LFE220
 1762 0028 00000000 		.4byte	.LFB221
 1763 002c 9E000000 		.4byte	.LFE221
 1764 0030 00000000 		.4byte	0
 1765 0034 00000000 		.4byte	0
 1766              		.section	.debug_line,"",%progbits
 1767              	.Ldebug_line0:
 1768 0000 78020000 		.section	.debug_str,"MS",%progbits,1
 1768      0200FF01 
 1768      00000201 
 1768      FB0E0D00 
 1768      01010101 
 1769              	.LASF41:
 1770 0000 63685F74 		.ascii	"ch_threads_list\000"
 1770      68726561 
 1770      64735F6C 
 1770      69737400 
 1771              	.LASF68:
 1772 0010 52455345 		.ascii	"RESERVED\000"
 1772      52564544 
 1772      00
 1773              	.LASF77:
 1774 0019 41504231 		.ascii	"APB1ENR\000"
 1774      454E5200 
 1775              	.LASF101:
 1776 0021 53797374 		.ascii	"SystemCoreClock\000"
 1776      656D436F 
 1776      7265436C 
 1776      6F636B00 
 1777              	.LASF92:
 1778 0031 77746D74 		.ascii	"wtmtxp\000"
 1778      787000
ARM GAS  /tmp/ccPSjTPL.s 			page 43


 1779              	.LASF82:
 1780 0038 72656761 		.ascii	"regarm_t\000"
 1780      726D5F74 
 1780      00
 1781              	.LASF73:
 1782 0041 41504232 		.ascii	"APB2RSTR\000"
 1782      52535452 
 1782      00
 1783              	.LASF30:
 1784 004a 666C6167 		.ascii	"flags\000"
 1784      7300
 1785              	.LASF21:
 1786 0050 73797374 		.ascii	"systime_t\000"
 1786      696D655F 
 1786      7400
 1787              	.LASF36:
 1788 005a 7265616C 		.ascii	"realprio\000"
 1788      7072696F 
 1788      00
 1789              	.LASF34:
 1790 0063 6570656E 		.ascii	"epending\000"
 1790      64696E67 
 1790      00
 1791              	.LASF0:
 1792 006c 756E7369 		.ascii	"unsigned int\000"
 1792      676E6564 
 1792      20696E74 
 1792      00
 1793              	.LASF42:
 1794 0079 6E657874 		.ascii	"next\000"
 1794      00
 1795              	.LASF39:
 1796 007e 74687265 		.ascii	"threads_list_t\000"
 1796      6164735F 
 1796      6C697374 
 1796      5F7400
 1797              	.LASF78:
 1798 008d 42444352 		.ascii	"BDCR\000"
 1798      00
 1799              	.LASF31:
 1800 0092 72656673 		.ascii	"refs\000"
 1800      00
 1801              	.LASF88:
 1802 0097 77746F62 		.ascii	"wtobjp\000"
 1802      6A7000
 1803              	.LASF63:
 1804 009e 76746C69 		.ascii	"vtlist\000"
 1804      737400
 1805              	.LASF84:
 1806 00a5 706F7274 		.ascii	"port_context\000"
 1806      5F636F6E 
 1806      74657874 
 1806      00
 1807              	.LASF47:
 1808 00b2 63685F72 		.ascii	"ch_ready_list\000"
 1808      65616479 
 1808      5F6C6973 
ARM GAS  /tmp/ccPSjTPL.s 			page 44


 1808      7400
 1809              	.LASF53:
 1810 00c0 66756E63 		.ascii	"func\000"
 1810      00
 1811              	.LASF93:
 1812 00c5 65776D61 		.ascii	"ewmask\000"
 1812      736B00
 1813              	.LASF45:
 1814 00cc 70726576 		.ascii	"prev\000"
 1814      00
 1815              	.LASF44:
 1816 00d1 63685F74 		.ascii	"ch_threads_queue\000"
 1816      68726561 
 1816      64735F71 
 1816      75657565 
 1816      00
 1817              	.LASF49:
 1818 00e2 76746675 		.ascii	"vtfunc_t\000"
 1818      6E635F74 
 1818      00
 1819              	.LASF58:
 1820 00eb 63685F73 		.ascii	"ch_system_debug\000"
 1820      79737465 
 1820      6D5F6465 
 1820      62756700 
 1821              	.LASF105:
 1822 00fb 68616C5F 		.ascii	"hal_lld_backup_domain_init\000"
 1822      6C6C645F 
 1822      6261636B 
 1822      75705F64 
 1822      6F6D6169 
 1823              	.LASF9:
 1824 0116 75696E74 		.ascii	"uint32_t\000"
 1824      33325F74 
 1824      00
 1825              	.LASF90:
 1826 011f 73656E74 		.ascii	"sentmsg\000"
 1826      6D736700 
 1827              	.LASF19:
 1828 0127 6576656E 		.ascii	"eventmask_t\000"
 1828      746D6173 
 1828      6B5F7400 
 1829              	.LASF108:
 1830 0133 646D6149 		.ascii	"dmaInit\000"
 1830      6E697400 
 1831              	.LASF94:
 1832 013b 63685F73 		.ascii	"ch_semaphore\000"
 1832      656D6170 
 1832      686F7265 
 1832      00
 1833              	.LASF17:
 1834 0148 74707269 		.ascii	"tprio_t\000"
 1834      6F5F7400 
 1835              	.LASF51:
 1836 0150 63685F76 		.ascii	"ch_virtual_timer\000"
 1836      69727475 
 1836      616C5F74 
ARM GAS  /tmp/ccPSjTPL.s 			page 45


 1836      696D6572 
 1836      00
 1837              	.LASF13:
 1838 0161 6C6F6E67 		.ascii	"long long unsigned int\000"
 1838      206C6F6E 
 1838      6720756E 
 1838      7369676E 
 1838      65642069 
 1839              	.LASF67:
 1840 0178 4F50544B 		.ascii	"OPTKEYR\000"
 1840      45595200 
 1841              	.LASF20:
 1842 0180 636E745F 		.ascii	"cnt_t\000"
 1842      7400
 1843              	.LASF66:
 1844 0186 4B455952 		.ascii	"KEYR\000"
 1844      00
 1845              	.LASF96:
 1846 018b 6F776E65 		.ascii	"owner\000"
 1846      7200
 1847              	.LASF43:
 1848 0191 74687265 		.ascii	"threads_queue_t\000"
 1848      6164735F 
 1848      71756575 
 1848      655F7400 
 1849              	.LASF35:
 1850 01a1 6D74786C 		.ascii	"mtxlist\000"
 1850      69737400 
 1851              	.LASF55:
 1852 01a9 63685F76 		.ascii	"ch_virtual_timers_list\000"
 1852      69727475 
 1852      616C5F74 
 1852      696D6572 
 1852      735F6C69 
 1853              	.LASF22:
 1854 01c0 74687265 		.ascii	"thread_t\000"
 1854      61645F74 
 1854      00
 1855              	.LASF69:
 1856 01c9 57525052 		.ascii	"WRPR\000"
 1856      00
 1857              	.LASF104:
 1858 01ce 2F686F6D 		.ascii	"/home/julian/MEGA/semestre_ix/Crasby/ChibiOS_17.6.2"
 1858      652F6A75 
 1858      6C69616E 
 1858      2F4D4547 
 1858      412F7365 
 1859 0201 2F64656D 		.ascii	"/demos/STM32/STM32_MPU6050lib-master\000"
 1859      6F732F53 
 1859      544D3332 
 1859      2F53544D 
 1859      33325F4D 
 1860              	.LASF86:
 1861 0226 7264796D 		.ascii	"rdymsg\000"
 1861      736700
 1862              	.LASF70:
 1863 022d 464C4153 		.ascii	"FLASH_TypeDef\000"
ARM GAS  /tmp/ccPSjTPL.s 			page 46


 1863      485F5479 
 1863      70654465 
 1863      6600
 1864              	.LASF81:
 1865 023b 5243435F 		.ascii	"RCC_TypeDef\000"
 1865      54797065 
 1865      44656600 
 1866              	.LASF95:
 1867 0247 63685F6D 		.ascii	"ch_mutex\000"
 1867      75746578 
 1867      00
 1868              	.LASF102:
 1869 0250 474E5520 		.ascii	"GNU C 4.8.1 -mcpu=cortex-m3 -mno-thumb-interwork -m"
 1869      4320342E 
 1869      382E3120 
 1869      2D6D6370 
 1869      753D636F 
 1870 0283 7468756D 		.ascii	"thumb -ggdb -O2 -fomit-frame-pointer -falign-functi"
 1870      62202D67 
 1870      67646220 
 1870      2D4F3220 
 1870      2D666F6D 
 1871 02b6 6F6E733D 		.ascii	"ons=16 -ffunction-sections -fdata-sections -fno-com"
 1871      3136202D 
 1871      6666756E 
 1871      6374696F 
 1871      6E2D7365 
 1872 02e9 6D6F6E20 		.ascii	"mon -flto\000"
 1872      2D666C74 
 1872      6F00
 1873              	.LASF74:
 1874 02f3 41504231 		.ascii	"APB1RSTR\000"
 1874      52535452 
 1874      00
 1875              	.LASF24:
 1876 02fc 7072696F 		.ascii	"prio\000"
 1876      00
 1877              	.LASF97:
 1878 0301 63686172 		.ascii	"char\000"
 1878      00
 1879              	.LASF38:
 1880 0306 74687265 		.ascii	"thread_reference_t\000"
 1880      61645F72 
 1880      65666572 
 1880      656E6365 
 1880      5F7400
 1881              	.LASF28:
 1882 0319 77616261 		.ascii	"wabase\000"
 1882      736500
 1883              	.LASF15:
 1884 0320 74737461 		.ascii	"tstate_t\000"
 1884      74655F74 
 1884      00
 1885              	.LASF75:
 1886 0329 41484245 		.ascii	"AHBENR\000"
 1886      4E5200
 1887              	.LASF4:
ARM GAS  /tmp/ccPSjTPL.s 			page 47


 1888 0330 75696E74 		.ascii	"uint8_t\000"
 1888      385F7400 
 1889              	.LASF33:
 1890 0338 6D736771 		.ascii	"msgqueue\000"
 1890      75657565 
 1890      00
 1891              	.LASF40:
 1892 0341 63685F74 		.ascii	"ch_thread\000"
 1892      68726561 
 1892      6400
 1893              	.LASF57:
 1894 034b 73797374 		.ascii	"system_debug_t\000"
 1894      656D5F64 
 1894      65627567 
 1894      5F7400
 1895              	.LASF11:
 1896 035a 6C6F6E67 		.ascii	"long long int\000"
 1896      206C6F6E 
 1896      6720696E 
 1896      7400
 1897              	.LASF18:
 1898 0368 6D73675F 		.ascii	"msg_t\000"
 1898      7400
 1899              	.LASF50:
 1900 036e 76697274 		.ascii	"virtual_timer_t\000"
 1900      75616C5F 
 1900      74696D65 
 1900      725F7400 
 1901              	.LASF80:
 1902 037e 43464752 		.ascii	"CFGR2\000"
 1902      3200
 1903              	.LASF76:
 1904 0384 41504232 		.ascii	"APB2ENR\000"
 1904      454E5200 
 1905              	.LASF59:
 1906 038c 70616E69 		.ascii	"panic_msg\000"
 1906      635F6D73 
 1906      6700
 1907              	.LASF99:
 1908 0396 5F426F6F 		.ascii	"_Bool\000"
 1908      6C00
 1909              	.LASF14:
 1910 039c 746D6F64 		.ascii	"tmode_t\000"
 1910      655F7400 
 1911              	.LASF64:
 1912 03a4 6D61696E 		.ascii	"mainthread\000"
 1912      74687265 
 1912      616400
 1913              	.LASF5:
 1914 03af 75696E74 		.ascii	"uint16_t\000"
 1914      31365F74 
 1914      00
 1915              	.LASF79:
 1916 03b8 52455345 		.ascii	"RESERVED0\000"
 1916      52564544 
 1916      3000
 1917              	.LASF3:
ARM GAS  /tmp/ccPSjTPL.s 			page 48


 1918 03c2 73686F72 		.ascii	"short int\000"
 1918      7420696E 
 1918      7400
 1919              	.LASF71:
 1920 03cc 5057525F 		.ascii	"PWR_TypeDef\000"
 1920      54797065 
 1920      44656600 
 1921              	.LASF8:
 1922 03d8 6C6F6E67 		.ascii	"long int\000"
 1922      20696E74 
 1922      00
 1923              	.LASF85:
 1924 03e1 706F7274 		.ascii	"port_intctx\000"
 1924      5F696E74 
 1924      63747800 
 1925              	.LASF100:
 1926 03ed 49544D5F 		.ascii	"ITM_RxBuffer\000"
 1926      52784275 
 1926      66666572 
 1926      00
 1927              	.LASF61:
 1928 03fa 63685F73 		.ascii	"ch_system\000"
 1928      79737465 
 1928      6D00
 1929              	.LASF56:
 1930 0404 6C617374 		.ascii	"lasttime\000"
 1930      74696D65 
 1930      00
 1931              	.LASF12:
 1932 040d 75696E74 		.ascii	"uint64_t\000"
 1932      36345F74 
 1932      00
 1933              	.LASF72:
 1934 0416 43464752 		.ascii	"CFGR\000"
 1934      00
 1935              	.LASF62:
 1936 041b 726C6973 		.ascii	"rlist\000"
 1936      7400
 1937              	.LASF27:
 1938 0421 6E616D65 		.ascii	"name\000"
 1938      00
 1939              	.LASF65:
 1940 0426 73697A65 		.ascii	"sizetype\000"
 1940      74797065 
 1940      00
 1941              	.LASF16:
 1942 042f 74726566 		.ascii	"trefs_t\000"
 1942      735F7400 
 1943              	.LASF10:
 1944 0437 6C6F6E67 		.ascii	"long unsigned int\000"
 1944      20756E73 
 1944      69676E65 
 1944      6420696E 
 1944      7400
 1945              	.LASF106:
 1946 0449 68616C5F 		.ascii	"hal_lld_init\000"
 1946      6C6C645F 
ARM GAS  /tmp/ccPSjTPL.s 			page 49


 1946      696E6974 
 1946      00
 1947              	.LASF46:
 1948 0456 72656164 		.ascii	"ready_list_t\000"
 1948      795F6C69 
 1948      73745F74 
 1948      00
 1949              	.LASF23:
 1950 0463 71756575 		.ascii	"queue\000"
 1950      6500
 1951              	.LASF7:
 1952 0469 696E7433 		.ascii	"int32_t\000"
 1952      325F7400 
 1953              	.LASF91:
 1954 0471 77747365 		.ascii	"wtsemp\000"
 1954      6D7000
 1955              	.LASF98:
 1956 0478 6D757465 		.ascii	"mutex_t\000"
 1956      785F7400 
 1957              	.LASF25:
 1958 0480 6E657765 		.ascii	"newer\000"
 1958      7200
 1959              	.LASF2:
 1960 0486 756E7369 		.ascii	"unsigned char\000"
 1960      676E6564 
 1960      20636861 
 1960      7200
 1961              	.LASF32:
 1962 0494 77616974 		.ascii	"waiting\000"
 1962      696E6700 
 1963              	.LASF54:
 1964 049c 76697274 		.ascii	"virtual_timers_list_t\000"
 1964      75616C5F 
 1964      74696D65 
 1964      72735F6C 
 1964      6973745F 
 1965              	.LASF29:
 1966 04b2 73746174 		.ascii	"state\000"
 1966      6500
 1967              	.LASF60:
 1968 04b8 63685F73 		.ascii	"ch_system_t\000"
 1968      79737465 
 1968      6D5F7400 
 1969              	.LASF89:
 1970 04c4 77747472 		.ascii	"wttrp\000"
 1970      7000
 1971              	.LASF1:
 1972 04ca 7369676E 		.ascii	"signed char\000"
 1972      65642063 
 1972      68617200 
 1973              	.LASF52:
 1974 04d6 64656C74 		.ascii	"delta\000"
 1974      6100
 1975              	.LASF6:
 1976 04dc 73686F72 		.ascii	"short unsigned int\000"
 1976      7420756E 
 1976      7369676E 
ARM GAS  /tmp/ccPSjTPL.s 			page 50


 1976      65642069 
 1976      6E7400
 1977              	.LASF83:
 1978 04ef 73746B61 		.ascii	"stkalign_t\000"
 1978      6C69676E 
 1978      5F7400
 1979              	.LASF48:
 1980 04fa 63757272 		.ascii	"current\000"
 1980      656E7400 
 1981              	.LASF26:
 1982 0502 6F6C6465 		.ascii	"older\000"
 1982      7200
 1983              	.LASF107:
 1984 0508 73746D33 		.ascii	"stm32_clock_init\000"
 1984      325F636C 
 1984      6F636B5F 
 1984      696E6974 
 1984      00
 1985              	.LASF87:
 1986 0519 65786974 		.ascii	"exitcode\000"
 1986      636F6465 
 1986      00
 1987              	.LASF37:
 1988 0522 6D706F6F 		.ascii	"mpool\000"
 1988      6C00
 1989              	.LASF103:
 1990 0528 2E2E2F2E 		.ascii	"../../../os/hal/ports/STM32/STM32F1xx/hal_lld.c\000"
 1990      2E2F2E2E 
 1990      2F6F732F 
 1990      68616C2F 
 1990      706F7274 
 1991              		.comm	__gnu_lto_v1,1,1
 1992              		.ident	"GCC: (Sourcery CodeBench Lite 2013.11-24) 4.8.1"
ARM GAS  /tmp/ccPSjTPL.s 			page 51


DEFINED SYMBOLS
                            *ABS*:00000000 hal_lld.c
     /tmp/ccPSjTPL.s:205    .text.hal_lld_init:00000000 $t
     /tmp/ccPSjTPL.s:211    .text.hal_lld_init:00000000 hal_lld_init
     /tmp/ccPSjTPL.s:268    .text.stm32_clock_init:00000000 $t
     /tmp/ccPSjTPL.s:274    .text.stm32_clock_init:00000000 stm32_clock_init
     /tmp/ccPSjTPL.s:379    .data.SystemCoreClock:00000000 SystemCoreClock
     /tmp/ccPSjTPL.s:376    .data.SystemCoreClock:00000000 $d
                            *COM*:00000001 __gnu_lto_v1
                     .debug_frame:00000010 $d

UNDEFINED SYMBOLS
dmaInit
