ARM GAS  /tmp/cc3XJMkJ.s 			page 1


   1              		.syntax unified
   2              		.cpu cortex-m3
   3              		.fpu softvfp
   4              		.eabi_attribute 20, 1
   5              		.eabi_attribute 21, 1
   6              		.eabi_attribute 23, 3
   7              		.eabi_attribute 24, 1
   8              		.eabi_attribute 25, 1
   9              		.eabi_attribute 26, 1
  10              		.eabi_attribute 30, 2
  11              		.eabi_attribute 34, 1
  12              		.eabi_attribute 18, 4
  13              		.thumb
  14              		.file	"crt1.c"
  15              		.text
  16              	.Ltext0:
  17              		.section	.gnu.lto_.jmpfuncs.dc75f22dce623577,"",%progbits
  18 0000 789C6362 		.ascii	"x\234cb`b\300\006x\2404+\003\003#P\0113\003\013\003"
  18      6062C006 
  18      78A0342B 
  18      03032350 
  18      0933030B 
  19 0015 03000236 		.ascii	"\003\000\0026\000 "
  19      0020
  20              		.text
  21              		.section	.gnu.lto_.inline.dc75f22dce623577,"",%progbits
  22 0000 789C6362 		.ascii	"x\234cb`b\300\006\342\2414+\003\0033\023#X\021\333\002"
  22      6062C006 
  22      E2A1342B 
  22      03033313 
  22      235811DB 
  23 0015 79B05A46 		.ascii	"y\260ZF\014\021&\014\021f \017\"\302\002\261\200\205"
  23      0C11260C 
  23      1166200F 
  23      22C202B1 
  23      8085
  24 0027 41E41527 		.ascii	"A\344\025'PD\251m\321LF\2702\006\000\3774\006\240"
  24      5044A96D 
  24      D14C46B8 
  24      320600FF 
  24      3406A0
  25              		.text
  26              		.section	.gnu.lto_.pureconst.dc75f22dce623577,"",%progbits
  27 0000 789C6362 		.ascii	"x\234cb`b\340f\200\000V\006\011F\011&\011f\023\026)"
  27      6062E066 
  27      80005606 
  27      09460926 
  27      09661316 
  28 0015 00044D00 		.ascii	"\000\004M\000\265"
  28      B5
  29              		.text
  30              		.section	.gnu.lto___core_init.dc75f22dce623577,"",%progbits
  31 0000 789C6362 		.ascii	"x\234cb`b@\007\222@\034\014\304\226@\314\310\314\300"
  31      60624007 
  31      92401C0C 
  31      C49640CC 
  31      C8CCC0
ARM GAS  /tmp/cc3XJMkJ.s 			page 2


  32 0013 C834E11C 		.ascii	"\3104\341\034\003C#\007\023##\210\301\300\310P\317\304"
  32      03432307 
  32      13232388 
  32      C1C0C850 
  32      CFC4
  33 0025 581FC908 		.ascii	"X\037\311\010V\273\236\351\300\203\377\377\327m\350"
  33      56BB9EE9 
  33      C083FFFF 
  33      D76DE8
  34 0034 9AF38671 		.ascii	"\232\363\206q%\023\310,V\206\226\206\206\011\012\014"
  34      2513C82C 
  34      56869686 
  34      86090A0C 
  35 0044 0CC96015 		.ascii	"\014\311`\025!@\022\244-\224\221\011D3_d`Ld\\\310\310"
  35      214012A4 
  35      2D949109 
  35      44335F64 
  35      604C645C 
  36 005a 0AB72D84 		.ascii	"\012\267-\204\221\021$\001\322j\256\247\247\017A\371"
  36      91112401 
  36      D26AAEA7 
  36      A70F41F9 
  37 006a C5FAC9F9 		.ascii	"\305\372\311\371\271\271\371y\372\305%\211E%\245\005"
  37      B9B9F979 
  37      FAC52589 
  37      4525A505 
  38 007a FA8E41BE 		.ascii	"\372\216A\276\316\276\025 \321\202\314\234\324\242b"
  38      CEBE1520 
  38      D182CC9C 
  38      D4A262
  39 0089 7D776767 		.ascii	"}wgg\375\344\242\022C\275d\006\000\267\214)["
  39      FDE4A212 
  39      43BD6406 
  39      00B78C29 
  39      5B
  40              		.text
  41              		.section	.gnu.lto___early_init.dc75f22dce623577,"",%progbits
  42 0000 789C6362 		.ascii	"x\234cb`b@\007\222@\034\000\304\226@\314\310\314\300"
  42      60624007 
  42      92401C00 
  42      C49640CC 
  42      C8CCC0
  43 0013 C834E11C 		.ascii	"\3104\341\034\003C#\007\023##\210\301\300\310P\317\304"
  43      03432307 
  43      13232388 
  43      C1C0C850 
  43      CFC4
  44 0025 581FC908 		.ascii	"X\037\311\010V\273\236\351\300\203\377\377\327};5G\002"
  44      56BB9EE9 
  44      C083FFFF 
  44      D77D3B35 
  44      4702
  45 0037 64102B43 		.ascii	"d\020+CKC\303\004\005\006\206d\260t\010\220\004\351"
  45      4B43C304 
  45      05068664 
  45      B0740890 
  45      04E9
ARM GAS  /tmp/cc3XJMkJ.s 			page 3


  46 0049 09656402 		.ascii	"\011ed\002\321\314\027\031\030\023\031\0272\262\302"
  46      D1CC1719 
  46      18131917 
  46      32B2C2
  47 0058 AD0A6164 		.ascii	"\255\012ad\004I\200\264\232\353\351\351CP~\261~r~nn"
  47      044980B4 
  47      9AEBE9E9 
  47      43507EB1 
  47      7E727E6E 
  48 006d 7E9E7E71 		.ascii	"~\236~qIbQIi\201\276c\220\257\263o\005H\264 3'\265\250"
  48      49625149 
  48      6981BE63 
  48      90AFB36F 
  48      0548B420 
  49 0085 58DFDDD9 		.ascii	"X\337\335\331Y?\271\250\304P/\231\001\000\031\306(^"
  49      593FB9A8 
  49      C4502F99 
  49      010019C6 
  49      285E
  50              		.text
  51              		.section	.gnu.lto___late_init.dc75f22dce623577,"",%progbits
  52 0000 789C6362 		.ascii	"x\234cb`b@\007\222@\034\000\304\226@\314\310\314\300"
  52      60624007 
  52      92401C00 
  52      C49640CC 
  52      C8CCC0
  53 0013 C834E11C 		.ascii	"\3104\341\034\003C#\007\023##\210\301\300\310P\317\304"
  53      03432307 
  53      13232388 
  53      C1C0C850 
  53      CFC4
  54 0025 581FC908 		.ascii	"X\037\311\010V\273\236\351\300\203\377\377\327m\352"
  54      56BB9EE9 
  54      C083FFFF 
  54      D76DEA
  55 0034 9E230132 		.ascii	"\236#\0012\210\225\241\245\241a\202\002\003C2X:\004"
  55      8895A1A5 
  55      A1618202 
  55      03433258 
  55      3A04
  56 0046 4882F484 		.ascii	"H\202\364\20422\201h\346\213\014\214\211\214\013\031"
  56      32328168 
  56      E68B0C8C 
  56      898C0B19 
  57 0056 59E15685 		.ascii	"Y\341V\20502\202$@Z\315\365\364\364!(\277X?9?77?O\277"
  57      30328224 
  57      405ACDF5 
  57      F4F42128 
  57      BF583F39 
  58 0070 B824B1A8 		.ascii	"\270$\261\250\244\264@\3371\310\327\331\267\002$Z\220"
  58      A4B440DF 
  58      31C8D7D9 
  58      B702245A 
  58      90
  59 0081 99935A54 		.ascii	"\231\223ZT\254\357\356\354\254\237\\Tb\250\227\314\000"
  59      ACEFEEEC 
  59      AC9F5C54 
ARM GAS  /tmp/cc3XJMkJ.s 			page 4


  59      62A897CC 
  59      00
  60 0092 00DB0527 		.ascii	"\000\333\005'\333"
  60      DB
  61              		.text
  62              		.section	.gnu.lto___default_exit.dc75f22dce623577,"",%progbits
  63 0000 789C6362 		.ascii	"x\234cb`b@\007:@\354\003\304\226@\314\310\312\300\310"
  63      60624007 
  63      3A40EC03 
  63      C49640CC 
  63      C8CAC0C8 
  64 0014 34E11C03 		.ascii	"4\341\034\003C#\007\023#3\210\301\310\314\310\002\021"
  64      43230713 
  64      233388C1 
  64      C8CCC802 
  64      11
  65 0025 60810838 		.ascii	"`\201\010822\32431\2630\326G2\202\265\257g:\360\340"
  65      3232D433 
  65      31B330D6 
  65      473282B5 
  65      AF673AF0 
  66 003a FFFF7577 		.ascii	"\377\377uwN\317\335\303\270\236\011$\306\312\320\322"
  66      4ECFDDC3 
  66      B89E0924 
  66      C6CAD0D2 
  67 004a D0304181 		.ascii	"\3200A\201\201!\031\254\"\004H2\002I&\240Y!\214\314"
  67      812119AC 
  67      22044832 
  67      024926A0 
  67      59218CCC 
  68 005e 0C404318 		.ascii	"\014@C\030C\030Y\2404\304\020\006s==}\010\312/\326O"
  68      431859A0 
  68      34C41006 
  68      733D3D7D 
  68      08CA2FD6 
  69 0073 CECFCDCD 		.ascii	"\316\317\315\315\317\323/.I,*)-\320w\014\362u\366\255"
  69      CFD32F2E 
  69      492C2A29 
  69      2DD0770C 
  69      F275F6AD 
  70 0087 00891664 		.ascii	"\000\211\026d\346\244\026\025\353\273;;\353'\027\225"
  70      E6A41615 
  70      EBBB3B3B 
  70      EB271795 
  71 0097 18EA2533 		.ascii	"\030\352%3\000\000\351N*\305"
  71      0000E94E 
  71      2AC5
  72              		.text
  73              		.section	.gnu.lto___init_ram_areas.dc75f22dce623577,"",%progbits
  74 0000 789C8D54 		.ascii	"x\234\215T]HTA\024>g\346\336\273w\177lW\326 \241H$\350"
  74      5D485441 
  74      143E67E6 
  74      DEBB777F 
  74      6C57D620 
  75 0018 2172E949 		.ascii	"!r\351I\350!0\037z\362\241P\250\207\250m\213e\251\315"
  75      E821301F 
  75      7AF2A150 
ARM GAS  /tmp/cc3XJMkJ.s 			page 5


  75      A887A86D 
  75      8B65A9CD 
  76 002c 4557080A 		.ascii	"EW\010\012\234\325\015\242\244\266 \260\334@\021\351"
  76      9CD50DA2 
  76      A4B620B0 
  76      DC4011E9 
  77 003c 4F88E865 		.ascii	"O\210\350e\211\036V(T0\311G\243\300\222|\260 \304z("
  77      891E5628 
  77      5430C947 
  77      A3C0927C 
  77      B020C47A 
  78 0051 A2EDCC9D 		.ascii	"\242\355\314\235\271W\224\265\032\356\275g\346\3149"
  78      B95794B5 
  78      1AEEBD67 
  78      E6CC39
  79 0060 DF39E79B 		.ascii	"\3379\347\2339\227\001\203\215\243\237\336\263&\300"
  79      39970183 
  79      8DA39FDE 
  79      B326C0
  80 006f 41921802 		.ascii	"A\222\030\002d\205Y\200\234\315\220\253\011GSM\0145"
  80      64855980 
  80      9CCD90AB 
  80      0947534D 
  80      0C35
  81 0081 99B04D66 		.ascii	"\231\260Mf\014L\002\210\200\225\367\201\010YhK=\372"
  81      0C4C0288 
  81      8095F781 
  81      0859684B 
  81      3DFA
  82 0093 949CB06D 		.ascii	"\224\234\260m\346S\373~g\337\317\202j\031p\226A\005"
  82      E653FB7E 
  82      67DFCF82 
  82      6A197096 
  82      4105
  83 00a5 DC124094 		.ascii	"\334\022@\224\022\020z\0317L\313g\373\203\001\354=\206"
  83      12107A19 
  83      374CCB67 
  83      FB8301EC 
  83      3D86
  84 00b7 3229DE08 		.ascii	"2)\336\010#B\334Zx\365q\216\337\021\345\374\260\370"
  84      2342DC5A 
  84      78F5718E 
  84      DF11E5FC 
  84      B0F8
  85 00c9 55A920A6 		.ascii	"U\251 \246\220\012\330\217\220@8J\013lp\0043\326W\244"
  85      900AD88F 
  85      9040384A 
  85      0B6C7004 
  85      33D657A4 
  86 00dd 7CCB43B3 		.ascii	"|\313C\2637\352\305p_A\374&\327\024r\006\007\376\323"
  86      37EAC570 
  86      5F41FC26 
  86      D7147206 
  86      07FED3
  87 00f0 B3381B2A 		.ascii	"\2638\033*\344\256\210J\245\327qk\371\227\333\023V^"
  87      E4AE884A 
  87      A5D7716B 
ARM GAS  /tmp/cc3XJMkJ.s 			page 6


  87      F997DB13 
  87      565E
  88 0102 A8540656 		.ascii	"\250T\006V\276}(at+B\034G\260\2212\215\343(INr\214\244"
  88      BE7D2861 
  88      742B421C 
  88      47B09132 
  88      8DE32849 
  89 011a A1A5AD65 		.ascii	"\241\245\255e@\357\007\365:\004\024\255\206>FXk\"\332"
  89      40EF07F5 
  89      3A0414AD 
  89      863E4658 
  89      6B22DA
  90 012d A256EE44 		.ascii	"\242V\356D\265\262N\303\3230!/D\241\301]'\034\352\332"
  90      B5B24EC3 
  90      D330212F 
  90      44A1C15D 
  90      271CEADA 
  91 0141 E93B07D0 		.ascii	"\351;\007\320\201\214\004\237\206\276\205\253\223[\342"
  91      818C049F 
  91      86BE85AB 
  91      935BE2
  92 0150 781F4DED 		.ascii	"x\037M\355x\021~\212A!nR!f\032\327\252\350@\016y\237"
  92      78117E8A 
  92      41216E52 
  92      21661AD7 
  92      AAE8400E 
  93 0166 F4B0419B 		.ascii	"\364\260A\233&\221\366_C\337\333\322\342\017\364\242"
  93      2691F65F 
  93      43DFDBD2 
  93      E20FF4A2 
  94 0176 C994542E 		.ascii	"\311\224T.\322N\002\323Hb`\017<\022\005!N\244\320\032"
  94      D24E02D3 
  94      4862600F 
  94      3C120521 
  94      4EA4D01A 
  95 018a 82BB04EF 		.ascii	"\202\273\004\357#\177\311\227\302?\345\305\242\020\345"
  95      237FC997 
  95      C23FE5C5 
  95      A210E5
  96 0199 9D717CE8 		.ascii	"\235q|\350\2444\352\304\011\2508S\213\250\364I\014j"
  96      A434EAC4 
  96      09A83853 
  96      8BA8F449 
  96      0C6A
  97 01ab B8E39BC2 		.ascii	"\270\343\233\302a5\2701\007.(\365\363\200\252\326\362"
  97      6135B831 
  97      072E28F5 
  97      F380AAD6 
  97      F2
  98 01bc EDEBBBBC 		.ascii	"\355\353\273\274b\331\003\302\251\013\316|?)K6\200\356"
  98      62D903C2 
  98      A90BCE7C 
  98      3F294B36 
  98      80EE
  99 01ce 26A7D0CF 		.ascii	"&\247\320\317/\177.nwc\327\250\200v\022\231\014\310"
  99      2F7F2E6E 
  99      7763D7A8 
ARM GAS  /tmp/cc3XJMkJ.s 			page 7


  99      80761299 
  99      0CC8
 100 01e0 7520329B 		.ascii	"u 2\233~c)#\262\310\011!\302\216\025_\263\"gi\330\177"
 100      7E632923 
 100      B2C80921 
 100      C28E155F 
 100      B3226769 
 101 01f6 ADFF6B71 		.ascii	"\255\377kq\233\213\027\326&\316\305\231\006\266>\331"
 101      9B8B17D6 
 101      26CEC599 
 101      06B63ED9 
 102 0206 B076582D 		.ascii	"\260vX-\326\273\016\021\035y\243\203\"+\342\036\230"
 102      D6BB0E11 
 102      1D79A383 
 102      222BE21E 
 102      98
 103 0217 09D442DE 		.ascii	"\011\324B\336\211)4\356\020\342(\2245\323G\2704\317"
 103      892934EE 
 103      10E22894 
 103      35D347B8 
 103      34CF
 104 0229 5CF890E4 		.ascii	"\\\370\220\3446\262)\261\356Ob\012^.\345\232=\247\244"
 104      36B229B1 
 104      EE4F620A 
 104      5E2EE59A 
 104      3DA7A4
 105 023c 470451CB 		.ascii	"G\004Q\313\350\314\370\273\225K\224\2151\263zz\0368"
 105      E8CCF8BB 
 105      954B948D 
 105      31B37A7A 
 105      1E38
 106 024e B1CEBF48 		.ascii	"\261\316\277HE\330x\261\352\220k\311\373$\215%E&J\225"
 106      45D878B1 
 106      EA906BC9 
 106      FB248D25 
 106      45264A95 
 107 0262 CFE5BB54 		.ascii	"\317\345\273TZ\236\303*T\032kT\312\231\255x'v\036\337"
 107      5A9EC32A 
 107      541A6B54 
 107      CA99AD78 
 107      27761EDF 
 108 0276 F3E88C6A 		.ascii	"\363\350\214j\263\352tF]vl\311\016\256g\307Pd\014.\257"
 108      B3EA7446 
 108      5D766CC9 
 108      0EAE67C7 
 108      50640C2E 
 109 028b 9151FB77 		.ascii	"\221Q\373w2xU2j\035(\227\014#\211\266\205\024\3327\256"
 109      32785532 
 109      6A1D2897 
 109      0C2389B6 
 109      8514DA37 
 110 02a0 AE955F56 		.ascii	"\256\225_V\356\244\375t\207\353R\247\201Yd}\326\252"
 110      EEA4FD74 
 110      87EB52A7 
 110      8159647D 
 110      D6AA
 111 02b2 D1EA9C08 		.ascii	"\321\352\234\010\237&\336\317\242\352)R\351N=L\311\354"
ARM GAS  /tmp/cc3XJMkJ.s 			page 8


 111      9F26DECF 
 111      A2EA2952 
 111      E94E3D4C 
 111      C9EC
 112 02c4 8571D90C 		.ascii	"\205q\331\014=\224_Z\375\213\3746T\033\355t\367\237"
 112      3D945F5A 
 112      FD8BFC36 
 112      541BED74 
 112      F79F
 113 02d6 59D8411D 		.ascii	"Y\330A\035E\355?\007\271\205\322n\257I\265\005\322\226"
 113      45ED3F07 
 113      B985D26E 
 113      AF49B505 
 113      D296
 114 02e8 3CE3E6A6 		.ascii	"<\343\346\246\246\230z:\273c\211\316t\272\363|\254;"
 114      A6987A3A 
 114      BB6389CE 
 114      74BAF37C 
 114      AC3B
 115 02fa 1BEFCAF6 		.ascii	"\033\357\312\366db-G\332Z\333.Hm&u\356LWw\354Pkk,\321"
 115      64622D47 
 115      DA5ADB2E 
 115      486D2675 
 115      EE4C5777 
 116 0314 95DDD794 		.ascii	"\225\335\327\224\000\336\025\317\260l\0063\177\000T"
 116      00DE15CF 
 116      B06C0633 
 116      7F0054
 117 0323 E65540   		.ascii	"\346U@"
 118              		.text
 119              		.section	.gnu.lto_.symbol_nodes.dc75f22dce623577,"",%progbits
 120 0000 789C4DD0 		.ascii	"x\234M\320YN\002Q\020\205\341\277o\367\005\001Ap`\036"
 120      594E0251 
 120      1085E1BF 
 120      6FF70501 
 120      4170601E 
 121 0014 5C831BF0 		.ascii	"\\\203\033\360\325]\335W\036]\201kQqB\260\031\025d\022"
 121      D55DDD57 
 121      1E5D816B 
 121      517142B0 
 121      19156412 
 122 0028 8585D827 		.ascii	"\205\205\330'\306@\275|99IUR\006\303\205\307\337\230"
 122      C640BD7C 
 122      39394955 
 122      5206C385 
 122      C7DF98
 123 003b 5B1C5C87 		.ascii	"[\034\\\207\340\334M\3233w8o/\336\343\314^l\341\374"
 123      E0DC4DD3 
 123      3377386F 
 123      2FDEE3CC 
 123      5E6CE1FC 
 124 004f FF78651E 		.ascii	"\377xe\036p\301\256\264\227\004\316\267\217x\321F\373"
 124      70C1AEB4 
 124      9704CEB7 
 124      8F78D146 
 124      FB
 125 0060 141D8978 		.ascii	"\024\035\211x\306\027/\004\242\215\025\257\304D\207"
ARM GAS  /tmp/cc3XJMkJ.s 			page 9


 125      C6172F04 
 125      A28D15AF 
 125      C44487
 126 006f B8E87220 		.ascii	"\270\350r \336H\210\220\244\350\221\022}\016\305\200"
 126      DE488890 
 126      A4E89112 
 126      7D0EC580 
 127 007f B4189211 		.ascii	"\264\030\222\021#\216\304\230\254x''>8\026\023N\304"
 127      238EC498 
 127      AC782727 
 127      3E381613 
 127      4EC4
 128 0091 9453F1C9 		.ascii	"\224S\361\311\231\230\221\027s\012bAQ,)\211\025e\361"
 128      99989117 
 128      730A6241 
 128      512C2989 
 128      1565F1
 129 00a4 4545ACA9 		.ascii	"EE\254\251\212oj\342\207\272\330\320\020[\316\365\252"
 129      8A6F6AE2 
 129      87BAD8D0 
 129      105BCEF5 
 129      AA
 130 00b5 5F3DDA45 		.ascii	"_=\332E\311"
 130      C9
 131              		.text
 132              		.section	.gnu.lto_.refs.dc75f22dce623577,"",%progbits
 133 0000 789C25C1 		.ascii	"x\234%\301[\026BP\000\000\300{\346\270Ry\246\007J\221"
 133      5B164250 
 133      0000C07B 
 133      E6B85279 
 133      A6074A91 
 134 0014 2CA6FD6F 		.ascii	",\246\375o\310\207\031A\370\207\235D\024\247(u\2209"
 134      C8871941 
 134      F8879D44 
 134      14A72875 
 134      9039
 135 0026 3A39CB15 		.ascii	":9\313\025J\225Z\343\242uus\367\320\351\015\236^Fo\037"
 135      4A955AE3 
 135      A2757573 
 135      F7D0E90D 
 135      9E5E466F 
 136 003b 93D9D7E2 		.ascii	"\223\331\327\342g\015\033s\304\003w"
 136      670D1B73 
 136      C40377
 137              		.text
 138              		.section	.gnu.lto_.decls.dc75f22dce623577,"",%progbits
 139 0000 789C9558 		.ascii	"x\234\225Xml\024E\030\236\331+m\217\036\005\011b0\030"
 139      6D6C1445 
 139      189ED92B 
 139      6D8F1E05 
 139      09623018 
 140 0014 AE0A9A10 		.ascii	"\256\012\232\020\351q\375\214\022P\322\020\374S\177"
 140      E971FD8C 
 140      1250D210 
 140      FC537F
 141 0023 6048FCB7 		.ascii	"`H\374\267Y\3325\234\334\007\271nc\325?\013bi0\321B"
 141      59DA359C 
ARM GAS  /tmp/cc3XJMkJ.s 			page 10


 141      DC07B96E 
 141      63D53F0B 
 141      626930D1 
 142 0038 BC54D314 		.ascii	"\274T\323\024)\002\251\261\306\226\306\326\003j\267"
 142      2902A9B1 
 142      C696C6D6 
 142      036AB7
 143 0047 4D2C678D 		.ascii	"M,g\215@R\252\301\2029\243Q1j \030\214\200\234\357~"
 143      4052AAC1 
 143      8239A351 
 143      316A2018 
 143      8C809CEF 
 144 005c DCC7CCCE 		.ascii	"\334\307\314\316\334\300\244\317\335\314\356\373\274"
 144      DCC0A4CF 
 144      DDCCEEFB 
 144      BC
 145 0069 CFCC3CF3 		.ascii	"\317\314<\363N\322\223\220\204\0061B\031h\253\227!\264"
 145      4ED29390 
 145      84063142 
 145      1968AB97 
 145      21B4
 146 007b C1835029 		.ascii	"\301\203P)Bh\023\312\267\005\200~\300\000`\0200\004"
 146      426813CA 
 146      B705807E 
 146      C0006010 
 146      3004
 147 008d 18055401 		.ascii	"\030\005T\001\222\200Y\300\267\200K\200\313\2004\340"
 147      928059C0 
 147      B7804B80 
 147      CB8034E0 
 148 009d 27C02F80 		.ascii	"'\300/\200\253\200?\001\327\0007\0007\001\267\000\377"
 148      AB803F01 
 148      D7003700 
 148      3701B700 
 148      FF
 149 00ae 998941D7 		.ascii	"\231\211A\327\003(\003,\004,\002,\001,\003<\004x\030"
 149      0328032C 
 149      042C022C 
 149      012C033C 
 149      047818
 150 00c1 F008A00A 		.ascii	"\360\010\240\012\260\032\360\004`-\240\032\020\004\324"
 150      B01AF004 
 150      602DA01A 
 150      1004D4
 151 00d0 011A3122 		.ascii	"\001\0321\"Z\177A\037S\343l\033\240b\006\0301\203T\314"
 151      5A7F411F 
 151      53E36C1B 
 151      A0620618 
 151      318354CC 
 152 00e4 20236688 		.ascii	" #f\210\212\031b\304\230\373\264\020\360\024\004T\302"
 152      8A1962C4 
 152      98FBB410 
 152      F0140454 
 152      C2
 153 00f5 B70F3009 		.ascii	"\267\0170\011(\003<\015\3176\000NC\177\012P\342\300"
 153      28033C0D 
 153      CF36004E 
ARM GAS  /tmp/cc3XJMkJ.s 			page 11


 153      437F0A50 
 153      E2C0
 154 0107 004C0352 		.ascii	"\000L\003R\200\031'\367\250\363\235\244\362\257B\207"
 154      801927F7 
 154      A8F39DA4 
 154      F2AF4287 
 155 0117 F52346FA 		.ascii	"\365#F\372\315\023\303+\364#{'3\231g\320r\224\320\241"
 155      CD13C32B 
 155      F4237B27 
 155      339967D0 
 155      7294D0A1 
 156 012b 1DE9D475 		.ascii	"\035\351\324u\254)x\323\203\350E\254\340J/\362[\035"
 156      AC2978D3 
 156      83E845AC 
 156      E04A2FF2 
 156      5B1D
 157 013d 9FD71241 		.ascii	"\237\327\022AH\301G\361r\247\267\335c\247\223\314I\255"
 157      48C147F1 
 157      72A7B7DD 
 157      63A793CC 
 157      49AD
 158 014f 451F01BF 		.ascii	"E\037\001\277[\327\247\036\243v\027\232\007b\340\257"
 158      5BD7A71E 
 158      A376179A 
 158      0762E0AF 
 159 015f 39F7E671 		.ascii	"9\367\346qt\334\224\323\007t\217%f\246\353\307\253\012"
 159      74DC94D3 
 159      07748F25 
 159      66A6EBC7 
 159      AB0A
 160 0171 390AFE10 		.ascii	"9\012\376\020K\356Y\0337g|\335\223\351Lf\225=\025\011"
 160      4BEE591B 
 160      37677CDD 
 160      93E94C66 
 160      953D1509 
 161 0185 6DC3107B 		.ascii	"m\303\020{\014\257\315+)\370D\236\312\222\032\240\245"
 161      0CAFCD2B 
 161      29F8449E 
 161      CA921AA0 
 161      A5
 162 0196 3E624A9D 		.ascii	">bJ\235\374\232\222\222\357_j\220\226\372\204!5i\\\246"
 162      FC9A9292 
 162      EF5F6A90 
 162      96FA8421 
 162      35695CA6 
 163 01aa A57671A5 		.ascii	"\245vq\245\234\315|\255p\233Y\312C\264\3620C9mt\237"
 163      9CCD7CAD 
 163      709B59CA 
 163      43B4F230 
 163      43396D74 
 164 01bf F375EF29 		.ascii	"\363u\357)T~\003\027J\363\262\217\322\331\307\310\354"
 164      547E0317 
 164      4AF3B28F 
 164      D2D9C7C8 
 164      EC
 165 01d0 8FA27EFD 		.ascii	"\217\242~\375\302\005\343\337\316\0170\2341]\277\233"
 165      C205E3DF 
ARM GAS  /tmp/cc3XJMkJ.s 			page 12


 165      CE0F309C 
 165      315DBF9B 
 166 01e0 C9E00750 		.ascii	"\311\340\007P\267\231\306\237\252\\\212\016Z\307\015"
 166      B799C69F 
 166      AA5C8A0E 
 166      5AC70D
 167 01ef 4E5B0A4E 		.ascii	"N[\012N\270s\326t\234=lK \303\032t\014\016\224qc\221"
 167      B873D674 
 167      9C3D6C4B 
 167      20C31A74 
 167      0C0E9471 
 168 0205 E444FBB9 		.ascii	"\344D\373\271\241\012>\203\327 a\230\031\370\005^\352"
 168      A10A3E83 
 168      D7206198 
 168      19F8055E 
 168      EA
 169 0216 ACCECAAF 		.ascii	"\254\316\312\257\033\227T\277\375\024Q\253.hU\010f\272"
 169      1B9754BF 
 169      FD1451AB 
 169      2E685508 
 169      66BA
 170 0228 D798BFFA 		.ascii	"\327\230\277\372\025\326\017\371*\320\001\030\231\265"
 170      15D60FF9 
 170      2AD00118 
 170      99B5
 171 0236 F25C0A34 		.ascii	"\362\\\0124\272\362\003\304\254\032{!\351K\007.^\307"
 171      BAF203C4 
 171      AC1A7B21 
 171      E94B072E 
 171      5EC7
 172 0248 B013F062 		.ascii	"\260\023\360b\012{a\243\177\2436Z\301e^rOa\234\0150"
 172      0A7B61A3 
 172      7FA3365A 
 172      C1655E72 
 172      4F619C0D 
 173 025d F359AF9D 		.ascii	"\363Y\257\235\216y\367.f\353\231\314I\\\221M#\241\353"
 173      8E79F72E 
 173      66EB99CC 
 173      495C914D 
 173      23A1EB
 174 0270 9690B946 		.ascii	"\226\220\271FV\270\323\265\233\023@\254;\375eo\037\\"
 174      56B8D3B5 
 174      9B1340AC 
 174      3BFD656F 
 174      1F5C
 175 0282 1453D84E 		.ascii	"\024S\330N+!]\272\337|~b\037\177PS\353\263\271\016\334"
 175      2B215DBA 
 175      DF7C7E62 
 175      1F7F5053 
 175      EBB3B90E 
 176 0297 4BAE72EE 		.ascii	"K\256r\356\334\214k\005\271\022\367\235\313O\031m\357"
 176      DC8C6B05 
 176      B912F79D 
 176      CB4F196D 
 176      EF
 177 02a8 B68227E0 		.ascii	"\266\202'\3408)\330\300U\3609m}\246\254\317\031\\\225"
 177      3829D8C0 
ARM GAS  /tmp/cc3XJMkJ.s 			page 13


 177      55F0396D 
 177      7DA6ACCF 
 177      195C95
 178 02bb 0F96D051 		.ascii	"\017\226\320Q\211v\320>H\005\371\362\347\015\2113fO"
 178      8976D03E 
 178      4805F9F2 
 178      E70D8933 
 178      664F
 179 02cd 6D7976B2 		.ascii	"myv\262\272]\344\371\302Q\360x~y\2568\005\177\003Ef"
 179      BA5DE4F9 
 179      C251F078 
 179      7E79AE38 
 179      057F0345 
 180 02e2 36EB58EA 		.ascii	"6\353X\352\316\261\264Bx'\345\034\366\346\264}\336|"
 180      CEB1B442 
 180      7827E51C 
 180      F6E6B47D 
 180      DE7C
 181 02f4 A78C5846 		.ascii	"\247\214XF6\012\026}2\267h\3764\316;\227A\035\032\321"
 181      360A167D 
 181      32B768FE 
 181      34CE3B97 
 181      411D1AD1 
 182 0308 BB0CF3DA 		.ascii	"\273\014\363\3328\005\023\313\031h?~V\301\247\255\335"
 182      380513CB 
 182      19683F7E 
 182      56C1A7AD 
 182      DD
 183 0319 3177E575 		.ascii	"1w\345utK\357\322\215\333\235\222\355\246y\177\244\017"
 183      744BEFD2 
 183      8DDB9D92 
 183      EDA6797F 
 183      A40F
 184 032b 1907A7DF 		.ascii	"\031\007\247\337]\241\367;\367G\266p\316\3203p-\352"
 184      5DA1F73B 
 184      F747B670 
 184      CED03370 
 184      2DEA
 185 033d 227119D9 		.ascii	"\"q\031\331;\236U\230^I)\234p+\234\027*|G)\244\012\025"
 185      3B9E5598 
 185      5E49299C 
 185      702B9C17 
 185      2A7C4729 
 186 0354 9E24153A 		.ascii	"\236$\025:G\335\012W\204\012\337S\0123\205\273\264\221"
 186      47DD0A57 
 186      840ADF53 
 186      0A3385BB 
 186      B491
 187 0366 5298C6EF 		.ascii	"R\230\306\357\353S\373t\375\016H\3444\376\020j\\!/m"
 187      EB53FB74 
 187      FD0E48E4 
 187      34FE106A 
 187      5C212F6D 
 188 037a 270C1731 		.ascii	"'\014\0271(C\031\324\3032\350\216P\370G\276A\031\312"
 188      284319D4 
 188      C332E88E 
 188      50F847BE 
ARM GAS  /tmp/cc3XJMkJ.s 			page 14


 188      4119CA
 189 038d A01E9641 		.ascii	"\240\036\226A\357xD\012?\363\015\312P\006\365\260\014"
 189      EF78440A 
 189      3FF30DCA 
 189      5006F5B0 
 189      0C
 190 039e EA132AFC 		.ascii	"\352\023*\374\3127(C\031\324\3036hP\250\361;\323 \251"
 190      CA372843 
 190      19D4C336 
 190      6850A8F1 
 190      3BD320A9 
 191 03b2 884189FD 		.ascii	"\210A\211\375\244A}\314\012\022\012\377\3057(qv%\245"
 191      A4417DCC 
 191      0A120AFF 
 191      C5372871 
 191      7625A5
 192 03c5 C0AA20A1 		.ascii	"\300\252 \241\302u\276A\211\263\244A}\314\012\022*\374"
 192      C275BE41 
 192      89B3A441 
 192      7DCC0A12 
 192      2AFC
 193 03d7 CD3728B1 		.ascii	"\3157(\261\177#\245\300\256 \241\306?L\203<E\014\352"
 193      7F23A5C0 
 193      AE20A1C6 
 193      3F4C833C 
 193      450CEA
 194 03ea A50C1A61 		.ascii	"\245\014\032aV\220P\3706\337\240^\312\240\021f\005\225"
 194      569050F8 
 194      36DFA05E 
 194      CAA01166 
 194      0595
 195 03fc 8814EEF2 		.ascii	"\210\024\356\362\015\352\245\014\032aV\220Pa\217\304"
 195      0DEAA50C 
 195      1A615690 
 195      50618FC4 
 196 040c 35A89732 		.ascii	"5\250\2272h\204SAB\215}\022\313\240\222\"\006\015S\006"
 196      68845341 
 196      428D7D12 
 196      CBA09222 
 196      060D5306 
 197 0420 25991524 		.ascii	"%\231\025$\024\356\222\270\006\015S\006%\231\025$Tx"
 197      14EE92B8 
 197      060D5306 
 197      25991524 
 197      5478
 198 0432 4BE21A34 		.ascii	"K\342\0324L\031\224dV\220P\341m\276A\303\224AIN\005"
 198      4C199464 
 198      569050E1 
 198      6DBE41C3 
 198      9441494E 
 199 0447 09350E32 		.ascii	"\0115\0162\015ZP\304\2401\312\240\011f\005\011\205\023"
 199      0D5A50C4 
 199      A031CAA0 
 199      09660509 
 199      8513
 200 0459 7C83C628 		.ascii	"|\203\306(\203&\230\025\264@\244\360\036\337\2401\312"
 200      83269815 
ARM GAS  /tmp/cc3XJMkJ.s 			page 15


 200      B440A4F0 
 200      1EDFA031 
 200      CA
 201 046a A0096605 		.ascii	"\240\011f\005\011\025z\371\006\215Q\006Mp*H\250q\230"
 201      09157AF9 
 201      068D5106 
 201      4D702A48 
 201      A87198
 202 047d 69506911 		.ascii	"iPi\021\203\306)\203\346\230\025$\024>\3127h\2342h\216"
 202      83C62983 
 202      E6981524 
 202      143ECA37 
 202      689C3268 
 203 0492 59414285 		.ascii	"YAB\205\343|\203\306)\203\346\230\025$T\030\340\033"
 203      E37C83C6 
 203      2983E698 
 203      15245418 
 203      E01B
 204 04a4 344E1934 		.ascii	"4N\0314\307\251 \241\306\307L\203\312\212\0304K\031"
 204      C7A920A1 
 204      C6C74C83 
 204      CA8A1834 
 204      4B19
 205 04b6 34CFAC20 		.ascii	"4\317\254 \241\360\247|\203f)\203\346\231\025T*R8\311"
 205      A1F0A77C 
 205      83662983 
 205      E6991554 
 205      2A5238C9 
 206 04ca 37689632 		.ascii	"7h\2262h\236YAB\205\317\370\006\315R\006\315s*H\250"
 206      689E5941 
 206      4285CFF8 
 206      06CD5206 
 206      CD732A48 
 207 04df F1396910 		.ascii	"\3619i\020B\304O\010\266?<nR\252\340\260\012\376\245"
 207      42C44F08 
 207      B63F3C6E 
 207      52AAE0B0 
 207      0AFEA5
 208 04f2 72B14E31 		.ascii	"r\261N1X\206\3052\347|\017\277\032\240\306\352\352\200"
 208      5886C532 
 208      E77C0FBF 
 208      1AA0C6EA 
 208      EA80
 209 0504 FD176B0B 		.ascii	"\375\027k\013\264\304\"\221X4\320\246)q\255}w`\363\266"
 209      B4C42291 
 209      5834D0A6 
 209      2971AD7D 
 209      7760F3B6 
 210 0518 E6A6E60E 		.ascii	"\346\246\346\016\363\351\356PX\215\267\005\26665\005"
 210      F3E9EE50 
 210      588DB705 
 210      B6363505 
 211 0528 5AE25AB0 		.ascii	"Z\342Z\260\272\005U\310rK,\256\312\241hH+\335\372\374"
 211      BA0555C8 
 211      724B2CAE 
 211      CAA16848 
 211      2BDDFAFC 
ARM GAS  /tmp/cc3XJMkJ.s 			page 16


 212 053c 767F132A 		.ascii	"v\177\023*yEUv\371dYU\342\341W\255\027\020\024V4;\250"
 212      79455576 
 212      F9645955 
 212      E2E157AD 
 212      17101456 
 213 0553 52965BD5 		.ascii	"R\226[\325\227\224\366\260&\253\035!\255<\012l\255="
 213      9794F6B0 
 213      26AB1D21 
 213      AD3C0A6C 
 213      AD3D
 214 0565 1E5D225B 		.ascii	"\036]\"[\257\345\270\022\221\225\270\252\264\275\020"
 214      AFE5B812 
 214      9195B8AA 
 214      B4BD10
 215 0574 D8198BA8 		.ascii	"\330\031\213\250\201\227\333\303!%\032h\336\262us\240"
 215      8197DBC3 
 215      21251A68 
 215      DEB27573 
 215      A0
 216 0585 4D8DA86D 		.ascii	"M\215\250m\232\251\326\021\330\022\331\241\356\010\265"
 216      9AA9D611 
 216      D812D9A1 
 216      EE08B5
 217 0594 C26C9578 		.ascii	"\302l\225xd]\315\372`mu0h\365\243\261\250\272NUv\204"
 217      645DCDFA 
 217      606D7530 
 217      68F5A3B1 
 217      A8BA4E55 
 218 05aa 02A1684B 		.ascii	"\002\241hK\270\275U\205\205\264\206\242Z\365NT\336\016"
 218      B8BD5585 
 218      85B486A2 
 218      5AF54E54 
 218      DE0E
 219 05bc DFB535B2 		.ascii	"\337\2655\262Viiij\207f\211y\255\241\331[\330\022\206"
 219      56696969 
 219      6A876689 
 219      79ADA1D9 
 219      5BD81286 
 220 05d0 795B5D5F 		.ascii	"y[]_4&\347\236/6\347\225\033\311\23277\317\245\2629"
 220      3426E79E 
 220      2F36E795 
 220      1BC99A37 
 220      37CFA5B2 
 221 05e5 E7F5723E 		.ascii	"\347\365r>\243\274\250\360\221\\\351\214\354\314\362"
 221      A3BCA8F0 
 221      915CE98C 
 221      ECCCF2
 222 05f4 6267188D 		.ascii	"bg\030\215\331\257m~\320\315\017\022\374 \311\017R\374"
 222      D9AF6D7E 
 222      D0CD0F12 
 222      FC20C90F 
 222      52FC
 223 0606 1A37BF86 		.ascii	"\0327\277\206\340\327\220\374\032\212_\353\346\327\022"
 223      E0D790FC 
 223      1A8A5FEB 
 223      E6D712
 224 0615 FC5A925F 		.ascii	"\374Z\222_K\361\353\334\374:\202_G\362\353(~\275\233"
ARM GAS  /tmp/cc3XJMkJ.s 			page 17


 224      4BF1EBDC 
 224      FC3A825F 
 224      47F2EB28 
 224      7EBD9B
 225 0628 5F4FF0EB 		.ascii	"_O\360\353I~=\305op\363\033\010~\003\311o\240\370\215"
 225      497E3DC5 
 225      6F70F31B 
 225      087E03C9 
 225      6FA0F88D 
 226 063c 6E7E23C1 		.ascii	"n~#\301o$\371\2159\376\377!\221\346\235"
 226      6F24F98D 
 226      39FEFF21 
 226      91E69D
 227              		.text
 228              		.section	.gnu.lto_.symtab.dc75f22dce623577,"",%progbits
 229 0000 5F5F636F 		.ascii	"__core_init\000\000\001\000\000\000\000\000\000\000"
 229      72655F69 
 229      6E697400 
 229      00010000 
 229      00000000 
 230 0015 0000A100 		.ascii	"\000\000\241\000\000\000__early_init\000\000\001\000"
 230      00005F5F 
 230      6561726C 
 230      795F696E 
 230      69740000 
 231 002b 00000000 		.ascii	"\000\000\000\000\000\000\000\000\250\000\000\000__l"
 231      00000000 
 231      A8000000 
 231      5F5F6C
 232 003a 6174655F 		.ascii	"ate_init\000\000\001\000\000\000\000\000\000\000\000"
 232      696E6974 
 232      00000100 
 232      00000000 
 232      000000
 233 004d 00AC0000 		.ascii	"\000\254\000\000\000__default_exit\000\000\001\000\000"
 233      005F5F64 
 233      65666175 
 233      6C745F65 
 233      78697400 
 234 0065 00000000 		.ascii	"\000\000\000\000\000\000\000\260\000\000\000__init_"
 234      000000B0 
 234      0000005F 
 234      5F696E69 
 234      745F
 235 0077 72616D5F 		.ascii	"ram_areas\000\000\000\000\000\000\000\000\000\000\000"
 235      61726561 
 235      73000000 
 235      00000000 
 235      00000000 
 236 008b 00B60000 		.ascii	"\000\266\000\000\000__ram0_init_text__\000\000\002\000"
 236      005F5F72 
 236      616D305F 
 236      696E6974 
 236      5F746578 
 237 00a6 00000000 		.ascii	"\000\000\000\000\000\000\000\000\323\000\000\000__r"
 237      00000000 
 237      D3000000 
ARM GAS  /tmp/cc3XJMkJ.s 			page 18


 237      5F5F72
 238 00b5 616D305F 		.ascii	"am0_init__\000\000\002\000\000\000\000\000\000\000\000"
 238      696E6974 
 238      5F5F0000 
 238      02000000 
 238      00000000 
 239 00ca 00D60000 		.ascii	"\000\326\000\000\000__ram0_clear__\000\000\002\000\000"
 239      005F5F72 
 239      616D305F 
 239      636C6561 
 239      725F5F00 
 240 00e2 00000000 		.ascii	"\000\000\000\000\000\000\000\331\000\000\000__ram0_"
 240      000000D9 
 240      0000005F 
 240      5F72616D 
 240      305F
 241 00f4 6E6F696E 		.ascii	"noinit__\000\000\002\000\000\000\000\000\000\000\000"
 241      69745F5F 
 241      00000200 
 241      00000000 
 241      000000
 242 0107 00DC0000 		.ascii	"\000\334\000\000\000__ram1_init_text__\000\000\002\000"
 242      005F5F72 
 242      616D315F 
 242      696E6974 
 242      5F746578 
 243 0122 00000000 		.ascii	"\000\000\000\000\000\000\000\000\340\000\000\000__r"
 243      00000000 
 243      E0000000 
 243      5F5F72
 244 0131 616D315F 		.ascii	"am1_init__\000\000\002\000\000\000\000\000\000\000\000"
 244      696E6974 
 244      5F5F0000 
 244      02000000 
 244      00000000 
 245 0146 00E30000 		.ascii	"\000\343\000\000\000__ram1_clear__\000\000\002\000\000"
 245      005F5F72 
 245      616D315F 
 245      636C6561 
 245      725F5F00 
 246 015e 00000000 		.ascii	"\000\000\000\000\000\000\000\346\000\000\000__ram1_"
 246      000000E6 
 246      0000005F 
 246      5F72616D 
 246      315F
 247 0170 6E6F696E 		.ascii	"noinit__\000\000\002\000\000\000\000\000\000\000\000"
 247      69745F5F 
 247      00000200 
 247      00000000 
 247      000000
 248 0183 00E90000 		.ascii	"\000\351\000\000\000__ram2_init_text__\000\000\002\000"
 248      005F5F72 
 248      616D325F 
 248      696E6974 
 248      5F746578 
 249 019e 00000000 		.ascii	"\000\000\000\000\000\000\000\000\355\000\000\000__r"
 249      00000000 
ARM GAS  /tmp/cc3XJMkJ.s 			page 19


 249      ED000000 
 249      5F5F72
 250 01ad 616D325F 		.ascii	"am2_init__\000\000\002\000\000\000\000\000\000\000\000"
 250      696E6974 
 250      5F5F0000 
 250      02000000 
 250      00000000 
 251 01c2 00F00000 		.ascii	"\000\360\000\000\000__ram2_clear__\000\000\002\000\000"
 251      005F5F72 
 251      616D325F 
 251      636C6561 
 251      725F5F00 
 252 01da 00000000 		.ascii	"\000\000\000\000\000\000\000\363\000\000\000__ram2_"
 252      000000F3 
 252      0000005F 
 252      5F72616D 
 252      325F
 253 01ec 6E6F696E 		.ascii	"noinit__\000\000\002\000\000\000\000\000\000\000\000"
 253      69745F5F 
 253      00000200 
 253      00000000 
 253      000000
 254 01ff 00F60000 		.ascii	"\000\366\000\000\000__ram3_init_text__\000\000\002\000"
 254      005F5F72 
 254      616D335F 
 254      696E6974 
 254      5F746578 
 255 021a 00000000 		.ascii	"\000\000\000\000\000\000\000\000\372\000\000\000__r"
 255      00000000 
 255      FA000000 
 255      5F5F72
 256 0229 616D335F 		.ascii	"am3_init__\000\000\002\000\000\000\000\000\000\000\000"
 256      696E6974 
 256      5F5F0000 
 256      02000000 
 256      00000000 
 257 023e 00FD0000 		.ascii	"\000\375\000\000\000__ram3_clear__\000\000\002\000\000"
 257      005F5F72 
 257      616D335F 
 257      636C6561 
 257      725F5F00 
 258 0256 00000000 		.ascii	"\000\000\000\000\000\000\000\000\001\000\000__ram3_"
 258      00000000 
 258      0100005F 
 258      5F72616D 
 258      335F
 259 0268 6E6F696E 		.ascii	"noinit__\000\000\002\000\000\000\000\000\000\000\000"
 259      69745F5F 
 259      00000200 
 259      00000000 
 259      000000
 260 027b 00030100 		.ascii	"\000\003\001\000\000__ram4_init_text__\000\000\002\000"
 260      005F5F72 
 260      616D345F 
 260      696E6974 
 260      5F746578 
 261 0296 00000000 		.ascii	"\000\000\000\000\000\000\000\000\007\001\000\000__r"
ARM GAS  /tmp/cc3XJMkJ.s 			page 20


 261      00000000 
 261      07010000 
 261      5F5F72
 262 02a5 616D345F 		.ascii	"am4_init__\000\000\002\000\000\000\000\000\000\000\000"
 262      696E6974 
 262      5F5F0000 
 262      02000000 
 262      00000000 
 263 02ba 000A0100 		.ascii	"\000\012\001\000\000__ram4_clear__\000\000\002\000\000"
 263      005F5F72 
 263      616D345F 
 263      636C6561 
 263      725F5F00 
 264 02d2 00000000 		.ascii	"\000\000\000\000\000\000\000\015\001\000\000__ram4_"
 264      0000000D 
 264      0100005F 
 264      5F72616D 
 264      345F
 265 02e4 6E6F696E 		.ascii	"noinit__\000\000\002\000\000\000\000\000\000\000\000"
 265      69745F5F 
 265      00000200 
 265      00000000 
 265      000000
 266 02f7 00100100 		.ascii	"\000\020\001\000\000__ram5_init_text__\000\000\002\000"
 266      005F5F72 
 266      616D355F 
 266      696E6974 
 266      5F746578 
 267 0312 00000000 		.ascii	"\000\000\000\000\000\000\000\000\024\001\000\000__r"
 267      00000000 
 267      14010000 
 267      5F5F72
 268 0321 616D355F 		.ascii	"am5_init__\000\000\002\000\000\000\000\000\000\000\000"
 268      696E6974 
 268      5F5F0000 
 268      02000000 
 268      00000000 
 269 0336 00170100 		.ascii	"\000\027\001\000\000__ram5_clear__\000\000\002\000\000"
 269      005F5F72 
 269      616D355F 
 269      636C6561 
 269      725F5F00 
 270 034e 00000000 		.ascii	"\000\000\000\000\000\000\000\032\001\000\000__ram5_"
 270      0000001A 
 270      0100005F 
 270      5F72616D 
 270      355F
 271 0360 6E6F696E 		.ascii	"noinit__\000\000\002\000\000\000\000\000\000\000\000"
 271      69745F5F 
 271      00000200 
 271      00000000 
 271      000000
 272 0373 001D0100 		.ascii	"\000\035\001\000\000__ram6_init_text__\000\000\002\000"
 272      005F5F72 
 272      616D365F 
 272      696E6974 
 272      5F746578 
ARM GAS  /tmp/cc3XJMkJ.s 			page 21


 273 038e 00000000 		.ascii	"\000\000\000\000\000\000\000\000!\001\000\000__ram6"
 273      00000000 
 273      21010000 
 273      5F5F7261 
 273      6D36
 274 03a0 5F696E69 		.ascii	"_init__\000\000\002\000\000\000\000\000\000\000\000"
 274      745F5F00 
 274      00020000 
 274      00000000 
 274      0000
 275 03b2 00240100 		.ascii	"\000$\001\000\000__ram6_clear__\000\000\002\000\000"
 275      005F5F72 
 275      616D365F 
 275      636C6561 
 275      725F5F00 
 276 03ca 00000000 		.ascii	"\000\000\000\000\000\000\000'\001\000\000__ram6_noi"
 276      00000027 
 276      0100005F 
 276      5F72616D 
 276      365F6E6F 
 277 03df 6E69745F 		.ascii	"nit__\000\000\002\000\000\000\000\000\000\000\000\000"
 277      5F000002 
 277      00000000 
 277      00000000 
 277      00
 278 03f0 2A010000 		.ascii	"*\001\000\000__ram7_i"
 278      5F5F7261 
 278      6D375F69 
 279 03fc 6E69745F 		.ascii	"nit_text__\000\000\002\000\000\000\000\000\000\000\000"
 279      74657874 
 279      5F5F0000 
 279      02000000 
 279      00000000 
 280 0411 002E0100 		.ascii	"\000.\001\000\000__ram7_init__\000\000\002\000\000\000"
 280      005F5F72 
 280      616D375F 
 280      696E6974 
 280      5F5F0000 
 281 0429 00000000 		.ascii	"\000\000\000\000\000\0001\001\000\000__ram7_clear__"
 281      00003101 
 281      00005F5F 
 281      72616D37 
 281      5F636C65 
 282 0441 00000200 		.ascii	"\000\000\002\000\000\000\000\000\000\000\000\0004\001"
 282      00000000 
 282      00000000 
 282      3401
 283 044f 00005F5F 		.ascii	"\000\000__ram7_noinit__\000\000\002\000\000\000\000"
 283      72616D37 
 283      5F6E6F69 
 283      6E69745F 
 283      5F000002 
 284 0467 00000000 		.ascii	"\000\000\000\000\0007\001\000\000"
 284      00370100 
 284      00
 285              		.text
 286              		.section	.gnu.lto_.opts,"",%progbits
ARM GAS  /tmp/cc3XJMkJ.s 			page 22


 287 0000 272D6D63 		.ascii	"'-mcpu=cortex-m3' '-mno-thumb-interwork' '-mthumb' "
 287      70753D63 
 287      6F727465 
 287      782D6D33 
 287      2720272D 
 288 0033 272D6767 		.ascii	"'-ggdb' '-O2' '-fomit-frame-pointer' '-falign-funct"
 288      64622720 
 288      272D4F32 
 288      2720272D 
 288      666F6D69 
 289 0066 696F6E73 		.ascii	"ions=16' '-ffunction-sections' '-fdata-sections' '-"
 289      3D313627 
 289      20272D66 
 289      66756E63 
 289      74696F6E 
 290 0099 666E6F2D 		.ascii	"fno-common' '-flto'\000"
 290      636F6D6D 
 290      6F6E2720 
 290      272D666C 
 290      746F2700 
 291              		.text
 292              		.cfi_sections	.debug_frame
 293              		.section	.text.__core_init,"ax",%progbits
 294              		.align	2
 295              		.p2align 4,,15
 296              		.weak	__core_init
 297              		.thumb
 298              		.thumb_func
 299              		.type	__core_init, %function
 300              	__core_init:
 301              	.LFB63:
 302              		.file 1 "../../../os/common/startup/ARMCMx/compilers/GCC/crt1.c"
 303              		.loc 1 136 0
 304              		.cfi_startproc
 305              		@ args = 0, pretend = 0, frame = 0
 306              		@ frame_needed = 0, uses_anonymous_args = 0
 307              		@ link register save eliminated.
 308 0000 7047     		bx	lr
 309              		.cfi_endproc
 310              	.LFE63:
 311              		.size	__core_init, .-__core_init
 312 0002 00BFAFF3 		.section	.text.__early_init,"ax",%progbits
 312      0080AFF3 
 312      0080AFF3 
 312      0080
 313              		.align	2
 314              		.p2align 4,,15
 315              		.weak	__early_init
 316              		.thumb
 317              		.thumb_func
 318              		.type	__early_init, %function
 319              	__early_init:
 320              	.LFB64:
 321              		.loc 1 155 0
 322              		.cfi_startproc
 323              		@ args = 0, pretend = 0, frame = 0
 324              		@ frame_needed = 0, uses_anonymous_args = 0
ARM GAS  /tmp/cc3XJMkJ.s 			page 23


 325              		@ link register save eliminated.
 326 0000 7047     		bx	lr
 327              		.cfi_endproc
 328              	.LFE64:
 329              		.size	__early_init, .-__early_init
 330 0002 00BFAFF3 		.section	.text.__late_init,"ax",%progbits
 330      0080AFF3 
 330      0080AFF3 
 330      0080
 331              		.align	2
 332              		.p2align 4,,15
 333              		.weak	__late_init
 334              		.thumb
 335              		.thumb_func
 336              		.type	__late_init, %function
 337              	__late_init:
 338              	.LFB65:
 339              		.loc 1 169 0
 340              		.cfi_startproc
 341              		@ args = 0, pretend = 0, frame = 0
 342              		@ frame_needed = 0, uses_anonymous_args = 0
 343              		@ link register save eliminated.
 344 0000 7047     		bx	lr
 345              		.cfi_endproc
 346              	.LFE65:
 347              		.size	__late_init, .-__late_init
 348 0002 00BFAFF3 		.section	.text.__default_exit,"ax",%progbits
 348      0080AFF3 
 348      0080AFF3 
 348      0080
 349              		.align	2
 350              		.p2align 4,,15
 351              		.weak	__default_exit
 352              		.thumb
 353              		.thumb_func
 354              		.type	__default_exit, %function
 355              	__default_exit:
 356              	.LFB66:
 357              		.loc 1 182 0
 358              		.cfi_startproc
 359              		@ Volatile: function does not return.
 360              		@ args = 0, pretend = 0, frame = 0
 361              		@ frame_needed = 0, uses_anonymous_args = 0
 362              		@ link register save eliminated.
 363              	.L5:
 364 0000 FEE7     		b	.L5
 365              		.cfi_endproc
 366              	.LFE66:
 367              		.size	__default_exit, .-__default_exit
 368 0002 00BFAFF3 		.section	.text.__init_ram_areas,"ax",%progbits
 368      0080AFF3 
 368      0080AFF3 
 368      0080
 369              		.align	2
 370              		.p2align 4,,15
 371              		.global	__init_ram_areas
 372              		.thumb
ARM GAS  /tmp/cc3XJMkJ.s 			page 24


 373              		.thumb_func
 374              		.type	__init_ram_areas, %function
 375              	__init_ram_areas:
 376              	.LFB67:
 377              		.loc 1 192 0
 378              		.cfi_startproc
 379              		@ args = 0, pretend = 0, frame = 0
 380              		@ frame_needed = 0, uses_anonymous_args = 0
 381              		@ link register save eliminated.
 382              	.LVL0:
 383              		.loc 1 192 0
 384 0000 F0B4     		push	{r4, r5, r6, r7}
 385              		.cfi_def_cfa_offset 16
 386              		.cfi_offset 4, -16
 387              		.cfi_offset 5, -12
 388              		.cfi_offset 6, -8
 389              		.cfi_offset 7, -4
 390 0002 134E     		ldr	r6, .L19
 391              	.LBB2:
 392              		.loc 1 209 0
 393 0004 0025     		movs	r5, #0
 394 0006 06F17007 		add	r7, r6, #112
 395              	.LVL1:
 396              	.L15:
 397              		.loc 1 197 0
 398 000a A6F11001 		sub	r1, r6, #16
 399              	.LVL2:
 400 000e 1AC9     		ldmia	r1, {r1, r3, r4}
 401              	.LVL3:
 402              		.loc 1 201 0
 403 0010 A342     		cmp	r3, r4
 404 0012 0DD2     		bcs	.L7
 405 0014 0439     		subs	r1, r1, #4
 406              	.LVL4:
 407 0016 1A46     		mov	r2, r3
 408              	.LVL5:
 409              	.L9:
 410              		.loc 1 202 0
 411 0018 51F8040F 		ldr	r0, [r1, #4]!
 412              	.LVL6:
 413 001c 42F8040B 		str	r0, [r2], #4
 414              	.LVL7:
 415              		.loc 1 201 0
 416 0020 A242     		cmp	r2, r4
 417 0022 F9D3     		bcc	.L9
 418 0024 DA43     		mvns	r2, r3
 419              	.LVL8:
 420 0026 1444     		add	r4, r4, r2
 421 0028 24F00304 		bic	r4, r4, #3
 422 002c 0434     		adds	r4, r4, #4
 423 002e 2344     		add	r3, r3, r4
 424              	.LVL9:
 425              	.L7:
 426              		.loc 1 208 0 discriminator 1
 427 0030 56F8042C 		ldr	r2, [r6, #-4]
 428 0034 9342     		cmp	r3, r2
 429 0036 03D2     		bcs	.L13
ARM GAS  /tmp/cc3XJMkJ.s 			page 25


 430              	.L14:
 431              		.loc 1 209 0
 432 0038 43F8045B 		str	r5, [r3], #4
 433              	.LVL10:
 434              		.loc 1 208 0
 435 003c 9342     		cmp	r3, r2
 436 003e FBD3     		bcc	.L14
 437              	.L13:
 438              	.LVL11:
 439              	.LBE2:
 440              		.loc 1 214 0
 441 0040 BE42     		cmp	r6, r7
 442 0042 06F11003 		add	r3, r6, #16
 443              	.LVL12:
 444 0046 01D2     		bcs	.L18
 445 0048 1E46     		mov	r6, r3
 446              	.LVL13:
 447 004a DEE7     		b	.L15
 448              	.LVL14:
 449              	.L18:
 450              		.loc 1 216 0
 451 004c F0BC     		pop	{r4, r5, r6, r7}
 452              	.LVL15:
 453 004e 7047     		bx	lr
 454              	.L20:
 455              		.align	2
 456              	.L19:
 457 0050 10000000 		.word	.LANCHOR0+16
 458              		.cfi_endproc
 459              	.LFE67:
 460              		.size	__init_ram_areas, .-__init_ram_areas
 461 0054 AFF30080 		.section	.rodata.ram_areas,"a",%progbits
 461      AFF30080 
 461      AFF30080 
 462              		.align	2
 463              		.set	.LANCHOR0,. + 0
 464              		.type	ram_areas, %object
 465              		.size	ram_areas, 128
 466              	ram_areas:
 467 0000 00000000 		.word	__ram0_init_text__
 468 0004 00000000 		.word	__ram0_init__
 469 0008 00000000 		.word	__ram0_clear__
 470 000c 00000000 		.word	__ram0_noinit__
 471 0010 00000000 		.word	__ram1_init_text__
 472 0014 00000000 		.word	__ram1_init__
 473 0018 00000000 		.word	__ram1_clear__
 474 001c 00000000 		.word	__ram1_noinit__
 475 0020 00000000 		.word	__ram2_init_text__
 476 0024 00000000 		.word	__ram2_init__
 477 0028 00000000 		.word	__ram2_clear__
 478 002c 00000000 		.word	__ram2_noinit__
 479 0030 00000000 		.word	__ram3_init_text__
 480 0034 00000000 		.word	__ram3_init__
 481 0038 00000000 		.word	__ram3_clear__
 482 003c 00000000 		.word	__ram3_noinit__
 483 0040 00000000 		.word	__ram4_init_text__
 484 0044 00000000 		.word	__ram4_init__
ARM GAS  /tmp/cc3XJMkJ.s 			page 26


 485 0048 00000000 		.word	__ram4_clear__
 486 004c 00000000 		.word	__ram4_noinit__
 487 0050 00000000 		.word	__ram5_init_text__
 488 0054 00000000 		.word	__ram5_init__
 489 0058 00000000 		.word	__ram5_clear__
 490 005c 00000000 		.word	__ram5_noinit__
 491 0060 00000000 		.word	__ram6_init_text__
 492 0064 00000000 		.word	__ram6_init__
 493 0068 00000000 		.word	__ram6_clear__
 494 006c 00000000 		.word	__ram6_noinit__
 495 0070 00000000 		.word	__ram7_init_text__
 496 0074 00000000 		.word	__ram7_init__
 497 0078 00000000 		.word	__ram7_clear__
 498 007c 00000000 		.word	__ram7_noinit__
 499              		.text
 500              	.Letext0:
 501              		.file 2 "/home/julian/MEGA/semestre_ix/Embebidos/arm-2013.11/arm-none-eabi/include/stdint.h"
 502              		.file 3 "../../../os/common/ext/CMSIS/include/core_cm3.h"
 503              		.section	.debug_info,"",%progbits
 504              	.Ldebug_info0:
 505 0000 FF020000 		.4byte	0x2ff
 506 0004 0400     		.2byte	0x4
 507 0006 00000000 		.4byte	.Ldebug_abbrev0
 508 000a 04       		.byte	0x4
 509 000b 01       		.uleb128 0x1
 510 000c 34020000 		.4byte	.LASF55
 511 0010 01       		.byte	0x1
 512 0011 3B030000 		.4byte	.LASF56
 513 0015 D1000000 		.4byte	.LASF57
 514 0019 00000000 		.4byte	.Ldebug_ranges0+0
 515 001d 00000000 		.4byte	0
 516 0021 00000000 		.4byte	.Ldebug_line0
 517 0025 02       		.uleb128 0x2
 518 0026 01       		.byte	0x1
 519 0027 06       		.byte	0x6
 520 0028 52040000 		.4byte	.LASF0
 521 002c 02       		.uleb128 0x2
 522 002d 01       		.byte	0x1
 523 002e 08       		.byte	0x8
 524 002f D2010000 		.4byte	.LASF1
 525 0033 02       		.uleb128 0x2
 526 0034 02       		.byte	0x2
 527 0035 05       		.byte	0x5
 528 0036 08040000 		.4byte	.LASF2
 529 003a 02       		.uleb128 0x2
 530 003b 02       		.byte	0x2
 531 003c 07       		.byte	0x7
 532 003d 80000000 		.4byte	.LASF3
 533 0041 03       		.uleb128 0x3
 534 0042 72010000 		.4byte	.LASF5
 535 0046 02       		.byte	0x2
 536 0047 4F       		.byte	0x4f
 537 0048 4C000000 		.4byte	0x4c
 538 004c 02       		.uleb128 0x2
 539 004d 04       		.byte	0x4
 540 004e 05       		.byte	0x5
 541 004f 39040000 		.4byte	.LASF4
ARM GAS  /tmp/cc3XJMkJ.s 			page 27


 542 0053 03       		.uleb128 0x3
 543 0054 30040000 		.4byte	.LASF6
 544 0058 02       		.byte	0x2
 545 0059 50       		.byte	0x50
 546 005a 5E000000 		.4byte	0x5e
 547 005e 02       		.uleb128 0x2
 548 005f 04       		.byte	0x4
 549 0060 07       		.byte	0x7
 550 0061 7A010000 		.4byte	.LASF7
 551 0065 02       		.uleb128 0x2
 552 0066 08       		.byte	0x8
 553 0067 05       		.byte	0x5
 554 0068 B5030000 		.4byte	.LASF8
 555 006c 02       		.uleb128 0x2
 556 006d 08       		.byte	0x8
 557 006e 07       		.byte	0x7
 558 006f 11030000 		.4byte	.LASF9
 559 0073 04       		.uleb128 0x4
 560 0074 04       		.byte	0x4
 561 0075 05       		.byte	0x5
 562 0076 696E7400 		.ascii	"int\000"
 563 007a 02       		.uleb128 0x2
 564 007b 04       		.byte	0x4
 565 007c 07       		.byte	0x7
 566 007d 04030000 		.4byte	.LASF10
 567 0081 02       		.uleb128 0x2
 568 0082 04       		.byte	0x4
 569 0083 07       		.byte	0x7
 570 0084 9C030000 		.4byte	.LASF11
 571 0088 05       		.uleb128 0x5
 572 0089 10       		.byte	0x10
 573 008a 01       		.byte	0x1
 574 008b 34       		.byte	0x34
 575 008c C1000000 		.4byte	0xc1
 576 0090 06       		.uleb128 0x6
 577 0091 12040000 		.4byte	.LASF12
 578 0095 01       		.byte	0x1
 579 0096 35       		.byte	0x35
 580 0097 C1000000 		.4byte	0xc1
 581 009b 00       		.byte	0
 582 009c 06       		.uleb128 0x6
 583 009d 59000000 		.4byte	.LASF13
 584 00a1 01       		.byte	0x1
 585 00a2 36       		.byte	0x36
 586 00a3 C1000000 		.4byte	0xc1
 587 00a7 04       		.byte	0x4
 588 00a8 06       		.uleb128 0x6
 589 00a9 4C010000 		.4byte	.LASF14
 590 00ad 01       		.byte	0x1
 591 00ae 37       		.byte	0x37
 592 00af C1000000 		.4byte	0xc1
 593 00b3 08       		.byte	0x8
 594 00b4 06       		.uleb128 0x6
 595 00b5 8F030000 		.4byte	.LASF15
 596 00b9 01       		.byte	0x1
 597 00ba 38       		.byte	0x38
 598 00bb C1000000 		.4byte	0xc1
ARM GAS  /tmp/cc3XJMkJ.s 			page 28


 599 00bf 0C       		.byte	0xc
 600 00c0 00       		.byte	0
 601 00c1 07       		.uleb128 0x7
 602 00c2 04       		.byte	0x4
 603 00c3 53000000 		.4byte	0x53
 604 00c7 03       		.uleb128 0x3
 605 00c8 02020000 		.4byte	.LASF16
 606 00cc 01       		.byte	0x1
 607 00cd 39       		.byte	0x39
 608 00ce 88000000 		.4byte	0x88
 609 00d2 08       		.uleb128 0x8
 610 00d3 3D000000 		.4byte	.LASF17
 611 00d7 01       		.byte	0x1
 612 00d8 88       		.byte	0x88
 613 00d9 00000000 		.4byte	.LFB63
 614 00dd 02000000 		.4byte	.LFE63-.LFB63
 615 00e1 01       		.uleb128 0x1
 616 00e2 9C       		.byte	0x9c
 617 00e3 08       		.uleb128 0x8
 618 00e4 72030000 		.4byte	.LASF18
 619 00e8 01       		.byte	0x1
 620 00e9 9B       		.byte	0x9b
 621 00ea 00000000 		.4byte	.LFB64
 622 00ee 02000000 		.4byte	.LFE64-.LFB64
 623 00f2 01       		.uleb128 0x1
 624 00f3 9C       		.byte	0x9c
 625 00f4 08       		.uleb128 0x8
 626 00f5 57010000 		.4byte	.LASF19
 627 00f9 01       		.byte	0x1
 628 00fa A9       		.byte	0xa9
 629 00fb 00000000 		.4byte	.LFB65
 630 00ff 02000000 		.4byte	.LFE65-.LFB65
 631 0103 01       		.uleb128 0x1
 632 0104 9C       		.byte	0x9c
 633 0105 08       		.uleb128 0x8
 634 0106 E0010000 		.4byte	.LASF20
 635 010a 01       		.byte	0x1
 636 010b B6       		.byte	0xb6
 637 010c 00000000 		.4byte	.LFB66
 638 0110 02000000 		.4byte	.LFE66-.LFB66
 639 0114 01       		.uleb128 0x1
 640 0115 9C       		.byte	0x9c
 641 0116 09       		.uleb128 0x9
 642 0117 00000000 		.4byte	.LASF58
 643 011b 01       		.byte	0x1
 644 011c C0       		.byte	0xc0
 645 011d 00000000 		.4byte	.LFB67
 646 0121 54000000 		.4byte	.LFE67-.LFB67
 647 0125 01       		.uleb128 0x1
 648 0126 9C       		.byte	0x9c
 649 0127 60010000 		.4byte	0x160
 650 012b 0A       		.uleb128 0xa
 651 012c 72617000 		.ascii	"rap\000"
 652 0130 01       		.byte	0x1
 653 0131 C2       		.byte	0xc2
 654 0132 60010000 		.4byte	0x160
 655 0136 00000000 		.4byte	.LLST0
ARM GAS  /tmp/cc3XJMkJ.s 			page 29


 656 013a 0B       		.uleb128 0xb
 657 013b 04000000 		.4byte	.LBB2
 658 013f 3C000000 		.4byte	.LBE2-.LBB2
 659 0143 0A       		.uleb128 0xa
 660 0144 747000   		.ascii	"tp\000"
 661 0147 01       		.byte	0x1
 662 0148 C5       		.byte	0xc5
 663 0149 C1000000 		.4byte	0xc1
 664 014d 6D000000 		.4byte	.LLST1
 665 0151 0A       		.uleb128 0xa
 666 0152 7000     		.ascii	"p\000"
 667 0154 01       		.byte	0x1
 668 0155 C6       		.byte	0xc6
 669 0156 C1000000 		.4byte	0xc1
 670 015a B1000000 		.4byte	.LLST2
 671 015e 00       		.byte	0
 672 015f 00       		.byte	0
 673 0160 07       		.uleb128 0x7
 674 0161 04       		.byte	0x4
 675 0162 66010000 		.4byte	0x166
 676 0166 0C       		.uleb128 0xc
 677 0167 C7000000 		.4byte	0xc7
 678 016b 0D       		.uleb128 0xd
 679 016c C7000000 		.4byte	0xc7
 680 0170 7B010000 		.4byte	0x17b
 681 0174 0E       		.uleb128 0xe
 682 0175 81000000 		.4byte	0x81
 683 0179 07       		.byte	0x7
 684 017a 00       		.byte	0
 685 017b 0F       		.uleb128 0xf
 686 017c 63000000 		.4byte	.LASF21
 687 0180 01       		.byte	0x1
 688 0181 5C       		.byte	0x5c
 689 0182 8C010000 		.4byte	0x18c
 690 0186 05       		.uleb128 0x5
 691 0187 03       		.byte	0x3
 692 0188 00000000 		.4byte	ram_areas
 693 018c 0C       		.uleb128 0xc
 694 018d 6B010000 		.4byte	0x16b
 695 0191 10       		.uleb128 0x10
 696 0192 B7010000 		.4byte	.LASF22
 697 0196 03       		.byte	0x3
 698 0197 9606     		.2byte	0x696
 699 0199 9D010000 		.4byte	0x19d
 700 019d 11       		.uleb128 0x11
 701 019e 41000000 		.4byte	0x41
 702 01a2 12       		.uleb128 0x12
 703 01a3 6D000000 		.4byte	.LASF23
 704 01a7 01       		.byte	0x1
 705 01a8 40       		.byte	0x40
 706 01a9 53000000 		.4byte	0x53
 707 01ad 12       		.uleb128 0x12
 708 01ae 8C010000 		.4byte	.LASF24
 709 01b2 01       		.byte	0x1
 710 01b3 40       		.byte	0x40
 711 01b4 53000000 		.4byte	0x53
 712 01b8 12       		.uleb128 0x12
ARM GAS  /tmp/cc3XJMkJ.s 			page 30


 713 01b9 21040000 		.4byte	.LASF25
 714 01bd 01       		.byte	0x1
 715 01be 40       		.byte	0x40
 716 01bf 53000000 		.4byte	0x53
 717 01c3 12       		.uleb128 0x12
 718 01c4 2D000000 		.4byte	.LASF26
 719 01c8 01       		.byte	0x1
 720 01c9 40       		.byte	0x40
 721 01ca 53000000 		.4byte	0x53
 722 01ce 12       		.uleb128 0x12
 723 01cf D3030000 		.4byte	.LASF27
 724 01d3 01       		.byte	0x1
 725 01d4 43       		.byte	0x43
 726 01d5 53000000 		.4byte	0x53
 727 01d9 12       		.uleb128 0x12
 728 01da A2000000 		.4byte	.LASF28
 729 01de 01       		.byte	0x1
 730 01df 43       		.byte	0x43
 731 01e0 53000000 		.4byte	0x53
 732 01e4 12       		.uleb128 0x12
 733 01e5 A8010000 		.4byte	.LASF29
 734 01e9 01       		.byte	0x1
 735 01ea 43       		.byte	0x43
 736 01eb 53000000 		.4byte	0x53
 737 01ef 12       		.uleb128 0x12
 738 01f0 42040000 		.4byte	.LASF30
 739 01f4 01       		.byte	0x1
 740 01f5 43       		.byte	0x43
 741 01f6 53000000 		.4byte	0x53
 742 01fa 12       		.uleb128 0x12
 743 01fb EF010000 		.4byte	.LASF31
 744 01ff 01       		.byte	0x1
 745 0200 46       		.byte	0x46
 746 0201 53000000 		.4byte	0x53
 747 0205 12       		.uleb128 0x12
 748 0206 11000000 		.4byte	.LASF32
 749 020a 01       		.byte	0x1
 750 020b 46       		.byte	0x46
 751 020c 53000000 		.4byte	0x53
 752 0210 12       		.uleb128 0x12
 753 0211 E6030000 		.4byte	.LASF33
 754 0215 01       		.byte	0x1
 755 0216 46       		.byte	0x46
 756 0217 53000000 		.4byte	0x53
 757 021b 12       		.uleb128 0x12
 758 021c C3030000 		.4byte	.LASF34
 759 0220 01       		.byte	0x1
 760 0221 46       		.byte	0x46
 761 0222 53000000 		.4byte	0x53
 762 0226 12       		.uleb128 0x12
 763 0227 39010000 		.4byte	.LASF35
 764 022b 01       		.byte	0x1
 765 022c 49       		.byte	0x49
 766 022d 53000000 		.4byte	0x53
 767 0231 12       		.uleb128 0x12
 768 0232 C4010000 		.4byte	.LASF36
 769 0236 01       		.byte	0x1
ARM GAS  /tmp/cc3XJMkJ.s 			page 31


 770 0237 49       		.byte	0x49
 771 0238 53000000 		.4byte	0x53
 772 023c 12       		.uleb128 0x12
 773 023d 93000000 		.4byte	.LASF37
 774 0241 01       		.byte	0x1
 775 0242 49       		.byte	0x49
 776 0243 53000000 		.4byte	0x53
 777 0247 12       		.uleb128 0x12
 778 0248 A5030000 		.4byte	.LASF38
 779 024c 01       		.byte	0x1
 780 024d 49       		.byte	0x49
 781 024e 53000000 		.4byte	0x53
 782 0252 12       		.uleb128 0x12
 783 0253 F5030000 		.4byte	.LASF39
 784 0257 01       		.byte	0x1
 785 0258 4C       		.byte	0x4c
 786 0259 53000000 		.4byte	0x53
 787 025d 12       		.uleb128 0x12
 788 025e D7020000 		.4byte	.LASF40
 789 0262 01       		.byte	0x1
 790 0263 4C       		.byte	0x4c
 791 0264 53000000 		.4byte	0x53
 792 0268 12       		.uleb128 0x12
 793 0269 E5020000 		.4byte	.LASF41
 794 026d 01       		.byte	0x1
 795 026e 4C       		.byte	0x4c
 796 026f 53000000 		.4byte	0x53
 797 0273 12       		.uleb128 0x12
 798 0274 F4020000 		.4byte	.LASF42
 799 0278 01       		.byte	0x1
 800 0279 4C       		.byte	0x4c
 801 027a 53000000 		.4byte	0x53
 802 027e 12       		.uleb128 0x12
 803 027f 12020000 		.4byte	.LASF43
 804 0283 01       		.byte	0x1
 805 0284 4F       		.byte	0x4f
 806 0285 53000000 		.4byte	0x53
 807 0289 12       		.uleb128 0x12
 808 028a 9A010000 		.4byte	.LASF44
 809 028e 01       		.byte	0x1
 810 028f 4F       		.byte	0x4f
 811 0290 53000000 		.4byte	0x53
 812 0294 12       		.uleb128 0x12
 813 0295 5E040000 		.4byte	.LASF45
 814 0299 01       		.byte	0x1
 815 029a 4F       		.byte	0x4f
 816 029b 53000000 		.4byte	0x53
 817 029f 12       		.uleb128 0x12
 818 02a0 7F030000 		.4byte	.LASF46
 819 02a4 01       		.byte	0x1
 820 02a5 4F       		.byte	0x4f
 821 02a6 53000000 		.4byte	0x53
 822 02aa 12       		.uleb128 0x12
 823 02ab BE000000 		.4byte	.LASF47
 824 02af 01       		.byte	0x1
 825 02b0 52       		.byte	0x52
 826 02b1 53000000 		.4byte	0x53
ARM GAS  /tmp/cc3XJMkJ.s 			page 32


 827 02b5 12       		.uleb128 0x12
 828 02b6 B0000000 		.4byte	.LASF48
 829 02ba 01       		.byte	0x1
 830 02bb 52       		.byte	0x52
 831 02bc 53000000 		.4byte	0x53
 832 02c0 12       		.uleb128 0x12
 833 02c1 63010000 		.4byte	.LASF49
 834 02c5 01       		.byte	0x1
 835 02c6 52       		.byte	0x52
 836 02c7 53000000 		.4byte	0x53
 837 02cb 12       		.uleb128 0x12
 838 02cc 29010000 		.4byte	.LASF50
 839 02d0 01       		.byte	0x1
 840 02d1 52       		.byte	0x52
 841 02d2 53000000 		.4byte	0x53
 842 02d6 12       		.uleb128 0x12
 843 02d7 28030000 		.4byte	.LASF51
 844 02db 01       		.byte	0x1
 845 02dc 55       		.byte	0x55
 846 02dd 53000000 		.4byte	0x53
 847 02e1 12       		.uleb128 0x12
 848 02e2 1F000000 		.4byte	.LASF52
 849 02e6 01       		.byte	0x1
 850 02e7 55       		.byte	0x55
 851 02e8 53000000 		.4byte	0x53
 852 02ec 12       		.uleb128 0x12
 853 02ed 25020000 		.4byte	.LASF53
 854 02f1 01       		.byte	0x1
 855 02f2 55       		.byte	0x55
 856 02f3 53000000 		.4byte	0x53
 857 02f7 12       		.uleb128 0x12
 858 02f8 49000000 		.4byte	.LASF54
 859 02fc 01       		.byte	0x1
 860 02fd 55       		.byte	0x55
 861 02fe 53000000 		.4byte	0x53
 862 0302 00       		.byte	0
 863              		.section	.debug_abbrev,"",%progbits
 864              	.Ldebug_abbrev0:
 865 0000 01       		.uleb128 0x1
 866 0001 11       		.uleb128 0x11
 867 0002 01       		.byte	0x1
 868 0003 25       		.uleb128 0x25
 869 0004 0E       		.uleb128 0xe
 870 0005 13       		.uleb128 0x13
 871 0006 0B       		.uleb128 0xb
 872 0007 03       		.uleb128 0x3
 873 0008 0E       		.uleb128 0xe
 874 0009 1B       		.uleb128 0x1b
 875 000a 0E       		.uleb128 0xe
 876 000b 55       		.uleb128 0x55
 877 000c 17       		.uleb128 0x17
 878 000d 11       		.uleb128 0x11
 879 000e 01       		.uleb128 0x1
 880 000f 10       		.uleb128 0x10
 881 0010 17       		.uleb128 0x17
 882 0011 00       		.byte	0
 883 0012 00       		.byte	0
ARM GAS  /tmp/cc3XJMkJ.s 			page 33


 884 0013 02       		.uleb128 0x2
 885 0014 24       		.uleb128 0x24
 886 0015 00       		.byte	0
 887 0016 0B       		.uleb128 0xb
 888 0017 0B       		.uleb128 0xb
 889 0018 3E       		.uleb128 0x3e
 890 0019 0B       		.uleb128 0xb
 891 001a 03       		.uleb128 0x3
 892 001b 0E       		.uleb128 0xe
 893 001c 00       		.byte	0
 894 001d 00       		.byte	0
 895 001e 03       		.uleb128 0x3
 896 001f 16       		.uleb128 0x16
 897 0020 00       		.byte	0
 898 0021 03       		.uleb128 0x3
 899 0022 0E       		.uleb128 0xe
 900 0023 3A       		.uleb128 0x3a
 901 0024 0B       		.uleb128 0xb
 902 0025 3B       		.uleb128 0x3b
 903 0026 0B       		.uleb128 0xb
 904 0027 49       		.uleb128 0x49
 905 0028 13       		.uleb128 0x13
 906 0029 00       		.byte	0
 907 002a 00       		.byte	0
 908 002b 04       		.uleb128 0x4
 909 002c 24       		.uleb128 0x24
 910 002d 00       		.byte	0
 911 002e 0B       		.uleb128 0xb
 912 002f 0B       		.uleb128 0xb
 913 0030 3E       		.uleb128 0x3e
 914 0031 0B       		.uleb128 0xb
 915 0032 03       		.uleb128 0x3
 916 0033 08       		.uleb128 0x8
 917 0034 00       		.byte	0
 918 0035 00       		.byte	0
 919 0036 05       		.uleb128 0x5
 920 0037 13       		.uleb128 0x13
 921 0038 01       		.byte	0x1
 922 0039 0B       		.uleb128 0xb
 923 003a 0B       		.uleb128 0xb
 924 003b 3A       		.uleb128 0x3a
 925 003c 0B       		.uleb128 0xb
 926 003d 3B       		.uleb128 0x3b
 927 003e 0B       		.uleb128 0xb
 928 003f 01       		.uleb128 0x1
 929 0040 13       		.uleb128 0x13
 930 0041 00       		.byte	0
 931 0042 00       		.byte	0
 932 0043 06       		.uleb128 0x6
 933 0044 0D       		.uleb128 0xd
 934 0045 00       		.byte	0
 935 0046 03       		.uleb128 0x3
 936 0047 0E       		.uleb128 0xe
 937 0048 3A       		.uleb128 0x3a
 938 0049 0B       		.uleb128 0xb
 939 004a 3B       		.uleb128 0x3b
 940 004b 0B       		.uleb128 0xb
ARM GAS  /tmp/cc3XJMkJ.s 			page 34


 941 004c 49       		.uleb128 0x49
 942 004d 13       		.uleb128 0x13
 943 004e 38       		.uleb128 0x38
 944 004f 0B       		.uleb128 0xb
 945 0050 00       		.byte	0
 946 0051 00       		.byte	0
 947 0052 07       		.uleb128 0x7
 948 0053 0F       		.uleb128 0xf
 949 0054 00       		.byte	0
 950 0055 0B       		.uleb128 0xb
 951 0056 0B       		.uleb128 0xb
 952 0057 49       		.uleb128 0x49
 953 0058 13       		.uleb128 0x13
 954 0059 00       		.byte	0
 955 005a 00       		.byte	0
 956 005b 08       		.uleb128 0x8
 957 005c 2E       		.uleb128 0x2e
 958 005d 00       		.byte	0
 959 005e 3F       		.uleb128 0x3f
 960 005f 19       		.uleb128 0x19
 961 0060 03       		.uleb128 0x3
 962 0061 0E       		.uleb128 0xe
 963 0062 3A       		.uleb128 0x3a
 964 0063 0B       		.uleb128 0xb
 965 0064 3B       		.uleb128 0x3b
 966 0065 0B       		.uleb128 0xb
 967 0066 27       		.uleb128 0x27
 968 0067 19       		.uleb128 0x19
 969 0068 11       		.uleb128 0x11
 970 0069 01       		.uleb128 0x1
 971 006a 12       		.uleb128 0x12
 972 006b 06       		.uleb128 0x6
 973 006c 40       		.uleb128 0x40
 974 006d 18       		.uleb128 0x18
 975 006e 9742     		.uleb128 0x2117
 976 0070 19       		.uleb128 0x19
 977 0071 00       		.byte	0
 978 0072 00       		.byte	0
 979 0073 09       		.uleb128 0x9
 980 0074 2E       		.uleb128 0x2e
 981 0075 01       		.byte	0x1
 982 0076 3F       		.uleb128 0x3f
 983 0077 19       		.uleb128 0x19
 984 0078 03       		.uleb128 0x3
 985 0079 0E       		.uleb128 0xe
 986 007a 3A       		.uleb128 0x3a
 987 007b 0B       		.uleb128 0xb
 988 007c 3B       		.uleb128 0x3b
 989 007d 0B       		.uleb128 0xb
 990 007e 27       		.uleb128 0x27
 991 007f 19       		.uleb128 0x19
 992 0080 11       		.uleb128 0x11
 993 0081 01       		.uleb128 0x1
 994 0082 12       		.uleb128 0x12
 995 0083 06       		.uleb128 0x6
 996 0084 40       		.uleb128 0x40
 997 0085 18       		.uleb128 0x18
ARM GAS  /tmp/cc3XJMkJ.s 			page 35


 998 0086 9742     		.uleb128 0x2117
 999 0088 19       		.uleb128 0x19
 1000 0089 01       		.uleb128 0x1
 1001 008a 13       		.uleb128 0x13
 1002 008b 00       		.byte	0
 1003 008c 00       		.byte	0
 1004 008d 0A       		.uleb128 0xa
 1005 008e 34       		.uleb128 0x34
 1006 008f 00       		.byte	0
 1007 0090 03       		.uleb128 0x3
 1008 0091 08       		.uleb128 0x8
 1009 0092 3A       		.uleb128 0x3a
 1010 0093 0B       		.uleb128 0xb
 1011 0094 3B       		.uleb128 0x3b
 1012 0095 0B       		.uleb128 0xb
 1013 0096 49       		.uleb128 0x49
 1014 0097 13       		.uleb128 0x13
 1015 0098 02       		.uleb128 0x2
 1016 0099 17       		.uleb128 0x17
 1017 009a 00       		.byte	0
 1018 009b 00       		.byte	0
 1019 009c 0B       		.uleb128 0xb
 1020 009d 0B       		.uleb128 0xb
 1021 009e 01       		.byte	0x1
 1022 009f 11       		.uleb128 0x11
 1023 00a0 01       		.uleb128 0x1
 1024 00a1 12       		.uleb128 0x12
 1025 00a2 06       		.uleb128 0x6
 1026 00a3 00       		.byte	0
 1027 00a4 00       		.byte	0
 1028 00a5 0C       		.uleb128 0xc
 1029 00a6 26       		.uleb128 0x26
 1030 00a7 00       		.byte	0
 1031 00a8 49       		.uleb128 0x49
 1032 00a9 13       		.uleb128 0x13
 1033 00aa 00       		.byte	0
 1034 00ab 00       		.byte	0
 1035 00ac 0D       		.uleb128 0xd
 1036 00ad 01       		.uleb128 0x1
 1037 00ae 01       		.byte	0x1
 1038 00af 49       		.uleb128 0x49
 1039 00b0 13       		.uleb128 0x13
 1040 00b1 01       		.uleb128 0x1
 1041 00b2 13       		.uleb128 0x13
 1042 00b3 00       		.byte	0
 1043 00b4 00       		.byte	0
 1044 00b5 0E       		.uleb128 0xe
 1045 00b6 21       		.uleb128 0x21
 1046 00b7 00       		.byte	0
 1047 00b8 49       		.uleb128 0x49
 1048 00b9 13       		.uleb128 0x13
 1049 00ba 2F       		.uleb128 0x2f
 1050 00bb 0B       		.uleb128 0xb
 1051 00bc 00       		.byte	0
 1052 00bd 00       		.byte	0
 1053 00be 0F       		.uleb128 0xf
 1054 00bf 34       		.uleb128 0x34
ARM GAS  /tmp/cc3XJMkJ.s 			page 36


 1055 00c0 00       		.byte	0
 1056 00c1 03       		.uleb128 0x3
 1057 00c2 0E       		.uleb128 0xe
 1058 00c3 3A       		.uleb128 0x3a
 1059 00c4 0B       		.uleb128 0xb
 1060 00c5 3B       		.uleb128 0x3b
 1061 00c6 0B       		.uleb128 0xb
 1062 00c7 49       		.uleb128 0x49
 1063 00c8 13       		.uleb128 0x13
 1064 00c9 02       		.uleb128 0x2
 1065 00ca 18       		.uleb128 0x18
 1066 00cb 00       		.byte	0
 1067 00cc 00       		.byte	0
 1068 00cd 10       		.uleb128 0x10
 1069 00ce 34       		.uleb128 0x34
 1070 00cf 00       		.byte	0
 1071 00d0 03       		.uleb128 0x3
 1072 00d1 0E       		.uleb128 0xe
 1073 00d2 3A       		.uleb128 0x3a
 1074 00d3 0B       		.uleb128 0xb
 1075 00d4 3B       		.uleb128 0x3b
 1076 00d5 05       		.uleb128 0x5
 1077 00d6 49       		.uleb128 0x49
 1078 00d7 13       		.uleb128 0x13
 1079 00d8 3F       		.uleb128 0x3f
 1080 00d9 19       		.uleb128 0x19
 1081 00da 3C       		.uleb128 0x3c
 1082 00db 19       		.uleb128 0x19
 1083 00dc 00       		.byte	0
 1084 00dd 00       		.byte	0
 1085 00de 11       		.uleb128 0x11
 1086 00df 35       		.uleb128 0x35
 1087 00e0 00       		.byte	0
 1088 00e1 49       		.uleb128 0x49
 1089 00e2 13       		.uleb128 0x13
 1090 00e3 00       		.byte	0
 1091 00e4 00       		.byte	0
 1092 00e5 12       		.uleb128 0x12
 1093 00e6 34       		.uleb128 0x34
 1094 00e7 00       		.byte	0
 1095 00e8 03       		.uleb128 0x3
 1096 00e9 0E       		.uleb128 0xe
 1097 00ea 3A       		.uleb128 0x3a
 1098 00eb 0B       		.uleb128 0xb
 1099 00ec 3B       		.uleb128 0x3b
 1100 00ed 0B       		.uleb128 0xb
 1101 00ee 49       		.uleb128 0x49
 1102 00ef 13       		.uleb128 0x13
 1103 00f0 3F       		.uleb128 0x3f
 1104 00f1 19       		.uleb128 0x19
 1105 00f2 3C       		.uleb128 0x3c
 1106 00f3 19       		.uleb128 0x19
 1107 00f4 00       		.byte	0
 1108 00f5 00       		.byte	0
 1109 00f6 00       		.byte	0
 1110              		.section	.debug_loc,"",%progbits
 1111              	.Ldebug_loc0:
ARM GAS  /tmp/cc3XJMkJ.s 			page 37


 1112              	.LLST0:
 1113 0000 00000000 		.4byte	.LVL0
 1114 0004 0A000000 		.4byte	.LVL1
 1115 0008 0600     		.2byte	0x6
 1116 000a 03       		.byte	0x3
 1117 000b 00000000 		.4byte	ram_areas
 1118 000f 9F       		.byte	0x9f
 1119 0010 0A000000 		.4byte	.LVL1
 1120 0014 0E000000 		.4byte	.LVL2
 1121 0018 0300     		.2byte	0x3
 1122 001a 76       		.byte	0x76
 1123 001b 70       		.sleb128 -16
 1124 001c 9F       		.byte	0x9f
 1125 001d 0E000000 		.4byte	.LVL2
 1126 0021 10000000 		.4byte	.LVL3
 1127 0025 0100     		.2byte	0x1
 1128 0027 51       		.byte	0x51
 1129 0028 10000000 		.4byte	.LVL3
 1130 002c 40000000 		.4byte	.LVL11
 1131 0030 0300     		.2byte	0x3
 1132 0032 76       		.byte	0x76
 1133 0033 70       		.sleb128 -16
 1134 0034 9F       		.byte	0x9f
 1135 0035 40000000 		.4byte	.LVL11
 1136 0039 4A000000 		.4byte	.LVL13
 1137 003d 0100     		.2byte	0x1
 1138 003f 56       		.byte	0x56
 1139 0040 4A000000 		.4byte	.LVL13
 1140 0044 4C000000 		.4byte	.LVL14
 1141 0048 0300     		.2byte	0x3
 1142 004a 73       		.byte	0x73
 1143 004b 70       		.sleb128 -16
 1144 004c 9F       		.byte	0x9f
 1145 004d 4C000000 		.4byte	.LVL14
 1146 0051 4E000000 		.4byte	.LVL15
 1147 0055 0100     		.2byte	0x1
 1148 0057 56       		.byte	0x56
 1149 0058 4E000000 		.4byte	.LVL15
 1150 005c 54000000 		.4byte	.LFE67
 1151 0060 0300     		.2byte	0x3
 1152 0062 73       		.byte	0x73
 1153 0063 70       		.sleb128 -16
 1154 0064 9F       		.byte	0x9f
 1155 0065 00000000 		.4byte	0
 1156 0069 00000000 		.4byte	0
 1157              	.LLST1:
 1158 006d 10000000 		.4byte	.LVL3
 1159 0071 16000000 		.4byte	.LVL4
 1160 0075 0100     		.2byte	0x1
 1161 0077 51       		.byte	0x51
 1162 0078 16000000 		.4byte	.LVL4
 1163 007c 18000000 		.4byte	.LVL5
 1164 0080 0200     		.2byte	0x2
 1165 0082 76       		.byte	0x76
 1166 0083 70       		.sleb128 -16
 1167 0084 18000000 		.4byte	.LVL5
 1168 0088 1C000000 		.4byte	.LVL6
ARM GAS  /tmp/cc3XJMkJ.s 			page 38


 1169 008c 0300     		.2byte	0x3
 1170 008e 71       		.byte	0x71
 1171 008f 04       		.sleb128 4
 1172 0090 9F       		.byte	0x9f
 1173 0091 1C000000 		.4byte	.LVL6
 1174 0095 20000000 		.4byte	.LVL7
 1175 0099 0100     		.2byte	0x1
 1176 009b 51       		.byte	0x51
 1177 009c 20000000 		.4byte	.LVL7
 1178 00a0 30000000 		.4byte	.LVL9
 1179 00a4 0300     		.2byte	0x3
 1180 00a6 71       		.byte	0x71
 1181 00a7 04       		.sleb128 4
 1182 00a8 9F       		.byte	0x9f
 1183 00a9 00000000 		.4byte	0
 1184 00ad 00000000 		.4byte	0
 1185              	.LLST2:
 1186 00b1 10000000 		.4byte	.LVL3
 1187 00b5 18000000 		.4byte	.LVL5
 1188 00b9 0100     		.2byte	0x1
 1189 00bb 53       		.byte	0x53
 1190 00bc 18000000 		.4byte	.LVL5
 1191 00c0 26000000 		.4byte	.LVL8
 1192 00c4 0100     		.2byte	0x1
 1193 00c6 52       		.byte	0x52
 1194 00c7 30000000 		.4byte	.LVL9
 1195 00cb 46000000 		.4byte	.LVL12
 1196 00cf 0100     		.2byte	0x1
 1197 00d1 53       		.byte	0x53
 1198 00d2 00000000 		.4byte	0
 1199 00d6 00000000 		.4byte	0
 1200              		.section	.debug_aranges,"",%progbits
 1201 0000 3C000000 		.4byte	0x3c
 1202 0004 0200     		.2byte	0x2
 1203 0006 00000000 		.4byte	.Ldebug_info0
 1204 000a 04       		.byte	0x4
 1205 000b 00       		.byte	0
 1206 000c 0000     		.2byte	0
 1207 000e 0000     		.2byte	0
 1208 0010 00000000 		.4byte	.LFB63
 1209 0014 02000000 		.4byte	.LFE63-.LFB63
 1210 0018 00000000 		.4byte	.LFB64
 1211 001c 02000000 		.4byte	.LFE64-.LFB64
 1212 0020 00000000 		.4byte	.LFB65
 1213 0024 02000000 		.4byte	.LFE65-.LFB65
 1214 0028 00000000 		.4byte	.LFB66
 1215 002c 02000000 		.4byte	.LFE66-.LFB66
 1216 0030 00000000 		.4byte	.LFB67
 1217 0034 54000000 		.4byte	.LFE67-.LFB67
 1218 0038 00000000 		.4byte	0
 1219 003c 00000000 		.4byte	0
 1220              		.section	.debug_ranges,"",%progbits
 1221              	.Ldebug_ranges0:
 1222 0000 00000000 		.4byte	.LFB63
 1223 0004 02000000 		.4byte	.LFE63
 1224 0008 00000000 		.4byte	.LFB64
 1225 000c 02000000 		.4byte	.LFE64
ARM GAS  /tmp/cc3XJMkJ.s 			page 39


 1226 0010 00000000 		.4byte	.LFB65
 1227 0014 02000000 		.4byte	.LFE65
 1228 0018 00000000 		.4byte	.LFB66
 1229 001c 02000000 		.4byte	.LFE66
 1230 0020 00000000 		.4byte	.LFB67
 1231 0024 54000000 		.4byte	.LFE67
 1232 0028 00000000 		.4byte	0
 1233 002c 00000000 		.4byte	0
 1234              		.section	.debug_line,"",%progbits
 1235              	.Ldebug_line0:
 1236 0000 3F010000 		.section	.debug_str,"MS",%progbits,1
 1236      0200D600 
 1236      00000201 
 1236      FB0E0D00 
 1236      01010101 
 1237              	.LASF58:
 1238 0000 5F5F696E 		.ascii	"__init_ram_areas\000"
 1238      69745F72 
 1238      616D5F61 
 1238      72656173 
 1238      00
 1239              	.LASF32:
 1240 0011 5F5F7261 		.ascii	"__ram2_init__\000"
 1240      6D325F69 
 1240      6E69745F 
 1240      5F00
 1241              	.LASF52:
 1242 001f 5F5F7261 		.ascii	"__ram7_init__\000"
 1242      6D375F69 
 1242      6E69745F 
 1242      5F00
 1243              	.LASF26:
 1244 002d 5F5F7261 		.ascii	"__ram0_noinit__\000"
 1244      6D305F6E 
 1244      6F696E69 
 1244      745F5F00 
 1245              	.LASF17:
 1246 003d 5F5F636F 		.ascii	"__core_init\000"
 1246      72655F69 
 1246      6E697400 
 1247              	.LASF54:
 1248 0049 5F5F7261 		.ascii	"__ram7_noinit__\000"
 1248      6D375F6E 
 1248      6F696E69 
 1248      745F5F00 
 1249              	.LASF13:
 1250 0059 696E6974 		.ascii	"init_area\000"
 1250      5F617265 
 1250      6100
 1251              	.LASF21:
 1252 0063 72616D5F 		.ascii	"ram_areas\000"
 1252      61726561 
 1252      7300
 1253              	.LASF23:
 1254 006d 5F5F7261 		.ascii	"__ram0_init_text__\000"
 1254      6D305F69 
 1254      6E69745F 
ARM GAS  /tmp/cc3XJMkJ.s 			page 40


 1254      74657874 
 1254      5F5F00
 1255              	.LASF3:
 1256 0080 73686F72 		.ascii	"short unsigned int\000"
 1256      7420756E 
 1256      7369676E 
 1256      65642069 
 1256      6E7400
 1257              	.LASF37:
 1258 0093 5F5F7261 		.ascii	"__ram3_clear__\000"
 1258      6D335F63 
 1258      6C656172 
 1258      5F5F00
 1259              	.LASF28:
 1260 00a2 5F5F7261 		.ascii	"__ram1_init__\000"
 1260      6D315F69 
 1260      6E69745F 
 1260      5F00
 1261              	.LASF48:
 1262 00b0 5F5F7261 		.ascii	"__ram6_init__\000"
 1262      6D365F69 
 1262      6E69745F 
 1262      5F00
 1263              	.LASF47:
 1264 00be 5F5F7261 		.ascii	"__ram6_init_text__\000"
 1264      6D365F69 
 1264      6E69745F 
 1264      74657874 
 1264      5F5F00
 1265              	.LASF57:
 1266 00d1 2F686F6D 		.ascii	"/home/julian/MEGA/semestre_ix/Crasby/ChibiOS_17.6.2"
 1266      652F6A75 
 1266      6C69616E 
 1266      2F4D4547 
 1266      412F7365 
 1267 0104 2F64656D 		.ascii	"/demos/STM32/RT3-STM32F100-DISCOVERY\000"
 1267      6F732F53 
 1267      544D3332 
 1267      2F525433 
 1267      2D53544D 
 1268              	.LASF50:
 1269 0129 5F5F7261 		.ascii	"__ram6_noinit__\000"
 1269      6D365F6E 
 1269      6F696E69 
 1269      745F5F00 
 1270              	.LASF35:
 1271 0139 5F5F7261 		.ascii	"__ram3_init_text__\000"
 1271      6D335F69 
 1271      6E69745F 
 1271      74657874 
 1271      5F5F00
 1272              	.LASF14:
 1273 014c 636C6561 		.ascii	"clear_area\000"
 1273      725F6172 
 1273      656100
 1274              	.LASF19:
 1275 0157 5F5F6C61 		.ascii	"__late_init\000"
ARM GAS  /tmp/cc3XJMkJ.s 			page 41


 1275      74655F69 
 1275      6E697400 
 1276              	.LASF49:
 1277 0163 5F5F7261 		.ascii	"__ram6_clear__\000"
 1277      6D365F63 
 1277      6C656172 
 1277      5F5F00
 1278              	.LASF5:
 1279 0172 696E7433 		.ascii	"int32_t\000"
 1279      325F7400 
 1280              	.LASF7:
 1281 017a 6C6F6E67 		.ascii	"long unsigned int\000"
 1281      20756E73 
 1281      69676E65 
 1281      6420696E 
 1281      7400
 1282              	.LASF24:
 1283 018c 5F5F7261 		.ascii	"__ram0_init__\000"
 1283      6D305F69 
 1283      6E69745F 
 1283      5F00
 1284              	.LASF44:
 1285 019a 5F5F7261 		.ascii	"__ram5_init__\000"
 1285      6D355F69 
 1285      6E69745F 
 1285      5F00
 1286              	.LASF29:
 1287 01a8 5F5F7261 		.ascii	"__ram1_clear__\000"
 1287      6D315F63 
 1287      6C656172 
 1287      5F5F00
 1288              	.LASF22:
 1289 01b7 49544D5F 		.ascii	"ITM_RxBuffer\000"
 1289      52784275 
 1289      66666572 
 1289      00
 1290              	.LASF36:
 1291 01c4 5F5F7261 		.ascii	"__ram3_init__\000"
 1291      6D335F69 
 1291      6E69745F 
 1291      5F00
 1292              	.LASF1:
 1293 01d2 756E7369 		.ascii	"unsigned char\000"
 1293      676E6564 
 1293      20636861 
 1293      7200
 1294              	.LASF20:
 1295 01e0 5F5F6465 		.ascii	"__default_exit\000"
 1295      6661756C 
 1295      745F6578 
 1295      697400
 1296              	.LASF31:
 1297 01ef 5F5F7261 		.ascii	"__ram2_init_text__\000"
 1297      6D325F69 
 1297      6E69745F 
 1297      74657874 
 1297      5F5F00
ARM GAS  /tmp/cc3XJMkJ.s 			page 42


 1298              	.LASF16:
 1299 0202 72616D5F 		.ascii	"ram_init_area_t\000"
 1299      696E6974 
 1299      5F617265 
 1299      615F7400 
 1300              	.LASF43:
 1301 0212 5F5F7261 		.ascii	"__ram5_init_text__\000"
 1301      6D355F69 
 1301      6E69745F 
 1301      74657874 
 1301      5F5F00
 1302              	.LASF53:
 1303 0225 5F5F7261 		.ascii	"__ram7_clear__\000"
 1303      6D375F63 
 1303      6C656172 
 1303      5F5F00
 1304              	.LASF55:
 1305 0234 474E5520 		.ascii	"GNU C 4.8.1 -mcpu=cortex-m3 -mno-thumb-interwork -m"
 1305      4320342E 
 1305      382E3120 
 1305      2D6D6370 
 1305      753D636F 
 1306 0267 7468756D 		.ascii	"thumb -ggdb -O2 -fomit-frame-pointer -falign-functi"
 1306      62202D67 
 1306      67646220 
 1306      2D4F3220 
 1306      2D666F6D 
 1307 029a 6F6E733D 		.ascii	"ons=16 -ffunction-sections -fdata-sections -fno-com"
 1307      3136202D 
 1307      6666756E 
 1307      6374696F 
 1307      6E2D7365 
 1308 02cd 6D6F6E20 		.ascii	"mon -flto\000"
 1308      2D666C74 
 1308      6F00
 1309              	.LASF40:
 1310 02d7 5F5F7261 		.ascii	"__ram4_init__\000"
 1310      6D345F69 
 1310      6E69745F 
 1310      5F00
 1311              	.LASF41:
 1312 02e5 5F5F7261 		.ascii	"__ram4_clear__\000"
 1312      6D345F63 
 1312      6C656172 
 1312      5F5F00
 1313              	.LASF42:
 1314 02f4 5F5F7261 		.ascii	"__ram4_noinit__\000"
 1314      6D345F6E 
 1314      6F696E69 
 1314      745F5F00 
 1315              	.LASF10:
 1316 0304 756E7369 		.ascii	"unsigned int\000"
 1316      676E6564 
 1316      20696E74 
 1316      00
 1317              	.LASF9:
 1318 0311 6C6F6E67 		.ascii	"long long unsigned int\000"
ARM GAS  /tmp/cc3XJMkJ.s 			page 43


 1318      206C6F6E 
 1318      6720756E 
 1318      7369676E 
 1318      65642069 
 1319              	.LASF51:
 1320 0328 5F5F7261 		.ascii	"__ram7_init_text__\000"
 1320      6D375F69 
 1320      6E69745F 
 1320      74657874 
 1320      5F5F00
 1321              	.LASF56:
 1322 033b 2E2E2F2E 		.ascii	"../../../os/common/startup/ARMCMx/compilers/GCC/crt"
 1322      2E2F2E2E 
 1322      2F6F732F 
 1322      636F6D6D 
 1322      6F6E2F73 
 1323 036e 312E6300 		.ascii	"1.c\000"
 1324              	.LASF18:
 1325 0372 5F5F6561 		.ascii	"__early_init\000"
 1325      726C795F 
 1325      696E6974 
 1325      00
 1326              	.LASF46:
 1327 037f 5F5F7261 		.ascii	"__ram5_noinit__\000"
 1327      6D355F6E 
 1327      6F696E69 
 1327      745F5F00 
 1328              	.LASF15:
 1329 038f 6E6F5F69 		.ascii	"no_init_area\000"
 1329      6E69745F 
 1329      61726561 
 1329      00
 1330              	.LASF11:
 1331 039c 73697A65 		.ascii	"sizetype\000"
 1331      74797065 
 1331      00
 1332              	.LASF38:
 1333 03a5 5F5F7261 		.ascii	"__ram3_noinit__\000"
 1333      6D335F6E 
 1333      6F696E69 
 1333      745F5F00 
 1334              	.LASF8:
 1335 03b5 6C6F6E67 		.ascii	"long long int\000"
 1335      206C6F6E 
 1335      6720696E 
 1335      7400
 1336              	.LASF34:
 1337 03c3 5F5F7261 		.ascii	"__ram2_noinit__\000"
 1337      6D325F6E 
 1337      6F696E69 
 1337      745F5F00 
 1338              	.LASF27:
 1339 03d3 5F5F7261 		.ascii	"__ram1_init_text__\000"
 1339      6D315F69 
 1339      6E69745F 
 1339      74657874 
 1339      5F5F00
ARM GAS  /tmp/cc3XJMkJ.s 			page 44


 1340              	.LASF33:
 1341 03e6 5F5F7261 		.ascii	"__ram2_clear__\000"
 1341      6D325F63 
 1341      6C656172 
 1341      5F5F00
 1342              	.LASF39:
 1343 03f5 5F5F7261 		.ascii	"__ram4_init_text__\000"
 1343      6D345F69 
 1343      6E69745F 
 1343      74657874 
 1343      5F5F00
 1344              	.LASF2:
 1345 0408 73686F72 		.ascii	"short int\000"
 1345      7420696E 
 1345      7400
 1346              	.LASF12:
 1347 0412 696E6974 		.ascii	"init_text_area\000"
 1347      5F746578 
 1347      745F6172 
 1347      656100
 1348              	.LASF25:
 1349 0421 5F5F7261 		.ascii	"__ram0_clear__\000"
 1349      6D305F63 
 1349      6C656172 
 1349      5F5F00
 1350              	.LASF6:
 1351 0430 75696E74 		.ascii	"uint32_t\000"
 1351      33325F74 
 1351      00
 1352              	.LASF4:
 1353 0439 6C6F6E67 		.ascii	"long int\000"
 1353      20696E74 
 1353      00
 1354              	.LASF30:
 1355 0442 5F5F7261 		.ascii	"__ram1_noinit__\000"
 1355      6D315F6E 
 1355      6F696E69 
 1355      745F5F00 
 1356              	.LASF0:
 1357 0452 7369676E 		.ascii	"signed char\000"
 1357      65642063 
 1357      68617200 
 1358              	.LASF45:
 1359 045e 5F5F7261 		.ascii	"__ram5_clear__\000"
 1359      6D355F63 
 1359      6C656172 
 1359      5F5F00
 1360              		.comm	__gnu_lto_v1,1,1
 1361              		.ident	"GCC: (Sourcery CodeBench Lite 2013.11-24) 4.8.1"
ARM GAS  /tmp/cc3XJMkJ.s 			page 45


DEFINED SYMBOLS
                            *ABS*:00000000 crt1.c
     /tmp/cc3XJMkJ.s:294    .text.__core_init:00000000 $t
     /tmp/cc3XJMkJ.s:300    .text.__core_init:00000000 __core_init
     /tmp/cc3XJMkJ.s:313    .text.__early_init:00000000 $t
     /tmp/cc3XJMkJ.s:319    .text.__early_init:00000000 __early_init
     /tmp/cc3XJMkJ.s:331    .text.__late_init:00000000 $t
     /tmp/cc3XJMkJ.s:337    .text.__late_init:00000000 __late_init
     /tmp/cc3XJMkJ.s:349    .text.__default_exit:00000000 $t
     /tmp/cc3XJMkJ.s:355    .text.__default_exit:00000000 __default_exit
     /tmp/cc3XJMkJ.s:369    .text.__init_ram_areas:00000000 $t
     /tmp/cc3XJMkJ.s:375    .text.__init_ram_areas:00000000 __init_ram_areas
     /tmp/cc3XJMkJ.s:457    .text.__init_ram_areas:00000050 $d
     /tmp/cc3XJMkJ.s:462    .rodata.ram_areas:00000000 $d
     /tmp/cc3XJMkJ.s:466    .rodata.ram_areas:00000000 ram_areas
                            *COM*:00000001 __gnu_lto_v1
                     .debug_frame:00000010 $d
     /tmp/cc3XJMkJ.s:461    .text.__init_ram_areas:00000054 $t

UNDEFINED SYMBOLS
__ram0_init_text__
__ram0_init__
__ram0_clear__
__ram0_noinit__
__ram1_init_text__
__ram1_init__
__ram1_clear__
__ram1_noinit__
__ram2_init_text__
__ram2_init__
__ram2_clear__
__ram2_noinit__
__ram3_init_text__
__ram3_init__
__ram3_clear__
__ram3_noinit__
__ram4_init_text__
__ram4_init__
__ram4_clear__
__ram4_noinit__
__ram5_init_text__
__ram5_init__
__ram5_clear__
__ram5_noinit__
__ram6_init_text__
__ram6_init__
__ram6_clear__
__ram6_noinit__
__ram7_init_text__
__ram7_init__
__ram7_clear__
__ram7_noinit__
