ARM GAS  /tmp/ccvxqnZh.s 			page 1


   1              		.syntax unified
   2              		.cpu cortex-m3
   3              		.fpu softvfp
   4              		.eabi_attribute 20, 1
   5              		.eabi_attribute 21, 1
   6              		.eabi_attribute 23, 3
   7              		.eabi_attribute 24, 1
   8              		.eabi_attribute 25, 1
   9              		.eabi_attribute 26, 1
  10              		.eabi_attribute 30, 2
  11              		.eabi_attribute 34, 1
  12              		.eabi_attribute 18, 4
  13              		.thumb
  14              		.file	"hal_pal.c"
  15              		.text
  16              	.Ltext0:
  17              		.section	.gnu.lto_.jmpfuncs.70dedeea18cfe9c8,"",%progbits
  18 0000 789C6362 		.ascii	"x\234cb`b\300\006D\24043\003##3\02333\204\315\300X\006"
  18      6062C006 
  18      44A03433 
  18      03232333 
  18      13333384 
  19 0018 A4010623 		.ascii	"\244\001\006#\000\243"
  19      00A3
  20              		.text
  21              		.section	.gnu.lto_.inline.70dedeea18cfe9c8,"",%progbits
  22 0000 789C6362 		.ascii	"x\234cb`b\300\006\276Cif\006\006N\016Ff\006F0\023D:"
  22      6062C006 
  22      BE436966 
  22      06064E0E 
  22      46660646 
  23 0018 8049050E 		.ascii	"\200I\005\016\266\017z\014l\013\344\231\030\030_\260"
  23      B60F7A0C 
  23      6C0BE499 
  23      18185FB0 
  24 0028 B3404810 		.ascii	"\263@H\020\301\001fr\200\010\0010S\000d\014#\003\037"
  24      C1016672 
  24      80080130 
  24      5300640C 
  24      23031F
  25 003b 2F230BC4 		.ascii	"/#\013\304\024FF\210\010\320\020\210\201\334L\027\370"
  25      14464688 
  25      08D01088 
  25      81DC4C17 
  25      F8
  26 004c 318C028A 		.ascii	"1\214\002\212\241\030\302\262@^\002\304R`b`\336!\256"
  26      A118C2B2 
  26      405E02C4 
  26      52606260 
  26      DE21AE
  27 005f C000B4DE 		.ascii	"\300\000\264\336\002d\016\023\003\2670\212\373\240\206"
  27      02640E13 
  27      03B7308A 
  27      FBA086
  28 006e 7202E588 		.ascii	"r\002\345\210s\036\320&\011\220I,\274@}\023\374@\220"
  28      731ED026 
  28      0990492C 
ARM GAS  /tmp/ccvxqnZh.s 			page 2


  28      BC407D13 
  28      FC4090
  29 0081 01003C62 		.ascii	"\001\000<b\037\210"
  29      1F88
  30              		.text
  31              		.section	.gnu.lto_.pureconst.70dedeea18cfe9c8,"",%progbits
  32 0000 789C6362 		.ascii	"x\234cb`b`g\200\000f\006)F)&I\000\001\312\000_"
  32      60626067 
  32      80006606 
  32      29462926 
  32      490001CA 
  33              		.text
  34              		.section	.gnu.lto_palReadBus.70dedeea18cfe9c8,"",%progbits
  35 0000 789C6D90 		.ascii	"x\234m\220\275N\303@\020\204g\366|\261\235\202\236\006"
  35      BD4EC340 
  35      108467F6 
  35      7CB19D82 
  35      9E06
  36 0012 A52692FD 		.ascii	"\245&\222\3752A\002\032d\\\004K\211@\344\001b\342TT"
  36      3241021A 
  36      645C044B 
  36      8940E401 
  36      62E25454 
  37 0026 1115828A 		.ascii	"\021\025\202\212\206\202\"\264H4\210\202.\010Z*$Z\304"
  37      868222B4 
  37      48348882 
  37      2E085A2A 
  37      245AC4
  38 0039 2B843D1B 		.ascii	"+\204=\033\033\201r\272\233\275\237\375fW'\020\374\037"
  38      1B8172BA 
  38      9BBD9FFD 
  38      66572710 
  38      FC1F
  39 004b EBBA4E09 		.ascii	"\353\272N\011t4\322\2002{\006N\002!\335\006\304X8\336"
  39      7434D280 
  39      327B064E 
  39      0221DD06 
  39      C45838DE 
  40 005f 61997B2B 		.ascii	"a\231{+\017\357\313\345\374\354\351\372\223\347\322"
  40      0FEFCBE5 
  40      FCECE9FA 
  40      93E7D2
  41 006e 160E0983 		.ascii	"\026\016\011\203\214\360ThU\244\245b|w\014\234\204*"
  41      8CF05468 
  41      55A4A562 
  41      7C770C9C 
  41      842A
  42 0080 9E9216D3 		.ascii	"\236\222\026\323<\237u\206T\243\2644\353\251\272\012"
  42      3C9F7586 
  42      54A3B434 
  42      EBA9BA0A 
  43 0090 5B1417CD 		.ascii	"[\024\027\315\002\223\267\273\217\027&\274R\247>M\027"
  43      0293B7BB 
  43      8F1726BC 
  43      52A73E4D 
  43      17
  44 00a1 9B19ED25 		.ascii	"\233\031\355%.\230\261\325\247lk\364\3136\366Y7\277"
ARM GAS  /tmp/ccvxqnZh.s 			page 3


  44      2E98B1D5 
  44      A76C6BF4 
  44      CB36F659 
  44      37BF
  45 00b3 C0E36E0D 		.ascii	"\300\343n\015x]\334\344SM\012*&T\017\307\330\037\206"
  45      785DDCE4 
  45      534D0A2A 
  45      26540FC7 
  45      D81F86
  46 00c6 0D336918 		.ascii	"\0153i\030[\026i\257.\"\277\300\227\251\011M\262\356"
  46      5B1669AF 
  46      2E22BFC0 
  46      97A9094D 
  46      B2EE
  47 00d8 AA983757 		.ascii	"\252\2307W\276\326\326\207\277\316A\351\354\255v6\215"
  47      BED6D687 
  47      BFCE41E9 
  47      ECAD7636 
  47      8D
  48 00e9 73715FAC 		.ascii	"sq_\254\325HXZ\005\300+\232_\010\253\304\236v\257\237"
  48      D548585A 
  48      05C02B9A 
  48      5F08ABC4 
  48      9E76AF9F 
  49 00fd E43ADA88 		.ascii	"\344:\332\210\242\270\232\207\243\370 \031\304\243\343"
  49      A2B89A87 
  49      A3F82019 
  49      C4A3E3
  50 010c D4C5BDA3 		.ascii	"\324\305\275\243d\020\245\370\006}\023S\301"
  50      6410A5F8 
  50      067D1353 
  50      C1
  51              		.text
  52              		.section	.gnu.lto_palWriteBus.70dedeea18cfe9c8,"",%progbits
  53 0000 789C6D51 		.ascii	"x\234mQ\277O\302`\020\275\373\276\322\037@A7]\014\211"
  53      BF4FC260 
  53      10BDFBBE 
  53      D21F4041 
  53      375D0C89 
  54 0014 1B24F077 		.ascii	"\033$\360w\270c\242.\006\031\220\004\242\221?\000P\006"
  54      B863A22E 
  54      06199004 
  54      A2913F00 
  54      5006
  55 0026 4766995C 		.ascii	"Gf\231\\M\324\305\305h\242qp\323\304\3158\361\027\350"
  55      4DD4C5C5 
  55      68A27170 
  55      D3C4CD38 
  55      F117E8
  56 0039 E26882EF 		.ascii	"\342h\202\357\256\266\304\206\246}w}\337\335\273w\255"
  56      AEB6C486 
  56      A67D777D 
  56      DFDDBB77 
  56      AD
  57 004a 2143E96B 		.ascii	"!C\351k\025O\031t\011\221-\261\031\277\022\015}\303"
  57      154F1974 
  57      09912DB1 
ARM GAS  /tmp/ccvxqnZh.s 			page 4


  57      19BF120D 
  57      7DC3
  58 005c 2C0931F5 		.ascii	",\0111\365\015\367\267Yk\257\315\343t6\273\372~\276"
  58      0DF7B759 
  58      6BAFCDE3 
  58      7436BBFA 
  58      7EBE
  59 006e F9E18959 		.ascii	"\371\341\211Y6\334e\262\324fr\220q\006\031\273\002\236"
  59      36DC65B2 
  59      D4667290 
  59      710619BB 
  59      029E
  60 0080 800F3081 		.ascii	"\200\0170\201@\026`s\302\345\005By-HV\024\200n\206F"
  60      40166073 
  60      C2E50542 
  60      792D4856 
  60      14806E86 
  61 0095 83C1B8D4 		.ascii	"\203\301\270\324e\370h\352\250:P\346o\202B\264/t\374"
  61      65F868EA 
  61      A83A50E6 
  61      6F8242B4 
  61      2F74FC
  62 00a8 F1FEB5D2 		.ascii	"\361\376\265\322\340s\214i\261\255P\271\315\316\204"
  62      E0738C69 
  62      B1AD50B9 
  62      CDCE84
  63 00b7 CEB8CD99 		.ascii	"\316\270\315\231\026\233-DW=\356q\274\031z\356m\334"
  63      169B2D44 
  63      573DEE71 
  63      BC197AEE 
  63      6DDC
  64 00c9 812247A9 		.ascii	"\201\"G\251\235\230qU\303[\254\301\211\306\311]\242"
  64      9D987155 
  64      C35BACC1 
  64      89C6C95D 
  64      A2
  65 00da E1A98CFB 		.ascii	"\341\251\214\373_\306W\031\177\261\214\231\313\234&"
  65      5FC65719 
  65      7FB18C99 
  65      CB9C26
  66 00e9 32019AA4 		.ascii	"2\001\232\244\310_\212L~&'Y\034j\361eB\345tl6\345$\217"
  66      C85F8A4C 
  66      7E262759 
  66      1C6AF165 
  66      42E5746C 
  67 0101 6D6227F3 		.ascii	"mb'\363\366\020\302\251\366\202\326\206\312\336&lQu"
  67      F610C2A9 
  67      F682D686 
  67      CADE266C 
  67      5175
  68 0113 0BC23E6D 		.ascii	"\013\302>mDd\205.\006#\230\012\242E\340\304\212G\347"
  68      4464852E 
  68      0623980A 
  68      A245E0C4 
  68      8A47E7
  69 0126 6F11AB11 		.ascii	"o\021\253\021\235Do4\234>\254G]\361U\307\007\303o\222"
  69      9D446F34 
ARM GAS  /tmp/ccvxqnZh.s 			page 5


  69      9C3EAC47 
  69      5DF155C7 
  69      07C36F92 
  70 013a 75D7AAD5 		.ascii	"u\327\252\325Zt\037\364j\373\215N\255w\324\224\270{"
  70      5A741FF4 
  70      6AFB8D4E 
  70      AD77D494 
  70      B87B
  71 014c D8E8549B 		.ascii	"\330\350T\233\364\013\221\371qw"
  71      F40B91F9 
  71      7177
  72              		.text
  73              		.section	.gnu.lto_palSetBusMode.70dedeea18cfe9c8,"",%progbits
  74 0000 789C6D90 		.ascii	"x\234m\220\277J\003A\020\306\277o\366\376\231\312R\033"
  74      BF4A0341 
  74      10C6BF6F 
  74      F6FE99CA 
  74      521B
  75 0012 09A453B8 		.ascii	"\011\244S\270{\231\010j#\347\201\347A\202bJ\213\\\324"
  75      7B99086A 
  75      23E781E7 
  75      4182624A 
  75      8B5CD4
  76 0025 C232B582 		.ascii	"\3022\265\202\340\003hZK;+\025-S\345\001$\017\240E2"
  76      E003685A 
  76      4B3B2B15 
  76      2D53E501 
  76      240FA045 
  77 003a BBE729C8 		.ascii	"\273\347)\310-\2733\273\337\316ofv\005\202\377c]\327"
  77      2DBB33BB 
  77      DFCE6F66 
  77      760582FF 
  77      635DD7
  78 004d 2181B67A 		.ascii	"!\201\266z\032P\306\257\300(\022\322n@\014\205\303]"
  78      1A50C6AF 
  78      C02812D2 
  78      6E400C85 
  78      C35D
  79 005f BAD8893C 		.ascii	"\272\330\211<\315\026\213\207\217\347\311'o\245%\354"
  79      CD168B87 
  79      8FE7C927 
  79      6FA525EC 
  80 006f 130605E1 		.ascii	"\023\006\005\341\251\241\257F\0025&\264\307Ho-\346\343"
  80      A9A1AF46 
  80      023526B4 
  80      C7486F2D 
  80      E6E3
  81 0081 B22CC7ED 		.ascii	"\262,\307\355>\265v\346\362t\325\332\344\333*\2517/"
  81      3EB576E6 
  81      F274D5DA 
  81      E4DB2AA9 
  81      372F
  82 0093 389F3E7E 		.ascii	"8\237>~\257\245\274\323\0349\315\0266\013z7\270fA?\247"
  82      AFA5BCD3 
  82      1C39CD16 
  82      360B7A37 
  82      B866413F 
ARM GAS  /tmp/ccvxqnZh.s 			page 6


  83 00a8 ECA80F5C 		.ascii	"\354\250\017\\\003\007\254\333Vf\257\006<\007\204\315"
  83      0307ACDB 
  83      5666AF06 
  83      3C0784CD 
  84 00b8 001B00DF 		.ascii	"\000\033\000\337\001Q3 \177\300\334\324D\240\220\225"
  84      01513320 
  84      7FC0DCD4 
  84      44A09095 
  85 00c8 2EEE7FA5 		.ascii	".\356\177\245P\013\347\226zCPi\300\031\276\312\253r"
  85      500BE796 
  85      7A435069 
  85      C019BECA 
  85      AB72
  86 00da B5E04AF6 		.ascii	"\265\340J\366SX\237\343B\243\202-\340\035\243\331\274"
  86      53589FE3 
  86      42A3822D 
  86      E01DA3D9 
  86      BC
  87 00eb 534757A3 		.ascii	"SGW\243\253\221\372\013\266\354F\034'\325<\036$Gi/\031"
  87      AB91FA0B 
  87      B6EC461C 
  87      27D53C1E 
  87      2447692F 
  88 0100 9C66D6EF 		.ascii	"\234f\326\357\237\244\2758\303\022\012MNp"
  88      9FA4BD38 
  88      C3120A4D 
  88      4E70
  89              		.text
  90              		.section	.gnu.lto_.symbol_nodes.70dedeea18cfe9c8,"",%progbits
  91 0000 789C6362 		.ascii	"x\234cb`bpe\200\002\246\333\214\365\014\014\023\316"
  91      60627065 
  91      8002A6DB 
  91      8CF50C0C 
  91      13CE
  92 0012 3130D4D7 		.ascii	"10\324\327\317\353`d\272\303X\317\210\304\275\313X\317"
  92      CFEB6064 
  92      BAC358CF 
  92      88C4BDCB 
  92      58CF
  93 0024 84E0323E 		.ascii	"\204\3402>`\254g\206p\033\032\030\231\231\230\031\026"
  93      60AC6786 
  93      701B1A18 
  93      99999819 
  93      16
  94 0035 3FFCC7C8 		.ascii	"?\374\307\310\000\000\002\020\025\275"
  94      00000210 
  94      15BD
  95              		.text
  96              		.section	.gnu.lto_.refs.70dedeea18cfe9c8,"",%progbits
  97 0000 789C6362 		.ascii	"x\234cb`b`d\200\002\000\000F\000\006"
  97      60626064 
  97      80020000 
  97      460006
  98              		.text
  99              		.section	.gnu.lto_.decls.70dedeea18cfe9c8,"",%progbits
 100 0000 789C9D57 		.ascii	"x\234\235W}l\024E\024\237\331\275\312]9\012\222@jb\244"
 100      7D6C1445 
ARM GAS  /tmp/ccvxqnZh.s 			page 7


 100      149FD9BD 
 100      CA5D390A 
 100      92406A62 
 101 0015 10F10F12 		.ascii	"\020\361\017\022\272\3555|\374E\"-\322\306V\310\025"
 101      BAED357C 
 101      FC45222D 
 101      D2C656C8 
 101      15
 102 0026 02FFADDB 		.ascii	"\002\377\255\333\336\326\236\366\356\232\273=S\377r"
 102      DED69EF6 
 102      EE9ABB3D 
 102      53FF72
 103 0035 6C2B120D 		.ascii	"l+\022\015R\313G \032S\254\210|D(D*\301\206\003\242"
 103      52CB4720 
 103      1A53AC88 
 103      7C442844 
 103      2AC18603 
 104 004a 7C540801 		.ascii	"|T\010\001\274\032%\351\205\"\230@\014\004\011 \330"
 104      BC1A25E9 
 104      85229840 
 104      0C040920 
 104      D8
 105 005b F3CDECEE 		.ascii	"\363\315\354\356\335\356v\367z\307\244o:\263\363\346"
 105      DDEE76F7 
 105      7AC7A46F 
 105      3AB3F3E6 
 106 006b F77EEFCD 		.ascii	"\367~\357\315\233\217\343\020\207\024\214P\032\312\246"
 106      9B8FE310 
 106      87148C50 
 106      1ACAA6
 107 007a E9087938 		.ascii	"\351\010y8\204\\\010\241e([h\177\027H\022d\024\3446"
 107      845C08A1 
 107      65285B68 
 107      7F174812 
 107      6414E436 
 108 008e 9A58E8F8 		.ascii	"\232X\350\370T\220s S@\212\264y\375 \207A\016\200\354"
 108      54907320 
 108      53408AB4 
 108      79FD2087 
 108      410E80EC 
 109 00a2 07390672 		.ascii	"\0079\006r\004\344\2426>\0002\004r\001d\030\004kX@\003"
 109      04E4A236 
 109      3E003204 
 109      72016418 
 109      046B5840 
 110 00b7 5D01B967 		.ascii	"]\001\271g\261\223t\260c\264\321\257\341\353\266t;\303"
 110      B19374B0 
 110      63B4D1AF 
 110      E1EBB674 
 110      3BC3
 111 00c9 9A9D939A 		.ascii	"\232\235\223\232\035\212\305\203\374\001r\015\344\211"
 111      1D8AC583 
 111      FC01720D 
 111      E489
 112 00d7 C5D66801 		.ascii	"\305\326h\001\266(\340\035\015\317h\2133\304\214\216"
 112      B628E01D 
 112      0DCF688B 
ARM GAS  /tmp/ccvxqnZh.s 			page 8


 112      33C48C8E 
 113 00e7 DD02F98B 		.ascii	"\335\002\371\213\252c\263\2559\350K\322\227J\355\276"
 113      AA63B3AD 
 113      39E84BD2 
 113      974AEDBE 
 114 00f7 7E17EF24 		.ascii	"~\027\357$\211n\222N\277\217f\243m\004J\337\006B\260"
 114      896E924E 
 114      BF8F66A3 
 114      6D044ADF 
 114      0642B0
 115 010a E2411B09 		.ascii	"\342A\033\011\351\244\235\332\263%\010\255\307\022."
 115      E9A49DDA 
 115      B32508AD 
 115      C7122E
 116 0119 F1A032D6 		.ascii	"\361\2402\326\360z\030\257\371\350kBzR[\366n[@\210["
 116      F07A18AF 
 116      F9E86B42 
 116      7A525BF6 
 116      6E5B4088 
 117 012e C2FDD803 		.ascii	"\302\375\330\003\366\327a\264\000\355\005\234\036\230"
 117      F6D761B4 
 117      00ED059C 
 117      1E98
 118 013c 5F6531CB 		.ascii	"_e1\313J\376\320\203\037]\275\207;\201\216\204\3670"
 118      4AFED083 
 118      1F5DBD87 
 118      3B818E84 
 118      F730
 119 014e F013E087 		.ascii	"\360\023\340\207\204\277\301\0134(\011O\361\030\241"
 119      84BFC10B 
 119      3428094F 
 119      F118A1
 120 015d 595F57A0 		.ascii	"Y_W\240xlXk\320\234\233\216\012U\267\243Gg~\205g\263"
 120      786C586B 
 120      D09C9B8E 
 120      0A55B7A3 
 120      47677E85 
 121 0173 16CF620E 		.ascii	"\026\317b\016\013\367q\326\251\231\3503\032\3112\203"
 121      0BF771D6 
 121      A999E833 
 121      1AC93283 
 122 0183 7B6FEAF3 		.ascii	"{o\352\363\275Y\367\006.^\363\261\310\035\3003\001\345"
 122      BD59F706 
 122      2E5EF3B1 
 122      C81DC033 
 122      01E5
 123 0195 B6C5B9C9 		.ascii	"\266\305\271\311P(\213\2030S\235\3030I\342\373\363^"
 123      50288B83 
 123      30539DC3 
 123      3049E2FB 
 123      F35E
 124 01a7 E252BF23 		.ascii	"\342R\277#\023\232\251\314E}\30061t\376\213\027H\337"
 124      139AA9CC 
 124      457DC036 
 124      3174FE8B 
 124      1748DF
 125 01ba 293C19F9 		.ascii	")<\031\371\024\326\355\276\230e\177e\363\315E\214\375"
ARM GAS  /tmp/ccvxqnZh.s 			page 9


 125      14D6EDBE 
 125      98657F65 
 125      F3CD458C 
 125      FD
 126 01cb 11C67E1F 		.ascii	"\021\306~\0377){3\014\245w\324J\377a\222\321?:9\375"
 126      37297B33 
 126      0CA577D4 
 126      4AFF6192 
 126      D13F3A39 
 127 01e0 EEAEC493 		.ascii	"\356\256\304\223\344VF\237%TW\316\204\222\360\267x~"
 127      E456469F 
 127      255457CE 
 127      8492F0B7 
 127      787E
 128 01f2 5EEBCDA1 		.ascii	"^\353\315\241A\346\011\245`\207\2445\325\242)\230i="
 128      41E609A5 
 128      6087A435 
 128      D5A22998 
 128      693D
 129 0204 4D7A7B24 		.ascii	"Mz{$\011\037c\031{\274`\2602\023\330\270\021\354D>`"
 129      091F6319 
 129      7BBC60B0 
 129      3213D8B8 
 129      11EC443E 
 130 0219 6E67663D 		.ascii	"ngf=#\006\260\323\005\203\231\231\365\032\301\316\344"
 130      2306B0D3 
 130      05839999 
 130      F51AC1CE 
 130      E4
 131 022a 0336C399 		.ascii	"\0036\303\231\331V#\330/\005\203\231\231m7\202]\312"
 131      D95623D8 
 131      2F058399 
 131      996D3782 
 131      5DCA
 132 023c 07ACD486 		.ascii	"\007\254\324\206\231]1f\254\204\007YJ\375\200\347B}"
 132      995D3166 
 132      AC840759 
 132      4AFD80E7 
 132      427D
 133 024e 9CD543AC 		.ascii	"\234\325C\254>\301\352\223\254>\315\352\237\240\316"
 133      3EC1EA93 
 133      AC3ECDEA 
 133      9FA0CE
 134 025d 945C67E9 		.ascii	"\224\\g\351\300\366\245lO\035\206=\311\241_-{\312\264"
 134      C0F6A56C 
 134      4F1D863D 
 134      C9A15F2D 
 134      7BCAB4
 135 0270 4FD58DE7 		.ascii	"O\325\215\347t<\235\003\000\373\3753a\214C)f\347\340"
 135      743C9D03 
 135      00FBFD33 
 135      618C4329 
 135      66E7E0
 136 0283 B3653CE9 		.ascii	"\263e<\351L\015|\232\354\305[\272\310\331\012\375\026"
 136      4C0D7C9A 
 136      ECC55BBA 
 136      C8D90AFD 
ARM GAS  /tmp/ccvxqnZh.s 			page 10


 136      16
 137 0294 B8553062 		.ascii	"\270U0b\231\0211q\367<,a!\027\305\215N\334\305.\212"
 137      99113171 
 137      F73C2C61 
 137      2117C58D 
 137      4EDCC52E 
 138 02a9 8BCCFE1D 		.ascii	"\213\314\376\035\316zQ\024Y.\212\"\363IP\344\31162'"
 138      CE7A5114 
 138      592E8A22 
 138      F34950E4 
 138      C9363227 
 139 02bd C1E37CBC 		.ascii	"\301\343|\274\260\333o\366\271s\320\220;\207X\356\014"
 139      B0DB6FF6 
 139      B973D090 
 139      3B8758EE 
 139      0C
 140 02ce B0EC1866 		.ascii	"\260\354\030f\365\205\311r\204B\354\307S\263xk\371\214"
 140      F585C972 
 140      8442ECC7 
 140      53B3786B 
 140      F98C
 141 02e0 3E87086F 		.ascii	">\207\010o\366\370e\324OH/\334\360\011\027\334\360."
 141      F6F865D4 
 141      4F482FDC 
 141      F00917DC 
 141      F02E
 142 02f2 752A873E 		.ascii	"u*\207>aj\273\360\034\207cR3\360\012\332MC?tcu\255\272"
 142      616ABBF0 
 142      1C876352 
 142      33F00ADA 
 142      4D433F74 
 143 030a A428C72C 		.ascii	"\244(\307,\215\316e\314\031\375U\237\030\211\007\033"
 143      8DCE65CC 
 143      19FD559F 
 143      1889071B 
 144 031a 8631E925 		.ascii	"\2061\351%O\323i\336\374\302\220\360\262Y\216~\216\230"
 144      4FD369DE 
 144      FCC290F0 
 144      B2598E7E 
 144      8E98
 145 032c 6F579557 		.ascii	"oW\225W\246\243\022\262F`\263m\004\310\375@\255:]\302"
 145      A6A312B2 
 145      4660B36D 
 145      04C8FD40 
 145      AD3A5DC2 
 146 0340 5781A184 		.ascii	"W\201\241\204\223\271\235\327\246\015\312\265z2\177"
 146      93B99DD7 
 146      A60DCAB5 
 146      7A327F
 147 034f CE809DA7 		.ascii	"\316\200\235\247itX\314\010\331D>\234\201\231sH\233"
 147      697458CC 
 147      08D9443E 
 147      9C819973 
 147      489B
 148 0361 654A82DF 		.ascii	"eJ\202\337m\243t\371\214\267\347\203T:='\377\020\245"
 148      6DA374F9 
 148      8CB7E783 
ARM GAS  /tmp/ccvxqnZh.s 			page 11


 148      543A3D27 
 148      FF10A5
 149 0374 7284A880 		.ascii	"r\204\250\200\327\333\220\366z\033c\256\366\361\326"
 149      D7DB90F6 
 149      7A1B63AE 
 149      F6F1D6
 150 0383 7DB3073F 		.ascii	"}\263\007?\313\013\313\2624{\035\222\363\337\337\370"
 150      CB0BCBB2 
 150      347B1D92 
 150      F3DFDFF8 
 151 0393 6C72EAEB 		.ascii	"lr\352\3533\232\327\372\034\241\353\243\222\036d\350"
 151      339AD7FA 
 151      1CA1EBA3 
 151      921E64E8 
 152 03a3 CED3C672 		.ascii	"\316\323\306r\254\317\250u}nN\\\237\024\204\351\301"
 152      ACCFA875 
 152      7D6E4E5C 
 152      9F1484E9 
 152      C1
 153 03b4 77A53BC9 		.ascii	"w\245;\311)\233\207r\3165\272c]\243\3036i\234\351\217"
 153      299B8772 
 153      CE35BA63 
 153      5DA3C336 
 153      699CE98F 
 154 03c8 D9A6F58F 		.ascii	"\331\246\365\217\226\330\351D\357\232\211\316C\273\310"
 154      96D8E944 
 154      EF9A89CE 
 154      43BBC8
 155 03d7 A54BA93F 		.ascii	"\245K\251?\257\357\300\033S\360\370\036O\247\361\363"
 155      AFEFC01B 
 155      53F0F81E 
 155      4FA7F1F3 
 156 03e7 A887BDC1 		.ascii	"\250\207\275\301v\224h\011\221\332\235(\335\221M\010"
 156      76946809 
 156      91DA9D28 
 156      DD914D08 
 157 03f7 B7CE17EB 		.ascii	"\267\316\027\353\011A_\355\\F\231\224\226\332\353J\370"
 157      09415FED 
 157      5C469994 
 157      96DAEB4A 
 157      F8
 158 0408 1F767E3D 		.ascii	"\037v~=\320\222\203\016\251m\275\225\306\224\373e\336"
 158      D092830E 
 158      A96DBD95 
 158      C694FB65 
 158      DE
 159 0419 EE070003 		.ascii	"\356\007\000\003\310=U3\272^7\252\236zY\177TM{-\011"
 159      C83D5533 
 159      BA5E37AA 
 159      9E7A597F 
 159      544D7B2D 
 160 042e 3F04CF69 		.ascii	"?\004\317ia\216\220\314}\351\3658.\324#\003\033\257"
 160      618E90CC 
 160      7DE9F538 
 160      2ED42303 
 160      1BAF
 161 0440 27DB2836 		.ascii	"'\333(6q\326\265\300\263\021\3539j!\001\227\252\346"
ARM GAS  /tmp/ccvxqnZh.s 			page 12


 161      71D6B5C0 
 161      B311EB39 
 161      6A210197 
 161      AAE6
 162 0452 BB848BB1 		.ascii	"\273\204\213\261\276<\211G?\023\367!\262\221\246\221"
 162      BE3C8947 
 162      3F13F721 
 162      B291A691 
 163 0462 D199FB59 		.ascii	"\321\231\373Yg,O|\007\227'\374\020\370\257`\227\307"
 163      672C4F7C 
 163      079727FC 
 163      10F8AF60 
 163      97C7
 164 0474 1D5CCE5C 		.ascii	"\035\\\316\\0&-h>\266\236\236\026\022\034\372\333\344"
 164      30262D68 
 164      3EB69E9E 
 164      16121CFA 
 164      DBE4
 165 0486 B2E5B542 		.ascii	"\262\345\265B\367\202\023\027\302e\254j\201J\236\231"
 165      F7821317 
 165      C265AC6A 
 165      814A9E99 
 166 0496 2C50ED3A 		.ascii	",P\355:HI\256@Y\264$\334\305\025\032\250n\316>P\323"
 166      4849AE40 
 166      59B424DC 
 166      C5151AA8 
 166      6ECE3E50 
 167 04ab 4C81D2B5 		.ascii	"L\201\322\2652\2012\234G\026\022\034zj\012\024z\251"
 167      3281329C 
 167      4716121C 
 167      7A6A0A14 
 167      7AA9
 168 04bd BC5C50FF 		.ascii	"\274\\P\377\"1\241Uj\023b\321f\372_l\227\332\312\233"
 168      2231A155 
 168      6A1362D1 
 168      66FA5F6C 
 168      97DACA9B 
 169 04d1 D122EB70 		.ascii	"\321\"\353p{$\252\304\204\3065\015U>\241\276\276FX\271"
 169      7B24AAC4 
 169      84C6350D 
 169      553EA1BE 
 169      BE4658B9 
 170 04e5 BA6ED5BB 		.ascii	"\272n\325\273\225\372\014\261\255-P\336\212\274\301"
 170      95FA0CB1 
 170      AD2D50DE 
 170      8ABCC1
 171 04f4 08D50B49 		.ascii	"\010\325\013I\261wD\345\271\225o\254-\253F\215Bk$$\013"
 171      B17744E5 
 171      B9956FAC 
 171      2DAB468D 
 171      426B2424 
 172 0509 6FC7DB82 		.ascii	"o\307\333\202RXhX\261\362U!&\207\344\230\022\225\305"
 172      52586858 
 172      B1F25521 
 172      2687E498 
 172      1295C5
 173 051c 6087B022 		.ascii	"`\207\260\"\324$7\005\003`E\212\206\026\372**\253\312"
ARM GAS  /tmp/ccvxqnZh.s 			page 13


 173      D4243705 
 173      0360458A 
 173      8616FA2A 
 173      2AABCA
 174 052f 2B2B593B 		.ascii	"++Y;\034\011\313\013e\251)(\004\303\315m\361\200,\304"
 174      1C09CB0B 
 174      65A92928 
 174      04C3CD6D 
 174      F1802CC4 
 175 0543 944030AC 		.ascii	"\224@0\254\200\035w\034\376W\371De\236\225\246\256\252"
 175      801D771C 
 175      FE57F944 
 175      659E95A6 
 175      AEAA
 176 0555 7BD28A8A 		.ascii	"{\322\212\212\352V-\217\307\226\032\025\233#\241P$,"
 176      EA562D8F 
 176      C7961A15 
 176      9B23A150 
 176      242C
 177 0567 C81D8A50 		.ascii	"\310\035\212P\335\320X\327\010n\251\236\275V\331\321"
 177      DDD058D7 
 177      086EA99E 
 177      BD56D9D1 
 178 0577 01564255 		.ascii	"\001VBU\276\226\312\212\212\216&\352\022uT\\\363^\273"
 178      BE96CA8A 
 178      8A8E26EA 
 178      1275545C 
 178      F35EBB
 179 058a 5C23B7F0 		.ascii	"\\#\267\360\325\376z\220Z\276\256\306\317\257\252\361"
 179      D5FE7A90 
 179      5ABEAEC6 
 179      CFAFAAF1 
 180 059a BB9637FA 		.ascii	"\273\2267\372\375\374r\277\337U_\375\272\277X\365>\030"
 180      FDFC72BF 
 180      DF555FFD 
 180      BABF58F5 
 180      3E18
 181 05ac 00DFD586 		.ascii	"\000\337\325\206\213F\302K\311\212-RLY\012\003\221\226"
 181      8B46C24B 
 181      C98A2D52 
 181      4C590A03 
 181      9196
 182 05be 9698AC14 		.ascii	"\226\230\254\024\0037\277,\005\200\031\337\024\217M"
 182      0337BF2C 
 182      058019DF 
 182      148F4D
 183 05cd 85EEBA68 		.ascii	"\205\356\272hP\221\241\357j\012*1w0\022\212\004dQ\231"
 183      5091A1EF 
 183      6A0A2A31 
 183      7730128A 
 183      04645199 
 184 05e1 06238DB2 		.ascii	"\006#\215\262\002\337\033\240\357\242\037g\351\001\027"
 184      02DF1BA0 
 184      EFA21F67 
 184      E90117
 185 05f0 01E8AD68 		.ascii	"\001\350\255h$\336N\277\272\232[\245\250[\024[\342\341"
 185      24DE4EBF 
ARM GAS  /tmp/ccvxqnZh.s 			page 14


 185      BA9A5BA5 
 185      A85B145B 
 185      E2E1
 186 0602 66519CA6 		.ascii	"fQ\234\2467\312\027/Z\3543\365\226\030{K|\377\003\000"
 186      37CA172F 
 186      5AEC33F5 
 186      96187B4B 
 186      7CFF0300 
 187 0616 1DA213   		.ascii	"\035\242\023"
 188              		.text
 189              		.section	.gnu.lto_.symtab.70dedeea18cfe9c8,"",%progbits
 190 0000 70616C52 		.ascii	"palReadBus\000\000\000\000\000\000\000\000\000\000\000"
 190      65616442 
 190      75730000 
 190      00000000 
 190      00000000 
 191 0015 00A10000 		.ascii	"\000\241\000\000\000palWriteBus\000\000\000\000\000"
 191      0070616C 
 191      57726974 
 191      65427573 
 191      00000000 
 192 002a 00000000 		.ascii	"\000\000\000\000\000\000\000\326\000\000\000palSetB"
 192      000000D6 
 192      00000070 
 192      616C5365 
 192      7442
 193 003c 75734D6F 		.ascii	"usMode\000\000\000\000\000\000\000\000\000\000\000\000"
 193      64650000 
 193      00000000 
 193      00000000 
 193      0000
 194 004e DF000000 		.ascii	"\337\000\000\000_pal_lld_setgroupmode\000\000\002\000"
 194      5F70616C 
 194      5F6C6C64 
 194      5F736574 
 194      67726F75 
 195 006b 00000000 		.ascii	"\000\000\000\000\000\000\000\000\353\000\000\000"
 195      00000000 
 195      EB000000 
 196              		.text
 197              		.section	.gnu.lto_.opts,"",%progbits
 198 0000 272D6D63 		.ascii	"'-mcpu=cortex-m3' '-mno-thumb-interwork' '-mthumb' "
 198      70753D63 
 198      6F727465 
 198      782D6D33 
 198      2720272D 
 199 0033 272D6767 		.ascii	"'-ggdb' '-O2' '-fomit-frame-pointer' '-falign-funct"
 199      64622720 
 199      272D4F32 
 199      2720272D 
 199      666F6D69 
 200 0066 696F6E73 		.ascii	"ions=16' '-ffunction-sections' '-fdata-sections' '-"
 200      3D313627 
 200      20272D66 
 200      66756E63 
 200      74696F6E 
 201 0099 666E6F2D 		.ascii	"fno-common' '-flto'\000"
ARM GAS  /tmp/ccvxqnZh.s 			page 15


 201      636F6D6D 
 201      6F6E2720 
 201      272D666C 
 201      746F2700 
 202              		.text
 203              		.cfi_sections	.debug_frame
 204              		.section	.text.palReadBus,"ax",%progbits
 205              		.align	2
 206              		.p2align 4,,15
 207              		.global	palReadBus
 208              		.thumb
 209              		.thumb_func
 210              		.type	palReadBus, %function
 211              	palReadBus:
 212              	.LFB219:
 213              		.file 1 "../../../os/hal/src/hal_pal.c"
 214              		.loc 1 65 0
 215              		.cfi_startproc
 216              		@ args = 0, pretend = 0, frame = 0
 217              		@ frame_needed = 0, uses_anonymous_args = 0
 218              		@ link register save eliminated.
 219              	.LVL0:
 220              		.loc 1 69 0
 221 0000 0368     		ldr	r3, [r0]
 222 0002 8268     		ldr	r2, [r0, #8]
 223 0004 9968     		ldr	r1, [r3, #8]
 224 0006 4368     		ldr	r3, [r0, #4]
 225 0008 21FA02F0 		lsr	r0, r1, r2
 226              	.LVL1:
 227              		.loc 1 70 0
 228 000c 1840     		ands	r0, r0, r3
 229 000e 7047     		bx	lr
 230              		.cfi_endproc
 231              	.LFE219:
 232              		.size	palReadBus, .-palReadBus
 233              		.section	.text.palWriteBus,"ax",%progbits
 234              		.align	2
 235              		.p2align 4,,15
 236              		.global	palWriteBus
 237              		.thumb
 238              		.thumb_func
 239              		.type	palWriteBus, %function
 240              	palWriteBus:
 241              	.LFB220:
 242              		.loc 1 90 0
 243              		.cfi_startproc
 244              		@ args = 0, pretend = 0, frame = 0
 245              		@ frame_needed = 0, uses_anonymous_args = 0
 246              		@ link register save eliminated.
 247              	.LVL2:
 248              		.loc 1 94 0
 249 0000 4268     		ldr	r2, [r0, #4]
 250 0002 8368     		ldr	r3, [r0, #8]
 251              		.loc 1 90 0
 252 0004 30B4     		push	{r4, r5}
 253              		.cfi_def_cfa_offset 8
 254              		.cfi_offset 4, -8
ARM GAS  /tmp/ccvxqnZh.s 			page 16


 255              		.cfi_offset 5, -4
 256              		.loc 1 94 0
 257 0006 22EA0105 		bic	r5, r2, r1
 258 000a 03F11004 		add	r4, r3, #16
 259 000e 0A40     		ands	r2, r2, r1
 260 0010 02FA03F3 		lsl	r3, r2, r3
 261 0014 05FA04F2 		lsl	r2, r5, r4
 262              		.loc 1 95 0
 263 0018 30BC     		pop	{r4, r5}
 264              		.loc 1 94 0
 265 001a 0068     		ldr	r0, [r0]
 266              	.LVL3:
 267 001c 1343     		orrs	r3, r3, r2
 268 001e 0361     		str	r3, [r0, #16]
 269              		.loc 1 95 0
 270 0020 7047     		bx	lr
 271              		.cfi_endproc
 272              	.LFE220:
 273              		.size	palWriteBus, .-palWriteBus
 274 0022 00BFAFF3 		.section	.text.palSetBusMode,"ax",%progbits
 274      0080AFF3 
 274      0080AFF3 
 274      0080
 275              		.align	2
 276              		.p2align 4,,15
 277              		.global	palSetBusMode
 278              		.thumb
 279              		.thumb_func
 280              		.type	palSetBusMode, %function
 281              	palSetBusMode:
 282              	.LFB221:
 283              		.loc 1 113 0
 284              		.cfi_startproc
 285              		@ args = 0, pretend = 0, frame = 0
 286              		@ frame_needed = 0, uses_anonymous_args = 0
 287              		@ link register save eliminated.
 288              	.LVL4:
 289 0000 10B4     		push	{r4}
 290              		.cfi_def_cfa_offset 4
 291              		.cfi_offset 4, -4
 292              		.loc 1 117 0
 293 0002 8368     		ldr	r3, [r0, #8]
 294 0004 4468     		ldr	r4, [r0, #4]
 295              		.loc 1 113 0
 296 0006 0A46     		mov	r2, r1
 297              		.loc 1 117 0
 298 0008 0068     		ldr	r0, [r0]
 299              	.LVL5:
 300 000a 04FA03F1 		lsl	r1, r4, r3
 301              	.LVL6:
 302              		.loc 1 118 0
 303 000e 5DF8044B 		ldr	r4, [sp], #4
 304              		.loc 1 117 0
 305 0012 FFF7FEBF 		b	_pal_lld_setgroupmode
 306              	.LVL7:
 307              		.cfi_endproc
 308              	.LFE221:
ARM GAS  /tmp/ccvxqnZh.s 			page 17


 309              		.size	palSetBusMode, .-palSetBusMode
 310 0016 00BFAFF3 		.text
 310      0080AFF3 
 310      0080
 311              	.Letext0:
 312              		.file 2 "/home/julian/MEGA/semestre_ix/Embebidos/arm-2013.11/arm-none-eabi/include/stdint.h"
 313              		.file 3 "../../../os/common/ports/ARMCMx/compilers/GCC/chtypes.h"
 314              		.file 4 "../../../os/rt/include/chsystypes.h"
 315              		.file 5 "../../../os/rt/include/chschd.h"
 316              		.file 6 "../../../os/common/ext/CMSIS/ST/STM32F1xx/stm32f100xb.h"
 317              		.file 7 "../../../os/common/ports/ARMCMx/chcore.h"
 318              		.file 8 "../../../os/common/ports/ARMCMx/chcore_v7m.h"
 319              		.file 9 "../../../os/rt/include/chsem.h"
 320              		.file 10 "../../../os/rt/include/chmtx.h"
 321              		.file 11 "../../../os/hal/ports/STM32/LLD/GPIOv1/hal_pal_lld.h"
 322              		.file 12 "../../../os/hal/include/hal_pal.h"
 323              		.file 13 "../../../os/common/ext/CMSIS/include/core_cm3.h"
 324              		.section	.debug_info,"",%progbits
 325              	.Ldebug_info0:
 326 0000 B5070000 		.4byte	0x7b5
 327 0004 0400     		.2byte	0x4
 328 0006 00000000 		.4byte	.Ldebug_abbrev0
 329 000a 04       		.byte	0x4
 330 000b 01       		.uleb128 0x1
 331 000c EF010000 		.4byte	.LASF103
 332 0010 01       		.byte	0x1
 333 0011 81030000 		.4byte	.LASF104
 334 0015 73000000 		.4byte	.LASF105
 335 0019 00000000 		.4byte	.Ldebug_ranges0+0
 336 001d 00000000 		.4byte	0
 337 0021 00000000 		.4byte	.Ldebug_line0
 338 0025 02       		.uleb128 0x2
 339 0026 04       		.byte	0x4
 340 0027 05       		.byte	0x5
 341 0028 696E7400 		.ascii	"int\000"
 342 002c 03       		.uleb128 0x3
 343 002d 04       		.byte	0x4
 344 002e 07       		.byte	0x7
 345 002f 4D000000 		.4byte	.LASF0
 346 0033 03       		.uleb128 0x3
 347 0034 01       		.byte	0x1
 348 0035 06       		.byte	0x6
 349 0036 E0040000 		.4byte	.LASF1
 350 003a 04       		.uleb128 0x4
 351 003b C6020000 		.4byte	.LASF4
 352 003f 02       		.byte	0x2
 353 0040 2A       		.byte	0x2a
 354 0041 45000000 		.4byte	0x45
 355 0045 03       		.uleb128 0x3
 356 0046 01       		.byte	0x1
 357 0047 08       		.byte	0x8
 358 0048 79040000 		.4byte	.LASF2
 359 004c 03       		.uleb128 0x3
 360 004d 02       		.byte	0x2
 361 004e 05       		.byte	0x5
 362 004f BB030000 		.4byte	.LASF3
 363 0053 04       		.uleb128 0x4
ARM GAS  /tmp/ccvxqnZh.s 			page 18


 364 0054 B2030000 		.4byte	.LASF5
 365 0058 02       		.byte	0x2
 366 0059 36       		.byte	0x36
 367 005a 5E000000 		.4byte	0x5e
 368 005e 03       		.uleb128 0x3
 369 005f 02       		.byte	0x2
 370 0060 07       		.byte	0x7
 371 0061 F2040000 		.4byte	.LASF6
 372 0065 04       		.uleb128 0x4
 373 0066 5C040000 		.4byte	.LASF7
 374 006a 02       		.byte	0x2
 375 006b 4F       		.byte	0x4f
 376 006c 70000000 		.4byte	0x70
 377 0070 03       		.uleb128 0x3
 378 0071 04       		.byte	0x4
 379 0072 05       		.byte	0x5
 380 0073 C5030000 		.4byte	.LASF8
 381 0077 04       		.uleb128 0x4
 382 0078 34010000 		.4byte	.LASF9
 383 007c 02       		.byte	0x2
 384 007d 50       		.byte	0x50
 385 007e 82000000 		.4byte	0x82
 386 0082 03       		.uleb128 0x3
 387 0083 04       		.byte	0x4
 388 0084 07       		.byte	0x7
 389 0085 37040000 		.4byte	.LASF10
 390 0089 03       		.uleb128 0x3
 391 008a 08       		.byte	0x8
 392 008b 05       		.byte	0x5
 393 008c 03030000 		.4byte	.LASF11
 394 0090 04       		.uleb128 0x4
 395 0091 FA030000 		.4byte	.LASF12
 396 0095 02       		.byte	0x2
 397 0096 78       		.byte	0x78
 398 0097 9B000000 		.4byte	0x9b
 399 009b 03       		.uleb128 0x3
 400 009c 08       		.byte	0x8
 401 009d 07       		.byte	0x7
 402 009e 77010000 		.4byte	.LASF13
 403 00a2 04       		.uleb128 0x4
 404 00a3 A5040000 		.4byte	.LASF14
 405 00a7 02       		.byte	0x2
 406 00a8 A0       		.byte	0xa0
 407 00a9 2C000000 		.4byte	0x2c
 408 00ad 04       		.uleb128 0x4
 409 00ae 9F030000 		.4byte	.LASF15
 410 00b2 03       		.byte	0x3
 411 00b3 3C       		.byte	0x3c
 412 00b4 3A000000 		.4byte	0x3a
 413 00b8 04       		.uleb128 0x4
 414 00b9 BD020000 		.4byte	.LASF16
 415 00bd 03       		.byte	0x3
 416 00be 3D       		.byte	0x3d
 417 00bf 3A000000 		.4byte	0x3a
 418 00c3 04       		.uleb128 0x4
 419 00c4 2F040000 		.4byte	.LASF17
 420 00c8 03       		.byte	0x3
ARM GAS  /tmp/ccvxqnZh.s 			page 19


 421 00c9 3E       		.byte	0x3e
 422 00ca 3A000000 		.4byte	0x3a
 423 00ce 04       		.uleb128 0x4
 424 00cf 5E010000 		.4byte	.LASF18
 425 00d3 03       		.byte	0x3
 426 00d4 40       		.byte	0x40
 427 00d5 77000000 		.4byte	0x77
 428 00d9 04       		.uleb128 0x4
 429 00da 11030000 		.4byte	.LASF19
 430 00de 03       		.byte	0x3
 431 00df 41       		.byte	0x41
 432 00e0 65000000 		.4byte	0x65
 433 00e4 04       		.uleb128 0x4
 434 00e5 45010000 		.4byte	.LASF20
 435 00e9 03       		.byte	0x3
 436 00ea 43       		.byte	0x43
 437 00eb 77000000 		.4byte	0x77
 438 00ef 04       		.uleb128 0x4
 439 00f0 8E010000 		.4byte	.LASF21
 440 00f4 03       		.byte	0x3
 441 00f5 45       		.byte	0x45
 442 00f6 65000000 		.4byte	0x65
 443 00fa 04       		.uleb128 0x4
 444 00fb 2B000000 		.4byte	.LASF22
 445 00ff 04       		.byte	0x4
 446 0100 35       		.byte	0x35
 447 0101 53000000 		.4byte	0x53
 448 0105 04       		.uleb128 0x4
 449 0106 C9010000 		.4byte	.LASF23
 450 010a 04       		.byte	0x4
 451 010b 3F       		.byte	0x3f
 452 010c 10010000 		.4byte	0x110
 453 0110 05       		.uleb128 0x5
 454 0111 D7020000 		.4byte	.LASF41
 455 0115 44       		.byte	0x44
 456 0116 05       		.byte	0x5
 457 0117 9A       		.byte	0x9a
 458 0118 EE010000 		.4byte	0x1ee
 459 011c 06       		.uleb128 0x6
 460 011d 56040000 		.4byte	.LASF24
 461 0121 05       		.byte	0x5
 462 0122 9B       		.byte	0x9b
 463 0123 23020000 		.4byte	0x223
 464 0127 00       		.byte	0
 465 0128 06       		.uleb128 0x6
 466 0129 99020000 		.4byte	.LASF25
 467 012d 05       		.byte	0x5
 468 012e 9C       		.byte	0x9c
 469 012f CE000000 		.4byte	0xce
 470 0133 08       		.byte	0x8
 471 0134 07       		.uleb128 0x7
 472 0135 63747800 		.ascii	"ctx\000"
 473 0139 05       		.byte	0x5
 474 013a 9D       		.byte	0x9d
 475 013b 85040000 		.4byte	0x485
 476 013f 0C       		.byte	0xc
 477 0140 06       		.uleb128 0x6
ARM GAS  /tmp/ccvxqnZh.s 			page 20


 478 0141 73040000 		.4byte	.LASF26
 479 0145 05       		.byte	0x5
 480 0146 9F       		.byte	0x9f
 481 0147 F9010000 		.4byte	0x1f9
 482 014b 10       		.byte	0x10
 483 014c 06       		.uleb128 0x6
 484 014d 24050000 		.4byte	.LASF27
 485 0151 05       		.byte	0x5
 486 0152 A0       		.byte	0xa0
 487 0153 F9010000 		.4byte	0x1f9
 488 0157 14       		.byte	0x14
 489 0158 06       		.uleb128 0x6
 490 0159 14040000 		.4byte	.LASF28
 491 015d 05       		.byte	0x5
 492 015e A7       		.byte	0xa7
 493 015f EA050000 		.4byte	0x5ea
 494 0163 18       		.byte	0x18
 495 0164 06       		.uleb128 0x6
 496 0165 B6020000 		.4byte	.LASF29
 497 0169 05       		.byte	0x5
 498 016a B0       		.byte	0xb0
 499 016b FC050000 		.4byte	0x5fc
 500 016f 1C       		.byte	0x1c
 501 0170 06       		.uleb128 0x6
 502 0171 B2040000 		.4byte	.LASF30
 503 0175 05       		.byte	0x5
 504 0176 B5       		.byte	0xb5
 505 0177 B8000000 		.4byte	0xb8
 506 017b 20       		.byte	0x20
 507 017c 06       		.uleb128 0x6
 508 017d 25000000 		.4byte	.LASF31
 509 0181 05       		.byte	0x5
 510 0182 B9       		.byte	0xb9
 511 0183 AD000000 		.4byte	0xad
 512 0187 21       		.byte	0x21
 513 0188 06       		.uleb128 0x6
 514 0189 6E000000 		.4byte	.LASF32
 515 018d 05       		.byte	0x5
 516 018e BE       		.byte	0xbe
 517 018f C3000000 		.4byte	0xc3
 518 0193 22       		.byte	0x22
 519 0194 08       		.uleb128 0x8
 520 0195 7500     		.ascii	"u\000"
 521 0197 05       		.byte	0x5
 522 0198 0F01     		.2byte	0x10f
 523 019a 1F050000 		.4byte	0x51f
 524 019e 24       		.byte	0x24
 525 019f 09       		.uleb128 0x9
 526 01a0 87040000 		.4byte	.LASF33
 527 01a4 05       		.byte	0x5
 528 01a5 1401     		.2byte	0x114
 529 01a7 FF010000 		.4byte	0x1ff
 530 01ab 28       		.byte	0x28
 531 01ac 09       		.uleb128 0x9
 532 01ad CE020000 		.4byte	.LASF34
 533 01b1 05       		.byte	0x5
 534 01b2 1A01     		.2byte	0x11a
ARM GAS  /tmp/ccvxqnZh.s 			page 21


 535 01b4 23020000 		.4byte	0x223
 536 01b8 2C       		.byte	0x2c
 537 01b9 09       		.uleb128 0x9
 538 01ba 44000000 		.4byte	.LASF35
 539 01be 05       		.byte	0x5
 540 01bf 2001     		.2byte	0x120
 541 01c1 E4000000 		.4byte	0xe4
 542 01c5 34       		.byte	0x34
 543 01c6 09       		.uleb128 0x9
 544 01c7 AA010000 		.4byte	.LASF36
 545 01cb 05       		.byte	0x5
 546 01cc 2701     		.2byte	0x127
 547 01ce E4050000 		.4byte	0x5e4
 548 01d2 38       		.byte	0x38
 549 01d3 09       		.uleb128 0x9
 550 01d4 35000000 		.4byte	.LASF37
 551 01d8 05       		.byte	0x5
 552 01d9 2B01     		.2byte	0x12b
 553 01db CE000000 		.4byte	0xce
 554 01df 3C       		.byte	0x3c
 555 01e0 09       		.uleb128 0x9
 556 01e1 38050000 		.4byte	.LASF38
 557 01e5 05       		.byte	0x5
 558 01e6 3201     		.2byte	0x132
 559 01e8 D6020000 		.4byte	0x2d6
 560 01ec 40       		.byte	0x40
 561 01ed 00       		.byte	0
 562 01ee 04       		.uleb128 0x4
 563 01ef A3020000 		.4byte	.LASF39
 564 01f3 04       		.byte	0x4
 565 01f4 44       		.byte	0x44
 566 01f5 F9010000 		.4byte	0x1f9
 567 01f9 0A       		.uleb128 0xa
 568 01fa 04       		.byte	0x4
 569 01fb 05010000 		.4byte	0x105
 570 01ff 04       		.uleb128 0x4
 571 0200 5F000000 		.4byte	.LASF40
 572 0204 04       		.byte	0x4
 573 0205 49       		.byte	0x49
 574 0206 0A020000 		.4byte	0x20a
 575 020a 05       		.uleb128 0x5
 576 020b 00000000 		.4byte	.LASF42
 577 020f 04       		.byte	0x4
 578 0210 05       		.byte	0x5
 579 0211 88       		.byte	0x88
 580 0212 23020000 		.4byte	0x223
 581 0216 06       		.uleb128 0x6
 582 0217 5A000000 		.4byte	.LASF43
 583 021b 05       		.byte	0x5
 584 021c 89       		.byte	0x89
 585 021d F9010000 		.4byte	0x1f9
 586 0221 00       		.byte	0
 587 0222 00       		.byte	0
 588 0223 04       		.uleb128 0x4
 589 0224 9A010000 		.4byte	.LASF44
 590 0228 04       		.byte	0x4
 591 0229 50       		.byte	0x50
ARM GAS  /tmp/ccvxqnZh.s 			page 22


 592 022a 2E020000 		.4byte	0x22e
 593 022e 05       		.uleb128 0x5
 594 022f 0A010000 		.4byte	.LASF45
 595 0233 08       		.byte	0x8
 596 0234 05       		.byte	0x5
 597 0235 8F       		.byte	0x8f
 598 0236 53020000 		.4byte	0x253
 599 023a 06       		.uleb128 0x6
 600 023b 5A000000 		.4byte	.LASF43
 601 023f 05       		.byte	0x5
 602 0240 90       		.byte	0x90
 603 0241 F9010000 		.4byte	0x1f9
 604 0245 00       		.byte	0
 605 0246 06       		.uleb128 0x6
 606 0247 05010000 		.4byte	.LASF46
 607 024b 05       		.byte	0x5
 608 024c 91       		.byte	0x91
 609 024d F9010000 		.4byte	0x1f9
 610 0251 04       		.byte	0x4
 611 0252 00       		.byte	0
 612 0253 04       		.uleb128 0x4
 613 0254 49040000 		.4byte	.LASF47
 614 0258 04       		.byte	0x4
 615 0259 57       		.byte	0x57
 616 025a 5E020000 		.4byte	0x25e
 617 025e 0B       		.uleb128 0xb
 618 025f E6000000 		.4byte	.LASF48
 619 0263 1C       		.byte	0x1c
 620 0264 05       		.byte	0x5
 621 0265 6A01     		.2byte	0x16a
 622 0267 BA020000 		.4byte	0x2ba
 623 026b 09       		.uleb128 0x9
 624 026c 56040000 		.4byte	.LASF24
 625 0270 05       		.byte	0x5
 626 0271 6B01     		.2byte	0x16b
 627 0273 23020000 		.4byte	0x223
 628 0277 00       		.byte	0
 629 0278 09       		.uleb128 0x9
 630 0279 99020000 		.4byte	.LASF25
 631 027d 05       		.byte	0x5
 632 027e 6C01     		.2byte	0x16c
 633 0280 CE000000 		.4byte	0xce
 634 0284 08       		.byte	0x8
 635 0285 08       		.uleb128 0x8
 636 0286 63747800 		.ascii	"ctx\000"
 637 028a 05       		.byte	0x5
 638 028b 6E01     		.2byte	0x16e
 639 028d 85040000 		.4byte	0x485
 640 0291 0C       		.byte	0xc
 641 0292 09       		.uleb128 0x9
 642 0293 73040000 		.4byte	.LASF26
 643 0297 05       		.byte	0x5
 644 0298 7101     		.2byte	0x171
 645 029a F9010000 		.4byte	0x1f9
 646 029e 10       		.byte	0x10
 647 029f 09       		.uleb128 0x9
 648 02a0 24050000 		.4byte	.LASF27
ARM GAS  /tmp/ccvxqnZh.s 			page 23


 649 02a4 05       		.byte	0x5
 650 02a5 7201     		.2byte	0x172
 651 02a7 F9010000 		.4byte	0x1f9
 652 02ab 14       		.byte	0x14
 653 02ac 09       		.uleb128 0x9
 654 02ad 10050000 		.4byte	.LASF49
 655 02b1 05       		.byte	0x5
 656 02b2 7501     		.2byte	0x175
 657 02b4 F9010000 		.4byte	0x1f9
 658 02b8 18       		.byte	0x18
 659 02b9 00       		.byte	0
 660 02ba 04       		.uleb128 0x4
 661 02bb 1B010000 		.4byte	.LASF50
 662 02bf 04       		.byte	0x4
 663 02c0 5C       		.byte	0x5c
 664 02c1 C5020000 		.4byte	0x2c5
 665 02c5 0A       		.uleb128 0xa
 666 02c6 04       		.byte	0x4
 667 02c7 CB020000 		.4byte	0x2cb
 668 02cb 0C       		.uleb128 0xc
 669 02cc D6020000 		.4byte	0x2d6
 670 02d0 0D       		.uleb128 0xd
 671 02d1 D6020000 		.4byte	0x2d6
 672 02d5 00       		.byte	0
 673 02d6 0E       		.uleb128 0xe
 674 02d7 04       		.byte	0x4
 675 02d8 04       		.uleb128 0x4
 676 02d9 33030000 		.4byte	.LASF51
 677 02dd 04       		.byte	0x4
 678 02de 61       		.byte	0x61
 679 02df E3020000 		.4byte	0x2e3
 680 02e3 0B       		.uleb128 0xb
 681 02e4 66010000 		.4byte	.LASF52
 682 02e8 14       		.byte	0x14
 683 02e9 05       		.byte	0x5
 684 02ea 4501     		.2byte	0x145
 685 02ec 32030000 		.4byte	0x332
 686 02f0 09       		.uleb128 0x9
 687 02f1 5A000000 		.4byte	.LASF43
 688 02f5 05       		.byte	0x5
 689 02f6 4601     		.2byte	0x146
 690 02f8 02060000 		.4byte	0x602
 691 02fc 00       		.byte	0
 692 02fd 09       		.uleb128 0x9
 693 02fe 05010000 		.4byte	.LASF46
 694 0302 05       		.byte	0x5
 695 0303 4701     		.2byte	0x147
 696 0305 02060000 		.4byte	0x602
 697 0309 04       		.byte	0x4
 698 030a 09       		.uleb128 0x9
 699 030b EC040000 		.4byte	.LASF53
 700 030f 05       		.byte	0x5
 701 0310 4801     		.2byte	0x148
 702 0312 FA000000 		.4byte	0xfa
 703 0316 08       		.byte	0x8
 704 0317 09       		.uleb128 0x9
 705 0318 F4000000 		.4byte	.LASF54
ARM GAS  /tmp/ccvxqnZh.s 			page 24


 706 031c 05       		.byte	0x5
 707 031d 4901     		.2byte	0x149
 708 031f BA020000 		.4byte	0x2ba
 709 0323 0C       		.byte	0xc
 710 0324 08       		.uleb128 0x8
 711 0325 70617200 		.ascii	"par\000"
 712 0329 05       		.byte	0x5
 713 032a 4B01     		.2byte	0x14b
 714 032c D6020000 		.4byte	0x2d6
 715 0330 10       		.byte	0x10
 716 0331 00       		.byte	0
 717 0332 04       		.uleb128 0x4
 718 0333 8F040000 		.4byte	.LASF55
 719 0337 04       		.byte	0x4
 720 0338 66       		.byte	0x66
 721 0339 3D030000 		.4byte	0x33d
 722 033d 0B       		.uleb128 0xb
 723 033e B2010000 		.4byte	.LASF56
 724 0342 0C       		.byte	0xc
 725 0343 05       		.byte	0x5
 726 0344 5501     		.2byte	0x155
 727 0346 7F030000 		.4byte	0x37f
 728 034a 09       		.uleb128 0x9
 729 034b 5A000000 		.4byte	.LASF43
 730 034f 05       		.byte	0x5
 731 0350 5601     		.2byte	0x156
 732 0352 02060000 		.4byte	0x602
 733 0356 00       		.byte	0
 734 0357 09       		.uleb128 0x9
 735 0358 05010000 		.4byte	.LASF46
 736 035c 05       		.byte	0x5
 737 035d 5801     		.2byte	0x158
 738 035f 02060000 		.4byte	0x602
 739 0363 04       		.byte	0x4
 740 0364 09       		.uleb128 0x9
 741 0365 EC040000 		.4byte	.LASF53
 742 0369 05       		.byte	0x5
 743 036a 5A01     		.2byte	0x15a
 744 036c FA000000 		.4byte	0xfa
 745 0370 08       		.byte	0x8
 746 0371 09       		.uleb128 0x9
 747 0372 F1030000 		.4byte	.LASF57
 748 0376 05       		.byte	0x5
 749 0377 6201     		.2byte	0x162
 750 0379 FA000000 		.4byte	0xfa
 751 037d 0A       		.byte	0xa
 752 037e 00       		.byte	0
 753 037f 04       		.uleb128 0x4
 754 0380 F4020000 		.4byte	.LASF58
 755 0384 04       		.byte	0x4
 756 0385 6B       		.byte	0x6b
 757 0386 8A030000 		.4byte	0x38a
 758 038a 0B       		.uleb128 0xb
 759 038b 24010000 		.4byte	.LASF59
 760 038f 04       		.byte	0x4
 761 0390 05       		.byte	0x5
 762 0391 7C01     		.2byte	0x17c
ARM GAS  /tmp/ccvxqnZh.s 			page 25


 763 0393 A5030000 		.4byte	0x3a5
 764 0397 09       		.uleb128 0x9
 765 0398 77030000 		.4byte	.LASF60
 766 039c 05       		.byte	0x5
 767 039d 8401     		.2byte	0x184
 768 039f 08060000 		.4byte	0x608
 769 03a3 00       		.byte	0
 770 03a4 00       		.byte	0
 771 03a5 04       		.uleb128 0x4
 772 03a6 CE040000 		.4byte	.LASF61
 773 03aa 04       		.byte	0x4
 774 03ab 70       		.byte	0x70
 775 03ac B0030000 		.4byte	0x3b0
 776 03b0 0B       		.uleb128 0xb
 777 03b1 E7030000 		.4byte	.LASF62
 778 03b5 70       		.byte	0x70
 779 03b6 05       		.byte	0x5
 780 03b7 9C01     		.2byte	0x19c
 781 03b9 F2030000 		.4byte	0x3f2
 782 03bd 09       		.uleb128 0x9
 783 03be 03040000 		.4byte	.LASF63
 784 03c2 05       		.byte	0x5
 785 03c3 A001     		.2byte	0x1a0
 786 03c5 53020000 		.4byte	0x253
 787 03c9 00       		.byte	0
 788 03ca 09       		.uleb128 0x9
 789 03cb D2000000 		.4byte	.LASF64
 790 03cf 05       		.byte	0x5
 791 03d0 A401     		.2byte	0x1a4
 792 03d2 32030000 		.4byte	0x332
 793 03d6 1C       		.byte	0x1c
 794 03d7 08       		.uleb128 0x8
 795 03d8 64626700 		.ascii	"dbg\000"
 796 03dc 05       		.byte	0x5
 797 03dd A801     		.2byte	0x1a8
 798 03df 7F030000 		.4byte	0x37f
 799 03e3 28       		.byte	0x28
 800 03e4 09       		.uleb128 0x9
 801 03e5 A7030000 		.4byte	.LASF65
 802 03e9 05       		.byte	0x5
 803 03ea AC01     		.2byte	0x1ac
 804 03ec 05010000 		.4byte	0x105
 805 03f0 2C       		.byte	0x2c
 806 03f1 00       		.byte	0
 807 03f2 03       		.uleb128 0x3
 808 03f3 04       		.byte	0x4
 809 03f4 07       		.byte	0x7
 810 03f5 26040000 		.4byte	.LASF66
 811 03f9 0F       		.uleb128 0xf
 812 03fa 77000000 		.4byte	0x77
 813 03fe 10       		.uleb128 0x10
 814 03ff 1C       		.byte	0x1c
 815 0400 06       		.byte	0x6
 816 0401 5B01     		.2byte	0x15b
 817 0403 63040000 		.4byte	0x463
 818 0407 08       		.uleb128 0x8
 819 0408 43524C00 		.ascii	"CRL\000"
ARM GAS  /tmp/ccvxqnZh.s 			page 26


 820 040c 06       		.byte	0x6
 821 040d 5D01     		.2byte	0x15d
 822 040f F9030000 		.4byte	0x3f9
 823 0413 00       		.byte	0
 824 0414 08       		.uleb128 0x8
 825 0415 43524800 		.ascii	"CRH\000"
 826 0419 06       		.byte	0x6
 827 041a 5E01     		.2byte	0x15e
 828 041c F9030000 		.4byte	0x3f9
 829 0420 04       		.byte	0x4
 830 0421 08       		.uleb128 0x8
 831 0422 49445200 		.ascii	"IDR\000"
 832 0426 06       		.byte	0x6
 833 0427 5F01     		.2byte	0x15f
 834 0429 F9030000 		.4byte	0x3f9
 835 042d 08       		.byte	0x8
 836 042e 08       		.uleb128 0x8
 837 042f 4F445200 		.ascii	"ODR\000"
 838 0433 06       		.byte	0x6
 839 0434 6001     		.2byte	0x160
 840 0436 F9030000 		.4byte	0x3f9
 841 043a 0C       		.byte	0xc
 842 043b 09       		.uleb128 0x9
 843 043c 17000000 		.4byte	.LASF67
 844 0440 06       		.byte	0x6
 845 0441 6101     		.2byte	0x161
 846 0443 F9030000 		.4byte	0x3f9
 847 0447 10       		.byte	0x10
 848 0448 08       		.uleb128 0x8
 849 0449 42525200 		.ascii	"BRR\000"
 850 044d 06       		.byte	0x6
 851 044e 6201     		.2byte	0x162
 852 0450 F9030000 		.4byte	0x3f9
 853 0454 14       		.byte	0x14
 854 0455 09       		.uleb128 0x9
 855 0456 33050000 		.4byte	.LASF68
 856 045a 06       		.byte	0x6
 857 045b 6301     		.2byte	0x163
 858 045d F9030000 		.4byte	0x3f9
 859 0461 18       		.byte	0x18
 860 0462 00       		.byte	0
 861 0463 11       		.uleb128 0x11
 862 0464 19040000 		.4byte	.LASF69
 863 0468 06       		.byte	0x6
 864 0469 6401     		.2byte	0x164
 865 046b FE030000 		.4byte	0x3fe
 866 046f 04       		.uleb128 0x4
 867 0470 1C000000 		.4byte	.LASF70
 868 0474 07       		.byte	0x7
 869 0475 65       		.byte	0x65
 870 0476 D6020000 		.4byte	0x2d6
 871 047a 04       		.uleb128 0x4
 872 047b 05050000 		.4byte	.LASF71
 873 047f 07       		.byte	0x7
 874 0480 6D       		.byte	0x6d
 875 0481 90000000 		.4byte	0x90
 876 0485 05       		.uleb128 0x5
ARM GAS  /tmp/ccvxqnZh.s 			page 27


 877 0486 D9000000 		.4byte	.LASF72
 878 048a 04       		.byte	0x4
 879 048b 07       		.byte	0x7
 880 048c 89       		.byte	0x89
 881 048d 9D040000 		.4byte	0x49d
 882 0491 07       		.uleb128 0x7
 883 0492 737000   		.ascii	"sp\000"
 884 0495 07       		.byte	0x7
 885 0496 8A       		.byte	0x8a
 886 0497 19050000 		.4byte	0x519
 887 049b 00       		.byte	0
 888 049c 00       		.byte	0
 889 049d 0B       		.uleb128 0xb
 890 049e CE030000 		.4byte	.LASF73
 891 04a2 24       		.byte	0x24
 892 04a3 08       		.byte	0x8
 893 04a4 5901     		.2byte	0x159
 894 04a6 19050000 		.4byte	0x519
 895 04aa 08       		.uleb128 0x8
 896 04ab 723400   		.ascii	"r4\000"
 897 04ae 08       		.byte	0x8
 898 04af 6C01     		.2byte	0x16c
 899 04b1 6F040000 		.4byte	0x46f
 900 04b5 00       		.byte	0
 901 04b6 08       		.uleb128 0x8
 902 04b7 723500   		.ascii	"r5\000"
 903 04ba 08       		.byte	0x8
 904 04bb 6D01     		.2byte	0x16d
 905 04bd 6F040000 		.4byte	0x46f
 906 04c1 04       		.byte	0x4
 907 04c2 08       		.uleb128 0x8
 908 04c3 723600   		.ascii	"r6\000"
 909 04c6 08       		.byte	0x8
 910 04c7 6E01     		.2byte	0x16e
 911 04c9 6F040000 		.4byte	0x46f
 912 04cd 08       		.byte	0x8
 913 04ce 08       		.uleb128 0x8
 914 04cf 723700   		.ascii	"r7\000"
 915 04d2 08       		.byte	0x8
 916 04d3 6F01     		.2byte	0x16f
 917 04d5 6F040000 		.4byte	0x46f
 918 04d9 0C       		.byte	0xc
 919 04da 08       		.uleb128 0x8
 920 04db 723800   		.ascii	"r8\000"
 921 04de 08       		.byte	0x8
 922 04df 7001     		.2byte	0x170
 923 04e1 6F040000 		.4byte	0x46f
 924 04e5 10       		.byte	0x10
 925 04e6 08       		.uleb128 0x8
 926 04e7 723900   		.ascii	"r9\000"
 927 04ea 08       		.byte	0x8
 928 04eb 7101     		.2byte	0x171
 929 04ed 6F040000 		.4byte	0x46f
 930 04f1 14       		.byte	0x14
 931 04f2 08       		.uleb128 0x8
 932 04f3 72313000 		.ascii	"r10\000"
 933 04f7 08       		.byte	0x8
ARM GAS  /tmp/ccvxqnZh.s 			page 28


 934 04f8 7201     		.2byte	0x172
 935 04fa 6F040000 		.4byte	0x46f
 936 04fe 18       		.byte	0x18
 937 04ff 08       		.uleb128 0x8
 938 0500 72313100 		.ascii	"r11\000"
 939 0504 08       		.byte	0x8
 940 0505 7301     		.2byte	0x173
 941 0507 6F040000 		.4byte	0x46f
 942 050b 1C       		.byte	0x1c
 943 050c 08       		.uleb128 0x8
 944 050d 6C7200   		.ascii	"lr\000"
 945 0510 08       		.byte	0x8
 946 0511 7401     		.2byte	0x174
 947 0513 6F040000 		.4byte	0x46f
 948 0517 20       		.byte	0x20
 949 0518 00       		.byte	0
 950 0519 0A       		.uleb128 0xa
 951 051a 04       		.byte	0x4
 952 051b 9D040000 		.4byte	0x49d
 953 051f 12       		.uleb128 0x12
 954 0520 04       		.byte	0x4
 955 0521 05       		.byte	0x5
 956 0522 D2       		.byte	0xd2
 957 0523 82050000 		.4byte	0x582
 958 0527 13       		.uleb128 0x13
 959 0528 D2010000 		.4byte	.LASF74
 960 052c 05       		.byte	0x5
 961 052d D9       		.byte	0xd9
 962 052e D9000000 		.4byte	0xd9
 963 0532 13       		.uleb128 0x13
 964 0533 2A050000 		.4byte	.LASF75
 965 0537 05       		.byte	0x5
 966 0538 E0       		.byte	0xe0
 967 0539 D9000000 		.4byte	0xd9
 968 053d 13       		.uleb128 0x13
 969 053e CB000000 		.4byte	.LASF76
 970 0542 05       		.byte	0x5
 971 0543 E7       		.byte	0xe7
 972 0544 D6020000 		.4byte	0x2d6
 973 0548 13       		.uleb128 0x13
 974 0549 DA040000 		.4byte	.LASF77
 975 054d 05       		.byte	0x5
 976 054e EE       		.byte	0xee
 977 054f 82050000 		.4byte	0x582
 978 0553 13       		.uleb128 0x13
 979 0554 3D010000 		.4byte	.LASF78
 980 0558 05       		.byte	0x5
 981 0559 F3       		.byte	0xf3
 982 055a D9000000 		.4byte	0xd9
 983 055e 13       		.uleb128 0x13
 984 055f 64040000 		.4byte	.LASF79
 985 0563 05       		.byte	0x5
 986 0564 FC       		.byte	0xfc
 987 0565 AD050000 		.4byte	0x5ad
 988 0569 14       		.uleb128 0x14
 989 056a 10000000 		.4byte	.LASF80
 990 056e 05       		.byte	0x5
ARM GAS  /tmp/ccvxqnZh.s 			page 29


 991 056f 0501     		.2byte	0x105
 992 0571 E4050000 		.4byte	0x5e4
 993 0575 14       		.uleb128 0x14
 994 0576 F9000000 		.4byte	.LASF81
 995 057a 05       		.byte	0x5
 996 057b 0D01     		.2byte	0x10d
 997 057d E4000000 		.4byte	0xe4
 998 0581 00       		.byte	0
 999 0582 0A       		.uleb128 0xa
 1000 0583 04       		.byte	0x4
 1001 0584 EE010000 		.4byte	0x1ee
 1002 0588 05       		.uleb128 0x5
 1003 0589 51010000 		.4byte	.LASF82
 1004 058d 0C       		.byte	0xc
 1005 058e 09       		.byte	0x9
 1006 058f 34       		.byte	0x34
 1007 0590 AD050000 		.4byte	0x5ad
 1008 0594 06       		.uleb128 0x6
 1009 0595 56040000 		.4byte	.LASF24
 1010 0599 09       		.byte	0x9
 1011 059a 35       		.byte	0x35
 1012 059b 23020000 		.4byte	0x223
 1013 059f 00       		.byte	0
 1014 05a0 07       		.uleb128 0x7
 1015 05a1 636E7400 		.ascii	"cnt\000"
 1016 05a5 09       		.byte	0x9
 1017 05a6 37       		.byte	0x37
 1018 05a7 EF000000 		.4byte	0xef
 1019 05ab 08       		.byte	0x8
 1020 05ac 00       		.byte	0
 1021 05ad 0A       		.uleb128 0xa
 1022 05ae 04       		.byte	0x4
 1023 05af 88050000 		.4byte	0x588
 1024 05b3 05       		.uleb128 0x5
 1025 05b4 E6010000 		.4byte	.LASF83
 1026 05b8 10       		.byte	0x10
 1027 05b9 0A       		.byte	0xa
 1028 05ba 39       		.byte	0x39
 1029 05bb E4050000 		.4byte	0x5e4
 1030 05bf 06       		.uleb128 0x6
 1031 05c0 56040000 		.4byte	.LASF24
 1032 05c4 0A       		.byte	0xa
 1033 05c5 3A       		.byte	0x3a
 1034 05c6 23020000 		.4byte	0x223
 1035 05ca 00       		.byte	0
 1036 05cb 06       		.uleb128 0x6
 1037 05cc 94010000 		.4byte	.LASF84
 1038 05d0 0A       		.byte	0xa
 1039 05d1 3C       		.byte	0x3c
 1040 05d2 F9010000 		.4byte	0x1f9
 1041 05d6 08       		.byte	0x8
 1042 05d7 06       		.uleb128 0x6
 1043 05d8 5A000000 		.4byte	.LASF43
 1044 05dc 0A       		.byte	0xa
 1045 05dd 3E       		.byte	0x3e
 1046 05de 18060000 		.4byte	0x618
 1047 05e2 0C       		.byte	0xc
ARM GAS  /tmp/ccvxqnZh.s 			page 30


 1048 05e3 00       		.byte	0
 1049 05e4 0A       		.uleb128 0xa
 1050 05e5 04       		.byte	0x4
 1051 05e6 B3050000 		.4byte	0x5b3
 1052 05ea 0A       		.uleb128 0xa
 1053 05eb 04       		.byte	0x4
 1054 05ec F0050000 		.4byte	0x5f0
 1055 05f0 15       		.uleb128 0x15
 1056 05f1 F5050000 		.4byte	0x5f5
 1057 05f5 03       		.uleb128 0x3
 1058 05f6 01       		.byte	0x1
 1059 05f7 08       		.byte	0x8
 1060 05f8 9E020000 		.4byte	.LASF85
 1061 05fc 0A       		.uleb128 0xa
 1062 05fd 04       		.byte	0x4
 1063 05fe 7A040000 		.4byte	0x47a
 1064 0602 0A       		.uleb128 0xa
 1065 0603 04       		.byte	0x4
 1066 0604 D8020000 		.4byte	0x2d8
 1067 0608 0F       		.uleb128 0xf
 1068 0609 EA050000 		.4byte	0x5ea
 1069 060d 04       		.uleb128 0x4
 1070 060e 6B040000 		.4byte	.LASF86
 1071 0612 0A       		.byte	0xa
 1072 0613 34       		.byte	0x34
 1073 0614 B3050000 		.4byte	0x5b3
 1074 0618 0A       		.uleb128 0xa
 1075 0619 04       		.byte	0x4
 1076 061a 0D060000 		.4byte	0x60d
 1077 061e 03       		.uleb128 0x3
 1078 061f 01       		.byte	0x1
 1079 0620 02       		.byte	0x2
 1080 0621 E0010000 		.4byte	.LASF87
 1081 0625 04       		.uleb128 0x4
 1082 0626 43030000 		.4byte	.LASF88
 1083 062a 0B       		.byte	0xb
 1084 062b 92       		.byte	0x92
 1085 062c 77000000 		.4byte	0x77
 1086 0630 04       		.uleb128 0x4
 1087 0631 50030000 		.4byte	.LASF89
 1088 0635 0B       		.byte	0xb
 1089 0636 97       		.byte	0x97
 1090 0637 77000000 		.4byte	0x77
 1091 063b 04       		.uleb128 0x4
 1092 063c 09040000 		.4byte	.LASF90
 1093 0640 0B       		.byte	0xb
 1094 0641 A4       		.byte	0xa4
 1095 0642 46060000 		.4byte	0x646
 1096 0646 0A       		.uleb128 0xa
 1097 0647 04       		.byte	0x4
 1098 0648 63040000 		.4byte	0x463
 1099 064c 16       		.uleb128 0x16
 1100 064d 0C       		.byte	0xc
 1101 064e 0C       		.byte	0xc
 1102 064f 8A       		.byte	0x8a
 1103 0650 79060000 		.4byte	0x679
 1104 0654 06       		.uleb128 0x6
ARM GAS  /tmp/ccvxqnZh.s 			page 31


 1105 0655 92020000 		.4byte	.LASF91
 1106 0659 0C       		.byte	0xc
 1107 065a 8E       		.byte	0x8e
 1108 065b 3B060000 		.4byte	0x63b
 1109 065f 00       		.byte	0
 1110 0660 06       		.uleb128 0x6
 1111 0661 59030000 		.4byte	.LASF92
 1112 0665 0C       		.byte	0xc
 1113 0666 94       		.byte	0x94
 1114 0667 25060000 		.4byte	0x625
 1115 066b 04       		.byte	0x4
 1116 066c 06       		.uleb128 0x6
 1117 066d D9010000 		.4byte	.LASF93
 1118 0671 0C       		.byte	0xc
 1119 0672 98       		.byte	0x98
 1120 0673 A2000000 		.4byte	0xa2
 1121 0677 08       		.byte	0x8
 1122 0678 00       		.byte	0
 1123 0679 04       		.uleb128 0x4
 1124 067a 3E000000 		.4byte	.LASF94
 1125 067e 0C       		.byte	0xc
 1126 067f 99       		.byte	0x99
 1127 0680 4C060000 		.4byte	0x64c
 1128 0684 17       		.uleb128 0x17
 1129 0685 6C030000 		.4byte	.LASF106
 1130 0689 01       		.byte	0x1
 1131 068a 41       		.byte	0x41
 1132 068b 25060000 		.4byte	0x625
 1133 068f 00000000 		.4byte	.LFB219
 1134 0693 10000000 		.4byte	.LFE219-.LFB219
 1135 0697 01       		.uleb128 0x1
 1136 0698 9C       		.byte	0x9c
 1137 0699 B6060000 		.4byte	0x6b6
 1138 069d 18       		.uleb128 0x18
 1139 069e 62757300 		.ascii	"bus\000"
 1140 06a2 01       		.byte	0x1
 1141 06a3 41       		.byte	0x41
 1142 06a4 B6060000 		.4byte	0x6b6
 1143 06a8 00000000 		.4byte	.LLST0
 1144 06ac 19       		.uleb128 0x19
 1145 06ad 17030000 		.4byte	.LASF96
 1146 06b1 CC060000 		.4byte	0x6cc
 1147 06b5 00       		.byte	0
 1148 06b6 0A       		.uleb128 0xa
 1149 06b7 04       		.byte	0x4
 1150 06b8 79060000 		.4byte	0x679
 1151 06bc 1A       		.uleb128 0x1a
 1152 06bd F5050000 		.4byte	0x5f5
 1153 06c1 CC060000 		.4byte	0x6cc
 1154 06c5 1B       		.uleb128 0x1b
 1155 06c6 F2030000 		.4byte	0x3f2
 1156 06ca 0A       		.byte	0xa
 1157 06cb 00       		.byte	0
 1158 06cc 15       		.uleb128 0x15
 1159 06cd BC060000 		.4byte	0x6bc
 1160 06d1 1C       		.uleb128 0x1c
 1161 06d2 18050000 		.4byte	.LASF98
ARM GAS  /tmp/ccvxqnZh.s 			page 32


 1162 06d6 01       		.byte	0x1
 1163 06d7 5A       		.byte	0x5a
 1164 06d8 00000000 		.4byte	.LFB220
 1165 06dc 22000000 		.4byte	.LFE220-.LFB220
 1166 06e0 01       		.uleb128 0x1
 1167 06e1 9C       		.byte	0x9c
 1168 06e2 0C070000 		.4byte	0x70c
 1169 06e6 18       		.uleb128 0x18
 1170 06e7 62757300 		.ascii	"bus\000"
 1171 06eb 01       		.byte	0x1
 1172 06ec 5A       		.byte	0x5a
 1173 06ed B6060000 		.4byte	0x6b6
 1174 06f1 21000000 		.4byte	.LLST1
 1175 06f5 1D       		.uleb128 0x1d
 1176 06f6 E1020000 		.4byte	.LASF95
 1177 06fa 01       		.byte	0x1
 1178 06fb 5A       		.byte	0x5a
 1179 06fc 25060000 		.4byte	0x625
 1180 0700 01       		.uleb128 0x1
 1181 0701 51       		.byte	0x51
 1182 0702 19       		.uleb128 0x19
 1183 0703 25030000 		.4byte	.LASF97
 1184 0707 1C070000 		.4byte	0x71c
 1185 070b 00       		.byte	0
 1186 070c 1A       		.uleb128 0x1a
 1187 070d F5050000 		.4byte	0x5f5
 1188 0711 1C070000 		.4byte	0x71c
 1189 0715 1B       		.uleb128 0x1b
 1190 0716 F2030000 		.4byte	0x3f2
 1191 071a 0B       		.byte	0xb
 1192 071b 00       		.byte	0
 1193 071c 15       		.uleb128 0x15
 1194 071d 0C070000 		.4byte	0x70c
 1195 0721 1C       		.uleb128 0x1c
 1196 0722 E6020000 		.4byte	.LASF99
 1197 0726 01       		.byte	0x1
 1198 0727 71       		.byte	0x71
 1199 0728 00000000 		.4byte	.LFB221
 1200 072c 16000000 		.4byte	.LFE221-.LFB221
 1201 0730 01       		.uleb128 0x1
 1202 0731 9C       		.byte	0x9c
 1203 0732 6F070000 		.4byte	0x76f
 1204 0736 18       		.uleb128 0x18
 1205 0737 62757300 		.ascii	"bus\000"
 1206 073b 01       		.byte	0x1
 1207 073c 71       		.byte	0x71
 1208 073d B6060000 		.4byte	0x6b6
 1209 0741 42000000 		.4byte	.LLST2
 1210 0745 1E       		.uleb128 0x1e
 1211 0746 00010000 		.4byte	.LASF100
 1212 074a 01       		.byte	0x1
 1213 074b 71       		.byte	0x71
 1214 074c 30060000 		.4byte	0x630
 1215 0750 63000000 		.4byte	.LLST3
 1216 0754 19       		.uleb128 0x19
 1217 0755 5E030000 		.4byte	.LASF101
 1218 0759 7F070000 		.4byte	0x77f
ARM GAS  /tmp/ccvxqnZh.s 			page 33


 1219 075d 1F       		.uleb128 0x1f
 1220 075e 16000000 		.4byte	.LVL7
 1221 0762 A0070000 		.4byte	0x7a0
 1222 0766 20       		.uleb128 0x20
 1223 0767 01       		.uleb128 0x1
 1224 0768 52       		.byte	0x52
 1225 0769 03       		.uleb128 0x3
 1226 076a F3       		.byte	0xf3
 1227 076b 01       		.uleb128 0x1
 1228 076c 51       		.byte	0x51
 1229 076d 00       		.byte	0
 1230 076e 00       		.byte	0
 1231 076f 1A       		.uleb128 0x1a
 1232 0770 F5050000 		.4byte	0x5f5
 1233 0774 7F070000 		.4byte	0x77f
 1234 0778 1B       		.uleb128 0x1b
 1235 0779 F2030000 		.4byte	0x3f2
 1236 077d 0D       		.byte	0xd
 1237 077e 00       		.byte	0
 1238 077f 15       		.uleb128 0x15
 1239 0780 6F070000 		.4byte	0x76f
 1240 0784 21       		.uleb128 0x21
 1241 0785 DA030000 		.4byte	.LASF102
 1242 0789 0D       		.byte	0xd
 1243 078a 9606     		.2byte	0x696
 1244 078c 90070000 		.4byte	0x790
 1245 0790 0F       		.uleb128 0xf
 1246 0791 65000000 		.4byte	0x65
 1247 0795 22       		.uleb128 0x22
 1248 0796 636800   		.ascii	"ch\000"
 1249 0799 05       		.byte	0x5
 1250 079a D201     		.2byte	0x1d2
 1251 079c A5030000 		.4byte	0x3a5
 1252 07a0 23       		.uleb128 0x23
 1253 07a1 B8040000 		.4byte	.LASF107
 1254 07a5 0B       		.byte	0xb
 1255 07a6 6D01     		.2byte	0x16d
 1256 07a8 0D       		.uleb128 0xd
 1257 07a9 3B060000 		.4byte	0x63b
 1258 07ad 0D       		.uleb128 0xd
 1259 07ae 25060000 		.4byte	0x625
 1260 07b2 0D       		.uleb128 0xd
 1261 07b3 30060000 		.4byte	0x630
 1262 07b7 00       		.byte	0
 1263 07b8 00       		.byte	0
 1264              		.section	.debug_abbrev,"",%progbits
 1265              	.Ldebug_abbrev0:
 1266 0000 01       		.uleb128 0x1
 1267 0001 11       		.uleb128 0x11
 1268 0002 01       		.byte	0x1
 1269 0003 25       		.uleb128 0x25
 1270 0004 0E       		.uleb128 0xe
 1271 0005 13       		.uleb128 0x13
 1272 0006 0B       		.uleb128 0xb
 1273 0007 03       		.uleb128 0x3
 1274 0008 0E       		.uleb128 0xe
 1275 0009 1B       		.uleb128 0x1b
ARM GAS  /tmp/ccvxqnZh.s 			page 34


 1276 000a 0E       		.uleb128 0xe
 1277 000b 55       		.uleb128 0x55
 1278 000c 17       		.uleb128 0x17
 1279 000d 11       		.uleb128 0x11
 1280 000e 01       		.uleb128 0x1
 1281 000f 10       		.uleb128 0x10
 1282 0010 17       		.uleb128 0x17
 1283 0011 00       		.byte	0
 1284 0012 00       		.byte	0
 1285 0013 02       		.uleb128 0x2
 1286 0014 24       		.uleb128 0x24
 1287 0015 00       		.byte	0
 1288 0016 0B       		.uleb128 0xb
 1289 0017 0B       		.uleb128 0xb
 1290 0018 3E       		.uleb128 0x3e
 1291 0019 0B       		.uleb128 0xb
 1292 001a 03       		.uleb128 0x3
 1293 001b 08       		.uleb128 0x8
 1294 001c 00       		.byte	0
 1295 001d 00       		.byte	0
 1296 001e 03       		.uleb128 0x3
 1297 001f 24       		.uleb128 0x24
 1298 0020 00       		.byte	0
 1299 0021 0B       		.uleb128 0xb
 1300 0022 0B       		.uleb128 0xb
 1301 0023 3E       		.uleb128 0x3e
 1302 0024 0B       		.uleb128 0xb
 1303 0025 03       		.uleb128 0x3
 1304 0026 0E       		.uleb128 0xe
 1305 0027 00       		.byte	0
 1306 0028 00       		.byte	0
 1307 0029 04       		.uleb128 0x4
 1308 002a 16       		.uleb128 0x16
 1309 002b 00       		.byte	0
 1310 002c 03       		.uleb128 0x3
 1311 002d 0E       		.uleb128 0xe
 1312 002e 3A       		.uleb128 0x3a
 1313 002f 0B       		.uleb128 0xb
 1314 0030 3B       		.uleb128 0x3b
 1315 0031 0B       		.uleb128 0xb
 1316 0032 49       		.uleb128 0x49
 1317 0033 13       		.uleb128 0x13
 1318 0034 00       		.byte	0
 1319 0035 00       		.byte	0
 1320 0036 05       		.uleb128 0x5
 1321 0037 13       		.uleb128 0x13
 1322 0038 01       		.byte	0x1
 1323 0039 03       		.uleb128 0x3
 1324 003a 0E       		.uleb128 0xe
 1325 003b 0B       		.uleb128 0xb
 1326 003c 0B       		.uleb128 0xb
 1327 003d 3A       		.uleb128 0x3a
 1328 003e 0B       		.uleb128 0xb
 1329 003f 3B       		.uleb128 0x3b
 1330 0040 0B       		.uleb128 0xb
 1331 0041 01       		.uleb128 0x1
 1332 0042 13       		.uleb128 0x13
ARM GAS  /tmp/ccvxqnZh.s 			page 35


 1333 0043 00       		.byte	0
 1334 0044 00       		.byte	0
 1335 0045 06       		.uleb128 0x6
 1336 0046 0D       		.uleb128 0xd
 1337 0047 00       		.byte	0
 1338 0048 03       		.uleb128 0x3
 1339 0049 0E       		.uleb128 0xe
 1340 004a 3A       		.uleb128 0x3a
 1341 004b 0B       		.uleb128 0xb
 1342 004c 3B       		.uleb128 0x3b
 1343 004d 0B       		.uleb128 0xb
 1344 004e 49       		.uleb128 0x49
 1345 004f 13       		.uleb128 0x13
 1346 0050 38       		.uleb128 0x38
 1347 0051 0B       		.uleb128 0xb
 1348 0052 00       		.byte	0
 1349 0053 00       		.byte	0
 1350 0054 07       		.uleb128 0x7
 1351 0055 0D       		.uleb128 0xd
 1352 0056 00       		.byte	0
 1353 0057 03       		.uleb128 0x3
 1354 0058 08       		.uleb128 0x8
 1355 0059 3A       		.uleb128 0x3a
 1356 005a 0B       		.uleb128 0xb
 1357 005b 3B       		.uleb128 0x3b
 1358 005c 0B       		.uleb128 0xb
 1359 005d 49       		.uleb128 0x49
 1360 005e 13       		.uleb128 0x13
 1361 005f 38       		.uleb128 0x38
 1362 0060 0B       		.uleb128 0xb
 1363 0061 00       		.byte	0
 1364 0062 00       		.byte	0
 1365 0063 08       		.uleb128 0x8
 1366 0064 0D       		.uleb128 0xd
 1367 0065 00       		.byte	0
 1368 0066 03       		.uleb128 0x3
 1369 0067 08       		.uleb128 0x8
 1370 0068 3A       		.uleb128 0x3a
 1371 0069 0B       		.uleb128 0xb
 1372 006a 3B       		.uleb128 0x3b
 1373 006b 05       		.uleb128 0x5
 1374 006c 49       		.uleb128 0x49
 1375 006d 13       		.uleb128 0x13
 1376 006e 38       		.uleb128 0x38
 1377 006f 0B       		.uleb128 0xb
 1378 0070 00       		.byte	0
 1379 0071 00       		.byte	0
 1380 0072 09       		.uleb128 0x9
 1381 0073 0D       		.uleb128 0xd
 1382 0074 00       		.byte	0
 1383 0075 03       		.uleb128 0x3
 1384 0076 0E       		.uleb128 0xe
 1385 0077 3A       		.uleb128 0x3a
 1386 0078 0B       		.uleb128 0xb
 1387 0079 3B       		.uleb128 0x3b
 1388 007a 05       		.uleb128 0x5
 1389 007b 49       		.uleb128 0x49
ARM GAS  /tmp/ccvxqnZh.s 			page 36


 1390 007c 13       		.uleb128 0x13
 1391 007d 38       		.uleb128 0x38
 1392 007e 0B       		.uleb128 0xb
 1393 007f 00       		.byte	0
 1394 0080 00       		.byte	0
 1395 0081 0A       		.uleb128 0xa
 1396 0082 0F       		.uleb128 0xf
 1397 0083 00       		.byte	0
 1398 0084 0B       		.uleb128 0xb
 1399 0085 0B       		.uleb128 0xb
 1400 0086 49       		.uleb128 0x49
 1401 0087 13       		.uleb128 0x13
 1402 0088 00       		.byte	0
 1403 0089 00       		.byte	0
 1404 008a 0B       		.uleb128 0xb
 1405 008b 13       		.uleb128 0x13
 1406 008c 01       		.byte	0x1
 1407 008d 03       		.uleb128 0x3
 1408 008e 0E       		.uleb128 0xe
 1409 008f 0B       		.uleb128 0xb
 1410 0090 0B       		.uleb128 0xb
 1411 0091 3A       		.uleb128 0x3a
 1412 0092 0B       		.uleb128 0xb
 1413 0093 3B       		.uleb128 0x3b
 1414 0094 05       		.uleb128 0x5
 1415 0095 01       		.uleb128 0x1
 1416 0096 13       		.uleb128 0x13
 1417 0097 00       		.byte	0
 1418 0098 00       		.byte	0
 1419 0099 0C       		.uleb128 0xc
 1420 009a 15       		.uleb128 0x15
 1421 009b 01       		.byte	0x1
 1422 009c 27       		.uleb128 0x27
 1423 009d 19       		.uleb128 0x19
 1424 009e 01       		.uleb128 0x1
 1425 009f 13       		.uleb128 0x13
 1426 00a0 00       		.byte	0
 1427 00a1 00       		.byte	0
 1428 00a2 0D       		.uleb128 0xd
 1429 00a3 05       		.uleb128 0x5
 1430 00a4 00       		.byte	0
 1431 00a5 49       		.uleb128 0x49
 1432 00a6 13       		.uleb128 0x13
 1433 00a7 00       		.byte	0
 1434 00a8 00       		.byte	0
 1435 00a9 0E       		.uleb128 0xe
 1436 00aa 0F       		.uleb128 0xf
 1437 00ab 00       		.byte	0
 1438 00ac 0B       		.uleb128 0xb
 1439 00ad 0B       		.uleb128 0xb
 1440 00ae 00       		.byte	0
 1441 00af 00       		.byte	0
 1442 00b0 0F       		.uleb128 0xf
 1443 00b1 35       		.uleb128 0x35
 1444 00b2 00       		.byte	0
 1445 00b3 49       		.uleb128 0x49
 1446 00b4 13       		.uleb128 0x13
ARM GAS  /tmp/ccvxqnZh.s 			page 37


 1447 00b5 00       		.byte	0
 1448 00b6 00       		.byte	0
 1449 00b7 10       		.uleb128 0x10
 1450 00b8 13       		.uleb128 0x13
 1451 00b9 01       		.byte	0x1
 1452 00ba 0B       		.uleb128 0xb
 1453 00bb 0B       		.uleb128 0xb
 1454 00bc 3A       		.uleb128 0x3a
 1455 00bd 0B       		.uleb128 0xb
 1456 00be 3B       		.uleb128 0x3b
 1457 00bf 05       		.uleb128 0x5
 1458 00c0 01       		.uleb128 0x1
 1459 00c1 13       		.uleb128 0x13
 1460 00c2 00       		.byte	0
 1461 00c3 00       		.byte	0
 1462 00c4 11       		.uleb128 0x11
 1463 00c5 16       		.uleb128 0x16
 1464 00c6 00       		.byte	0
 1465 00c7 03       		.uleb128 0x3
 1466 00c8 0E       		.uleb128 0xe
 1467 00c9 3A       		.uleb128 0x3a
 1468 00ca 0B       		.uleb128 0xb
 1469 00cb 3B       		.uleb128 0x3b
 1470 00cc 05       		.uleb128 0x5
 1471 00cd 49       		.uleb128 0x49
 1472 00ce 13       		.uleb128 0x13
 1473 00cf 00       		.byte	0
 1474 00d0 00       		.byte	0
 1475 00d1 12       		.uleb128 0x12
 1476 00d2 17       		.uleb128 0x17
 1477 00d3 01       		.byte	0x1
 1478 00d4 0B       		.uleb128 0xb
 1479 00d5 0B       		.uleb128 0xb
 1480 00d6 3A       		.uleb128 0x3a
 1481 00d7 0B       		.uleb128 0xb
 1482 00d8 3B       		.uleb128 0x3b
 1483 00d9 0B       		.uleb128 0xb
 1484 00da 01       		.uleb128 0x1
 1485 00db 13       		.uleb128 0x13
 1486 00dc 00       		.byte	0
 1487 00dd 00       		.byte	0
 1488 00de 13       		.uleb128 0x13
 1489 00df 0D       		.uleb128 0xd
 1490 00e0 00       		.byte	0
 1491 00e1 03       		.uleb128 0x3
 1492 00e2 0E       		.uleb128 0xe
 1493 00e3 3A       		.uleb128 0x3a
 1494 00e4 0B       		.uleb128 0xb
 1495 00e5 3B       		.uleb128 0x3b
 1496 00e6 0B       		.uleb128 0xb
 1497 00e7 49       		.uleb128 0x49
 1498 00e8 13       		.uleb128 0x13
 1499 00e9 00       		.byte	0
 1500 00ea 00       		.byte	0
 1501 00eb 14       		.uleb128 0x14
 1502 00ec 0D       		.uleb128 0xd
 1503 00ed 00       		.byte	0
ARM GAS  /tmp/ccvxqnZh.s 			page 38


 1504 00ee 03       		.uleb128 0x3
 1505 00ef 0E       		.uleb128 0xe
 1506 00f0 3A       		.uleb128 0x3a
 1507 00f1 0B       		.uleb128 0xb
 1508 00f2 3B       		.uleb128 0x3b
 1509 00f3 05       		.uleb128 0x5
 1510 00f4 49       		.uleb128 0x49
 1511 00f5 13       		.uleb128 0x13
 1512 00f6 00       		.byte	0
 1513 00f7 00       		.byte	0
 1514 00f8 15       		.uleb128 0x15
 1515 00f9 26       		.uleb128 0x26
 1516 00fa 00       		.byte	0
 1517 00fb 49       		.uleb128 0x49
 1518 00fc 13       		.uleb128 0x13
 1519 00fd 00       		.byte	0
 1520 00fe 00       		.byte	0
 1521 00ff 16       		.uleb128 0x16
 1522 0100 13       		.uleb128 0x13
 1523 0101 01       		.byte	0x1
 1524 0102 0B       		.uleb128 0xb
 1525 0103 0B       		.uleb128 0xb
 1526 0104 3A       		.uleb128 0x3a
 1527 0105 0B       		.uleb128 0xb
 1528 0106 3B       		.uleb128 0x3b
 1529 0107 0B       		.uleb128 0xb
 1530 0108 01       		.uleb128 0x1
 1531 0109 13       		.uleb128 0x13
 1532 010a 00       		.byte	0
 1533 010b 00       		.byte	0
 1534 010c 17       		.uleb128 0x17
 1535 010d 2E       		.uleb128 0x2e
 1536 010e 01       		.byte	0x1
 1537 010f 3F       		.uleb128 0x3f
 1538 0110 19       		.uleb128 0x19
 1539 0111 03       		.uleb128 0x3
 1540 0112 0E       		.uleb128 0xe
 1541 0113 3A       		.uleb128 0x3a
 1542 0114 0B       		.uleb128 0xb
 1543 0115 3B       		.uleb128 0x3b
 1544 0116 0B       		.uleb128 0xb
 1545 0117 27       		.uleb128 0x27
 1546 0118 19       		.uleb128 0x19
 1547 0119 49       		.uleb128 0x49
 1548 011a 13       		.uleb128 0x13
 1549 011b 11       		.uleb128 0x11
 1550 011c 01       		.uleb128 0x1
 1551 011d 12       		.uleb128 0x12
 1552 011e 06       		.uleb128 0x6
 1553 011f 40       		.uleb128 0x40
 1554 0120 18       		.uleb128 0x18
 1555 0121 9742     		.uleb128 0x2117
 1556 0123 19       		.uleb128 0x19
 1557 0124 01       		.uleb128 0x1
 1558 0125 13       		.uleb128 0x13
 1559 0126 00       		.byte	0
 1560 0127 00       		.byte	0
ARM GAS  /tmp/ccvxqnZh.s 			page 39


 1561 0128 18       		.uleb128 0x18
 1562 0129 05       		.uleb128 0x5
 1563 012a 00       		.byte	0
 1564 012b 03       		.uleb128 0x3
 1565 012c 08       		.uleb128 0x8
 1566 012d 3A       		.uleb128 0x3a
 1567 012e 0B       		.uleb128 0xb
 1568 012f 3B       		.uleb128 0x3b
 1569 0130 0B       		.uleb128 0xb
 1570 0131 49       		.uleb128 0x49
 1571 0132 13       		.uleb128 0x13
 1572 0133 02       		.uleb128 0x2
 1573 0134 17       		.uleb128 0x17
 1574 0135 00       		.byte	0
 1575 0136 00       		.byte	0
 1576 0137 19       		.uleb128 0x19
 1577 0138 34       		.uleb128 0x34
 1578 0139 00       		.byte	0
 1579 013a 03       		.uleb128 0x3
 1580 013b 0E       		.uleb128 0xe
 1581 013c 49       		.uleb128 0x49
 1582 013d 13       		.uleb128 0x13
 1583 013e 34       		.uleb128 0x34
 1584 013f 19       		.uleb128 0x19
 1585 0140 00       		.byte	0
 1586 0141 00       		.byte	0
 1587 0142 1A       		.uleb128 0x1a
 1588 0143 01       		.uleb128 0x1
 1589 0144 01       		.byte	0x1
 1590 0145 49       		.uleb128 0x49
 1591 0146 13       		.uleb128 0x13
 1592 0147 01       		.uleb128 0x1
 1593 0148 13       		.uleb128 0x13
 1594 0149 00       		.byte	0
 1595 014a 00       		.byte	0
 1596 014b 1B       		.uleb128 0x1b
 1597 014c 21       		.uleb128 0x21
 1598 014d 00       		.byte	0
 1599 014e 49       		.uleb128 0x49
 1600 014f 13       		.uleb128 0x13
 1601 0150 2F       		.uleb128 0x2f
 1602 0151 0B       		.uleb128 0xb
 1603 0152 00       		.byte	0
 1604 0153 00       		.byte	0
 1605 0154 1C       		.uleb128 0x1c
 1606 0155 2E       		.uleb128 0x2e
 1607 0156 01       		.byte	0x1
 1608 0157 3F       		.uleb128 0x3f
 1609 0158 19       		.uleb128 0x19
 1610 0159 03       		.uleb128 0x3
 1611 015a 0E       		.uleb128 0xe
 1612 015b 3A       		.uleb128 0x3a
 1613 015c 0B       		.uleb128 0xb
 1614 015d 3B       		.uleb128 0x3b
 1615 015e 0B       		.uleb128 0xb
 1616 015f 27       		.uleb128 0x27
 1617 0160 19       		.uleb128 0x19
ARM GAS  /tmp/ccvxqnZh.s 			page 40


 1618 0161 11       		.uleb128 0x11
 1619 0162 01       		.uleb128 0x1
 1620 0163 12       		.uleb128 0x12
 1621 0164 06       		.uleb128 0x6
 1622 0165 40       		.uleb128 0x40
 1623 0166 18       		.uleb128 0x18
 1624 0167 9742     		.uleb128 0x2117
 1625 0169 19       		.uleb128 0x19
 1626 016a 01       		.uleb128 0x1
 1627 016b 13       		.uleb128 0x13
 1628 016c 00       		.byte	0
 1629 016d 00       		.byte	0
 1630 016e 1D       		.uleb128 0x1d
 1631 016f 05       		.uleb128 0x5
 1632 0170 00       		.byte	0
 1633 0171 03       		.uleb128 0x3
 1634 0172 0E       		.uleb128 0xe
 1635 0173 3A       		.uleb128 0x3a
 1636 0174 0B       		.uleb128 0xb
 1637 0175 3B       		.uleb128 0x3b
 1638 0176 0B       		.uleb128 0xb
 1639 0177 49       		.uleb128 0x49
 1640 0178 13       		.uleb128 0x13
 1641 0179 02       		.uleb128 0x2
 1642 017a 18       		.uleb128 0x18
 1643 017b 00       		.byte	0
 1644 017c 00       		.byte	0
 1645 017d 1E       		.uleb128 0x1e
 1646 017e 05       		.uleb128 0x5
 1647 017f 00       		.byte	0
 1648 0180 03       		.uleb128 0x3
 1649 0181 0E       		.uleb128 0xe
 1650 0182 3A       		.uleb128 0x3a
 1651 0183 0B       		.uleb128 0xb
 1652 0184 3B       		.uleb128 0x3b
 1653 0185 0B       		.uleb128 0xb
 1654 0186 49       		.uleb128 0x49
 1655 0187 13       		.uleb128 0x13
 1656 0188 02       		.uleb128 0x2
 1657 0189 17       		.uleb128 0x17
 1658 018a 00       		.byte	0
 1659 018b 00       		.byte	0
 1660 018c 1F       		.uleb128 0x1f
 1661 018d 898201   		.uleb128 0x4109
 1662 0190 01       		.byte	0x1
 1663 0191 11       		.uleb128 0x11
 1664 0192 01       		.uleb128 0x1
 1665 0193 9542     		.uleb128 0x2115
 1666 0195 19       		.uleb128 0x19
 1667 0196 31       		.uleb128 0x31
 1668 0197 13       		.uleb128 0x13
 1669 0198 00       		.byte	0
 1670 0199 00       		.byte	0
 1671 019a 20       		.uleb128 0x20
 1672 019b 8A8201   		.uleb128 0x410a
 1673 019e 00       		.byte	0
 1674 019f 02       		.uleb128 0x2
ARM GAS  /tmp/ccvxqnZh.s 			page 41


 1675 01a0 18       		.uleb128 0x18
 1676 01a1 9142     		.uleb128 0x2111
 1677 01a3 18       		.uleb128 0x18
 1678 01a4 00       		.byte	0
 1679 01a5 00       		.byte	0
 1680 01a6 21       		.uleb128 0x21
 1681 01a7 34       		.uleb128 0x34
 1682 01a8 00       		.byte	0
 1683 01a9 03       		.uleb128 0x3
 1684 01aa 0E       		.uleb128 0xe
 1685 01ab 3A       		.uleb128 0x3a
 1686 01ac 0B       		.uleb128 0xb
 1687 01ad 3B       		.uleb128 0x3b
 1688 01ae 05       		.uleb128 0x5
 1689 01af 49       		.uleb128 0x49
 1690 01b0 13       		.uleb128 0x13
 1691 01b1 3F       		.uleb128 0x3f
 1692 01b2 19       		.uleb128 0x19
 1693 01b3 3C       		.uleb128 0x3c
 1694 01b4 19       		.uleb128 0x19
 1695 01b5 00       		.byte	0
 1696 01b6 00       		.byte	0
 1697 01b7 22       		.uleb128 0x22
 1698 01b8 34       		.uleb128 0x34
 1699 01b9 00       		.byte	0
 1700 01ba 03       		.uleb128 0x3
 1701 01bb 08       		.uleb128 0x8
 1702 01bc 3A       		.uleb128 0x3a
 1703 01bd 0B       		.uleb128 0xb
 1704 01be 3B       		.uleb128 0x3b
 1705 01bf 05       		.uleb128 0x5
 1706 01c0 49       		.uleb128 0x49
 1707 01c1 13       		.uleb128 0x13
 1708 01c2 3F       		.uleb128 0x3f
 1709 01c3 19       		.uleb128 0x19
 1710 01c4 3C       		.uleb128 0x3c
 1711 01c5 19       		.uleb128 0x19
 1712 01c6 00       		.byte	0
 1713 01c7 00       		.byte	0
 1714 01c8 23       		.uleb128 0x23
 1715 01c9 2E       		.uleb128 0x2e
 1716 01ca 01       		.byte	0x1
 1717 01cb 3F       		.uleb128 0x3f
 1718 01cc 19       		.uleb128 0x19
 1719 01cd 03       		.uleb128 0x3
 1720 01ce 0E       		.uleb128 0xe
 1721 01cf 3A       		.uleb128 0x3a
 1722 01d0 0B       		.uleb128 0xb
 1723 01d1 3B       		.uleb128 0x3b
 1724 01d2 05       		.uleb128 0x5
 1725 01d3 27       		.uleb128 0x27
 1726 01d4 19       		.uleb128 0x19
 1727 01d5 3C       		.uleb128 0x3c
 1728 01d6 19       		.uleb128 0x19
 1729 01d7 00       		.byte	0
 1730 01d8 00       		.byte	0
 1731 01d9 00       		.byte	0
ARM GAS  /tmp/ccvxqnZh.s 			page 42


 1732              		.section	.debug_loc,"",%progbits
 1733              	.Ldebug_loc0:
 1734              	.LLST0:
 1735 0000 00000000 		.4byte	.LVL0
 1736 0004 0C000000 		.4byte	.LVL1
 1737 0008 0100     		.2byte	0x1
 1738 000a 50       		.byte	0x50
 1739 000b 0C000000 		.4byte	.LVL1
 1740 000f 10000000 		.4byte	.LFE219
 1741 0013 0400     		.2byte	0x4
 1742 0015 F3       		.byte	0xf3
 1743 0016 01       		.uleb128 0x1
 1744 0017 50       		.byte	0x50
 1745 0018 9F       		.byte	0x9f
 1746 0019 00000000 		.4byte	0
 1747 001d 00000000 		.4byte	0
 1748              	.LLST1:
 1749 0021 00000000 		.4byte	.LVL2
 1750 0025 1C000000 		.4byte	.LVL3
 1751 0029 0100     		.2byte	0x1
 1752 002b 50       		.byte	0x50
 1753 002c 1C000000 		.4byte	.LVL3
 1754 0030 22000000 		.4byte	.LFE220
 1755 0034 0400     		.2byte	0x4
 1756 0036 F3       		.byte	0xf3
 1757 0037 01       		.uleb128 0x1
 1758 0038 50       		.byte	0x50
 1759 0039 9F       		.byte	0x9f
 1760 003a 00000000 		.4byte	0
 1761 003e 00000000 		.4byte	0
 1762              	.LLST2:
 1763 0042 00000000 		.4byte	.LVL4
 1764 0046 0A000000 		.4byte	.LVL5
 1765 004a 0100     		.2byte	0x1
 1766 004c 50       		.byte	0x50
 1767 004d 0A000000 		.4byte	.LVL5
 1768 0051 16000000 		.4byte	.LFE221
 1769 0055 0400     		.2byte	0x4
 1770 0057 F3       		.byte	0xf3
 1771 0058 01       		.uleb128 0x1
 1772 0059 50       		.byte	0x50
 1773 005a 9F       		.byte	0x9f
 1774 005b 00000000 		.4byte	0
 1775 005f 00000000 		.4byte	0
 1776              	.LLST3:
 1777 0063 00000000 		.4byte	.LVL4
 1778 0067 0E000000 		.4byte	.LVL6
 1779 006b 0100     		.2byte	0x1
 1780 006d 51       		.byte	0x51
 1781 006e 0E000000 		.4byte	.LVL6
 1782 0072 15000000 		.4byte	.LVL7-1
 1783 0076 0100     		.2byte	0x1
 1784 0078 52       		.byte	0x52
 1785 0079 15000000 		.4byte	.LVL7-1
 1786 007d 16000000 		.4byte	.LFE221
 1787 0081 0400     		.2byte	0x4
 1788 0083 F3       		.byte	0xf3
ARM GAS  /tmp/ccvxqnZh.s 			page 43


 1789 0084 01       		.uleb128 0x1
 1790 0085 51       		.byte	0x51
 1791 0086 9F       		.byte	0x9f
 1792 0087 00000000 		.4byte	0
 1793 008b 00000000 		.4byte	0
 1794              		.section	.debug_aranges,"",%progbits
 1795 0000 2C000000 		.4byte	0x2c
 1796 0004 0200     		.2byte	0x2
 1797 0006 00000000 		.4byte	.Ldebug_info0
 1798 000a 04       		.byte	0x4
 1799 000b 00       		.byte	0
 1800 000c 0000     		.2byte	0
 1801 000e 0000     		.2byte	0
 1802 0010 00000000 		.4byte	.LFB219
 1803 0014 10000000 		.4byte	.LFE219-.LFB219
 1804 0018 00000000 		.4byte	.LFB220
 1805 001c 22000000 		.4byte	.LFE220-.LFB220
 1806 0020 00000000 		.4byte	.LFB221
 1807 0024 16000000 		.4byte	.LFE221-.LFB221
 1808 0028 00000000 		.4byte	0
 1809 002c 00000000 		.4byte	0
 1810              		.section	.debug_ranges,"",%progbits
 1811              	.Ldebug_ranges0:
 1812 0000 00000000 		.4byte	.LFB219
 1813 0004 10000000 		.4byte	.LFE219
 1814 0008 00000000 		.4byte	.LFB220
 1815 000c 22000000 		.4byte	.LFE220
 1816 0010 00000000 		.4byte	.LFB221
 1817 0014 16000000 		.4byte	.LFE221
 1818 0018 00000000 		.4byte	0
 1819 001c 00000000 		.4byte	0
 1820              		.section	.debug_line,"",%progbits
 1821              	.Ldebug_line0:
 1822 0000 58020000 		.section	.debug_str,"MS",%progbits,1
 1822      02001502 
 1822      00000201 
 1822      FB0E0D00 
 1822      01010101 
 1823              	.LASF42:
 1824 0000 63685F74 		.ascii	"ch_threads_list\000"
 1824      68726561 
 1824      64735F6C 
 1824      69737400 
 1825              	.LASF80:
 1826 0010 77746D74 		.ascii	"wtmtxp\000"
 1826      787000
 1827              	.LASF67:
 1828 0017 42535252 		.ascii	"BSRR\000"
 1828      00
 1829              	.LASF70:
 1830 001c 72656761 		.ascii	"regarm_t\000"
 1830      726D5F74 
 1830      00
 1831              	.LASF31:
 1832 0025 666C6167 		.ascii	"flags\000"
 1832      7300
 1833              	.LASF22:
ARM GAS  /tmp/ccvxqnZh.s 			page 44


 1834 002b 73797374 		.ascii	"systime_t\000"
 1834      696D655F 
 1834      7400
 1835              	.LASF37:
 1836 0035 7265616C 		.ascii	"realprio\000"
 1836      7072696F 
 1836      00
 1837              	.LASF94:
 1838 003e 494F4275 		.ascii	"IOBus\000"
 1838      7300
 1839              	.LASF35:
 1840 0044 6570656E 		.ascii	"epending\000"
 1840      64696E67 
 1840      00
 1841              	.LASF0:
 1842 004d 756E7369 		.ascii	"unsigned int\000"
 1842      676E6564 
 1842      20696E74 
 1842      00
 1843              	.LASF43:
 1844 005a 6E657874 		.ascii	"next\000"
 1844      00
 1845              	.LASF40:
 1846 005f 74687265 		.ascii	"threads_list_t\000"
 1846      6164735F 
 1846      6C697374 
 1846      5F7400
 1847              	.LASF32:
 1848 006e 72656673 		.ascii	"refs\000"
 1848      00
 1849              	.LASF105:
 1850 0073 2F686F6D 		.ascii	"/home/julian/MEGA/semestre_ix/Crasby/ChibiOS_17.6.2"
 1850      652F6A75 
 1850      6C69616E 
 1850      2F4D4547 
 1850      412F7365 
 1851 00a6 2F64656D 		.ascii	"/demos/STM32/RT3-STM32F100-DISCOVERY\000"
 1851      6F732F53 
 1851      544D3332 
 1851      2F525433 
 1851      2D53544D 
 1852              	.LASF76:
 1853 00cb 77746F62 		.ascii	"wtobjp\000"
 1853      6A7000
 1854              	.LASF64:
 1855 00d2 76746C69 		.ascii	"vtlist\000"
 1855      737400
 1856              	.LASF72:
 1857 00d9 706F7274 		.ascii	"port_context\000"
 1857      5F636F6E 
 1857      74657874 
 1857      00
 1858              	.LASF48:
 1859 00e6 63685F72 		.ascii	"ch_ready_list\000"
 1859      65616479 
 1859      5F6C6973 
 1859      7400
ARM GAS  /tmp/ccvxqnZh.s 			page 45


 1860              	.LASF54:
 1861 00f4 66756E63 		.ascii	"func\000"
 1861      00
 1862              	.LASF81:
 1863 00f9 65776D61 		.ascii	"ewmask\000"
 1863      736B00
 1864              	.LASF100:
 1865 0100 6D6F6465 		.ascii	"mode\000"
 1865      00
 1866              	.LASF46:
 1867 0105 70726576 		.ascii	"prev\000"
 1867      00
 1868              	.LASF45:
 1869 010a 63685F74 		.ascii	"ch_threads_queue\000"
 1869      68726561 
 1869      64735F71 
 1869      75657565 
 1869      00
 1870              	.LASF50:
 1871 011b 76746675 		.ascii	"vtfunc_t\000"
 1871      6E635F74 
 1871      00
 1872              	.LASF59:
 1873 0124 63685F73 		.ascii	"ch_system_debug\000"
 1873      79737465 
 1873      6D5F6465 
 1873      62756700 
 1874              	.LASF9:
 1875 0134 75696E74 		.ascii	"uint32_t\000"
 1875      33325F74 
 1875      00
 1876              	.LASF78:
 1877 013d 73656E74 		.ascii	"sentmsg\000"
 1877      6D736700 
 1878              	.LASF20:
 1879 0145 6576656E 		.ascii	"eventmask_t\000"
 1879      746D6173 
 1879      6B5F7400 
 1880              	.LASF82:
 1881 0151 63685F73 		.ascii	"ch_semaphore\000"
 1881      656D6170 
 1881      686F7265 
 1881      00
 1882              	.LASF18:
 1883 015e 74707269 		.ascii	"tprio_t\000"
 1883      6F5F7400 
 1884              	.LASF52:
 1885 0166 63685F76 		.ascii	"ch_virtual_timer\000"
 1885      69727475 
 1885      616C5F74 
 1885      696D6572 
 1885      00
 1886              	.LASF13:
 1887 0177 6C6F6E67 		.ascii	"long long unsigned int\000"
 1887      206C6F6E 
 1887      6720756E 
 1887      7369676E 
ARM GAS  /tmp/ccvxqnZh.s 			page 46


 1887      65642069 
 1888              	.LASF21:
 1889 018e 636E745F 		.ascii	"cnt_t\000"
 1889      7400
 1890              	.LASF84:
 1891 0194 6F776E65 		.ascii	"owner\000"
 1891      7200
 1892              	.LASF44:
 1893 019a 74687265 		.ascii	"threads_queue_t\000"
 1893      6164735F 
 1893      71756575 
 1893      655F7400 
 1894              	.LASF36:
 1895 01aa 6D74786C 		.ascii	"mtxlist\000"
 1895      69737400 
 1896              	.LASF56:
 1897 01b2 63685F76 		.ascii	"ch_virtual_timers_list\000"
 1897      69727475 
 1897      616C5F74 
 1897      696D6572 
 1897      735F6C69 
 1898              	.LASF23:
 1899 01c9 74687265 		.ascii	"thread_t\000"
 1899      61645F74 
 1899      00
 1900              	.LASF74:
 1901 01d2 7264796D 		.ascii	"rdymsg\000"
 1901      736700
 1902              	.LASF93:
 1903 01d9 6F666673 		.ascii	"offset\000"
 1903      657400
 1904              	.LASF87:
 1905 01e0 5F426F6F 		.ascii	"_Bool\000"
 1905      6C00
 1906              	.LASF83:
 1907 01e6 63685F6D 		.ascii	"ch_mutex\000"
 1907      75746578 
 1907      00
 1908              	.LASF103:
 1909 01ef 474E5520 		.ascii	"GNU C 4.8.1 -mcpu=cortex-m3 -mno-thumb-interwork -m"
 1909      4320342E 
 1909      382E3120 
 1909      2D6D6370 
 1909      753D636F 
 1910 0222 7468756D 		.ascii	"thumb -ggdb -O2 -fomit-frame-pointer -falign-functi"
 1910      62202D67 
 1910      67646220 
 1910      2D4F3220 
 1910      2D666F6D 
 1911 0255 6F6E733D 		.ascii	"ons=16 -ffunction-sections -fdata-sections -fno-com"
 1911      3136202D 
 1911      6666756E 
 1911      6374696F 
 1911      6E2D7365 
 1912 0288 6D6F6E20 		.ascii	"mon -flto\000"
 1912      2D666C74 
 1912      6F00
ARM GAS  /tmp/ccvxqnZh.s 			page 47


 1913              	.LASF91:
 1914 0292 706F7274 		.ascii	"portid\000"
 1914      696400
 1915              	.LASF25:
 1916 0299 7072696F 		.ascii	"prio\000"
 1916      00
 1917              	.LASF85:
 1918 029e 63686172 		.ascii	"char\000"
 1918      00
 1919              	.LASF39:
 1920 02a3 74687265 		.ascii	"thread_reference_t\000"
 1920      61645F72 
 1920      65666572 
 1920      656E6365 
 1920      5F7400
 1921              	.LASF29:
 1922 02b6 77616261 		.ascii	"wabase\000"
 1922      736500
 1923              	.LASF16:
 1924 02bd 74737461 		.ascii	"tstate_t\000"
 1924      74655F74 
 1924      00
 1925              	.LASF4:
 1926 02c6 75696E74 		.ascii	"uint8_t\000"
 1926      385F7400 
 1927              	.LASF34:
 1928 02ce 6D736771 		.ascii	"msgqueue\000"
 1928      75657565 
 1928      00
 1929              	.LASF41:
 1930 02d7 63685F74 		.ascii	"ch_thread\000"
 1930      68726561 
 1930      6400
 1931              	.LASF95:
 1932 02e1 62697473 		.ascii	"bits\000"
 1932      00
 1933              	.LASF99:
 1934 02e6 70616C53 		.ascii	"palSetBusMode\000"
 1934      65744275 
 1934      734D6F64 
 1934      6500
 1935              	.LASF58:
 1936 02f4 73797374 		.ascii	"system_debug_t\000"
 1936      656D5F64 
 1936      65627567 
 1936      5F7400
 1937              	.LASF11:
 1938 0303 6C6F6E67 		.ascii	"long long int\000"
 1938      206C6F6E 
 1938      6720696E 
 1938      7400
 1939              	.LASF19:
 1940 0311 6D73675F 		.ascii	"msg_t\000"
 1940      7400
 1941              	.LASF96:
 1942 0317 5F5F6675 		.ascii	"__func__.6562\000"
 1942      6E635F5F 
ARM GAS  /tmp/ccvxqnZh.s 			page 48


 1942      2E363536 
 1942      3200
 1943              	.LASF97:
 1944 0325 5F5F6675 		.ascii	"__func__.6567\000"
 1944      6E635F5F 
 1944      2E363536 
 1944      3700
 1945              	.LASF51:
 1946 0333 76697274 		.ascii	"virtual_timer_t\000"
 1946      75616C5F 
 1946      74696D65 
 1946      725F7400 
 1947              	.LASF88:
 1948 0343 696F706F 		.ascii	"ioportmask_t\000"
 1948      72746D61 
 1948      736B5F74 
 1948      00
 1949              	.LASF89:
 1950 0350 696F6D6F 		.ascii	"iomode_t\000"
 1950      64655F74 
 1950      00
 1951              	.LASF92:
 1952 0359 6D61736B 		.ascii	"mask\000"
 1952      00
 1953              	.LASF101:
 1954 035e 5F5F6675 		.ascii	"__func__.6572\000"
 1954      6E635F5F 
 1954      2E363537 
 1954      3200
 1955              	.LASF106:
 1956 036c 70616C52 		.ascii	"palReadBus\000"
 1956      65616442 
 1956      757300
 1957              	.LASF60:
 1958 0377 70616E69 		.ascii	"panic_msg\000"
 1958      635F6D73 
 1958      6700
 1959              	.LASF104:
 1960 0381 2E2E2F2E 		.ascii	"../../../os/hal/src/hal_pal.c\000"
 1960      2E2F2E2E 
 1960      2F6F732F 
 1960      68616C2F 
 1960      7372632F 
 1961              	.LASF15:
 1962 039f 746D6F64 		.ascii	"tmode_t\000"
 1962      655F7400 
 1963              	.LASF65:
 1964 03a7 6D61696E 		.ascii	"mainthread\000"
 1964      74687265 
 1964      616400
 1965              	.LASF5:
 1966 03b2 75696E74 		.ascii	"uint16_t\000"
 1966      31365F74 
 1966      00
 1967              	.LASF3:
 1968 03bb 73686F72 		.ascii	"short int\000"
 1968      7420696E 
ARM GAS  /tmp/ccvxqnZh.s 			page 49


 1968      7400
 1969              	.LASF8:
 1970 03c5 6C6F6E67 		.ascii	"long int\000"
 1970      20696E74 
 1970      00
 1971              	.LASF73:
 1972 03ce 706F7274 		.ascii	"port_intctx\000"
 1972      5F696E74 
 1972      63747800 
 1973              	.LASF102:
 1974 03da 49544D5F 		.ascii	"ITM_RxBuffer\000"
 1974      52784275 
 1974      66666572 
 1974      00
 1975              	.LASF62:
 1976 03e7 63685F73 		.ascii	"ch_system\000"
 1976      79737465 
 1976      6D00
 1977              	.LASF57:
 1978 03f1 6C617374 		.ascii	"lasttime\000"
 1978      74696D65 
 1978      00
 1979              	.LASF12:
 1980 03fa 75696E74 		.ascii	"uint64_t\000"
 1980      36345F74 
 1980      00
 1981              	.LASF63:
 1982 0403 726C6973 		.ascii	"rlist\000"
 1982      7400
 1983              	.LASF90:
 1984 0409 696F706F 		.ascii	"ioportid_t\000"
 1984      72746964 
 1984      5F7400
 1985              	.LASF28:
 1986 0414 6E616D65 		.ascii	"name\000"
 1986      00
 1987              	.LASF69:
 1988 0419 4750494F 		.ascii	"GPIO_TypeDef\000"
 1988      5F547970 
 1988      65446566 
 1988      00
 1989              	.LASF66:
 1990 0426 73697A65 		.ascii	"sizetype\000"
 1990      74797065 
 1990      00
 1991              	.LASF17:
 1992 042f 74726566 		.ascii	"trefs_t\000"
 1992      735F7400 
 1993              	.LASF10:
 1994 0437 6C6F6E67 		.ascii	"long unsigned int\000"
 1994      20756E73 
 1994      69676E65 
 1994      6420696E 
 1994      7400
 1995              	.LASF47:
 1996 0449 72656164 		.ascii	"ready_list_t\000"
 1996      795F6C69 
ARM GAS  /tmp/ccvxqnZh.s 			page 50


 1996      73745F74 
 1996      00
 1997              	.LASF24:
 1998 0456 71756575 		.ascii	"queue\000"
 1998      6500
 1999              	.LASF7:
 2000 045c 696E7433 		.ascii	"int32_t\000"
 2000      325F7400 
 2001              	.LASF79:
 2002 0464 77747365 		.ascii	"wtsemp\000"
 2002      6D7000
 2003              	.LASF86:
 2004 046b 6D757465 		.ascii	"mutex_t\000"
 2004      785F7400 
 2005              	.LASF26:
 2006 0473 6E657765 		.ascii	"newer\000"
 2006      7200
 2007              	.LASF2:
 2008 0479 756E7369 		.ascii	"unsigned char\000"
 2008      676E6564 
 2008      20636861 
 2008      7200
 2009              	.LASF33:
 2010 0487 77616974 		.ascii	"waiting\000"
 2010      696E6700 
 2011              	.LASF55:
 2012 048f 76697274 		.ascii	"virtual_timers_list_t\000"
 2012      75616C5F 
 2012      74696D65 
 2012      72735F6C 
 2012      6973745F 
 2013              	.LASF14:
 2014 04a5 75696E74 		.ascii	"uint_fast8_t\000"
 2014      5F666173 
 2014      74385F74 
 2014      00
 2015              	.LASF30:
 2016 04b2 73746174 		.ascii	"state\000"
 2016      6500
 2017              	.LASF107:
 2018 04b8 5F70616C 		.ascii	"_pal_lld_setgroupmode\000"
 2018      5F6C6C64 
 2018      5F736574 
 2018      67726F75 
 2018      706D6F64 
 2019              	.LASF61:
 2020 04ce 63685F73 		.ascii	"ch_system_t\000"
 2020      79737465 
 2020      6D5F7400 
 2021              	.LASF77:
 2022 04da 77747472 		.ascii	"wttrp\000"
 2022      7000
 2023              	.LASF1:
 2024 04e0 7369676E 		.ascii	"signed char\000"
 2024      65642063 
 2024      68617200 
 2025              	.LASF53:
ARM GAS  /tmp/ccvxqnZh.s 			page 51


 2026 04ec 64656C74 		.ascii	"delta\000"
 2026      6100
 2027              	.LASF6:
 2028 04f2 73686F72 		.ascii	"short unsigned int\000"
 2028      7420756E 
 2028      7369676E 
 2028      65642069 
 2028      6E7400
 2029              	.LASF71:
 2030 0505 73746B61 		.ascii	"stkalign_t\000"
 2030      6C69676E 
 2030      5F7400
 2031              	.LASF49:
 2032 0510 63757272 		.ascii	"current\000"
 2032      656E7400 
 2033              	.LASF98:
 2034 0518 70616C57 		.ascii	"palWriteBus\000"
 2034      72697465 
 2034      42757300 
 2035              	.LASF27:
 2036 0524 6F6C6465 		.ascii	"older\000"
 2036      7200
 2037              	.LASF75:
 2038 052a 65786974 		.ascii	"exitcode\000"
 2038      636F6465 
 2038      00
 2039              	.LASF68:
 2040 0533 4C434B52 		.ascii	"LCKR\000"
 2040      00
 2041              	.LASF38:
 2042 0538 6D706F6F 		.ascii	"mpool\000"
 2042      6C00
 2043              		.comm	__gnu_lto_v1,1,1
 2044              		.ident	"GCC: (Sourcery CodeBench Lite 2013.11-24) 4.8.1"
ARM GAS  /tmp/ccvxqnZh.s 			page 52


DEFINED SYMBOLS
                            *ABS*:00000000 hal_pal.c
     /tmp/ccvxqnZh.s:205    .text.palReadBus:00000000 $t
     /tmp/ccvxqnZh.s:211    .text.palReadBus:00000000 palReadBus
     /tmp/ccvxqnZh.s:234    .text.palWriteBus:00000000 $t
     /tmp/ccvxqnZh.s:240    .text.palWriteBus:00000000 palWriteBus
     /tmp/ccvxqnZh.s:275    .text.palSetBusMode:00000000 $t
     /tmp/ccvxqnZh.s:281    .text.palSetBusMode:00000000 palSetBusMode
                            *COM*:00000001 __gnu_lto_v1
                     .debug_frame:00000010 $d

UNDEFINED SYMBOLS
_pal_lld_setgroupmode
