ARM GAS  /tmp/cceW7IVb.s 			page 1


   1              		.syntax unified
   2              		.cpu cortex-m3
   3              		.fpu softvfp
   4              		.eabi_attribute 20, 1
   5              		.eabi_attribute 21, 1
   6              		.eabi_attribute 23, 3
   7              		.eabi_attribute 24, 1
   8              		.eabi_attribute 25, 1
   9              		.eabi_attribute 26, 1
  10              		.eabi_attribute 30, 2
  11              		.eabi_attribute 34, 1
  12              		.eabi_attribute 18, 4
  13              		.thumb
  14              		.file	"hal.c"
  15              		.text
  16              	.Ltext0:
  17              		.section	.gnu.lto_.jmpfuncs.ce5b06ad41636f74,"",%progbits
  18 0000 789C6362 		.ascii	"x\234cb`b\300\006d\2404#\224b\252f\370\3250\243A \223"
  18      6062C006 
  18      64A03423 
  18      9462AA66 
  18      F8D530A3 
  19 0017 9121172A 		.ascii	"\221!\027*\306\000\000@\270\004\032"
  19      C6000040 
  19      B8041A
  20              		.text
  21              		.section	.gnu.lto_.inline.ce5b06ad41636f74,"",%progbits
  22 0000 789C6362 		.ascii	"x\234cb`b\300\006\214\2414#\003\003\227=#X\021\333\002"
  22      6062C006 
  22      8CA13423 
  22      0303973D 
  22      235811DB 
  23 0015 79B05A46 		.ascii	"y\260ZF.L\202\211\033\244\024\314d\000\000>\231\001"
  23      2E4C8289 
  23      1BA414CC 
  23      6400003E 
  23      9901
  24 0027 91       		.ascii	"\221"
  25              		.text
  26              		.section	.gnu.lto_.pureconst.ce5b06ad41636f74,"",%progbits
  27 0000 789C6362 		.ascii	"x\234cb`b`f\200\000F\006\011\000\000\203\000!"
  27      60626066 
  27      80004606 
  27      09000083 
  27      0021
  28              		.text
  29              		.section	.gnu.lto_halInit.ce5b06ad41636f74,"",%progbits
  30 0000 789C6362 		.ascii	"x\234cb`b@\007\222@\354\311\310\300 \003\244\031\231"
  30      60624007 
  30      9240ECC9 
  30      C8C02003 
  30      A41999
  31 0013 19189926 		.ascii	"\031\030\231&\234c`h\344`bd\0041\030\030\031\352\231"
  31      9C636068 
  31      E4606264 
  31      04311818 
  31      19EA99
ARM GAS  /tmp/cceW7IVb.s 			page 2


  32 0026 18EB2319 		.ascii	"\030\353#\031\301j\3273\035x\360\377\377\272\017\033"
  32      C16AD733 
  32      1D78F0FF 
  32      FFBA0F1B 
  33 0036 1FAE6414 		.ascii	"\037\256d\024\342\000\012\2602\26444LP``H\006+\010\001"
  33      E2000AB0 
  33      32B43434 
  33      4C506060 
  33      48062B08 
  34 004b 92205DA1 		.ascii	"\222 ]\241\214L \232\371<C\363\203\177v\211\214\013"
  34      8C4C209A 
  34      F93C43F3 
  34      837F7689 
  34      8C0B
  35 005d 195981B2 		.ascii	"\031Y\201\262\325\014\277\032:\032\0042\031\201\252"
  35      D50CBF1A 
  35      3A1A0432 
  35      1981AA
  36 006c 21E66582 		.ascii	"!\346e\202\350\363\014-\017:\2231\0241%3B\034\013\022"
  36      E8F30C2D 
  36      0F3A9331 
  36      14312533 
  36      421C0B12 
  37 0080 91C86464 		.ascii	"\221\310dd\316ed\200*\312dd\001ik~\260\3720\0336\303"
  37      CE656480 
  37      2ACA6464 
  37      01696B7E 
  37      B0FA301B 
  38 0096 99910D6F 		.ascii	"\231\221\015o~pv1VU,\250\252f\264\262cS\305\212\252"
  38      7E707631 
  38      56552CA8 
  38      AA66B4B2 
  38      6353C58A 
  39 00ab 6AFE52AC 		.ascii	"j\376R\254f\261!T]dh|\260R\025\246\010\002B\200\022"
  39      66B12154 
  39      5D64687C 
  39      B05215A6 
  39      08024280 
  40 00c0 C0F000F9 		.ascii	"\300\360\000\371GJOO\037\202\362\213\3653\022s\364\213"
  40      474A4F4F 
  40      1F82F28B 
  40      F5331273 
  40      F48B
  41 00d2 8B9241B4 		.ascii	"\213\222A\264^2\003\000\361\201Y:"
  41      5E320300 
  41      F181593A 
  42              		.text
  43              		.section	.gnu.lto_.symbol_nodes.ce5b06ad41636f74,"",%progbits
  44 0000 789C45C8 		.ascii	"x\234E\310\273\015\2050\020D\321\2315\206\262\007\211"
  44      BB0D8530 
  44      1044D199 
  44      3586B207 
  44      89
  45 0011 84900210 		.ascii	"\204\220\002\020\011\245\220\323\000\377\367\372@\030"
  45      09A590D3 
  45      00FFF7FA 
  45      4018
ARM GAS  /tmp/cceW7IVb.s 			page 3


  46 001f 83F02667 		.ascii	"\203\360&g\357\030\014-\336\263\211\002\232\021\220"
  46      EF180C2D 
  46      DEB38902 
  46      9A1190
  47 002e BA9A7E65 		.ascii	"\272\232~e\370\300\037\305g-K\362\240,\325N\271T\033"
  47      F8C01FC5 
  47      672D4BF2 
  47      A02CD54E 
  47      B9541B
  48 0041 95A55A28 		.ascii	"\225\245Z(\237j\246\362\257\034\012T\373\031\314\321"
  48      9F6AA6F2 
  48      AF1C0A54 
  48      FB19CCD1 
  49 0051 473D8668 		.ascii	"G=\206h\206\177\324\241:n\015}\020\027\203\300/\311"
  49      867FD4A1 
  49      3A6E0D7D 
  49      101783C0 
  49      2FC9
  50              		.text
  51              		.section	.gnu.lto_.refs.ce5b06ad41636f74,"",%progbits
  52 0000 789C6362 		.ascii	"x\234cb`b`e\200\000F\006&F\006\000\000\237\000\016"
  52      60626065 
  52      80004606 
  52      26460600 
  52      009F000E 
  53              		.text
  54              		.section	.gnu.lto_.decls.ce5b06ad41636f74,"",%progbits
  55 0000 789C9596 		.ascii	"x\234\225\226_hSW\034\307\177\347\336,m0\353\2400\231"
  55      5F685357 
  55      1CC77FE7 
  55      DE2C6D30 
  55      EBA03099 
  56 0014 7B98A9D0 		.ascii	"{\230\251\320\301\004s\233v{\033\216\256\355\272\216"
  56      C104739B 
  56      767B1B8E 
  56      AEEDBA8E 
  57 0024 3ACB3A65 		.ascii	":\313:e{\312n\223\253\271#\177J\356\315\350\236v\254"
  57      7BCA6E93 
  57      ABB9237F 
  57      4AEECDE8 
  57      9E76AC
  58 0037 AE882F8B 		.ascii	"\256\210/\213\262?\0102\322m\361\017\350DD\224Y\\\214"
  58      B23F0832 
  58      D26DF10F 
  58      E8444494 
  58      595C8C
  59 004a 68A2D5A2 		.ascii	"h\242\325\242\263\177\006\003\311\213\017\276\351\306"
  59      B37F0603 
  59      C98B0FBE 
  59      E9C6
  60 0058 908190FD 		.ascii	"\220\201\220\375\316\271\367&\271\311M\032\017\371\235"
  60      CEB9F726 
  60      B9C94D1A 
  60      0FF99D
  61 0067 7392FB3B 		.ascii	"s\222\373;\237\337\367w~\347$\021@\200c\000P\306\366"
  61      9FDFF777 
  61      7EE72411 
ARM GAS  /tmp/cceW7IVb.s 			page 4


  61      40806300 
  61      50C6F6
  62 007a 6527C01B 		.ascii	"e'\300\033\002\340'\000\333\321\010\332<\030\255\003"
  62      02E02700 
  62      DBD108DA 
  62      3C18AD03 
  63 008a ED2ADA75 		.ascii	"\355*\332u\264\002\332M\264E\264;h\367L\337\373`o\314"
  63      B402DA4D 
  63      B445B43B 
  63      68F74CDF 
  63      FB606FCC 
  64 009e FF05B415 		.ascii	"\377\005\264\025\264<\332\252\311[\252c\33639\213&\267"
  64      B43CDAAA 
  64      C95BAA63 
  64      DE33398B 
  64      26B7
  65 00b0 60C67162 		.ascii	"`\306qbn\200C\224\316\322\314\034}\277\330\325\015\207"
  65      6E804394 
  65      CED2CC1C 
  65      7DBFD8D5 
  65      0D87
  66 00c2 29B60CA5 		.ascii	")\266\014\245\244\330\005\360\011\221I\227\007J\"\237"
  66      A4D805F0 
  66      09914997 
  66      074A229F 
  67 00d2 793DF036 		.ascii	"y=\3606.\350\205_(M\227\262'6Q\227\351\357k\352,\223"
  67      2EE8855F 
  67      284D97B2 
  67      27365197 
  67      E9EF6BEA 
  68 00e8 9F492FAC 		.ascii	"\237I/\254\353\306\034\263\244\033\266\302)\364K\243"
  68      EBC61CB3 
  68      A41BB6C2 
  68      29F44BA3 
  69 00f8 A0D76C22 		.ascii	"\240\327l\"yL\232{R\360R\227\341\311V\034'[\301\241"
  69      794C9A7B 
  69      52F05297 
  69      E1C9561C 
  69      275BC1A1 
  70 010c F5408639 		.ascii	"\365@\2069\377[8Fh&O\034\202\177f\305\366V\362\311\375"
  70      FF5B3846 
  70      68264F1C 
  70      827F66C5 
  70      F656F2C9 
  71 0121 5E203E99 		.ascii	"^ >\231\234Bw\001\336!6\372z\004\246\3454.4\326\230"
  71      9C427701 
  71      DE2136FA 
  71      7A04A6E5 
  71      342E34D6 
  72 0136 5ACF195A 		.ascii	"Z\317\031ZO\267\241u6w\241\360\355&\246\325\003\007"
  72      4FB7A175 
  72      3677A1F0 
  72      ED26A6D5 
  72      0307
  73 0148 ABC5A804 		.ascii	"\253\305\250\004\363Y\301\\\325\355_\231[~Bf\261N29"
  73      F359C15C 
  73      D5ED5F99 
ARM GAS  /tmp/cceW7IVb.s 			page 5


  73      5B7E4266 
  73      B14E3239 
  74 015c 8BCB0438 		.ascii	"\213\313\0048N\354\242e\322\341\251\215\304\337[\016"
  74      4EECA265 
  74      D2E1A98D 
  74      C4DF5B0E 
  75 016c 8CC71F9B 		.ascii	"\214\307\037\233\023vX_b\347\364,\2470\321N\261\315"
  75      1376585F 
  75      62E7F42C 
  75      A730D14E 
  75      B1CD
  76 017e A9D14C07 		.ascii	"\251\321L\007[\"\245\257\237\026\205\2434w@\264d\235"
  76      5B22A5AF 
  76      9F1685A3 
  76      347740B4 
  76      649D
  77 0190 7F6EA0CF 		.ascii	"\177n\240\317\2663\013\005oZ\266`\027\333\201u:\250"
  77      B6330B05 
  77      6F5AB660 
  77      17DB8175 
  77      3AA8
  78 01a2 736AB535 		.ascii	"sj\2655\223\311\031<\2462\371\225\364`\177\236\367\027"
  78      93C9193C 
  78      A632F995 
  78      F4607F9E 
  78      F717
  79 01b4 B0AF3401 		.ascii	"\260\2574\001.\363\330\331jl\333\021Xogh\356?\3638Z"
  79      2EF3D8D9 
  79      6A6CDB11 
  79      586F6768 
  79      EE3FF338 
  80 01c9 672CDF0E 		.ascii	"g,\337\016\317\226\213\317\306{6\312\366\305`\335l\207"
  80      CF968BCF 
  80      C67B36CA 
  80      F6C560DD 
  80      6C87
  81 01db F54A736D 		.ascii	"\365Jsm\351\017\252\254\273\355\260|\315u}_\303Zk\207"
  81      E90FAAAC 
  81      BBEDB07C 
  81      CD757D5F 
  81      C35A6B87 
  82 01ef D5D7AA5E 		.ascii	"\325\327\252^VyN\360\362\234\344\205\271\304\373\337"
  82      56794EF0 
  82      F29CE485 
  82      B9C4FBDF 
  83 01ff 78BFC0FB 		.ascii	"x\277\300\373+\366R=h\270\012\3067F\0155[)=\264\313"
  83      2BF6523D 
  83      68B80AC6 
  83      37460D35 
  83      5B293DB4 
  84 0214 753A726C 		.ascii	"u:rl\361<\331`\271l\206\037i\246T:\367\315\202\233]"
  84      F13CD960 
  84      B96C861F 
  84      69A6543A 
  84      F7CD829B 
  85 0229 025A2E7F 		.ascii	"\002Z.\177\005\033\341;\376\225:\207wU\227\311\366\227"
  85      051BE13B 
ARM GAS  /tmp/cceW7IVb.s 			page 6


  85      FE953A87 
  85      775597C9 
  85      F697
  86 023b 9B82F264 		.ascii	"\233\202\362d\2439\333%Z\251\354\027\354\251\000\274"
  86      A339DB25 
  86      5AA9EC17 
  86      ECA900BC 
  87 024b 0E59C6A3 		.ascii	"\016Y\306\243'\251\310i\314\377*\331lO\357\032\021j"
  87      27A9C869 
  87      CCFF2AD9 
  87      6C4FEF1A 
  87      116A
  88 025d 3F60BA4A 		.ascii	"?`\272J\351\322\305#k\373\310\341\375\231\"}\314\256"
  88      E9D2C523 
  88      6BFBC8E1 
  88      FD99227D 
  88      CCAE
  89 026f BB115180 		.ascii	"\273\021Q\2003\0151\014\310\015G\310\237\367o\343\015"
  89      330D310C 
  89      C80D47C8 
  89      9FF76FE3 
  89      0D
  90 0280 CF1BC959 		.ascii	"\317\033\311Y\210GM\020EG\304\352\332\262\253\001qT"
  90      88474D10 
  90      4547C4EA 
  90      DAB2AB01 
  90      7154
  91 0292 7446DC72 		.ascii	"tF\334rD\244\377\272\323\250\342Z\023\304mG\304\201"
  91      44A4FFBA 
  91      D3A8E25A 
  91      13C46D47 
  91      C481
  92 02a4 A7B7C8C1 		.ascii	"\247\267\310\301#\364Y\271,>G\221\226\314\"\211\374"
  92      23F459B9 
  92      2C3E4791 
  92      96CC2289 
  92      FC
  93 02b5 47DD2C7F 		.ascii	"G\335,\177\265b\274h\213Mt\334u\324\361\367\2035\261"
  93      B562BC68 
  93      8B4D74DC 
  93      75D4F1F7 
  93      8335B1
  94 02c8 2195432E 		.ascii	"!\225C.g\304\037v\304\026\230\247\217\323\245\207\377"
  94      67C41F76 
  94      C41698A7 
  94      8FD3A587 
  94      FF
  95 02d9 E4C57D0C 		.ascii	"\344\305}\014\301\262!(\370'~\375~\250@\232\376\350"
  95      C1B22128 
  95      F8277EFD 
  95      7EA8409A 
  95      FEE8
  96 02eb 2E5779B6 		.ascii	".Wy\266?\002\206\216f\233\260\302s\256\250\253[\271"
  96      3F02868E 
  96      669BB0C2 
  96      73AEA8AB 
  96      5BB9
ARM GAS  /tmp/cceW7IVb.s 			page 7


  97 02fd D462E56A 		.ascii	"\324b\345j\365\262\300[~\277d\274\022\232\024\221\243"
  97      F5B2C05B 
  97      7EBF64BC 
  97      129A1491 
  97      A3
  98 030e D27422A9 		.ascii	"\322t\"\251k\322\344\307;\006\372\245\361\361aitbl\347"
  98      6BD2E4C7 
  98      3B06FAA5 
  98      F1F16169 
  98      74626CE7 
  99 0322 1701F628 		.ascii	"\027\001\366(8\215\026\215\206\375\021p\217~\270\313"
  99      388D168D 
  99      86FD1170 
  99      8F7EB8CB 
 100 0332 3704DD9A 		.ascii	"7\004\335\232\036\033\350\017\356\235V\023AM\321S\323"
 100      1E1BE80F 
 100      EE9D5613 
 100      414DD153 
 100      D3
 101 0343 417D528A 		.ascii	"A}R\212$b\212\364y*\252\312qi\307\310\350\240\244)1"
 101      24628AF4 
 101      792AAACA 
 101      7169C7C8 
 101      E8A0A429 
 102 0358 45D3934A 		.ascii	"E\323\223JP\235\221FbS\312\224\032\306Xr2\266\255\277"
 102      509D9146 
 102      6253CA94 
 102      1AC65872 
 102      32B6ADBF 
 103 036c 2F30E00F 		.ascii	"/0\340\017\004\370<\236\210+\333\024yJ\225\324x(\232"
 103      04F83C9E 
 103      882BDB14 
 103      794A95D4 
 103      78289A
 104 037f 0A2B92A6 		.ascii	"\012+\222\246\207\325\270\216\321:S8b\034]L\204\223"
 104      87D5B88E 
 104      D13A5338 
 104      621C5D4C 
 104      8493
 105 0391 62281945 		.ascii	"b(\031E\213\270'\006\207e]vO\274k\014C\3060l\014#l\360"
 105      8BB82706 
 105      87655D76 
 105      4FBC6B0C 
 105      43C6306C 
 106 03a9 4C0C8E0F 		.ascii	"L\014\216\017%\342{\324\275\257\326g\251%Cl\364\207"
 106      25E27BD4 
 106      BDAFD667 
 106      A925436C 
 106      F487
 107 03bb A00387B1 		.ascii	"\240\003\207\261\270\252\367\324\273X2X\346\032\223"
 107      B8AAF7D4 
 107      BB583258 
 107      E61A93
 108 03ca E1D674E6 		.ascii	"\341\326t\346\370f\275\343TBN\206\331\226\005\371\256"
 108      F866BDE3 
 108      54424E86 
 108      D99605F9 
ARM GAS  /tmp/cceW7IVb.s 			page 8


 108      AE
 109 03db ED1E0F0E 		.ascii	"\355\036\017\016\217M\016\355\334=\362\321\247\3063"
 109      8F4D0EED 
 109      DC3DF2D1 
 109      A7C633
 110 03ea 5CEBE113 		.ascii	"\\\353\341\023\266\274\267e\034%\251\242*\026\213;o"
 110      B6BCB765 
 110      1C25A9A2 
 110      2A168B3B 
 110      6F
 111 03fb 69E5ACF6 		.ascii	"i\345\254\366\207\320\263\003\007\346\372\242U\236\240"
 111      87D0B303 
 111      07E6FAA2 
 111      559EA0
 112 040a 8AEFFA5A 		.ascii	"\212\357\372Z\225\225\367\357\005ff8\306\250\2507R\263"
 112      9595F7EF 
 112      05666638 
 112      C6A8A837 
 112      52B3
 113 041c BA9BA1C2 		.ascii	"\272\233\241\302\312\0369\025\325\203!\276\203\377\003"
 113      CA1E3915 
 113      D58321BE 
 113      83FF03
 114 042b 2CAB5C86 		.ascii	",\253\\\206"
 115              		.text
 116              		.section	.gnu.lto_.symtab.ce5b06ad41636f74,"",%progbits
 117 0000 68616C49 		.ascii	"halInit\000\000\000\000\000\000\000\000\000\000\000"
 117      6E697400 
 117      00000000 
 117      00000000 
 117      0000
 118 0012 00C10000 		.ascii	"\000\301\000\000\000pal_default_config\000\000\002\000"
 118      0070616C 
 118      5F646566 
 118      61756C74 
 118      5F636F6E 
 119 002d 00000000 		.ascii	"\000\000\000\000\000\000\000\000\323\000\000\000stI"
 119      00000000 
 119      D3000000 
 119      737449
 120 003c 6E697400 		.ascii	"nit\000\000\002\000\000\000\000\000\000\000\000\000"
 120      00020000 
 120      00000000 
 120      000000
 121 004b C5000000 		.ascii	"\305\000\000\000boardInit\000\000\002\000\000\000\000"
 121      626F6172 
 121      64496E69 
 121      74000002 
 121      00000000 
 122 005f 00000000 		.ascii	"\000\000\000\000\000\307\000\000\000sdInit\000\000\002"
 122      00C70000 
 122      00736449 
 122      6E697400 
 122      0002
 123 0071 00000000 		.ascii	"\000\000\000\000\000\000\000\000\000\311\000\000\000"
 123      00000000 
 123      00C90000 
ARM GAS  /tmp/cceW7IVb.s 			page 9


 123      00
 124 007e 69326349 		.ascii	"i2cInit\000\000\002\000\000\000\000\000\000\000\000"
 124      6E697400 
 124      00020000 
 124      00000000 
 124      0000
 125 0090 00CB0000 		.ascii	"\000\313\000\000\000_pal_lld_init\000\000\002\000\000"
 125      005F7061 
 125      6C5F6C6C 
 125      645F696E 
 125      69740000 
 126 00a7 00000000 		.ascii	"\000\000\000\000\000\000\000\315\000\000\000hal_lld"
 126      000000CD 
 126      00000068 
 126      616C5F6C 
 126      6C64
 127 00b9 5F696E69 		.ascii	"_init\000\000\002\000\000\000\000\000\000\000\000\000"
 127      74000002 
 127      00000000 
 127      00000000 
 127      00
 128 00ca D1000000 		.ascii	"\321\000\000\000"
 129              		.text
 130              		.section	.gnu.lto_.opts,"",%progbits
 131 0000 272D6D63 		.ascii	"'-mcpu=cortex-m3' '-mno-thumb-interwork' '-mthumb' "
 131      70753D63 
 131      6F727465 
 131      782D6D33 
 131      2720272D 
 132 0033 272D6767 		.ascii	"'-ggdb' '-O2' '-fomit-frame-pointer' '-falign-funct"
 132      64622720 
 132      272D4F32 
 132      2720272D 
 132      666F6D69 
 133 0066 696F6E73 		.ascii	"ions=16' '-ffunction-sections' '-fdata-sections' '-"
 133      3D313627 
 133      20272D66 
 133      66756E63 
 133      74696F6E 
 134 0099 666E6F2D 		.ascii	"fno-common' '-flto'\000"
 134      636F6D6D 
 134      6F6E2720 
 134      272D666C 
 134      746F2700 
 135              		.text
 136              		.cfi_sections	.debug_frame
 137              		.section	.text.halInit,"ax",%progbits
 138              		.align	2
 139              		.p2align 4,,15
 140              		.global	halInit
 141              		.thumb
 142              		.thumb_func
 143              		.type	halInit, %function
 144              	halInit:
 145              	.LFB219:
 146              		.file 1 "../../../os/hal/src/hal.c"
 147              		.loc 1 56 0
ARM GAS  /tmp/cceW7IVb.s 			page 10


 148              		.cfi_startproc
 149              		@ args = 0, pretend = 0, frame = 0
 150              		@ frame_needed = 0, uses_anonymous_args = 0
 151 0000 08B5     		push	{r3, lr}
 152              		.cfi_def_cfa_offset 8
 153              		.cfi_offset 3, -8
 154              		.cfi_offset 14, -4
 155              		.loc 1 62 0
 156 0002 FFF7FEFF 		bl	hal_lld_init
 157              	.LVL0:
 158              		.loc 1 65 0
 159 0006 40F20000 		movw	r0, #:lower16:pal_default_config
 160 000a C0F20000 		movt	r0, #:upper16:pal_default_config
 161 000e FFF7FEFF 		bl	_pal_lld_init
 162              	.LVL1:
 163              		.loc 1 83 0
 164 0012 FFF7FEFF 		bl	i2cInit
 165              	.LVL2:
 166              		.loc 1 101 0
 167 0016 FFF7FEFF 		bl	sdInit
 168              	.LVL3:
 169              		.loc 1 136 0
 170 001a FFF7FEFF 		bl	boardInit
 171              	.LVL4:
 172              		.loc 1 145 0
 173 001e BDE80840 		pop	{r3, lr}
 174              		.loc 1 143 0
 175 0022 FFF7FEBF 		b	stInit
 176              	.LVL5:
 177              		.cfi_endproc
 178              	.LFE219:
 179              		.size	halInit, .-halInit
 180 0026 00BFAFF3 		.text
 180      0080AFF3 
 180      0080
 181              	.Letext0:
 182              		.file 2 "/home/julian/MEGA/semestre_ix/Embebidos/arm-2013.11/arm-none-eabi/include/stdint.h"
 183              		.file 3 "../../../os/common/ports/ARMCMx/compilers/GCC/chtypes.h"
 184              		.file 4 "../../../os/rt/include/chsystypes.h"
 185              		.file 5 "../../../os/rt/include/chschd.h"
 186              		.file 6 "../../../os/common/ports/ARMCMx/chcore.h"
 187              		.file 7 "../../../os/common/ports/ARMCMx/chcore_v7m.h"
 188              		.file 8 "../../../os/rt/include/chsem.h"
 189              		.file 9 "../../../os/rt/include/chmtx.h"
 190              		.file 10 "../../../os/hal/ports/STM32/LLD/GPIOv1/hal_pal_lld.h"
 191              		.file 11 "../../../os/common/ext/CMSIS/include/core_cm3.h"
 192              		.file 12 "../../../os/hal/ports/STM32/STM32F1xx/hal_lld.h"
 193              		.file 13 "../../../os/hal/include/hal_i2c.h"
 194              		.file 14 "../../../os/hal/include/hal_serial.h"
 195              		.file 15 "../../../os/hal/boards/ST_STM32VL_DISCOVERY/board.h"
 196              		.file 16 "../../../os/hal/include/hal_st.h"
 197              		.file 17 "../../../os/hal/osal/rt/osal.h"
 198              		.section	.debug_info,"",%progbits
 199              	.Ldebug_info0:
 200 0000 E7060000 		.4byte	0x6e7
 201 0004 0400     		.2byte	0x4
 202 0006 00000000 		.4byte	.Ldebug_abbrev0
ARM GAS  /tmp/cceW7IVb.s 			page 11


 203 000a 04       		.byte	0x4
 204 000b 01       		.uleb128 0x1
 205 000c E0010000 		.4byte	.LASF98
 206 0010 01       		.byte	0x1
 207 0011 F4020000 		.4byte	.LASF99
 208 0015 60030000 		.4byte	.LASF100
 209 0019 00000000 		.4byte	.Ldebug_ranges0+0
 210 001d 00000000 		.4byte	0
 211 0021 00000000 		.4byte	.Ldebug_line0
 212 0025 02       		.uleb128 0x2
 213 0026 04       		.byte	0x4
 214 0027 05       		.byte	0x5
 215 0028 696E7400 		.ascii	"int\000"
 216 002c 03       		.uleb128 0x3
 217 002d 04       		.byte	0x4
 218 002e 07       		.byte	0x7
 219 002f A5020000 		.4byte	.LASF0
 220 0033 03       		.uleb128 0x3
 221 0034 01       		.byte	0x1
 222 0035 06       		.byte	0x6
 223 0036 8A020000 		.4byte	.LASF1
 224 003a 04       		.uleb128 0x4
 225 003b DD000000 		.4byte	.LASF4
 226 003f 02       		.byte	0x2
 227 0040 2A       		.byte	0x2a
 228 0041 45000000 		.4byte	0x45
 229 0045 03       		.uleb128 0x3
 230 0046 01       		.byte	0x1
 231 0047 08       		.byte	0x8
 232 0048 CC010000 		.4byte	.LASF2
 233 004c 03       		.uleb128 0x3
 234 004d 02       		.byte	0x2
 235 004e 05       		.byte	0x5
 236 004f 65000000 		.4byte	.LASF3
 237 0053 04       		.uleb128 0x4
 238 0054 B2020000 		.4byte	.LASF5
 239 0058 02       		.byte	0x2
 240 0059 36       		.byte	0x36
 241 005a 5E000000 		.4byte	0x5e
 242 005e 03       		.uleb128 0x3
 243 005f 02       		.byte	0x2
 244 0060 07       		.byte	0x7
 245 0061 C4030000 		.4byte	.LASF6
 246 0065 04       		.uleb128 0x4
 247 0066 3C030000 		.4byte	.LASF7
 248 006a 02       		.byte	0x2
 249 006b 4F       		.byte	0x4f
 250 006c 70000000 		.4byte	0x70
 251 0070 03       		.uleb128 0x3
 252 0071 04       		.byte	0x4
 253 0072 05       		.byte	0x5
 254 0073 58010000 		.4byte	.LASF8
 255 0077 04       		.uleb128 0x4
 256 0078 9C020000 		.4byte	.LASF9
 257 007c 02       		.byte	0x2
 258 007d 50       		.byte	0x50
 259 007e 82000000 		.4byte	0x82
ARM GAS  /tmp/cceW7IVb.s 			page 12


 260 0082 03       		.uleb128 0x3
 261 0083 04       		.byte	0x4
 262 0084 07       		.byte	0x7
 263 0085 E8030000 		.4byte	.LASF10
 264 0089 03       		.uleb128 0x3
 265 008a 08       		.byte	0x8
 266 008b 05       		.byte	0x5
 267 008c 22010000 		.4byte	.LASF11
 268 0090 04       		.uleb128 0x4
 269 0091 51000000 		.4byte	.LASF12
 270 0095 02       		.byte	0x2
 271 0096 78       		.byte	0x78
 272 0097 9B000000 		.4byte	0x9b
 273 009b 03       		.uleb128 0x3
 274 009c 08       		.byte	0x8
 275 009d 07       		.byte	0x7
 276 009e 30010000 		.4byte	.LASF13
 277 00a2 04       		.uleb128 0x4
 278 00a3 A0000000 		.4byte	.LASF14
 279 00a7 03       		.byte	0x3
 280 00a8 3C       		.byte	0x3c
 281 00a9 3A000000 		.4byte	0x3a
 282 00ad 04       		.uleb128 0x4
 283 00ae DF030000 		.4byte	.LASF15
 284 00b2 03       		.byte	0x3
 285 00b3 3D       		.byte	0x3d
 286 00b4 3A000000 		.4byte	0x3a
 287 00b8 04       		.uleb128 0x4
 288 00b9 09000000 		.4byte	.LASF16
 289 00bd 03       		.byte	0x3
 290 00be 3E       		.byte	0x3e
 291 00bf 3A000000 		.4byte	0x3a
 292 00c3 04       		.uleb128 0x4
 293 00c4 47010000 		.4byte	.LASF17
 294 00c8 03       		.byte	0x3
 295 00c9 40       		.byte	0x40
 296 00ca 77000000 		.4byte	0x77
 297 00ce 04       		.uleb128 0x4
 298 00cf E6040000 		.4byte	.LASF18
 299 00d3 03       		.byte	0x3
 300 00d4 41       		.byte	0x41
 301 00d5 65000000 		.4byte	0x65
 302 00d9 04       		.uleb128 0x4
 303 00da 94000000 		.4byte	.LASF19
 304 00de 03       		.byte	0x3
 305 00df 43       		.byte	0x43
 306 00e0 77000000 		.4byte	0x77
 307 00e4 04       		.uleb128 0x4
 308 00e5 44030000 		.4byte	.LASF20
 309 00e9 03       		.byte	0x3
 310 00ea 45       		.byte	0x45
 311 00eb 65000000 		.4byte	0x65
 312 00ef 04       		.uleb128 0x4
 313 00f0 0E030000 		.4byte	.LASF21
 314 00f4 04       		.byte	0x4
 315 00f5 35       		.byte	0x35
 316 00f6 53000000 		.4byte	0x53
ARM GAS  /tmp/cceW7IVb.s 			page 13


 317 00fa 04       		.uleb128 0x4
 318 00fb 00000000 		.4byte	.LASF22
 319 00ff 04       		.byte	0x4
 320 0100 3F       		.byte	0x3f
 321 0101 05010000 		.4byte	0x105
 322 0105 05       		.uleb128 0x5
 323 0106 FF000000 		.4byte	.LASF40
 324 010a 44       		.byte	0x44
 325 010b 05       		.byte	0x5
 326 010c 9A       		.byte	0x9a
 327 010d E3010000 		.4byte	0x1e3
 328 0111 06       		.uleb128 0x6
 329 0112 A9010000 		.4byte	.LASF23
 330 0116 05       		.byte	0x5
 331 0117 9B       		.byte	0x9b
 332 0118 18020000 		.4byte	0x218
 333 011c 00       		.byte	0
 334 011d 06       		.uleb128 0x6
 335 011e EC040000 		.4byte	.LASF24
 336 0122 05       		.byte	0x5
 337 0123 9C       		.byte	0x9c
 338 0124 C3000000 		.4byte	0xc3
 339 0128 08       		.byte	0x8
 340 0129 07       		.uleb128 0x7
 341 012a 63747800 		.ascii	"ctx\000"
 342 012e 05       		.byte	0x5
 343 012f 9D       		.byte	0x9d
 344 0130 04040000 		.4byte	0x404
 345 0134 0C       		.byte	0xc
 346 0135 06       		.uleb128 0x6
 347 0136 23040000 		.4byte	.LASF25
 348 013a 05       		.byte	0x5
 349 013b 9F       		.byte	0x9f
 350 013c EE010000 		.4byte	0x1ee
 351 0140 10       		.byte	0x10
 352 0141 06       		.uleb128 0x6
 353 0142 09010000 		.4byte	.LASF26
 354 0146 05       		.byte	0x5
 355 0147 A0       		.byte	0xa0
 356 0148 EE010000 		.4byte	0x1ee
 357 014c 14       		.byte	0x14
 358 014d 06       		.uleb128 0x6
 359 014e AF010000 		.4byte	.LASF27
 360 0152 05       		.byte	0x5
 361 0153 A7       		.byte	0xa7
 362 0154 69050000 		.4byte	0x569
 363 0158 18       		.byte	0x18
 364 0159 06       		.uleb128 0x6
 365 015a 16010000 		.4byte	.LASF28
 366 015e 05       		.byte	0x5
 367 015f B0       		.byte	0xb0
 368 0160 7B050000 		.4byte	0x57b
 369 0164 1C       		.byte	0x1c
 370 0165 06       		.uleb128 0x6
 371 0166 4B000000 		.4byte	.LASF29
 372 016a 05       		.byte	0x5
 373 016b B5       		.byte	0xb5
ARM GAS  /tmp/cceW7IVb.s 			page 14


 374 016c AD000000 		.4byte	0xad
 375 0170 20       		.byte	0x20
 376 0171 06       		.uleb128 0x6
 377 0172 96020000 		.4byte	.LASF30
 378 0176 05       		.byte	0x5
 379 0177 B9       		.byte	0xb9
 380 0178 A2000000 		.4byte	0xa2
 381 017c 21       		.byte	0x21
 382 017d 06       		.uleb128 0x6
 383 017e B8030000 		.4byte	.LASF31
 384 0182 05       		.byte	0x5
 385 0183 BE       		.byte	0xbe
 386 0184 B8000000 		.4byte	0xb8
 387 0188 22       		.byte	0x22
 388 0189 08       		.uleb128 0x8
 389 018a 7500     		.ascii	"u\000"
 390 018c 05       		.byte	0x5
 391 018d 0F01     		.2byte	0x10f
 392 018f 9E040000 		.4byte	0x49e
 393 0193 24       		.byte	0x24
 394 0194 09       		.uleb128 0x9
 395 0195 A0040000 		.4byte	.LASF32
 396 0199 05       		.byte	0x5
 397 019a 1401     		.2byte	0x114
 398 019c F4010000 		.4byte	0x1f4
 399 01a0 28       		.byte	0x28
 400 01a1 09       		.uleb128 0x9
 401 01a2 CB000000 		.4byte	.LASF33
 402 01a6 05       		.byte	0x5
 403 01a7 1A01     		.2byte	0x11a
 404 01a9 18020000 		.4byte	0x218
 405 01ad 2C       		.byte	0x2c
 406 01ae 09       		.uleb128 0x9
 407 01af 2F000000 		.4byte	.LASF34
 408 01b3 05       		.byte	0x5
 409 01b4 2001     		.2byte	0x120
 410 01b6 D9000000 		.4byte	0xd9
 411 01ba 34       		.byte	0x34
 412 01bb 09       		.uleb128 0x9
 413 01bc 43040000 		.4byte	.LASF35
 414 01c0 05       		.byte	0x5
 415 01c1 2701     		.2byte	0x127
 416 01c3 63050000 		.4byte	0x563
 417 01c7 38       		.byte	0x38
 418 01c8 09       		.uleb128 0x9
 419 01c9 4A030000 		.4byte	.LASF36
 420 01cd 05       		.byte	0x5
 421 01ce 2B01     		.2byte	0x12b
 422 01d0 C3000000 		.4byte	0xc3
 423 01d4 3C       		.byte	0x3c
 424 01d5 09       		.uleb128 0x9
 425 01d6 5F040000 		.4byte	.LASF37
 426 01da 05       		.byte	0x5
 427 01db 3201     		.2byte	0x132
 428 01dd CB020000 		.4byte	0x2cb
 429 01e1 40       		.byte	0x40
 430 01e2 00       		.byte	0
ARM GAS  /tmp/cceW7IVb.s 			page 15


 431 01e3 04       		.uleb128 0x4
 432 01e4 29040000 		.4byte	.LASF38
 433 01e8 04       		.byte	0x4
 434 01e9 44       		.byte	0x44
 435 01ea EE010000 		.4byte	0x1ee
 436 01ee 0A       		.uleb128 0xa
 437 01ef 04       		.byte	0x4
 438 01f0 FA000000 		.4byte	0xfa
 439 01f4 04       		.uleb128 0x4
 440 01f5 FD040000 		.4byte	.LASF39
 441 01f9 04       		.byte	0x4
 442 01fa 49       		.byte	0x49
 443 01fb FF010000 		.4byte	0x1ff
 444 01ff 05       		.uleb128 0x5
 445 0200 A8000000 		.4byte	.LASF41
 446 0204 04       		.byte	0x4
 447 0205 05       		.byte	0x5
 448 0206 88       		.byte	0x88
 449 0207 18020000 		.4byte	0x218
 450 020b 06       		.uleb128 0x6
 451 020c F1040000 		.4byte	.LASF42
 452 0210 05       		.byte	0x5
 453 0211 89       		.byte	0x89
 454 0212 EE010000 		.4byte	0x1ee
 455 0216 00       		.byte	0
 456 0217 00       		.byte	0
 457 0218 04       		.uleb128 0x4
 458 0219 DB020000 		.4byte	.LASF43
 459 021d 04       		.byte	0x4
 460 021e 50       		.byte	0x50
 461 021f 23020000 		.4byte	0x223
 462 0223 05       		.uleb128 0x5
 463 0224 E5000000 		.4byte	.LASF44
 464 0228 08       		.byte	0x8
 465 0229 05       		.byte	0x5
 466 022a 8F       		.byte	0x8f
 467 022b 48020000 		.4byte	0x248
 468 022f 06       		.uleb128 0x6
 469 0230 F1040000 		.4byte	.LASF42
 470 0234 05       		.byte	0x5
 471 0235 90       		.byte	0x90
 472 0236 EE010000 		.4byte	0x1ee
 473 023a 00       		.byte	0
 474 023b 06       		.uleb128 0x6
 475 023c C3040000 		.4byte	.LASF45
 476 0240 05       		.byte	0x5
 477 0241 91       		.byte	0x91
 478 0242 EE010000 		.4byte	0x1ee
 479 0246 04       		.byte	0x4
 480 0247 00       		.byte	0
 481 0248 04       		.uleb128 0x4
 482 0249 6E040000 		.4byte	.LASF46
 483 024d 04       		.byte	0x4
 484 024e 57       		.byte	0x57
 485 024f 53020000 		.4byte	0x253
 486 0253 0B       		.uleb128 0xb
 487 0254 A8040000 		.4byte	.LASF47
ARM GAS  /tmp/cceW7IVb.s 			page 16


 488 0258 1C       		.byte	0x1c
 489 0259 05       		.byte	0x5
 490 025a 6A01     		.2byte	0x16a
 491 025c AF020000 		.4byte	0x2af
 492 0260 09       		.uleb128 0x9
 493 0261 A9010000 		.4byte	.LASF23
 494 0265 05       		.byte	0x5
 495 0266 6B01     		.2byte	0x16b
 496 0268 18020000 		.4byte	0x218
 497 026c 00       		.byte	0
 498 026d 09       		.uleb128 0x9
 499 026e EC040000 		.4byte	.LASF24
 500 0272 05       		.byte	0x5
 501 0273 6C01     		.2byte	0x16c
 502 0275 C3000000 		.4byte	0xc3
 503 0279 08       		.byte	0x8
 504 027a 08       		.uleb128 0x8
 505 027b 63747800 		.ascii	"ctx\000"
 506 027f 05       		.byte	0x5
 507 0280 6E01     		.2byte	0x16e
 508 0282 04040000 		.4byte	0x404
 509 0286 0C       		.byte	0xc
 510 0287 09       		.uleb128 0x9
 511 0288 23040000 		.4byte	.LASF25
 512 028c 05       		.byte	0x5
 513 028d 7101     		.2byte	0x171
 514 028f EE010000 		.4byte	0x1ee
 515 0293 10       		.byte	0x10
 516 0294 09       		.uleb128 0x9
 517 0295 09010000 		.4byte	.LASF26
 518 0299 05       		.byte	0x5
 519 029a 7201     		.2byte	0x172
 520 029c EE010000 		.4byte	0x1ee
 521 02a0 14       		.byte	0x14
 522 02a1 09       		.uleb128 0x9
 523 02a2 82040000 		.4byte	.LASF48
 524 02a6 05       		.byte	0x5
 525 02a7 7501     		.2byte	0x175
 526 02a9 EE010000 		.4byte	0x1ee
 527 02ad 18       		.byte	0x18
 528 02ae 00       		.byte	0
 529 02af 04       		.uleb128 0x4
 530 02b0 65040000 		.4byte	.LASF49
 531 02b4 04       		.byte	0x4
 532 02b5 5C       		.byte	0x5c
 533 02b6 BA020000 		.4byte	0x2ba
 534 02ba 0A       		.uleb128 0xa
 535 02bb 04       		.byte	0x4
 536 02bc C0020000 		.4byte	0x2c0
 537 02c0 0C       		.uleb128 0xc
 538 02c1 CB020000 		.4byte	0x2cb
 539 02c5 0D       		.uleb128 0xd
 540 02c6 CB020000 		.4byte	0x2cb
 541 02ca 00       		.byte	0
 542 02cb 0E       		.uleb128 0xe
 543 02cc 04       		.byte	0x4
 544 02cd 04       		.uleb128 0x4
ARM GAS  /tmp/cceW7IVb.s 			page 17


 545 02ce 7F010000 		.4byte	.LASF50
 546 02d2 04       		.byte	0x4
 547 02d3 61       		.byte	0x61
 548 02d4 D8020000 		.4byte	0x2d8
 549 02d8 0B       		.uleb128 0xb
 550 02d9 2B030000 		.4byte	.LASF51
 551 02dd 14       		.byte	0x14
 552 02de 05       		.byte	0x5
 553 02df 4501     		.2byte	0x145
 554 02e1 27030000 		.4byte	0x327
 555 02e5 09       		.uleb128 0x9
 556 02e6 F1040000 		.4byte	.LASF42
 557 02ea 05       		.byte	0x5
 558 02eb 4601     		.2byte	0x146
 559 02ed 81050000 		.4byte	0x581
 560 02f1 00       		.byte	0
 561 02f2 09       		.uleb128 0x9
 562 02f3 C3040000 		.4byte	.LASF45
 563 02f7 05       		.byte	0x5
 564 02f8 4701     		.2byte	0x147
 565 02fa 81050000 		.4byte	0x581
 566 02fe 04       		.byte	0x4
 567 02ff 09       		.uleb128 0x9
 568 0300 87000000 		.4byte	.LASF52
 569 0304 05       		.byte	0x5
 570 0305 4801     		.2byte	0x148
 571 0307 EF000000 		.4byte	0xef
 572 030b 08       		.byte	0x8
 573 030c 09       		.uleb128 0x9
 574 030d 1D010000 		.4byte	.LASF53
 575 0311 05       		.byte	0x5
 576 0312 4901     		.2byte	0x149
 577 0314 AF020000 		.4byte	0x2af
 578 0318 0C       		.byte	0xc
 579 0319 08       		.uleb128 0x8
 580 031a 70617200 		.ascii	"par\000"
 581 031e 05       		.byte	0x5
 582 031f 4B01     		.2byte	0x14b
 583 0321 CB020000 		.4byte	0x2cb
 584 0325 10       		.byte	0x10
 585 0326 00       		.byte	0
 586 0327 04       		.uleb128 0x4
 587 0328 8A040000 		.4byte	.LASF54
 588 032c 04       		.byte	0x4
 589 032d 66       		.byte	0x66
 590 032e 32030000 		.4byte	0x332
 591 0332 0B       		.uleb128 0xb
 592 0333 C8040000 		.4byte	.LASF55
 593 0337 0C       		.byte	0xc
 594 0338 05       		.byte	0x5
 595 0339 5501     		.2byte	0x155
 596 033b 74030000 		.4byte	0x374
 597 033f 09       		.uleb128 0x9
 598 0340 F1040000 		.4byte	.LASF42
 599 0344 05       		.byte	0x5
 600 0345 5601     		.2byte	0x156
 601 0347 81050000 		.4byte	0x581
ARM GAS  /tmp/cceW7IVb.s 			page 18


 602 034b 00       		.byte	0
 603 034c 09       		.uleb128 0x9
 604 034d C3040000 		.4byte	.LASF45
 605 0351 05       		.byte	0x5
 606 0352 5801     		.2byte	0x158
 607 0354 81050000 		.4byte	0x581
 608 0358 04       		.byte	0x4
 609 0359 09       		.uleb128 0x9
 610 035a 87000000 		.4byte	.LASF52
 611 035e 05       		.byte	0x5
 612 035f 5A01     		.2byte	0x15a
 613 0361 EF000000 		.4byte	0xef
 614 0365 08       		.byte	0x8
 615 0366 09       		.uleb128 0x9
 616 0367 4F010000 		.4byte	.LASF56
 617 036b 05       		.byte	0x5
 618 036c 6201     		.2byte	0x162
 619 036e EF000000 		.4byte	0xef
 620 0372 0A       		.byte	0xa
 621 0373 00       		.byte	0
 622 0374 04       		.uleb128 0x4
 623 0375 78000000 		.4byte	.LASF57
 624 0379 04       		.byte	0x4
 625 037a 6B       		.byte	0x6b
 626 037b 7F030000 		.4byte	0x37f
 627 037f 0B       		.uleb128 0xb
 628 0380 1F000000 		.4byte	.LASF58
 629 0384 04       		.byte	0x4
 630 0385 05       		.byte	0x5
 631 0386 7C01     		.2byte	0x17c
 632 0388 9A030000 		.4byte	0x39a
 633 038c 09       		.uleb128 0x9
 634 038d FA030000 		.4byte	.LASF59
 635 0391 05       		.byte	0x5
 636 0392 8401     		.2byte	0x184
 637 0394 87050000 		.4byte	0x587
 638 0398 00       		.byte	0
 639 0399 00       		.byte	0
 640 039a 04       		.uleb128 0x4
 641 039b BF000000 		.4byte	.LASF60
 642 039f 04       		.byte	0x4
 643 03a0 70       		.byte	0x70
 644 03a1 A5030000 		.4byte	0x3a5
 645 03a5 0B       		.uleb128 0xb
 646 03a6 68010000 		.4byte	.LASF61
 647 03aa 70       		.byte	0x70
 648 03ab 05       		.byte	0x5
 649 03ac 9C01     		.2byte	0x19c
 650 03ae E7030000 		.4byte	0x3e7
 651 03b2 09       		.uleb128 0x9
 652 03b3 18030000 		.4byte	.LASF62
 653 03b7 05       		.byte	0x5
 654 03b8 A001     		.2byte	0x1a0
 655 03ba 48020000 		.4byte	0x248
 656 03be 00       		.byte	0
 657 03bf 09       		.uleb128 0x9
 658 03c0 B8000000 		.4byte	.LASF63
ARM GAS  /tmp/cceW7IVb.s 			page 19


 659 03c4 05       		.byte	0x5
 660 03c5 A401     		.2byte	0x1a4
 661 03c7 27030000 		.4byte	0x327
 662 03cb 1C       		.byte	0x1c
 663 03cc 08       		.uleb128 0x8
 664 03cd 64626700 		.ascii	"dbg\000"
 665 03d1 05       		.byte	0x5
 666 03d2 A801     		.2byte	0x1a8
 667 03d4 74030000 		.4byte	0x374
 668 03d8 28       		.byte	0x28
 669 03d9 09       		.uleb128 0x9
 670 03da 5A000000 		.4byte	.LASF64
 671 03de 05       		.byte	0x5
 672 03df AC01     		.2byte	0x1ac
 673 03e1 FA000000 		.4byte	0xfa
 674 03e5 2C       		.byte	0x2c
 675 03e6 00       		.byte	0
 676 03e7 03       		.uleb128 0x3
 677 03e8 04       		.byte	0x4
 678 03e9 07       		.byte	0x7
 679 03ea 6F000000 		.4byte	.LASF65
 680 03ee 04       		.uleb128 0x4
 681 03ef D4000000 		.4byte	.LASF66
 682 03f3 06       		.byte	0x6
 683 03f4 65       		.byte	0x65
 684 03f5 CB020000 		.4byte	0x2cb
 685 03f9 04       		.uleb128 0x4
 686 03fa 4B040000 		.4byte	.LASF67
 687 03fe 06       		.byte	0x6
 688 03ff 6D       		.byte	0x6d
 689 0400 90000000 		.4byte	0x90
 690 0404 05       		.uleb128 0x5
 691 0405 72010000 		.4byte	.LASF68
 692 0409 04       		.byte	0x4
 693 040a 06       		.byte	0x6
 694 040b 89       		.byte	0x89
 695 040c 1C040000 		.4byte	0x41c
 696 0410 07       		.uleb128 0x7
 697 0411 737000   		.ascii	"sp\000"
 698 0414 06       		.byte	0x6
 699 0415 8A       		.byte	0x8a
 700 0416 98040000 		.4byte	0x498
 701 041a 00       		.byte	0
 702 041b 00       		.byte	0
 703 041c 0B       		.uleb128 0xb
 704 041d 17040000 		.4byte	.LASF69
 705 0421 24       		.byte	0x24
 706 0422 07       		.byte	0x7
 707 0423 5901     		.2byte	0x159
 708 0425 98040000 		.4byte	0x498
 709 0429 08       		.uleb128 0x8
 710 042a 723400   		.ascii	"r4\000"
 711 042d 07       		.byte	0x7
 712 042e 6C01     		.2byte	0x16c
 713 0430 EE030000 		.4byte	0x3ee
 714 0434 00       		.byte	0
 715 0435 08       		.uleb128 0x8
ARM GAS  /tmp/cceW7IVb.s 			page 20


 716 0436 723500   		.ascii	"r5\000"
 717 0439 07       		.byte	0x7
 718 043a 6D01     		.2byte	0x16d
 719 043c EE030000 		.4byte	0x3ee
 720 0440 04       		.byte	0x4
 721 0441 08       		.uleb128 0x8
 722 0442 723600   		.ascii	"r6\000"
 723 0445 07       		.byte	0x7
 724 0446 6E01     		.2byte	0x16e
 725 0448 EE030000 		.4byte	0x3ee
 726 044c 08       		.byte	0x8
 727 044d 08       		.uleb128 0x8
 728 044e 723700   		.ascii	"r7\000"
 729 0451 07       		.byte	0x7
 730 0452 6F01     		.2byte	0x16f
 731 0454 EE030000 		.4byte	0x3ee
 732 0458 0C       		.byte	0xc
 733 0459 08       		.uleb128 0x8
 734 045a 723800   		.ascii	"r8\000"
 735 045d 07       		.byte	0x7
 736 045e 7001     		.2byte	0x170
 737 0460 EE030000 		.4byte	0x3ee
 738 0464 10       		.byte	0x10
 739 0465 08       		.uleb128 0x8
 740 0466 723900   		.ascii	"r9\000"
 741 0469 07       		.byte	0x7
 742 046a 7101     		.2byte	0x171
 743 046c EE030000 		.4byte	0x3ee
 744 0470 14       		.byte	0x14
 745 0471 08       		.uleb128 0x8
 746 0472 72313000 		.ascii	"r10\000"
 747 0476 07       		.byte	0x7
 748 0477 7201     		.2byte	0x172
 749 0479 EE030000 		.4byte	0x3ee
 750 047d 18       		.byte	0x18
 751 047e 08       		.uleb128 0x8
 752 047f 72313100 		.ascii	"r11\000"
 753 0483 07       		.byte	0x7
 754 0484 7301     		.2byte	0x173
 755 0486 EE030000 		.4byte	0x3ee
 756 048a 1C       		.byte	0x1c
 757 048b 08       		.uleb128 0x8
 758 048c 6C7200   		.ascii	"lr\000"
 759 048f 07       		.byte	0x7
 760 0490 7401     		.2byte	0x174
 761 0492 EE030000 		.4byte	0x3ee
 762 0496 20       		.byte	0x20
 763 0497 00       		.byte	0
 764 0498 0A       		.uleb128 0xa
 765 0499 04       		.byte	0x4
 766 049a 1C040000 		.4byte	0x41c
 767 049e 0F       		.uleb128 0xf
 768 049f 04       		.byte	0x4
 769 04a0 05       		.byte	0x5
 770 04a1 D2       		.byte	0xd2
 771 04a2 01050000 		.4byte	0x501
 772 04a6 10       		.uleb128 0x10
ARM GAS  /tmp/cceW7IVb.s 			page 21


 773 04a7 DF040000 		.4byte	.LASF70
 774 04ab 05       		.byte	0x5
 775 04ac D9       		.byte	0xd9
 776 04ad CE000000 		.4byte	0xce
 777 04b1 10       		.uleb128 0x10
 778 04b2 56040000 		.4byte	.LASF71
 779 04b6 05       		.byte	0x5
 780 04b7 E0       		.byte	0xe0
 781 04b8 CE000000 		.4byte	0xce
 782 04bc 10       		.uleb128 0x10
 783 04bd 3C040000 		.4byte	.LASF72
 784 04c1 05       		.byte	0x5
 785 04c2 E7       		.byte	0xe7
 786 04c3 CB020000 		.4byte	0x2cb
 787 04c7 10       		.uleb128 0x10
 788 04c8 04040000 		.4byte	.LASF73
 789 04cc 05       		.byte	0x5
 790 04cd EE       		.byte	0xee
 791 04ce 01050000 		.4byte	0x501
 792 04d2 10       		.uleb128 0x10
 793 04d3 99010000 		.4byte	.LASF74
 794 04d7 05       		.byte	0x5
 795 04d8 F3       		.byte	0xf3
 796 04d9 CE000000 		.4byte	0xce
 797 04dd 10       		.uleb128 0x10
 798 04de 8D000000 		.4byte	.LASF75
 799 04e2 05       		.byte	0x5
 800 04e3 FC       		.byte	0xfc
 801 04e4 2C050000 		.4byte	0x52c
 802 04e8 11       		.uleb128 0x11
 803 04e9 F6040000 		.4byte	.LASF76
 804 04ed 05       		.byte	0x5
 805 04ee 0501     		.2byte	0x105
 806 04f0 63050000 		.4byte	0x563
 807 04f4 11       		.uleb128 0x11
 808 04f5 83020000 		.4byte	.LASF77
 809 04f9 05       		.byte	0x5
 810 04fa 0D01     		.2byte	0x10d
 811 04fc D9000000 		.4byte	0xd9
 812 0500 00       		.byte	0
 813 0501 0A       		.uleb128 0xa
 814 0502 04       		.byte	0x4
 815 0503 E3010000 		.4byte	0x1e3
 816 0507 05       		.uleb128 0x5
 817 0508 0A040000 		.4byte	.LASF78
 818 050c 0C       		.byte	0xc
 819 050d 08       		.byte	0x8
 820 050e 34       		.byte	0x34
 821 050f 2C050000 		.4byte	0x52c
 822 0513 06       		.uleb128 0x6
 823 0514 A9010000 		.4byte	.LASF23
 824 0518 08       		.byte	0x8
 825 0519 35       		.byte	0x35
 826 051a 18020000 		.4byte	0x218
 827 051e 00       		.byte	0
 828 051f 07       		.uleb128 0x7
 829 0520 636E7400 		.ascii	"cnt\000"
ARM GAS  /tmp/cceW7IVb.s 			page 22


 830 0524 08       		.byte	0x8
 831 0525 37       		.byte	0x37
 832 0526 E4000000 		.4byte	0xe4
 833 052a 08       		.byte	0x8
 834 052b 00       		.byte	0
 835 052c 0A       		.uleb128 0xa
 836 052d 04       		.byte	0x4
 837 052e 07050000 		.4byte	0x507
 838 0532 05       		.uleb128 0x5
 839 0533 F6000000 		.4byte	.LASF79
 840 0537 10       		.byte	0x10
 841 0538 09       		.byte	0x9
 842 0539 39       		.byte	0x39
 843 053a 63050000 		.4byte	0x563
 844 053e 06       		.uleb128 0x6
 845 053f A9010000 		.4byte	.LASF23
 846 0543 09       		.byte	0x9
 847 0544 3A       		.byte	0x3a
 848 0545 18020000 		.4byte	0x218
 849 0549 00       		.byte	0
 850 054a 06       		.uleb128 0x6
 851 054b DA010000 		.4byte	.LASF80
 852 054f 09       		.byte	0x9
 853 0550 3C       		.byte	0x3c
 854 0551 EE010000 		.4byte	0x1ee
 855 0555 08       		.byte	0x8
 856 0556 06       		.uleb128 0x6
 857 0557 F1040000 		.4byte	.LASF42
 858 055b 09       		.byte	0x9
 859 055c 3E       		.byte	0x3e
 860 055d 97050000 		.4byte	0x597
 861 0561 0C       		.byte	0xc
 862 0562 00       		.byte	0
 863 0563 0A       		.uleb128 0xa
 864 0564 04       		.byte	0x4
 865 0565 32050000 		.4byte	0x532
 866 0569 0A       		.uleb128 0xa
 867 056a 04       		.byte	0x4
 868 056b 6F050000 		.4byte	0x56f
 869 056f 12       		.uleb128 0x12
 870 0570 74050000 		.4byte	0x574
 871 0574 03       		.uleb128 0x3
 872 0575 01       		.byte	0x1
 873 0576 08       		.byte	0x8
 874 0577 1E030000 		.4byte	.LASF81
 875 057b 0A       		.uleb128 0xa
 876 057c 04       		.byte	0x4
 877 057d F9030000 		.4byte	0x3f9
 878 0581 0A       		.uleb128 0xa
 879 0582 04       		.byte	0x4
 880 0583 CD020000 		.4byte	0x2cd
 881 0587 13       		.uleb128 0x13
 882 0588 69050000 		.4byte	0x569
 883 058c 04       		.uleb128 0x4
 884 058d 23030000 		.4byte	.LASF82
 885 0591 09       		.byte	0x9
 886 0592 34       		.byte	0x34
ARM GAS  /tmp/cceW7IVb.s 			page 23


 887 0593 32050000 		.4byte	0x532
 888 0597 0A       		.uleb128 0xa
 889 0598 04       		.byte	0x4
 890 0599 8C050000 		.4byte	0x58c
 891 059d 03       		.uleb128 0x3
 892 059e 01       		.byte	0x1
 893 059f 02       		.byte	0x2
 894 05a0 5A030000 		.4byte	.LASF83
 895 05a4 14       		.uleb128 0x14
 896 05a5 0C       		.byte	0xc
 897 05a6 0A       		.byte	0xa
 898 05a7 68       		.byte	0x68
 899 05a8 D1050000 		.4byte	0x5d1
 900 05ac 07       		.uleb128 0x7
 901 05ad 6F647200 		.ascii	"odr\000"
 902 05b1 0A       		.byte	0xa
 903 05b2 6A       		.byte	0x6a
 904 05b3 77000000 		.4byte	0x77
 905 05b7 00       		.byte	0
 906 05b8 07       		.uleb128 0x7
 907 05b9 63726C00 		.ascii	"crl\000"
 908 05bd 0A       		.byte	0xa
 909 05be 6C       		.byte	0x6c
 910 05bf 77000000 		.4byte	0x77
 911 05c3 04       		.byte	0x4
 912 05c4 07       		.uleb128 0x7
 913 05c5 63726800 		.ascii	"crh\000"
 914 05c9 0A       		.byte	0xa
 915 05ca 6E       		.byte	0x6e
 916 05cb 77000000 		.4byte	0x77
 917 05cf 08       		.byte	0x8
 918 05d0 00       		.byte	0
 919 05d1 04       		.uleb128 0x4
 920 05d2 BB020000 		.4byte	.LASF84
 921 05d6 0A       		.byte	0xa
 922 05d7 6F       		.byte	0x6f
 923 05d8 A4050000 		.4byte	0x5a4
 924 05dc 14       		.uleb128 0x14
 925 05dd 3C       		.byte	0x3c
 926 05de 0A       		.byte	0xa
 927 05df 78       		.byte	0x78
 928 05e0 21060000 		.4byte	0x621
 929 05e4 06       		.uleb128 0x6
 930 05e5 B4010000 		.4byte	.LASF85
 931 05e9 0A       		.byte	0xa
 932 05ea 7A       		.byte	0x7a
 933 05eb D1050000 		.4byte	0x5d1
 934 05ef 00       		.byte	0
 935 05f0 06       		.uleb128 0x6
 936 05f1 53030000 		.4byte	.LASF86
 937 05f5 0A       		.byte	0xa
 938 05f6 7C       		.byte	0x7c
 939 05f7 D1050000 		.4byte	0x5d1
 940 05fb 0C       		.byte	0xc
 941 05fc 06       		.uleb128 0x6
 942 05fd BB010000 		.4byte	.LASF87
 943 0601 0A       		.byte	0xa
ARM GAS  /tmp/cceW7IVb.s 			page 24


 944 0602 7E       		.byte	0x7e
 945 0603 D1050000 		.4byte	0x5d1
 946 0607 18       		.byte	0x18
 947 0608 06       		.uleb128 0x6
 948 0609 61010000 		.4byte	.LASF88
 949 060d 0A       		.byte	0xa
 950 060e 80       		.byte	0x80
 951 060f D1050000 		.4byte	0x5d1
 952 0613 24       		.byte	0x24
 953 0614 06       		.uleb128 0x6
 954 0615 BD030000 		.4byte	.LASF89
 955 0619 0A       		.byte	0xa
 956 061a 83       		.byte	0x83
 957 061b D1050000 		.4byte	0x5d1
 958 061f 30       		.byte	0x30
 959 0620 00       		.byte	0
 960 0621 04       		.uleb128 0x4
 961 0622 C2010000 		.4byte	.LASF90
 962 0626 0A       		.byte	0xa
 963 0627 8D       		.byte	0x8d
 964 0628 DC050000 		.4byte	0x5dc
 965 062c 15       		.uleb128 0x15
 966 062d EB020000 		.4byte	.LASF101
 967 0631 11       		.byte	0x11
 968 0632 C101     		.2byte	0x1c1
 969 0634 03       		.byte	0x3
 970 0635 16       		.uleb128 0x16
 971 0636 D7030000 		.4byte	.LASF102
 972 063a 01       		.byte	0x1
 973 063b 38       		.byte	0x38
 974 063c 00000000 		.4byte	.LFB219
 975 0640 26000000 		.4byte	.LFE219-.LFB219
 976 0644 01       		.uleb128 0x1
 977 0645 9C       		.byte	0x9c
 978 0646 81060000 		.4byte	0x681
 979 064a 17       		.uleb128 0x17
 980 064b 06000000 		.4byte	.LVL0
 981 064f AE060000 		.4byte	0x6ae
 982 0653 17       		.uleb128 0x17
 983 0654 12000000 		.4byte	.LVL1
 984 0658 B5060000 		.4byte	0x6b5
 985 065c 17       		.uleb128 0x17
 986 065d 16000000 		.4byte	.LVL2
 987 0661 CD060000 		.4byte	0x6cd
 988 0665 17       		.uleb128 0x17
 989 0666 1A000000 		.4byte	.LVL3
 990 066a D4060000 		.4byte	0x6d4
 991 066e 17       		.uleb128 0x17
 992 066f 1E000000 		.4byte	.LVL4
 993 0673 DC060000 		.4byte	0x6dc
 994 0677 18       		.uleb128 0x18
 995 0678 26000000 		.4byte	.LVL5
 996 067c E3060000 		.4byte	0x6e3
 997 0680 00       		.byte	0
 998 0681 19       		.uleb128 0x19
 999 0682 B6040000 		.4byte	.LASF91
 1000 0686 0B       		.byte	0xb
ARM GAS  /tmp/cceW7IVb.s 			page 25


 1001 0687 9606     		.2byte	0x696
 1002 0689 8D060000 		.4byte	0x68d
 1003 068d 13       		.uleb128 0x13
 1004 068e 65000000 		.4byte	0x65
 1005 0692 1A       		.uleb128 0x1a
 1006 0693 636800   		.ascii	"ch\000"
 1007 0696 05       		.byte	0x5
 1008 0697 D201     		.2byte	0x1d2
 1009 0699 9A030000 		.4byte	0x39a
 1010 069d 19       		.uleb128 0x19
 1011 069e 38000000 		.4byte	.LASF92
 1012 06a2 0A       		.byte	0xa
 1013 06a3 6701     		.2byte	0x167
 1014 06a5 A9060000 		.4byte	0x6a9
 1015 06a9 12       		.uleb128 0x12
 1016 06aa 21060000 		.4byte	0x621
 1017 06ae 1B       		.uleb128 0x1b
 1018 06af CE020000 		.4byte	.LASF93
 1019 06b3 0C       		.byte	0xc
 1020 06b4 D7       		.byte	0xd7
 1021 06b5 1C       		.uleb128 0x1c
 1022 06b6 11000000 		.4byte	.LASF103
 1023 06ba 0A       		.byte	0xa
 1024 06bb 6C01     		.2byte	0x16c
 1025 06bd C7060000 		.4byte	0x6c7
 1026 06c1 0D       		.uleb128 0xd
 1027 06c2 C7060000 		.4byte	0x6c7
 1028 06c6 00       		.byte	0
 1029 06c7 0A       		.uleb128 0xa
 1030 06c8 04       		.byte	0x4
 1031 06c9 A9060000 		.4byte	0x6a9
 1032 06cd 1B       		.uleb128 0x1b
 1033 06ce A1010000 		.4byte	.LASF94
 1034 06d2 0D       		.byte	0xd
 1035 06d3 8B       		.byte	0x8b
 1036 06d4 1D       		.uleb128 0x1d
 1037 06d5 0F010000 		.4byte	.LASF95
 1038 06d9 0E       		.byte	0xe
 1039 06da 1101     		.2byte	0x111
 1040 06dc 1B       		.uleb128 0x1b
 1041 06dd 8F010000 		.4byte	.LASF96
 1042 06e1 0F       		.byte	0xf
 1043 06e2 89       		.byte	0x89
 1044 06e3 1B       		.uleb128 0x1b
 1045 06e4 7B040000 		.4byte	.LASF97
 1046 06e8 10       		.byte	0x10
 1047 06e9 56       		.byte	0x56
 1048 06ea 00       		.byte	0
 1049              		.section	.debug_abbrev,"",%progbits
 1050              	.Ldebug_abbrev0:
 1051 0000 01       		.uleb128 0x1
 1052 0001 11       		.uleb128 0x11
 1053 0002 01       		.byte	0x1
 1054 0003 25       		.uleb128 0x25
 1055 0004 0E       		.uleb128 0xe
 1056 0005 13       		.uleb128 0x13
 1057 0006 0B       		.uleb128 0xb
ARM GAS  /tmp/cceW7IVb.s 			page 26


 1058 0007 03       		.uleb128 0x3
 1059 0008 0E       		.uleb128 0xe
 1060 0009 1B       		.uleb128 0x1b
 1061 000a 0E       		.uleb128 0xe
 1062 000b 55       		.uleb128 0x55
 1063 000c 17       		.uleb128 0x17
 1064 000d 11       		.uleb128 0x11
 1065 000e 01       		.uleb128 0x1
 1066 000f 10       		.uleb128 0x10
 1067 0010 17       		.uleb128 0x17
 1068 0011 00       		.byte	0
 1069 0012 00       		.byte	0
 1070 0013 02       		.uleb128 0x2
 1071 0014 24       		.uleb128 0x24
 1072 0015 00       		.byte	0
 1073 0016 0B       		.uleb128 0xb
 1074 0017 0B       		.uleb128 0xb
 1075 0018 3E       		.uleb128 0x3e
 1076 0019 0B       		.uleb128 0xb
 1077 001a 03       		.uleb128 0x3
 1078 001b 08       		.uleb128 0x8
 1079 001c 00       		.byte	0
 1080 001d 00       		.byte	0
 1081 001e 03       		.uleb128 0x3
 1082 001f 24       		.uleb128 0x24
 1083 0020 00       		.byte	0
 1084 0021 0B       		.uleb128 0xb
 1085 0022 0B       		.uleb128 0xb
 1086 0023 3E       		.uleb128 0x3e
 1087 0024 0B       		.uleb128 0xb
 1088 0025 03       		.uleb128 0x3
 1089 0026 0E       		.uleb128 0xe
 1090 0027 00       		.byte	0
 1091 0028 00       		.byte	0
 1092 0029 04       		.uleb128 0x4
 1093 002a 16       		.uleb128 0x16
 1094 002b 00       		.byte	0
 1095 002c 03       		.uleb128 0x3
 1096 002d 0E       		.uleb128 0xe
 1097 002e 3A       		.uleb128 0x3a
 1098 002f 0B       		.uleb128 0xb
 1099 0030 3B       		.uleb128 0x3b
 1100 0031 0B       		.uleb128 0xb
 1101 0032 49       		.uleb128 0x49
 1102 0033 13       		.uleb128 0x13
 1103 0034 00       		.byte	0
 1104 0035 00       		.byte	0
 1105 0036 05       		.uleb128 0x5
 1106 0037 13       		.uleb128 0x13
 1107 0038 01       		.byte	0x1
 1108 0039 03       		.uleb128 0x3
 1109 003a 0E       		.uleb128 0xe
 1110 003b 0B       		.uleb128 0xb
 1111 003c 0B       		.uleb128 0xb
 1112 003d 3A       		.uleb128 0x3a
 1113 003e 0B       		.uleb128 0xb
 1114 003f 3B       		.uleb128 0x3b
ARM GAS  /tmp/cceW7IVb.s 			page 27


 1115 0040 0B       		.uleb128 0xb
 1116 0041 01       		.uleb128 0x1
 1117 0042 13       		.uleb128 0x13
 1118 0043 00       		.byte	0
 1119 0044 00       		.byte	0
 1120 0045 06       		.uleb128 0x6
 1121 0046 0D       		.uleb128 0xd
 1122 0047 00       		.byte	0
 1123 0048 03       		.uleb128 0x3
 1124 0049 0E       		.uleb128 0xe
 1125 004a 3A       		.uleb128 0x3a
 1126 004b 0B       		.uleb128 0xb
 1127 004c 3B       		.uleb128 0x3b
 1128 004d 0B       		.uleb128 0xb
 1129 004e 49       		.uleb128 0x49
 1130 004f 13       		.uleb128 0x13
 1131 0050 38       		.uleb128 0x38
 1132 0051 0B       		.uleb128 0xb
 1133 0052 00       		.byte	0
 1134 0053 00       		.byte	0
 1135 0054 07       		.uleb128 0x7
 1136 0055 0D       		.uleb128 0xd
 1137 0056 00       		.byte	0
 1138 0057 03       		.uleb128 0x3
 1139 0058 08       		.uleb128 0x8
 1140 0059 3A       		.uleb128 0x3a
 1141 005a 0B       		.uleb128 0xb
 1142 005b 3B       		.uleb128 0x3b
 1143 005c 0B       		.uleb128 0xb
 1144 005d 49       		.uleb128 0x49
 1145 005e 13       		.uleb128 0x13
 1146 005f 38       		.uleb128 0x38
 1147 0060 0B       		.uleb128 0xb
 1148 0061 00       		.byte	0
 1149 0062 00       		.byte	0
 1150 0063 08       		.uleb128 0x8
 1151 0064 0D       		.uleb128 0xd
 1152 0065 00       		.byte	0
 1153 0066 03       		.uleb128 0x3
 1154 0067 08       		.uleb128 0x8
 1155 0068 3A       		.uleb128 0x3a
 1156 0069 0B       		.uleb128 0xb
 1157 006a 3B       		.uleb128 0x3b
 1158 006b 05       		.uleb128 0x5
 1159 006c 49       		.uleb128 0x49
 1160 006d 13       		.uleb128 0x13
 1161 006e 38       		.uleb128 0x38
 1162 006f 0B       		.uleb128 0xb
 1163 0070 00       		.byte	0
 1164 0071 00       		.byte	0
 1165 0072 09       		.uleb128 0x9
 1166 0073 0D       		.uleb128 0xd
 1167 0074 00       		.byte	0
 1168 0075 03       		.uleb128 0x3
 1169 0076 0E       		.uleb128 0xe
 1170 0077 3A       		.uleb128 0x3a
 1171 0078 0B       		.uleb128 0xb
ARM GAS  /tmp/cceW7IVb.s 			page 28


 1172 0079 3B       		.uleb128 0x3b
 1173 007a 05       		.uleb128 0x5
 1174 007b 49       		.uleb128 0x49
 1175 007c 13       		.uleb128 0x13
 1176 007d 38       		.uleb128 0x38
 1177 007e 0B       		.uleb128 0xb
 1178 007f 00       		.byte	0
 1179 0080 00       		.byte	0
 1180 0081 0A       		.uleb128 0xa
 1181 0082 0F       		.uleb128 0xf
 1182 0083 00       		.byte	0
 1183 0084 0B       		.uleb128 0xb
 1184 0085 0B       		.uleb128 0xb
 1185 0086 49       		.uleb128 0x49
 1186 0087 13       		.uleb128 0x13
 1187 0088 00       		.byte	0
 1188 0089 00       		.byte	0
 1189 008a 0B       		.uleb128 0xb
 1190 008b 13       		.uleb128 0x13
 1191 008c 01       		.byte	0x1
 1192 008d 03       		.uleb128 0x3
 1193 008e 0E       		.uleb128 0xe
 1194 008f 0B       		.uleb128 0xb
 1195 0090 0B       		.uleb128 0xb
 1196 0091 3A       		.uleb128 0x3a
 1197 0092 0B       		.uleb128 0xb
 1198 0093 3B       		.uleb128 0x3b
 1199 0094 05       		.uleb128 0x5
 1200 0095 01       		.uleb128 0x1
 1201 0096 13       		.uleb128 0x13
 1202 0097 00       		.byte	0
 1203 0098 00       		.byte	0
 1204 0099 0C       		.uleb128 0xc
 1205 009a 15       		.uleb128 0x15
 1206 009b 01       		.byte	0x1
 1207 009c 27       		.uleb128 0x27
 1208 009d 19       		.uleb128 0x19
 1209 009e 01       		.uleb128 0x1
 1210 009f 13       		.uleb128 0x13
 1211 00a0 00       		.byte	0
 1212 00a1 00       		.byte	0
 1213 00a2 0D       		.uleb128 0xd
 1214 00a3 05       		.uleb128 0x5
 1215 00a4 00       		.byte	0
 1216 00a5 49       		.uleb128 0x49
 1217 00a6 13       		.uleb128 0x13
 1218 00a7 00       		.byte	0
 1219 00a8 00       		.byte	0
 1220 00a9 0E       		.uleb128 0xe
 1221 00aa 0F       		.uleb128 0xf
 1222 00ab 00       		.byte	0
 1223 00ac 0B       		.uleb128 0xb
 1224 00ad 0B       		.uleb128 0xb
 1225 00ae 00       		.byte	0
 1226 00af 00       		.byte	0
 1227 00b0 0F       		.uleb128 0xf
 1228 00b1 17       		.uleb128 0x17
ARM GAS  /tmp/cceW7IVb.s 			page 29


 1229 00b2 01       		.byte	0x1
 1230 00b3 0B       		.uleb128 0xb
 1231 00b4 0B       		.uleb128 0xb
 1232 00b5 3A       		.uleb128 0x3a
 1233 00b6 0B       		.uleb128 0xb
 1234 00b7 3B       		.uleb128 0x3b
 1235 00b8 0B       		.uleb128 0xb
 1236 00b9 01       		.uleb128 0x1
 1237 00ba 13       		.uleb128 0x13
 1238 00bb 00       		.byte	0
 1239 00bc 00       		.byte	0
 1240 00bd 10       		.uleb128 0x10
 1241 00be 0D       		.uleb128 0xd
 1242 00bf 00       		.byte	0
 1243 00c0 03       		.uleb128 0x3
 1244 00c1 0E       		.uleb128 0xe
 1245 00c2 3A       		.uleb128 0x3a
 1246 00c3 0B       		.uleb128 0xb
 1247 00c4 3B       		.uleb128 0x3b
 1248 00c5 0B       		.uleb128 0xb
 1249 00c6 49       		.uleb128 0x49
 1250 00c7 13       		.uleb128 0x13
 1251 00c8 00       		.byte	0
 1252 00c9 00       		.byte	0
 1253 00ca 11       		.uleb128 0x11
 1254 00cb 0D       		.uleb128 0xd
 1255 00cc 00       		.byte	0
 1256 00cd 03       		.uleb128 0x3
 1257 00ce 0E       		.uleb128 0xe
 1258 00cf 3A       		.uleb128 0x3a
 1259 00d0 0B       		.uleb128 0xb
 1260 00d1 3B       		.uleb128 0x3b
 1261 00d2 05       		.uleb128 0x5
 1262 00d3 49       		.uleb128 0x49
 1263 00d4 13       		.uleb128 0x13
 1264 00d5 00       		.byte	0
 1265 00d6 00       		.byte	0
 1266 00d7 12       		.uleb128 0x12
 1267 00d8 26       		.uleb128 0x26
 1268 00d9 00       		.byte	0
 1269 00da 49       		.uleb128 0x49
 1270 00db 13       		.uleb128 0x13
 1271 00dc 00       		.byte	0
 1272 00dd 00       		.byte	0
 1273 00de 13       		.uleb128 0x13
 1274 00df 35       		.uleb128 0x35
 1275 00e0 00       		.byte	0
 1276 00e1 49       		.uleb128 0x49
 1277 00e2 13       		.uleb128 0x13
 1278 00e3 00       		.byte	0
 1279 00e4 00       		.byte	0
 1280 00e5 14       		.uleb128 0x14
 1281 00e6 13       		.uleb128 0x13
 1282 00e7 01       		.byte	0x1
 1283 00e8 0B       		.uleb128 0xb
 1284 00e9 0B       		.uleb128 0xb
 1285 00ea 3A       		.uleb128 0x3a
ARM GAS  /tmp/cceW7IVb.s 			page 30


 1286 00eb 0B       		.uleb128 0xb
 1287 00ec 3B       		.uleb128 0x3b
 1288 00ed 0B       		.uleb128 0xb
 1289 00ee 01       		.uleb128 0x1
 1290 00ef 13       		.uleb128 0x13
 1291 00f0 00       		.byte	0
 1292 00f1 00       		.byte	0
 1293 00f2 15       		.uleb128 0x15
 1294 00f3 2E       		.uleb128 0x2e
 1295 00f4 00       		.byte	0
 1296 00f5 03       		.uleb128 0x3
 1297 00f6 0E       		.uleb128 0xe
 1298 00f7 3A       		.uleb128 0x3a
 1299 00f8 0B       		.uleb128 0xb
 1300 00f9 3B       		.uleb128 0x3b
 1301 00fa 05       		.uleb128 0x5
 1302 00fb 27       		.uleb128 0x27
 1303 00fc 19       		.uleb128 0x19
 1304 00fd 20       		.uleb128 0x20
 1305 00fe 0B       		.uleb128 0xb
 1306 00ff 00       		.byte	0
 1307 0100 00       		.byte	0
 1308 0101 16       		.uleb128 0x16
 1309 0102 2E       		.uleb128 0x2e
 1310 0103 01       		.byte	0x1
 1311 0104 3F       		.uleb128 0x3f
 1312 0105 19       		.uleb128 0x19
 1313 0106 03       		.uleb128 0x3
 1314 0107 0E       		.uleb128 0xe
 1315 0108 3A       		.uleb128 0x3a
 1316 0109 0B       		.uleb128 0xb
 1317 010a 3B       		.uleb128 0x3b
 1318 010b 0B       		.uleb128 0xb
 1319 010c 27       		.uleb128 0x27
 1320 010d 19       		.uleb128 0x19
 1321 010e 11       		.uleb128 0x11
 1322 010f 01       		.uleb128 0x1
 1323 0110 12       		.uleb128 0x12
 1324 0111 06       		.uleb128 0x6
 1325 0112 40       		.uleb128 0x40
 1326 0113 18       		.uleb128 0x18
 1327 0114 9742     		.uleb128 0x2117
 1328 0116 19       		.uleb128 0x19
 1329 0117 01       		.uleb128 0x1
 1330 0118 13       		.uleb128 0x13
 1331 0119 00       		.byte	0
 1332 011a 00       		.byte	0
 1333 011b 17       		.uleb128 0x17
 1334 011c 898201   		.uleb128 0x4109
 1335 011f 00       		.byte	0
 1336 0120 11       		.uleb128 0x11
 1337 0121 01       		.uleb128 0x1
 1338 0122 31       		.uleb128 0x31
 1339 0123 13       		.uleb128 0x13
 1340 0124 00       		.byte	0
 1341 0125 00       		.byte	0
 1342 0126 18       		.uleb128 0x18
ARM GAS  /tmp/cceW7IVb.s 			page 31


 1343 0127 898201   		.uleb128 0x4109
 1344 012a 00       		.byte	0
 1345 012b 11       		.uleb128 0x11
 1346 012c 01       		.uleb128 0x1
 1347 012d 9542     		.uleb128 0x2115
 1348 012f 19       		.uleb128 0x19
 1349 0130 31       		.uleb128 0x31
 1350 0131 13       		.uleb128 0x13
 1351 0132 00       		.byte	0
 1352 0133 00       		.byte	0
 1353 0134 19       		.uleb128 0x19
 1354 0135 34       		.uleb128 0x34
 1355 0136 00       		.byte	0
 1356 0137 03       		.uleb128 0x3
 1357 0138 0E       		.uleb128 0xe
 1358 0139 3A       		.uleb128 0x3a
 1359 013a 0B       		.uleb128 0xb
 1360 013b 3B       		.uleb128 0x3b
 1361 013c 05       		.uleb128 0x5
 1362 013d 49       		.uleb128 0x49
 1363 013e 13       		.uleb128 0x13
 1364 013f 3F       		.uleb128 0x3f
 1365 0140 19       		.uleb128 0x19
 1366 0141 3C       		.uleb128 0x3c
 1367 0142 19       		.uleb128 0x19
 1368 0143 00       		.byte	0
 1369 0144 00       		.byte	0
 1370 0145 1A       		.uleb128 0x1a
 1371 0146 34       		.uleb128 0x34
 1372 0147 00       		.byte	0
 1373 0148 03       		.uleb128 0x3
 1374 0149 08       		.uleb128 0x8
 1375 014a 3A       		.uleb128 0x3a
 1376 014b 0B       		.uleb128 0xb
 1377 014c 3B       		.uleb128 0x3b
 1378 014d 05       		.uleb128 0x5
 1379 014e 49       		.uleb128 0x49
 1380 014f 13       		.uleb128 0x13
 1381 0150 3F       		.uleb128 0x3f
 1382 0151 19       		.uleb128 0x19
 1383 0152 3C       		.uleb128 0x3c
 1384 0153 19       		.uleb128 0x19
 1385 0154 00       		.byte	0
 1386 0155 00       		.byte	0
 1387 0156 1B       		.uleb128 0x1b
 1388 0157 2E       		.uleb128 0x2e
 1389 0158 00       		.byte	0
 1390 0159 3F       		.uleb128 0x3f
 1391 015a 19       		.uleb128 0x19
 1392 015b 03       		.uleb128 0x3
 1393 015c 0E       		.uleb128 0xe
 1394 015d 3A       		.uleb128 0x3a
 1395 015e 0B       		.uleb128 0xb
 1396 015f 3B       		.uleb128 0x3b
 1397 0160 0B       		.uleb128 0xb
 1398 0161 27       		.uleb128 0x27
 1399 0162 19       		.uleb128 0x19
ARM GAS  /tmp/cceW7IVb.s 			page 32


 1400 0163 3C       		.uleb128 0x3c
 1401 0164 19       		.uleb128 0x19
 1402 0165 00       		.byte	0
 1403 0166 00       		.byte	0
 1404 0167 1C       		.uleb128 0x1c
 1405 0168 2E       		.uleb128 0x2e
 1406 0169 01       		.byte	0x1
 1407 016a 3F       		.uleb128 0x3f
 1408 016b 19       		.uleb128 0x19
 1409 016c 03       		.uleb128 0x3
 1410 016d 0E       		.uleb128 0xe
 1411 016e 3A       		.uleb128 0x3a
 1412 016f 0B       		.uleb128 0xb
 1413 0170 3B       		.uleb128 0x3b
 1414 0171 05       		.uleb128 0x5
 1415 0172 27       		.uleb128 0x27
 1416 0173 19       		.uleb128 0x19
 1417 0174 3C       		.uleb128 0x3c
 1418 0175 19       		.uleb128 0x19
 1419 0176 01       		.uleb128 0x1
 1420 0177 13       		.uleb128 0x13
 1421 0178 00       		.byte	0
 1422 0179 00       		.byte	0
 1423 017a 1D       		.uleb128 0x1d
 1424 017b 2E       		.uleb128 0x2e
 1425 017c 00       		.byte	0
 1426 017d 3F       		.uleb128 0x3f
 1427 017e 19       		.uleb128 0x19
 1428 017f 03       		.uleb128 0x3
 1429 0180 0E       		.uleb128 0xe
 1430 0181 3A       		.uleb128 0x3a
 1431 0182 0B       		.uleb128 0xb
 1432 0183 3B       		.uleb128 0x3b
 1433 0184 05       		.uleb128 0x5
 1434 0185 27       		.uleb128 0x27
 1435 0186 19       		.uleb128 0x19
 1436 0187 3C       		.uleb128 0x3c
 1437 0188 19       		.uleb128 0x19
 1438 0189 00       		.byte	0
 1439 018a 00       		.byte	0
 1440 018b 00       		.byte	0
 1441              		.section	.debug_aranges,"",%progbits
 1442 0000 1C000000 		.4byte	0x1c
 1443 0004 0200     		.2byte	0x2
 1444 0006 00000000 		.4byte	.Ldebug_info0
 1445 000a 04       		.byte	0x4
 1446 000b 00       		.byte	0
 1447 000c 0000     		.2byte	0
 1448 000e 0000     		.2byte	0
 1449 0010 00000000 		.4byte	.LFB219
 1450 0014 26000000 		.4byte	.LFE219-.LFB219
 1451 0018 00000000 		.4byte	0
 1452 001c 00000000 		.4byte	0
 1453              		.section	.debug_ranges,"",%progbits
 1454              	.Ldebug_ranges0:
 1455 0000 00000000 		.4byte	.LFB219
 1456 0004 26000000 		.4byte	.LFE219
ARM GAS  /tmp/cceW7IVb.s 			page 33


 1457 0008 00000000 		.4byte	0
 1458 000c 00000000 		.4byte	0
 1459              		.section	.debug_line,"",%progbits
 1460              	.Ldebug_line0:
 1461 0000 A2020000 		.section	.debug_str,"MS",%progbits,1
 1461      02007E02 
 1461      00000201 
 1461      FB0E0D00 
 1461      01010101 
 1462              	.LASF22:
 1463 0000 74687265 		.ascii	"thread_t\000"
 1463      61645F74 
 1463      00
 1464              	.LASF16:
 1465 0009 74726566 		.ascii	"trefs_t\000"
 1465      735F7400 
 1466              	.LASF103:
 1467 0011 5F70616C 		.ascii	"_pal_lld_init\000"
 1467      5F6C6C64 
 1467      5F696E69 
 1467      7400
 1468              	.LASF58:
 1469 001f 63685F73 		.ascii	"ch_system_debug\000"
 1469      79737465 
 1469      6D5F6465 
 1469      62756700 
 1470              	.LASF34:
 1471 002f 6570656E 		.ascii	"epending\000"
 1471      64696E67 
 1471      00
 1472              	.LASF92:
 1473 0038 70616C5F 		.ascii	"pal_default_config\000"
 1473      64656661 
 1473      756C745F 
 1473      636F6E66 
 1473      696700
 1474              	.LASF29:
 1475 004b 73746174 		.ascii	"state\000"
 1475      6500
 1476              	.LASF12:
 1477 0051 75696E74 		.ascii	"uint64_t\000"
 1477      36345F74 
 1477      00
 1478              	.LASF64:
 1479 005a 6D61696E 		.ascii	"mainthread\000"
 1479      74687265 
 1479      616400
 1480              	.LASF3:
 1481 0065 73686F72 		.ascii	"short int\000"
 1481      7420696E 
 1481      7400
 1482              	.LASF65:
 1483 006f 73697A65 		.ascii	"sizetype\000"
 1483      74797065 
 1483      00
 1484              	.LASF57:
 1485 0078 73797374 		.ascii	"system_debug_t\000"
ARM GAS  /tmp/cceW7IVb.s 			page 34


 1485      656D5F64 
 1485      65627567 
 1485      5F7400
 1486              	.LASF52:
 1487 0087 64656C74 		.ascii	"delta\000"
 1487      6100
 1488              	.LASF75:
 1489 008d 77747365 		.ascii	"wtsemp\000"
 1489      6D7000
 1490              	.LASF19:
 1491 0094 6576656E 		.ascii	"eventmask_t\000"
 1491      746D6173 
 1491      6B5F7400 
 1492              	.LASF14:
 1493 00a0 746D6F64 		.ascii	"tmode_t\000"
 1493      655F7400 
 1494              	.LASF41:
 1495 00a8 63685F74 		.ascii	"ch_threads_list\000"
 1495      68726561 
 1495      64735F6C 
 1495      69737400 
 1496              	.LASF63:
 1497 00b8 76746C69 		.ascii	"vtlist\000"
 1497      737400
 1498              	.LASF60:
 1499 00bf 63685F73 		.ascii	"ch_system_t\000"
 1499      79737465 
 1499      6D5F7400 
 1500              	.LASF33:
 1501 00cb 6D736771 		.ascii	"msgqueue\000"
 1501      75657565 
 1501      00
 1502              	.LASF66:
 1503 00d4 72656761 		.ascii	"regarm_t\000"
 1503      726D5F74 
 1503      00
 1504              	.LASF4:
 1505 00dd 75696E74 		.ascii	"uint8_t\000"
 1505      385F7400 
 1506              	.LASF44:
 1507 00e5 63685F74 		.ascii	"ch_threads_queue\000"
 1507      68726561 
 1507      64735F71 
 1507      75657565 
 1507      00
 1508              	.LASF79:
 1509 00f6 63685F6D 		.ascii	"ch_mutex\000"
 1509      75746578 
 1509      00
 1510              	.LASF40:
 1511 00ff 63685F74 		.ascii	"ch_thread\000"
 1511      68726561 
 1511      6400
 1512              	.LASF26:
 1513 0109 6F6C6465 		.ascii	"older\000"
 1513      7200
 1514              	.LASF95:
ARM GAS  /tmp/cceW7IVb.s 			page 35


 1515 010f 7364496E 		.ascii	"sdInit\000"
 1515      697400
 1516              	.LASF28:
 1517 0116 77616261 		.ascii	"wabase\000"
 1517      736500
 1518              	.LASF53:
 1519 011d 66756E63 		.ascii	"func\000"
 1519      00
 1520              	.LASF11:
 1521 0122 6C6F6E67 		.ascii	"long long int\000"
 1521      206C6F6E 
 1521      6720696E 
 1521      7400
 1522              	.LASF13:
 1523 0130 6C6F6E67 		.ascii	"long long unsigned int\000"
 1523      206C6F6E 
 1523      6720756E 
 1523      7369676E 
 1523      65642069 
 1524              	.LASF17:
 1525 0147 74707269 		.ascii	"tprio_t\000"
 1525      6F5F7400 
 1526              	.LASF56:
 1527 014f 6C617374 		.ascii	"lasttime\000"
 1527      74696D65 
 1527      00
 1528              	.LASF8:
 1529 0158 6C6F6E67 		.ascii	"long int\000"
 1529      20696E74 
 1529      00
 1530              	.LASF88:
 1531 0161 50444461 		.ascii	"PDData\000"
 1531      746100
 1532              	.LASF61:
 1533 0168 63685F73 		.ascii	"ch_system\000"
 1533      79737465 
 1533      6D00
 1534              	.LASF68:
 1535 0172 706F7274 		.ascii	"port_context\000"
 1535      5F636F6E 
 1535      74657874 
 1535      00
 1536              	.LASF50:
 1537 017f 76697274 		.ascii	"virtual_timer_t\000"
 1537      75616C5F 
 1537      74696D65 
 1537      725F7400 
 1538              	.LASF96:
 1539 018f 626F6172 		.ascii	"boardInit\000"
 1539      64496E69 
 1539      7400
 1540              	.LASF74:
 1541 0199 73656E74 		.ascii	"sentmsg\000"
 1541      6D736700 
 1542              	.LASF94:
 1543 01a1 69326349 		.ascii	"i2cInit\000"
 1543      6E697400 
ARM GAS  /tmp/cceW7IVb.s 			page 36


 1544              	.LASF23:
 1545 01a9 71756575 		.ascii	"queue\000"
 1545      6500
 1546              	.LASF27:
 1547 01af 6E616D65 		.ascii	"name\000"
 1547      00
 1548              	.LASF85:
 1549 01b4 50414461 		.ascii	"PAData\000"
 1549      746100
 1550              	.LASF87:
 1551 01bb 50434461 		.ascii	"PCData\000"
 1551      746100
 1552              	.LASF90:
 1553 01c2 50414C43 		.ascii	"PALConfig\000"
 1553      6F6E6669 
 1553      6700
 1554              	.LASF2:
 1555 01cc 756E7369 		.ascii	"unsigned char\000"
 1555      676E6564 
 1555      20636861 
 1555      7200
 1556              	.LASF80:
 1557 01da 6F776E65 		.ascii	"owner\000"
 1557      7200
 1558              	.LASF98:
 1559 01e0 474E5520 		.ascii	"GNU C 4.8.1 -mcpu=cortex-m3 -mno-thumb-interwork -m"
 1559      4320342E 
 1559      382E3120 
 1559      2D6D6370 
 1559      753D636F 
 1560 0213 7468756D 		.ascii	"thumb -ggdb -O2 -fomit-frame-pointer -falign-functi"
 1560      62202D67 
 1560      67646220 
 1560      2D4F3220 
 1560      2D666F6D 
 1561 0246 6F6E733D 		.ascii	"ons=16 -ffunction-sections -fdata-sections -fno-com"
 1561      3136202D 
 1561      6666756E 
 1561      6374696F 
 1561      6E2D7365 
 1562 0279 6D6F6E20 		.ascii	"mon -flto\000"
 1562      2D666C74 
 1562      6F00
 1563              	.LASF77:
 1564 0283 65776D61 		.ascii	"ewmask\000"
 1564      736B00
 1565              	.LASF1:
 1566 028a 7369676E 		.ascii	"signed char\000"
 1566      65642063 
 1566      68617200 
 1567              	.LASF30:
 1568 0296 666C6167 		.ascii	"flags\000"
 1568      7300
 1569              	.LASF9:
 1570 029c 75696E74 		.ascii	"uint32_t\000"
 1570      33325F74 
 1570      00
ARM GAS  /tmp/cceW7IVb.s 			page 37


 1571              	.LASF0:
 1572 02a5 756E7369 		.ascii	"unsigned int\000"
 1572      676E6564 
 1572      20696E74 
 1572      00
 1573              	.LASF5:
 1574 02b2 75696E74 		.ascii	"uint16_t\000"
 1574      31365F74 
 1574      00
 1575              	.LASF84:
 1576 02bb 73746D33 		.ascii	"stm32_gpio_setup_t\000"
 1576      325F6770 
 1576      696F5F73 
 1576      65747570 
 1576      5F7400
 1577              	.LASF93:
 1578 02ce 68616C5F 		.ascii	"hal_lld_init\000"
 1578      6C6C645F 
 1578      696E6974 
 1578      00
 1579              	.LASF43:
 1580 02db 74687265 		.ascii	"threads_queue_t\000"
 1580      6164735F 
 1580      71756575 
 1580      655F7400 
 1581              	.LASF101:
 1582 02eb 6F73616C 		.ascii	"osalInit\000"
 1582      496E6974 
 1582      00
 1583              	.LASF99:
 1584 02f4 2E2E2F2E 		.ascii	"../../../os/hal/src/hal.c\000"
 1584      2E2F2E2E 
 1584      2F6F732F 
 1584      68616C2F 
 1584      7372632F 
 1585              	.LASF21:
 1586 030e 73797374 		.ascii	"systime_t\000"
 1586      696D655F 
 1586      7400
 1587              	.LASF62:
 1588 0318 726C6973 		.ascii	"rlist\000"
 1588      7400
 1589              	.LASF81:
 1590 031e 63686172 		.ascii	"char\000"
 1590      00
 1591              	.LASF82:
 1592 0323 6D757465 		.ascii	"mutex_t\000"
 1592      785F7400 
 1593              	.LASF51:
 1594 032b 63685F76 		.ascii	"ch_virtual_timer\000"
 1594      69727475 
 1594      616C5F74 
 1594      696D6572 
 1594      00
 1595              	.LASF7:
 1596 033c 696E7433 		.ascii	"int32_t\000"
 1596      325F7400 
ARM GAS  /tmp/cceW7IVb.s 			page 38


 1597              	.LASF20:
 1598 0344 636E745F 		.ascii	"cnt_t\000"
 1598      7400
 1599              	.LASF36:
 1600 034a 7265616C 		.ascii	"realprio\000"
 1600      7072696F 
 1600      00
 1601              	.LASF86:
 1602 0353 50424461 		.ascii	"PBData\000"
 1602      746100
 1603              	.LASF83:
 1604 035a 5F426F6F 		.ascii	"_Bool\000"
 1604      6C00
 1605              	.LASF100:
 1606 0360 2F686F6D 		.ascii	"/home/julian/MEGA/semestre_ix/Crasby/ChibiOS_17.6.2"
 1606      652F6A75 
 1606      6C69616E 
 1606      2F4D4547 
 1606      412F7365 
 1607 0393 2F64656D 		.ascii	"/demos/STM32/RT2-STM32F100-DISCOVERY\000"
 1607      6F732F53 
 1607      544D3332 
 1607      2F525432 
 1607      2D53544D 
 1608              	.LASF31:
 1609 03b8 72656673 		.ascii	"refs\000"
 1609      00
 1610              	.LASF89:
 1611 03bd 50454461 		.ascii	"PEData\000"
 1611      746100
 1612              	.LASF6:
 1613 03c4 73686F72 		.ascii	"short unsigned int\000"
 1613      7420756E 
 1613      7369676E 
 1613      65642069 
 1613      6E7400
 1614              	.LASF102:
 1615 03d7 68616C49 		.ascii	"halInit\000"
 1615      6E697400 
 1616              	.LASF15:
 1617 03df 74737461 		.ascii	"tstate_t\000"
 1617      74655F74 
 1617      00
 1618              	.LASF10:
 1619 03e8 6C6F6E67 		.ascii	"long unsigned int\000"
 1619      20756E73 
 1619      69676E65 
 1619      6420696E 
 1619      7400
 1620              	.LASF59:
 1621 03fa 70616E69 		.ascii	"panic_msg\000"
 1621      635F6D73 
 1621      6700
 1622              	.LASF73:
 1623 0404 77747472 		.ascii	"wttrp\000"
 1623      7000
 1624              	.LASF78:
ARM GAS  /tmp/cceW7IVb.s 			page 39


 1625 040a 63685F73 		.ascii	"ch_semaphore\000"
 1625      656D6170 
 1625      686F7265 
 1625      00
 1626              	.LASF69:
 1627 0417 706F7274 		.ascii	"port_intctx\000"
 1627      5F696E74 
 1627      63747800 
 1628              	.LASF25:
 1629 0423 6E657765 		.ascii	"newer\000"
 1629      7200
 1630              	.LASF38:
 1631 0429 74687265 		.ascii	"thread_reference_t\000"
 1631      61645F72 
 1631      65666572 
 1631      656E6365 
 1631      5F7400
 1632              	.LASF72:
 1633 043c 77746F62 		.ascii	"wtobjp\000"
 1633      6A7000
 1634              	.LASF35:
 1635 0443 6D74786C 		.ascii	"mtxlist\000"
 1635      69737400 
 1636              	.LASF67:
 1637 044b 73746B61 		.ascii	"stkalign_t\000"
 1637      6C69676E 
 1637      5F7400
 1638              	.LASF71:
 1639 0456 65786974 		.ascii	"exitcode\000"
 1639      636F6465 
 1639      00
 1640              	.LASF37:
 1641 045f 6D706F6F 		.ascii	"mpool\000"
 1641      6C00
 1642              	.LASF49:
 1643 0465 76746675 		.ascii	"vtfunc_t\000"
 1643      6E635F74 
 1643      00
 1644              	.LASF46:
 1645 046e 72656164 		.ascii	"ready_list_t\000"
 1645      795F6C69 
 1645      73745F74 
 1645      00
 1646              	.LASF97:
 1647 047b 7374496E 		.ascii	"stInit\000"
 1647      697400
 1648              	.LASF48:
 1649 0482 63757272 		.ascii	"current\000"
 1649      656E7400 
 1650              	.LASF54:
 1651 048a 76697274 		.ascii	"virtual_timers_list_t\000"
 1651      75616C5F 
 1651      74696D65 
 1651      72735F6C 
 1651      6973745F 
 1652              	.LASF32:
 1653 04a0 77616974 		.ascii	"waiting\000"
ARM GAS  /tmp/cceW7IVb.s 			page 40


 1653      696E6700 
 1654              	.LASF47:
 1655 04a8 63685F72 		.ascii	"ch_ready_list\000"
 1655      65616479 
 1655      5F6C6973 
 1655      7400
 1656              	.LASF91:
 1657 04b6 49544D5F 		.ascii	"ITM_RxBuffer\000"
 1657      52784275 
 1657      66666572 
 1657      00
 1658              	.LASF45:
 1659 04c3 70726576 		.ascii	"prev\000"
 1659      00
 1660              	.LASF55:
 1661 04c8 63685F76 		.ascii	"ch_virtual_timers_list\000"
 1661      69727475 
 1661      616C5F74 
 1661      696D6572 
 1661      735F6C69 
 1662              	.LASF70:
 1663 04df 7264796D 		.ascii	"rdymsg\000"
 1663      736700
 1664              	.LASF18:
 1665 04e6 6D73675F 		.ascii	"msg_t\000"
 1665      7400
 1666              	.LASF24:
 1667 04ec 7072696F 		.ascii	"prio\000"
 1667      00
 1668              	.LASF42:
 1669 04f1 6E657874 		.ascii	"next\000"
 1669      00
 1670              	.LASF76:
 1671 04f6 77746D74 		.ascii	"wtmtxp\000"
 1671      787000
 1672              	.LASF39:
 1673 04fd 74687265 		.ascii	"threads_list_t\000"
 1673      6164735F 
 1673      6C697374 
 1673      5F7400
 1674              		.comm	__gnu_lto_v1,1,1
 1675              		.ident	"GCC: (Sourcery CodeBench Lite 2013.11-24) 4.8.1"
ARM GAS  /tmp/cceW7IVb.s 			page 41


DEFINED SYMBOLS
                            *ABS*:00000000 hal.c
     /tmp/cceW7IVb.s:138    .text.halInit:00000000 $t
     /tmp/cceW7IVb.s:144    .text.halInit:00000000 halInit
                            *COM*:00000001 __gnu_lto_v1
                     .debug_frame:00000010 $d

UNDEFINED SYMBOLS
hal_lld_init
pal_default_config
_pal_lld_init
i2cInit
sdInit
boardInit
stInit
